ARM GAS  /tmp/cc0jZXrR.s 			page 1


   1              		.syntax unified
   2              		.cpu cortex-m4
   3              		.fpu softvfp
   4              		.eabi_attribute 20, 1
   5              		.eabi_attribute 21, 1
   6              		.eabi_attribute 23, 3
   7              		.eabi_attribute 24, 1
   8              		.eabi_attribute 25, 1
   9              		.eabi_attribute 26, 1
  10              		.eabi_attribute 30, 6
  11              		.eabi_attribute 34, 1
  12              		.eabi_attribute 18, 4
  13              		.thumb
  14              		.file	"chmemcore.c"
  15              		.text
  16              	.Ltext0:
  17              		.cfi_sections	.debug_frame
  18              		.align	2
  19              		.p2align 4,,15
  20              		.thumb
  21              		.thumb_func
  22              		.type	port_lock, %function
  23              	port_lock:
  24              	.LFB127:
  25              		.file 1 "../../../os/common/ports/ARMCMx/chcore_v7m.h"
  26              		.loc 1 594 0
  27              		.cfi_startproc
  28              		@ args = 0, pretend = 0, frame = 8
  29              		@ frame_needed = 0, uses_anonymous_args = 0
  30              		@ link register save eliminated.
  31 0000 82B0     		sub	sp, sp, #8
  32              		.cfi_def_cfa_offset 8
  33 0002 2023     		movs	r3, #32
  34 0004 0193     		str	r3, [sp, #4]
  35              	.LBB6:
  36              	.LBB7:
  37              		.file 2 "../../../os/common/ext/CMSIS/include/cmsis_gcc.h"
  38              		.loc 2 264 0
  39 0006 019B     		ldr	r3, [sp, #4]
  40              	@ 264 "../../../os/common/ext/CMSIS/include/cmsis_gcc.h" 1
  41 0008 83F31188 		MSR basepri, r3
  42              	@ 0 "" 2
  43              		.thumb
  44              	.LBE7:
  45              	.LBE6:
  46              		.loc 1 611 0
  47 000c 02B0     		add	sp, sp, #8
  48              		.cfi_def_cfa_offset 0
  49              		@ sp needed
  50 000e 7047     		bx	lr
  51              		.cfi_endproc
  52              	.LFE127:
  53              		.size	port_lock, .-port_lock
  54              		.align	2
  55              		.p2align 4,,15
  56              		.thumb
  57              		.thumb_func
ARM GAS  /tmp/cc0jZXrR.s 			page 2


  58              		.type	port_unlock, %function
  59              	port_unlock:
  60              	.LFB128:
  61              		.loc 1 618 0
  62              		.cfi_startproc
  63              		@ args = 0, pretend = 0, frame = 8
  64              		@ frame_needed = 0, uses_anonymous_args = 0
  65              		@ link register save eliminated.
  66 0010 82B0     		sub	sp, sp, #8
  67              		.cfi_def_cfa_offset 8
  68 0012 0023     		movs	r3, #0
  69 0014 0193     		str	r3, [sp, #4]
  70              	.LBB8:
  71              	.LBB9:
  72              		.loc 2 264 0
  73 0016 019B     		ldr	r3, [sp, #4]
  74              	@ 264 "../../../os/common/ext/CMSIS/include/cmsis_gcc.h" 1
  75 0018 83F31188 		MSR basepri, r3
  76              	@ 0 "" 2
  77              		.thumb
  78              	.LBE9:
  79              	.LBE8:
  80              		.loc 1 625 0
  81 001c 02B0     		add	sp, sp, #8
  82              		.cfi_def_cfa_offset 0
  83              		@ sp needed
  84 001e 7047     		bx	lr
  85              		.cfi_endproc
  86              	.LFE128:
  87              		.size	port_unlock, .-port_unlock
  88              		.align	2
  89              		.p2align 4,,15
  90              		.thumb
  91              		.thumb_func
  92              		.type	chSysLock, %function
  93              	chSysLock:
  94              	.LFB167:
  95              		.file 3 "../../../os/rt/include/chsys.h"
  96              		.loc 3 374 0
  97              		.cfi_startproc
  98              		@ args = 0, pretend = 0, frame = 0
  99              		@ frame_needed = 0, uses_anonymous_args = 0
 100 0020 08B5     		push	{r3, lr}
 101              		.cfi_def_cfa_offset 8
 102              		.cfi_offset 3, -8
 103              		.cfi_offset 14, -4
 104              		.loc 3 376 0
 105 0022 FFF7EDFF 		bl	port_lock
 106              		.loc 3 379 0
 107 0026 08BD     		pop	{r3, pc}
 108              		.cfi_endproc
 109              	.LFE167:
 110              		.size	chSysLock, .-chSysLock
 111              		.align	2
 112 0028 AFF30080 		.p2align 4,,15
 112      AFF30080 
 113              		.thumb
ARM GAS  /tmp/cc0jZXrR.s 			page 3


 114              		.thumb_func
 115              		.type	chSysUnlock, %function
 116              	chSysUnlock:
 117              	.LFB168:
 118              		.loc 3 386 0
 119              		.cfi_startproc
 120              		@ args = 0, pretend = 0, frame = 0
 121              		@ frame_needed = 0, uses_anonymous_args = 0
 122 0030 08B5     		push	{r3, lr}
 123              		.cfi_def_cfa_offset 8
 124              		.cfi_offset 3, -8
 125              		.cfi_offset 14, -4
 126              		.loc 3 399 0
 127 0032 FFF7EDFF 		bl	port_unlock
 128              		.loc 3 400 0
 129 0036 08BD     		pop	{r3, pc}
 130              		.cfi_endproc
 131              	.LFE168:
 132              		.size	chSysUnlock, .-chSysUnlock
 133              		.comm	ch_memcore,8,4
 134              		.align	2
 135 0038 AFF30080 		.p2align 4,,15
 135      AFF30080 
 136              		.global	_core_init
 137              		.thumb
 138              		.thumb_func
 139              		.type	_core_init, %function
 140              	_core_init:
 141              	.LFB248:
 142              		.file 4 "../../../os/common/oslib/src/chmemcore.c"
 143              		.loc 4 81 0
 144              		.cfi_startproc
 145              		@ args = 0, pretend = 0, frame = 0
 146              		@ frame_needed = 0, uses_anonymous_args = 0
 147              		@ link register save eliminated.
 148              		.loc 4 87 0
 149 0040 034B     		ldr	r3, .L6
 150 0042 044A     		ldr	r2, .L6+4
 151 0044 1A60     		str	r2, [r3]
 152              		.loc 4 88 0
 153 0046 024B     		ldr	r3, .L6
 154 0048 034A     		ldr	r2, .L6+8
 155 004a 5A60     		str	r2, [r3, #4]
 156              		.loc 4 96 0
 157 004c 7047     		bx	lr
 158              	.L7:
 159 004e 00BF     		.align	2
 160              	.L6:
 161 0050 00000000 		.word	ch_memcore
 162 0054 00000000 		.word	__heap_base__
 163 0058 00000000 		.word	__heap_end__
 164              		.cfi_endproc
 165              	.LFE248:
 166              		.size	_core_init, .-_core_init
 167              		.align	2
 168 005c AFF30080 		.p2align 4,,15
 169              		.global	chCoreAllocAlignedWithOffsetI
ARM GAS  /tmp/cc0jZXrR.s 			page 4


 170              		.thumb
 171              		.thumb_func
 172              		.type	chCoreAllocAlignedWithOffsetI, %function
 173              	chCoreAllocAlignedWithOffsetI:
 174              	.LFB249:
 175              		.loc 4 114 0
 176              		.cfi_startproc
 177              		@ args = 0, pretend = 0, frame = 24
 178              		@ frame_needed = 0, uses_anonymous_args = 0
 179              		@ link register save eliminated.
 180 0060 86B0     		sub	sp, sp, #24
 181              		.cfi_def_cfa_offset 24
 182 0062 0390     		str	r0, [sp, #12]
 183 0064 0291     		str	r1, [sp, #8]
 184 0066 0192     		str	r2, [sp, #4]
 185              		.loc 4 120 0
 186 0068 029A     		ldr	r2, [sp, #8]
 187 006a 039B     		ldr	r3, [sp, #12]
 188 006c 1344     		add	r3, r3, r2
 189 006e 5A1E     		subs	r2, r3, #1
 190 0070 029B     		ldr	r3, [sp, #8]
 191 0072 5B42     		negs	r3, r3
 192 0074 1340     		ands	r3, r3, r2
 193 0076 0393     		str	r3, [sp, #12]
 194              		.loc 4 121 0
 195 0078 114B     		ldr	r3, .L12
 196 007a 1A68     		ldr	r2, [r3]
 197 007c 019B     		ldr	r3, [sp, #4]
 198 007e 1344     		add	r3, r3, r2
 199 0080 1A46     		mov	r2, r3
 200 0082 029B     		ldr	r3, [sp, #8]
 201 0084 1344     		add	r3, r3, r2
 202 0086 5A1E     		subs	r2, r3, #1
 203 0088 029B     		ldr	r3, [sp, #8]
 204 008a 5B42     		negs	r3, r3
 205 008c 1340     		ands	r3, r3, r2
 206 008e 0593     		str	r3, [sp, #20]
 207              		.loc 4 122 0
 208 0090 059A     		ldr	r2, [sp, #20]
 209 0092 039B     		ldr	r3, [sp, #12]
 210 0094 1344     		add	r3, r3, r2
 211 0096 0493     		str	r3, [sp, #16]
 212              		.loc 4 125 0
 213 0098 094B     		ldr	r3, .L12
 214 009a 5A68     		ldr	r2, [r3, #4]
 215 009c 049B     		ldr	r3, [sp, #16]
 216 009e 9A42     		cmp	r2, r3
 217 00a0 04D3     		bcc	.L9
 218              		.loc 4 125 0 is_stmt 0 discriminator 1
 219 00a2 074B     		ldr	r3, .L12
 220 00a4 1A68     		ldr	r2, [r3]
 221 00a6 049B     		ldr	r3, [sp, #16]
 222 00a8 9A42     		cmp	r2, r3
 223 00aa 01D9     		bls	.L10
 224              	.L9:
 225              		.loc 4 126 0 is_stmt 1
 226 00ac 0023     		movs	r3, #0
ARM GAS  /tmp/cc0jZXrR.s 			page 5


 227 00ae 03E0     		b	.L11
 228              	.L10:
 229              		.loc 4 129 0
 230 00b0 034A     		ldr	r2, .L12
 231 00b2 049B     		ldr	r3, [sp, #16]
 232 00b4 1360     		str	r3, [r2]
 233              		.loc 4 131 0
 234 00b6 059B     		ldr	r3, [sp, #20]
 235              	.L11:
 236              		.loc 4 132 0
 237 00b8 1846     		mov	r0, r3
 238 00ba 06B0     		add	sp, sp, #24
 239              		.cfi_def_cfa_offset 0
 240              		@ sp needed
 241 00bc 7047     		bx	lr
 242              	.L13:
 243 00be 00BF     		.align	2
 244              	.L12:
 245 00c0 00000000 		.word	ch_memcore
 246              		.cfi_endproc
 247              	.LFE249:
 248              		.size	chCoreAllocAlignedWithOffsetI, .-chCoreAllocAlignedWithOffsetI
 249              		.align	2
 250 00c4 AFF30080 		.p2align 4,,15
 250      AFF30080 
 250      AFF30080 
 251              		.global	chCoreAllocAlignedWithOffset
 252              		.thumb
 253              		.thumb_func
 254              		.type	chCoreAllocAlignedWithOffset, %function
 255              	chCoreAllocAlignedWithOffset:
 256              	.LFB250:
 257              		.loc 4 150 0
 258              		.cfi_startproc
 259              		@ args = 0, pretend = 0, frame = 24
 260              		@ frame_needed = 0, uses_anonymous_args = 0
 261 00d0 00B5     		push	{lr}
 262              		.cfi_def_cfa_offset 4
 263              		.cfi_offset 14, -4
 264 00d2 87B0     		sub	sp, sp, #28
 265              		.cfi_def_cfa_offset 32
 266 00d4 0390     		str	r0, [sp, #12]
 267 00d6 0291     		str	r1, [sp, #8]
 268 00d8 0192     		str	r2, [sp, #4]
 269              		.loc 4 153 0
 270 00da FFF7A1FF 		bl	chSysLock
 271              		.loc 4 154 0
 272 00de 0398     		ldr	r0, [sp, #12]
 273 00e0 0299     		ldr	r1, [sp, #8]
 274 00e2 019A     		ldr	r2, [sp, #4]
 275 00e4 FFF7FEFF 		bl	chCoreAllocAlignedWithOffsetI
 276 00e8 0590     		str	r0, [sp, #20]
 277              		.loc 4 155 0
 278 00ea FFF7A1FF 		bl	chSysUnlock
 279              		.loc 4 157 0
 280 00ee 059B     		ldr	r3, [sp, #20]
 281              		.loc 4 158 0
ARM GAS  /tmp/cc0jZXrR.s 			page 6


 282 00f0 1846     		mov	r0, r3
 283 00f2 07B0     		add	sp, sp, #28
 284              		.cfi_def_cfa_offset 4
 285              		@ sp needed
 286 00f4 5DF804FB 		ldr	pc, [sp], #4
 287              		.cfi_endproc
 288              	.LFE250:
 289              		.size	chCoreAllocAlignedWithOffset, .-chCoreAllocAlignedWithOffset
 290              		.align	2
 291 00f8 AFF30080 		.p2align 4,,15
 291      AFF30080 
 292              		.global	chCoreGetStatusX
 293              		.thumb
 294              		.thumb_func
 295              		.type	chCoreGetStatusX, %function
 296              	chCoreGetStatusX:
 297              	.LFB251:
 298              		.loc 4 167 0
 299              		.cfi_startproc
 300              		@ args = 0, pretend = 0, frame = 0
 301              		@ frame_needed = 0, uses_anonymous_args = 0
 302              		@ link register save eliminated.
 303              		.loc 4 170 0
 304 0100 034B     		ldr	r3, .L18
 305 0102 5B68     		ldr	r3, [r3, #4]
 306 0104 1A46     		mov	r2, r3
 307 0106 024B     		ldr	r3, .L18
 308 0108 1B68     		ldr	r3, [r3]
 309 010a D31A     		subs	r3, r2, r3
 310              		.loc 4 172 0
 311 010c 1846     		mov	r0, r3
 312 010e 7047     		bx	lr
 313              	.L19:
 314              		.align	2
 315              	.L18:
 316 0110 00000000 		.word	ch_memcore
 317              		.cfi_endproc
 318              	.LFE251:
 319              		.size	chCoreGetStatusX, .-chCoreGetStatusX
 320              	.Letext0:
 321              		.file 5 "/usr/lib/gcc/arm-none-eabi/4.9.3/include/stddef.h"
 322              		.file 6 "/usr/include/newlib/machine/_default_types.h"
 323              		.file 7 "/usr/include/newlib/sys/_stdint.h"
 324              		.file 8 "../../../os/common/ports/ARMCMx/compilers/GCC/chtypes.h"
 325              		.file 9 "../../../os/rt/include/chsystypes.h"
 326              		.file 10 "../../../os/rt/include/chschd.h"
 327              		.file 11 "../../../os/common/ports/ARMCMx/chcore.h"
 328              		.file 12 "../../../os/rt/include/chtm.h"
 329              		.file 13 "../../../os/rt/include/chsem.h"
 330              		.file 14 "../../../os/rt/include/chmtx.h"
 331              		.file 15 "../../../os/common/oslib/include/chmemcore.h"
 332              		.file 16 "../../../os/common/ext/CMSIS/include/core_cm4.h"
 333              		.section	.debug_info,"",%progbits
 334              	.Ldebug_info0:
 335 0000 52080000 		.4byte	0x852
 336 0004 0400     		.2byte	0x4
 337 0006 00000000 		.4byte	.Ldebug_abbrev0
ARM GAS  /tmp/cc0jZXrR.s 			page 7


 338 000a 04       		.byte	0x4
 339 000b 01       		.uleb128 0x1
 340 000c 24040000 		.4byte	.LASF106
 341 0010 01       		.byte	0x1
 342 0011 49020000 		.4byte	.LASF107
 343 0015 9C010000 		.4byte	.LASF108
 344 0019 00000000 		.4byte	.Ltext0
 345 001d 14010000 		.4byte	.Letext0-.Ltext0
 346 0021 00000000 		.4byte	.Ldebug_line0
 347 0025 02       		.uleb128 0x2
 348 0026 04       		.byte	0x4
 349 0027 05       		.byte	0x5
 350 0028 696E7400 		.ascii	"int\000"
 351 002c 03       		.uleb128 0x3
 352 002d 0D000000 		.4byte	.LASF2
 353 0031 05       		.byte	0x5
 354 0032 D4       		.byte	0xd4
 355 0033 37000000 		.4byte	0x37
 356 0037 04       		.uleb128 0x4
 357 0038 04       		.byte	0x4
 358 0039 07       		.byte	0x7
 359 003a 82010000 		.4byte	.LASF0
 360 003e 04       		.uleb128 0x4
 361 003f 01       		.byte	0x1
 362 0040 06       		.byte	0x6
 363 0041 DD000000 		.4byte	.LASF1
 364 0045 03       		.uleb128 0x3
 365 0046 2A000000 		.4byte	.LASF3
 366 004a 06       		.byte	0x6
 367 004b 1D       		.byte	0x1d
 368 004c 50000000 		.4byte	0x50
 369 0050 04       		.uleb128 0x4
 370 0051 01       		.byte	0x1
 371 0052 08       		.byte	0x8
 372 0053 60030000 		.4byte	.LASF4
 373 0057 04       		.uleb128 0x4
 374 0058 02       		.byte	0x2
 375 0059 05       		.byte	0x5
 376 005a 79030000 		.4byte	.LASF5
 377 005e 04       		.uleb128 0x4
 378 005f 02       		.byte	0x2
 379 0060 07       		.byte	0x7
 380 0061 E8010000 		.4byte	.LASF6
 381 0065 03       		.uleb128 0x3
 382 0066 B2040000 		.4byte	.LASF7
 383 006a 06       		.byte	0x6
 384 006b 3F       		.byte	0x3f
 385 006c 70000000 		.4byte	0x70
 386 0070 04       		.uleb128 0x4
 387 0071 04       		.byte	0x4
 388 0072 05       		.byte	0x5
 389 0073 10010000 		.4byte	.LASF8
 390 0077 03       		.uleb128 0x3
 391 0078 4C010000 		.4byte	.LASF9
 392 007c 06       		.byte	0x6
 393 007d 41       		.byte	0x41
 394 007e 82000000 		.4byte	0x82
ARM GAS  /tmp/cc0jZXrR.s 			page 8


 395 0082 04       		.uleb128 0x4
 396 0083 04       		.byte	0x4
 397 0084 07       		.byte	0x7
 398 0085 12040000 		.4byte	.LASF10
 399 0089 04       		.uleb128 0x4
 400 008a 08       		.byte	0x8
 401 008b 05       		.byte	0x5
 402 008c CF000000 		.4byte	.LASF11
 403 0090 03       		.uleb128 0x3
 404 0091 EA020000 		.4byte	.LASF12
 405 0095 06       		.byte	0x6
 406 0096 5B       		.byte	0x5b
 407 0097 9B000000 		.4byte	0x9b
 408 009b 04       		.uleb128 0x4
 409 009c 08       		.byte	0x8
 410 009d 07       		.byte	0x7
 411 009e 5E000000 		.4byte	.LASF13
 412 00a2 03       		.uleb128 0x3
 413 00a3 37050000 		.4byte	.LASF14
 414 00a7 07       		.byte	0x7
 415 00a8 14       		.byte	0x14
 416 00a9 45000000 		.4byte	0x45
 417 00ad 03       		.uleb128 0x3
 418 00ae 58030000 		.4byte	.LASF15
 419 00b2 07       		.byte	0x7
 420 00b3 1F       		.byte	0x1f
 421 00b4 65000000 		.4byte	0x65
 422 00b8 03       		.uleb128 0x3
 423 00b9 EC030000 		.4byte	.LASF16
 424 00bd 07       		.byte	0x7
 425 00be 20       		.byte	0x20
 426 00bf 77000000 		.4byte	0x77
 427 00c3 03       		.uleb128 0x3
 428 00c4 21000000 		.4byte	.LASF17
 429 00c8 07       		.byte	0x7
 430 00c9 26       		.byte	0x26
 431 00ca 90000000 		.4byte	0x90
 432 00ce 03       		.uleb128 0x3
 433 00cf 02050000 		.4byte	.LASF18
 434 00d3 08       		.byte	0x8
 435 00d4 39       		.byte	0x39
 436 00d5 B8000000 		.4byte	0xb8
 437 00d9 03       		.uleb128 0x3
 438 00da 20020000 		.4byte	.LASF19
 439 00de 08       		.byte	0x8
 440 00df 3C       		.byte	0x3c
 441 00e0 A2000000 		.4byte	0xa2
 442 00e4 03       		.uleb128 0x3
 443 00e5 19010000 		.4byte	.LASF20
 444 00e9 08       		.byte	0x8
 445 00ea 3D       		.byte	0x3d
 446 00eb A2000000 		.4byte	0xa2
 447 00ef 03       		.uleb128 0x3
 448 00f0 FF020000 		.4byte	.LASF21
 449 00f4 08       		.byte	0x8
 450 00f5 3E       		.byte	0x3e
 451 00f6 A2000000 		.4byte	0xa2
ARM GAS  /tmp/cc0jZXrR.s 			page 9


 452 00fa 03       		.uleb128 0x3
 453 00fb 1C030000 		.4byte	.LASF22
 454 00ff 08       		.byte	0x8
 455 0100 40       		.byte	0x40
 456 0101 B8000000 		.4byte	0xb8
 457 0105 03       		.uleb128 0x3
 458 0106 05020000 		.4byte	.LASF23
 459 010a 08       		.byte	0x8
 460 010b 41       		.byte	0x41
 461 010c AD000000 		.4byte	0xad
 462 0110 03       		.uleb128 0x3
 463 0111 36020000 		.4byte	.LASF24
 464 0115 08       		.byte	0x8
 465 0116 43       		.byte	0x43
 466 0117 B8000000 		.4byte	0xb8
 467 011b 03       		.uleb128 0x3
 468 011c 7C010000 		.4byte	.LASF25
 469 0120 08       		.byte	0x8
 470 0121 45       		.byte	0x45
 471 0122 AD000000 		.4byte	0xad
 472 0126 03       		.uleb128 0x3
 473 0127 D0040000 		.4byte	.LASF26
 474 012b 09       		.byte	0x9
 475 012c 33       		.byte	0x33
 476 012d B8000000 		.4byte	0xb8
 477 0131 03       		.uleb128 0x3
 478 0132 BC040000 		.4byte	.LASF27
 479 0136 09       		.byte	0x9
 480 0137 3F       		.byte	0x3f
 481 0138 3C010000 		.4byte	0x13c
 482 013c 05       		.uleb128 0x5
 483 013d FB010000 		.4byte	.LASF45
 484 0141 44       		.byte	0x44
 485 0142 0A       		.byte	0xa
 486 0143 9A       		.byte	0x9a
 487 0144 1A020000 		.4byte	0x21a
 488 0148 06       		.uleb128 0x6
 489 0149 3F010000 		.4byte	.LASF28
 490 014d 0A       		.byte	0xa
 491 014e 9B       		.byte	0x9b
 492 014f 4F020000 		.4byte	0x24f
 493 0153 00       		.byte	0
 494 0154 06       		.uleb128 0x6
 495 0155 DD020000 		.4byte	.LASF29
 496 0159 0A       		.byte	0xa
 497 015a 9C       		.byte	0x9c
 498 015b FA000000 		.4byte	0xfa
 499 015f 08       		.byte	0x8
 500 0160 07       		.uleb128 0x7
 501 0161 63747800 		.ascii	"ctx\000"
 502 0165 0A       		.byte	0xa
 503 0166 9D       		.byte	0x9d
 504 0167 47040000 		.4byte	0x447
 505 016b 0C       		.byte	0xc
 506 016c 06       		.uleb128 0x6
 507 016d 7D020000 		.4byte	.LASF30
 508 0171 0A       		.byte	0xa
ARM GAS  /tmp/cc0jZXrR.s 			page 10


 509 0172 9F       		.byte	0x9f
 510 0173 25020000 		.4byte	0x225
 511 0177 10       		.byte	0x10
 512 0178 06       		.uleb128 0x6
 513 0179 AC040000 		.4byte	.LASF31
 514 017d 0A       		.byte	0xa
 515 017e A0       		.byte	0xa0
 516 017f 25020000 		.4byte	0x225
 517 0183 14       		.byte	0x14
 518 0184 06       		.uleb128 0x6
 519 0185 DD010000 		.4byte	.LASF32
 520 0189 0A       		.byte	0xa
 521 018a A7       		.byte	0xa7
 522 018b CC050000 		.4byte	0x5cc
 523 018f 18       		.byte	0x18
 524 0190 06       		.uleb128 0x6
 525 0191 45010000 		.4byte	.LASF33
 526 0195 0A       		.byte	0xa
 527 0196 B0       		.byte	0xb0
 528 0197 DE050000 		.4byte	0x5de
 529 019b 1C       		.byte	0x1c
 530 019c 06       		.uleb128 0x6
 531 019d 0A010000 		.4byte	.LASF34
 532 01a1 0A       		.byte	0xa
 533 01a2 B5       		.byte	0xb5
 534 01a3 E4000000 		.4byte	0xe4
 535 01a7 20       		.byte	0x20
 536 01a8 06       		.uleb128 0x6
 537 01a9 3F050000 		.4byte	.LASF35
 538 01ad 0A       		.byte	0xa
 539 01ae B9       		.byte	0xb9
 540 01af D9000000 		.4byte	0xd9
 541 01b3 21       		.byte	0x21
 542 01b4 06       		.uleb128 0x6
 543 01b5 07030000 		.4byte	.LASF36
 544 01b9 0A       		.byte	0xa
 545 01ba BE       		.byte	0xbe
 546 01bb EF000000 		.4byte	0xef
 547 01bf 22       		.byte	0x22
 548 01c0 08       		.uleb128 0x8
 549 01c1 7500     		.ascii	"u\000"
 550 01c3 0A       		.byte	0xa
 551 01c4 0F01     		.2byte	0x10f
 552 01c6 01050000 		.4byte	0x501
 553 01ca 24       		.byte	0x24
 554 01cb 09       		.uleb128 0x9
 555 01cc 60010000 		.4byte	.LASF37
 556 01d0 0A       		.byte	0xa
 557 01d1 1401     		.2byte	0x114
 558 01d3 2B020000 		.4byte	0x22b
 559 01d7 28       		.byte	0x28
 560 01d8 09       		.uleb128 0x9
 561 01d9 01010000 		.4byte	.LASF38
 562 01dd 0A       		.byte	0xa
 563 01de 1A01     		.2byte	0x11a
 564 01e0 4F020000 		.4byte	0x24f
 565 01e4 2C       		.byte	0x2c
ARM GAS  /tmp/cc0jZXrR.s 			page 11


 566 01e5 09       		.uleb128 0x9
 567 01e6 0B020000 		.4byte	.LASF39
 568 01ea 0A       		.byte	0xa
 569 01eb 2001     		.2byte	0x120
 570 01ed 10010000 		.4byte	0x110
 571 01f1 34       		.byte	0x34
 572 01f2 09       		.uleb128 0x9
 573 01f3 67050000 		.4byte	.LASF40
 574 01f7 0A       		.byte	0xa
 575 01f8 2701     		.2byte	0x127
 576 01fa C6050000 		.4byte	0x5c6
 577 01fe 38       		.byte	0x38
 578 01ff 09       		.uleb128 0x9
 579 0200 83020000 		.4byte	.LASF41
 580 0204 0A       		.byte	0xa
 581 0205 2B01     		.2byte	0x12b
 582 0207 FA000000 		.4byte	0xfa
 583 020b 3C       		.byte	0x3c
 584 020c 09       		.uleb128 0x9
 585 020d E2010000 		.4byte	.LASF42
 586 0211 0A       		.byte	0xa
 587 0212 3201     		.2byte	0x132
 588 0214 02030000 		.4byte	0x302
 589 0218 40       		.byte	0x40
 590 0219 00       		.byte	0
 591 021a 03       		.uleb128 0x3
 592 021b 95020000 		.4byte	.LASF43
 593 021f 09       		.byte	0x9
 594 0220 44       		.byte	0x44
 595 0221 25020000 		.4byte	0x225
 596 0225 0A       		.uleb128 0xa
 597 0226 04       		.byte	0x4
 598 0227 31010000 		.4byte	0x131
 599 022b 03       		.uleb128 0x3
 600 022c 4C050000 		.4byte	.LASF44
 601 0230 09       		.byte	0x9
 602 0231 49       		.byte	0x49
 603 0232 36020000 		.4byte	0x236
 604 0236 05       		.uleb128 0x5
 605 0237 FC030000 		.4byte	.LASF46
 606 023b 04       		.byte	0x4
 607 023c 0A       		.byte	0xa
 608 023d 88       		.byte	0x88
 609 023e 4F020000 		.4byte	0x24f
 610 0242 06       		.uleb128 0x6
 611 0243 B9000000 		.4byte	.LASF47
 612 0247 0A       		.byte	0xa
 613 0248 89       		.byte	0x89
 614 0249 25020000 		.4byte	0x225
 615 024d 00       		.byte	0
 616 024e 00       		.byte	0
 617 024f 03       		.uleb128 0x3
 618 0250 18050000 		.4byte	.LASF48
 619 0254 09       		.byte	0x9
 620 0255 50       		.byte	0x50
 621 0256 5A020000 		.4byte	0x25a
 622 025a 05       		.uleb128 0x5
ARM GAS  /tmp/cc0jZXrR.s 			page 12


 623 025b BE000000 		.4byte	.LASF49
 624 025f 08       		.byte	0x8
 625 0260 0A       		.byte	0xa
 626 0261 8F       		.byte	0x8f
 627 0262 7F020000 		.4byte	0x27f
 628 0266 06       		.uleb128 0x6
 629 0267 B9000000 		.4byte	.LASF47
 630 026b 0A       		.byte	0xa
 631 026c 90       		.byte	0x90
 632 026d 25020000 		.4byte	0x225
 633 0271 00       		.byte	0
 634 0272 06       		.uleb128 0x6
 635 0273 34000000 		.4byte	.LASF50
 636 0277 0A       		.byte	0xa
 637 0278 91       		.byte	0x91
 638 0279 25020000 		.4byte	0x225
 639 027d 04       		.byte	0x4
 640 027e 00       		.byte	0
 641 027f 03       		.uleb128 0x3
 642 0280 00000000 		.4byte	.LASF51
 643 0284 09       		.byte	0x9
 644 0285 57       		.byte	0x57
 645 0286 8A020000 		.4byte	0x28a
 646 028a 0B       		.uleb128 0xb
 647 028b 28020000 		.4byte	.LASF52
 648 028f 1C       		.byte	0x1c
 649 0290 0A       		.byte	0xa
 650 0291 6A01     		.2byte	0x16a
 651 0293 E6020000 		.4byte	0x2e6
 652 0297 09       		.uleb128 0x9
 653 0298 3F010000 		.4byte	.LASF28
 654 029c 0A       		.byte	0xa
 655 029d 6B01     		.2byte	0x16b
 656 029f 4F020000 		.4byte	0x24f
 657 02a3 00       		.byte	0
 658 02a4 09       		.uleb128 0x9
 659 02a5 DD020000 		.4byte	.LASF29
 660 02a9 0A       		.byte	0xa
 661 02aa 6C01     		.2byte	0x16c
 662 02ac FA000000 		.4byte	0xfa
 663 02b0 08       		.byte	0x8
 664 02b1 08       		.uleb128 0x8
 665 02b2 63747800 		.ascii	"ctx\000"
 666 02b6 0A       		.byte	0xa
 667 02b7 6E01     		.2byte	0x16e
 668 02b9 47040000 		.4byte	0x447
 669 02bd 0C       		.byte	0xc
 670 02be 09       		.uleb128 0x9
 671 02bf 7D020000 		.4byte	.LASF30
 672 02c3 0A       		.byte	0xa
 673 02c4 7101     		.2byte	0x171
 674 02c6 25020000 		.4byte	0x225
 675 02ca 10       		.byte	0x10
 676 02cb 09       		.uleb128 0x9
 677 02cc AC040000 		.4byte	.LASF31
 678 02d0 0A       		.byte	0xa
 679 02d1 7201     		.2byte	0x172
ARM GAS  /tmp/cc0jZXrR.s 			page 13


 680 02d3 25020000 		.4byte	0x225
 681 02d7 14       		.byte	0x14
 682 02d8 09       		.uleb128 0x9
 683 02d9 E2020000 		.4byte	.LASF53
 684 02dd 0A       		.byte	0xa
 685 02de 7501     		.2byte	0x175
 686 02e0 25020000 		.4byte	0x225
 687 02e4 18       		.byte	0x18
 688 02e5 00       		.byte	0
 689 02e6 03       		.uleb128 0x3
 690 02e7 DA040000 		.4byte	.LASF54
 691 02eb 09       		.byte	0x9
 692 02ec 5C       		.byte	0x5c
 693 02ed F1020000 		.4byte	0x2f1
 694 02f1 0A       		.uleb128 0xa
 695 02f2 04       		.byte	0x4
 696 02f3 F7020000 		.4byte	0x2f7
 697 02f7 0C       		.uleb128 0xc
 698 02f8 02030000 		.4byte	0x302
 699 02fc 0D       		.uleb128 0xd
 700 02fd 02030000 		.4byte	0x302
 701 0301 00       		.byte	0
 702 0302 0E       		.uleb128 0xe
 703 0303 04       		.byte	0x4
 704 0304 03       		.uleb128 0x3
 705 0305 0C030000 		.4byte	.LASF55
 706 0309 09       		.byte	0x9
 707 030a 61       		.byte	0x61
 708 030b 0F030000 		.4byte	0x30f
 709 030f 0B       		.uleb128 0xb
 710 0310 BD030000 		.4byte	.LASF56
 711 0314 14       		.byte	0x14
 712 0315 0A       		.byte	0xa
 713 0316 4501     		.2byte	0x145
 714 0318 5E030000 		.4byte	0x35e
 715 031c 09       		.uleb128 0x9
 716 031d B9000000 		.4byte	.LASF47
 717 0321 0A       		.byte	0xa
 718 0322 4601     		.2byte	0x146
 719 0324 E4050000 		.4byte	0x5e4
 720 0328 00       		.byte	0
 721 0329 09       		.uleb128 0x9
 722 032a 34000000 		.4byte	.LASF50
 723 032e 0A       		.byte	0xa
 724 032f 4701     		.2byte	0x147
 725 0331 E4050000 		.4byte	0x5e4
 726 0335 04       		.byte	0x4
 727 0336 09       		.uleb128 0x9
 728 0337 14000000 		.4byte	.LASF57
 729 033b 0A       		.byte	0xa
 730 033c 4801     		.2byte	0x148
 731 033e 26010000 		.4byte	0x126
 732 0342 08       		.byte	0x8
 733 0343 09       		.uleb128 0x9
 734 0344 B4000000 		.4byte	.LASF58
 735 0348 0A       		.byte	0xa
 736 0349 4901     		.2byte	0x149
ARM GAS  /tmp/cc0jZXrR.s 			page 14


 737 034b E6020000 		.4byte	0x2e6
 738 034f 0C       		.byte	0xc
 739 0350 08       		.uleb128 0x8
 740 0351 70617200 		.ascii	"par\000"
 741 0355 0A       		.byte	0xa
 742 0356 4B01     		.2byte	0x14b
 743 0358 02030000 		.4byte	0x302
 744 035c 10       		.byte	0x10
 745 035d 00       		.byte	0
 746 035e 03       		.uleb128 0x3
 747 035f 91000000 		.4byte	.LASF59
 748 0363 09       		.byte	0x9
 749 0364 66       		.byte	0x66
 750 0365 69030000 		.4byte	0x369
 751 0369 0B       		.uleb128 0xb
 752 036a A8020000 		.4byte	.LASF60
 753 036e 10       		.byte	0x10
 754 036f 0A       		.byte	0xa
 755 0370 5501     		.2byte	0x155
 756 0372 AB030000 		.4byte	0x3ab
 757 0376 09       		.uleb128 0x9
 758 0377 B9000000 		.4byte	.LASF47
 759 037b 0A       		.byte	0xa
 760 037c 5601     		.2byte	0x156
 761 037e E4050000 		.4byte	0x5e4
 762 0382 00       		.byte	0
 763 0383 09       		.uleb128 0x9
 764 0384 34000000 		.4byte	.LASF50
 765 0388 0A       		.byte	0xa
 766 0389 5801     		.2byte	0x158
 767 038b E4050000 		.4byte	0x5e4
 768 038f 04       		.byte	0x4
 769 0390 09       		.uleb128 0x9
 770 0391 14000000 		.4byte	.LASF57
 771 0395 0A       		.byte	0xa
 772 0396 5A01     		.2byte	0x15a
 773 0398 26010000 		.4byte	0x126
 774 039c 08       		.byte	0x8
 775 039d 09       		.uleb128 0x9
 776 039e 83030000 		.4byte	.LASF61
 777 03a2 0A       		.byte	0xa
 778 03a3 6201     		.2byte	0x162
 779 03a5 26010000 		.4byte	0x126
 780 03a9 0C       		.byte	0xc
 781 03aa 00       		.byte	0
 782 03ab 03       		.uleb128 0x3
 783 03ac 45000000 		.4byte	.LASF62
 784 03b0 09       		.byte	0x9
 785 03b1 6B       		.byte	0x6b
 786 03b2 B6030000 		.4byte	0x3b6
 787 03b6 0B       		.uleb128 0xb
 788 03b7 42030000 		.4byte	.LASF63
 789 03bb 04       		.byte	0x4
 790 03bc 0A       		.byte	0xa
 791 03bd 7C01     		.2byte	0x17c
 792 03bf D1030000 		.4byte	0x3d1
 793 03c3 09       		.uleb128 0x9
ARM GAS  /tmp/cc0jZXrR.s 			page 15


 794 03c4 F1040000 		.4byte	.LASF64
 795 03c8 0A       		.byte	0xa
 796 03c9 8401     		.2byte	0x184
 797 03cb EA050000 		.4byte	0x5ea
 798 03cf 00       		.byte	0
 799 03d0 00       		.byte	0
 800 03d1 03       		.uleb128 0x3
 801 03d2 14020000 		.4byte	.LASF65
 802 03d6 09       		.byte	0x9
 803 03d7 70       		.byte	0x70
 804 03d8 DC030000 		.4byte	0x3dc
 805 03dc 0B       		.uleb128 0xb
 806 03dd A0030000 		.4byte	.LASF66
 807 03e1 78       		.byte	0x78
 808 03e2 0A       		.byte	0xa
 809 03e3 9C01     		.2byte	0x19c
 810 03e5 2A040000 		.4byte	0x42a
 811 03e9 09       		.uleb128 0x9
 812 03ea 31050000 		.4byte	.LASF67
 813 03ee 0A       		.byte	0xa
 814 03ef A001     		.2byte	0x1a0
 815 03f1 7F020000 		.4byte	0x27f
 816 03f5 00       		.byte	0
 817 03f6 09       		.uleb128 0x9
 818 03f7 EE000000 		.4byte	.LASF68
 819 03fb 0A       		.byte	0xa
 820 03fc A401     		.2byte	0x1a4
 821 03fe 5E030000 		.4byte	0x35e
 822 0402 1C       		.byte	0x1c
 823 0403 08       		.uleb128 0x8
 824 0404 64626700 		.ascii	"dbg\000"
 825 0408 0A       		.byte	0xa
 826 0409 A801     		.2byte	0x1a8
 827 040b AB030000 		.4byte	0x3ab
 828 040f 2C       		.byte	0x2c
 829 0410 09       		.uleb128 0x9
 830 0411 7E000000 		.4byte	.LASF69
 831 0415 0A       		.byte	0xa
 832 0416 AC01     		.2byte	0x1ac
 833 0418 31010000 		.4byte	0x131
 834 041c 30       		.byte	0x30
 835 041d 08       		.uleb128 0x8
 836 041e 746D00   		.ascii	"tm\000"
 837 0421 0A       		.byte	0xa
 838 0422 B101     		.2byte	0x1b1
 839 0424 F6040000 		.4byte	0x4f6
 840 0428 74       		.byte	0x74
 841 0429 00       		.byte	0
 842 042a 04       		.uleb128 0x4
 843 042b 04       		.byte	0x4
 844 042c 07       		.byte	0x7
 845 042d 8C020000 		.4byte	.LASF70
 846 0431 03       		.uleb128 0x3
 847 0432 57010000 		.4byte	.LASF71
 848 0436 0B       		.byte	0xb
 849 0437 65       		.byte	0x65
 850 0438 02030000 		.4byte	0x302
ARM GAS  /tmp/cc0jZXrR.s 			page 16


 851 043c 03       		.uleb128 0x3
 852 043d 72020000 		.4byte	.LASF72
 853 0441 0B       		.byte	0xb
 854 0442 6D       		.byte	0x6d
 855 0443 C3000000 		.4byte	0xc3
 856 0447 05       		.uleb128 0x5
 857 0448 BF020000 		.4byte	.LASF73
 858 044c 04       		.byte	0x4
 859 044d 0B       		.byte	0xb
 860 044e 89       		.byte	0x89
 861 044f 5F040000 		.4byte	0x45f
 862 0453 07       		.uleb128 0x7
 863 0454 737000   		.ascii	"sp\000"
 864 0457 0B       		.byte	0xb
 865 0458 8A       		.byte	0x8a
 866 0459 DB040000 		.4byte	0x4db
 867 045d 00       		.byte	0
 868 045e 00       		.byte	0
 869 045f 0B       		.uleb128 0xb
 870 0460 39000000 		.4byte	.LASF74
 871 0464 24       		.byte	0x24
 872 0465 01       		.byte	0x1
 873 0466 5901     		.2byte	0x159
 874 0468 DB040000 		.4byte	0x4db
 875 046c 08       		.uleb128 0x8
 876 046d 723400   		.ascii	"r4\000"
 877 0470 01       		.byte	0x1
 878 0471 6C01     		.2byte	0x16c
 879 0473 31040000 		.4byte	0x431
 880 0477 00       		.byte	0
 881 0478 08       		.uleb128 0x8
 882 0479 723500   		.ascii	"r5\000"
 883 047c 01       		.byte	0x1
 884 047d 6D01     		.2byte	0x16d
 885 047f 31040000 		.4byte	0x431
 886 0483 04       		.byte	0x4
 887 0484 08       		.uleb128 0x8
 888 0485 723600   		.ascii	"r6\000"
 889 0488 01       		.byte	0x1
 890 0489 6E01     		.2byte	0x16e
 891 048b 31040000 		.4byte	0x431
 892 048f 08       		.byte	0x8
 893 0490 08       		.uleb128 0x8
 894 0491 723700   		.ascii	"r7\000"
 895 0494 01       		.byte	0x1
 896 0495 6F01     		.2byte	0x16f
 897 0497 31040000 		.4byte	0x431
 898 049b 0C       		.byte	0xc
 899 049c 08       		.uleb128 0x8
 900 049d 723800   		.ascii	"r8\000"
 901 04a0 01       		.byte	0x1
 902 04a1 7001     		.2byte	0x170
 903 04a3 31040000 		.4byte	0x431
 904 04a7 10       		.byte	0x10
 905 04a8 08       		.uleb128 0x8
 906 04a9 723900   		.ascii	"r9\000"
 907 04ac 01       		.byte	0x1
ARM GAS  /tmp/cc0jZXrR.s 			page 17


 908 04ad 7101     		.2byte	0x171
 909 04af 31040000 		.4byte	0x431
 910 04b3 14       		.byte	0x14
 911 04b4 08       		.uleb128 0x8
 912 04b5 72313000 		.ascii	"r10\000"
 913 04b9 01       		.byte	0x1
 914 04ba 7201     		.2byte	0x172
 915 04bc 31040000 		.4byte	0x431
 916 04c0 18       		.byte	0x18
 917 04c1 08       		.uleb128 0x8
 918 04c2 72313100 		.ascii	"r11\000"
 919 04c6 01       		.byte	0x1
 920 04c7 7301     		.2byte	0x173
 921 04c9 31040000 		.4byte	0x431
 922 04cd 1C       		.byte	0x1c
 923 04ce 08       		.uleb128 0x8
 924 04cf 6C7200   		.ascii	"lr\000"
 925 04d2 01       		.byte	0x1
 926 04d3 7401     		.2byte	0x174
 927 04d5 31040000 		.4byte	0x431
 928 04d9 20       		.byte	0x20
 929 04da 00       		.byte	0
 930 04db 0A       		.uleb128 0xa
 931 04dc 04       		.byte	0x4
 932 04dd 5F040000 		.4byte	0x45f
 933 04e1 0F       		.uleb128 0xf
 934 04e2 04       		.byte	0x4
 935 04e3 0C       		.byte	0xc
 936 04e4 38       		.byte	0x38
 937 04e5 F6040000 		.4byte	0x4f6
 938 04e9 06       		.uleb128 0x6
 939 04ea FB040000 		.4byte	.LASF75
 940 04ee 0C       		.byte	0xc
 941 04ef 3C       		.byte	0x3c
 942 04f0 CE000000 		.4byte	0xce
 943 04f4 00       		.byte	0
 944 04f5 00       		.byte	0
 945 04f6 03       		.uleb128 0x3
 946 04f7 CC020000 		.4byte	.LASF76
 947 04fb 0C       		.byte	0xc
 948 04fc 3D       		.byte	0x3d
 949 04fd E1040000 		.4byte	0x4e1
 950 0501 10       		.uleb128 0x10
 951 0502 04       		.byte	0x4
 952 0503 0A       		.byte	0xa
 953 0504 D2       		.byte	0xd2
 954 0505 64050000 		.4byte	0x564
 955 0509 11       		.uleb128 0x11
 956 050a 1A000000 		.4byte	.LASF77
 957 050e 0A       		.byte	0xa
 958 050f D9       		.byte	0xd9
 959 0510 05010000 		.4byte	0x105
 960 0514 11       		.uleb128 0x11
 961 0515 75000000 		.4byte	.LASF78
 962 0519 0A       		.byte	0xa
 963 051a E0       		.byte	0xe0
 964 051b 05010000 		.4byte	0x105
ARM GAS  /tmp/cc0jZXrR.s 			page 18


 965 051f 11       		.uleb128 0x11
 966 0520 45050000 		.4byte	.LASF79
 967 0524 0A       		.byte	0xa
 968 0525 E7       		.byte	0xe7
 969 0526 02030000 		.4byte	0x302
 970 052a 11       		.uleb128 0x11
 971 052b 96010000 		.4byte	.LASF80
 972 052f 0A       		.byte	0xa
 973 0530 EE       		.byte	0xee
 974 0531 64050000 		.4byte	0x564
 975 0535 11       		.uleb128 0x11
 976 0536 89000000 		.4byte	.LASF81
 977 053a 0A       		.byte	0xa
 978 053b F3       		.byte	0xf3
 979 053c 05010000 		.4byte	0x105
 980 0540 11       		.uleb128 0x11
 981 0541 8F010000 		.4byte	.LASF82
 982 0545 0A       		.byte	0xa
 983 0546 FC       		.byte	0xfc
 984 0547 8F050000 		.4byte	0x58f
 985 054b 12       		.uleb128 0x12
 986 054c F5030000 		.4byte	.LASF83
 987 0550 0A       		.byte	0xa
 988 0551 0501     		.2byte	0x105
 989 0553 C6050000 		.4byte	0x5c6
 990 0557 12       		.uleb128 0x12
 991 0558 99030000 		.4byte	.LASF84
 992 055c 0A       		.byte	0xa
 993 055d 0D01     		.2byte	0x10d
 994 055f 10010000 		.4byte	0x110
 995 0563 00       		.byte	0
 996 0564 0A       		.uleb128 0xa
 997 0565 04       		.byte	0x4
 998 0566 1A020000 		.4byte	0x21a
 999 056a 05       		.uleb128 0x5
 1000 056b CE030000 		.4byte	.LASF85
 1001 056f 0C       		.byte	0xc
 1002 0570 0D       		.byte	0xd
 1003 0571 34       		.byte	0x34
 1004 0572 8F050000 		.4byte	0x58f
 1005 0576 06       		.uleb128 0x6
 1006 0577 3F010000 		.4byte	.LASF28
 1007 057b 0D       		.byte	0xd
 1008 057c 35       		.byte	0x35
 1009 057d 4F020000 		.4byte	0x24f
 1010 0581 00       		.byte	0
 1011 0582 07       		.uleb128 0x7
 1012 0583 636E7400 		.ascii	"cnt\000"
 1013 0587 0D       		.byte	0xd
 1014 0588 37       		.byte	0x37
 1015 0589 1B010000 		.4byte	0x11b
 1016 058d 08       		.byte	0x8
 1017 058e 00       		.byte	0
 1018 058f 0A       		.uleb128 0xa
 1019 0590 04       		.byte	0x4
 1020 0591 6A050000 		.4byte	0x56a
 1021 0595 05       		.uleb128 0x5
ARM GAS  /tmp/cc0jZXrR.s 			page 19


 1022 0596 28050000 		.4byte	.LASF86
 1023 059a 10       		.byte	0x10
 1024 059b 0E       		.byte	0xe
 1025 059c 39       		.byte	0x39
 1026 059d C6050000 		.4byte	0x5c6
 1027 05a1 06       		.uleb128 0x6
 1028 05a2 3F010000 		.4byte	.LASF28
 1029 05a6 0E       		.byte	0xe
 1030 05a7 3A       		.byte	0x3a
 1031 05a8 4F020000 		.4byte	0x24f
 1032 05ac 00       		.byte	0
 1033 05ad 06       		.uleb128 0x6
 1034 05ae 0C040000 		.4byte	.LASF87
 1035 05b2 0E       		.byte	0xe
 1036 05b3 3C       		.byte	0x3c
 1037 05b4 25020000 		.4byte	0x225
 1038 05b8 08       		.byte	0x8
 1039 05b9 06       		.uleb128 0x6
 1040 05ba B9000000 		.4byte	.LASF47
 1041 05be 0E       		.byte	0xe
 1042 05bf 3E       		.byte	0x3e
 1043 05c0 FA050000 		.4byte	0x5fa
 1044 05c4 0C       		.byte	0xc
 1045 05c5 00       		.byte	0
 1046 05c6 0A       		.uleb128 0xa
 1047 05c7 04       		.byte	0x4
 1048 05c8 95050000 		.4byte	0x595
 1049 05cc 0A       		.uleb128 0xa
 1050 05cd 04       		.byte	0x4
 1051 05ce D2050000 		.4byte	0x5d2
 1052 05d2 13       		.uleb128 0x13
 1053 05d3 D7050000 		.4byte	0x5d7
 1054 05d7 04       		.uleb128 0x4
 1055 05d8 01       		.byte	0x1
 1056 05d9 08       		.byte	0x8
 1057 05da A7040000 		.4byte	.LASF88
 1058 05de 0A       		.uleb128 0xa
 1059 05df 04       		.byte	0x4
 1060 05e0 3C040000 		.4byte	0x43c
 1061 05e4 0A       		.uleb128 0xa
 1062 05e5 04       		.byte	0x4
 1063 05e6 04030000 		.4byte	0x304
 1064 05ea 14       		.uleb128 0x14
 1065 05eb CC050000 		.4byte	0x5cc
 1066 05ef 03       		.uleb128 0x3
 1067 05f0 68010000 		.4byte	.LASF89
 1068 05f4 0E       		.byte	0xe
 1069 05f5 34       		.byte	0x34
 1070 05f6 95050000 		.4byte	0x595
 1071 05fa 0A       		.uleb128 0xa
 1072 05fb 04       		.byte	0x4
 1073 05fc EF050000 		.4byte	0x5ef
 1074 0600 04       		.uleb128 0x4
 1075 0601 01       		.byte	0x1
 1076 0602 02       		.byte	0x2
 1077 0603 52030000 		.4byte	.LASF90
 1078 0607 0F       		.uleb128 0xf
ARM GAS  /tmp/cc0jZXrR.s 			page 20


 1079 0608 08       		.byte	0x8
 1080 0609 0F       		.byte	0xf
 1081 060a 51       		.byte	0x51
 1082 060b 28060000 		.4byte	0x628
 1083 060f 06       		.uleb128 0x6
 1084 0610 6F050000 		.4byte	.LASF91
 1085 0614 0F       		.byte	0xf
 1086 0615 55       		.byte	0x55
 1087 0616 28060000 		.4byte	0x628
 1088 061a 00       		.byte	0
 1089 061b 06       		.uleb128 0x6
 1090 061c 42020000 		.4byte	.LASF92
 1091 0620 0F       		.byte	0xf
 1092 0621 59       		.byte	0x59
 1093 0622 28060000 		.4byte	0x628
 1094 0626 04       		.byte	0x4
 1095 0627 00       		.byte	0
 1096 0628 0A       		.uleb128 0xa
 1097 0629 04       		.byte	0x4
 1098 062a A2000000 		.4byte	0xa2
 1099 062e 03       		.uleb128 0x3
 1100 062f F5020000 		.4byte	.LASF93
 1101 0633 0F       		.byte	0xf
 1102 0634 5A       		.byte	0x5a
 1103 0635 07060000 		.4byte	0x607
 1104 0639 15       		.uleb128 0x15
 1105 063a E3040000 		.4byte	.LASF109
 1106 063e 02       		.byte	0x2
 1107 063f 0601     		.2byte	0x106
 1108 0641 03       		.byte	0x3
 1109 0642 53060000 		.4byte	0x653
 1110 0646 16       		.uleb128 0x16
 1111 0647 70010000 		.4byte	.LASF110
 1112 064b 02       		.byte	0x2
 1113 064c 0601     		.2byte	0x106
 1114 064e B8000000 		.4byte	0xb8
 1115 0652 00       		.byte	0
 1116 0653 17       		.uleb128 0x17
 1117 0654 54000000 		.4byte	.LASF94
 1118 0658 01       		.byte	0x1
 1119 0659 5202     		.2byte	0x252
 1120 065b 00000000 		.4byte	.LFB127
 1121 065f 10000000 		.4byte	.LFE127-.LFB127
 1122 0663 01       		.uleb128 0x1
 1123 0664 9C       		.byte	0x9c
 1124 0665 83060000 		.4byte	0x683
 1125 0669 18       		.uleb128 0x18
 1126 066a 39060000 		.4byte	0x639
 1127 066e 06000000 		.4byte	.LBB6
 1128 0672 06000000 		.4byte	.LBE6-.LBB6
 1129 0676 01       		.byte	0x1
 1130 0677 5A02     		.2byte	0x25a
 1131 0679 19       		.uleb128 0x19
 1132 067a 46060000 		.4byte	0x646
 1133 067e 02       		.uleb128 0x2
 1134 067f 91       		.byte	0x91
 1135 0680 7C       		.sleb128 -4
ARM GAS  /tmp/cc0jZXrR.s 			page 21


 1136 0681 00       		.byte	0
 1137 0682 00       		.byte	0
 1138 0683 17       		.uleb128 0x17
 1139 0684 F5000000 		.4byte	.LASF95
 1140 0688 01       		.byte	0x1
 1141 0689 6A02     		.2byte	0x26a
 1142 068b 10000000 		.4byte	.LFB128
 1143 068f 10000000 		.4byte	.LFE128-.LFB128
 1144 0693 01       		.uleb128 0x1
 1145 0694 9C       		.byte	0x9c
 1146 0695 B3060000 		.4byte	0x6b3
 1147 0699 18       		.uleb128 0x18
 1148 069a 39060000 		.4byte	0x639
 1149 069e 16000000 		.4byte	.LBB8
 1150 06a2 06000000 		.4byte	.LBE8-.LBB8
 1151 06a6 01       		.byte	0x1
 1152 06a7 6D02     		.2byte	0x26d
 1153 06a9 19       		.uleb128 0x19
 1154 06aa 46060000 		.4byte	0x646
 1155 06ae 02       		.uleb128 0x2
 1156 06af 91       		.byte	0x91
 1157 06b0 7C       		.sleb128 -4
 1158 06b1 00       		.byte	0
 1159 06b2 00       		.byte	0
 1160 06b3 1A       		.uleb128 0x1a
 1161 06b4 B3030000 		.4byte	.LASF111
 1162 06b8 03       		.byte	0x3
 1163 06b9 7601     		.2byte	0x176
 1164 06bb 20000000 		.4byte	.LFB167
 1165 06bf 08000000 		.4byte	.LFE167-.LFB167
 1166 06c3 01       		.uleb128 0x1
 1167 06c4 9C       		.byte	0x9c
 1168 06c5 1B       		.uleb128 0x1b
 1169 06c6 5B050000 		.4byte	.LASF96
 1170 06ca 03       		.byte	0x3
 1171 06cb 8201     		.2byte	0x182
 1172 06cd 30000000 		.4byte	.LFB168
 1173 06d1 08000000 		.4byte	.LFE168-.LFB168
 1174 06d5 01       		.uleb128 0x1
 1175 06d6 9C       		.byte	0x9c
 1176 06d7 E5060000 		.4byte	0x6e5
 1177 06db 1C       		.uleb128 0x1c
 1178 06dc AA030000 		.4byte	.LASF101
 1179 06e0 F5060000 		.4byte	0x6f5
 1180 06e4 00       		.byte	0
 1181 06e5 1D       		.uleb128 0x1d
 1182 06e6 D7050000 		.4byte	0x5d7
 1183 06ea F5060000 		.4byte	0x6f5
 1184 06ee 1E       		.uleb128 0x1e
 1185 06ef 2A040000 		.4byte	0x42a
 1186 06f3 0B       		.byte	0xb
 1187 06f4 00       		.byte	0
 1188 06f5 13       		.uleb128 0x13
 1189 06f6 E5060000 		.4byte	0x6e5
 1190 06fa 1F       		.uleb128 0x1f
 1191 06fb 6E030000 		.4byte	.LASF112
 1192 06ff 04       		.byte	0x4
ARM GAS  /tmp/cc0jZXrR.s 			page 22


 1193 0700 51       		.byte	0x51
 1194 0701 40000000 		.4byte	.LFB248
 1195 0705 1C000000 		.4byte	.LFE248-.LFB248
 1196 0709 01       		.uleb128 0x1
 1197 070a 9C       		.byte	0x9c
 1198 070b 26070000 		.4byte	0x726
 1199 070f 20       		.uleb128 0x20
 1200 0710 0A050000 		.4byte	.LASF97
 1201 0714 04       		.byte	0x4
 1202 0715 53       		.byte	0x53
 1203 0716 26070000 		.4byte	0x726
 1204 071a 20       		.uleb128 0x20
 1205 071b 8C030000 		.4byte	.LASF98
 1206 071f 04       		.byte	0x4
 1207 0720 54       		.byte	0x54
 1208 0721 26070000 		.4byte	0x726
 1209 0725 00       		.byte	0
 1210 0726 1D       		.uleb128 0x1d
 1211 0727 A2000000 		.4byte	0xa2
 1212 072b 31070000 		.4byte	0x731
 1213 072f 21       		.uleb128 0x21
 1214 0730 00       		.byte	0
 1215 0731 22       		.uleb128 0x22
 1216 0732 24030000 		.4byte	.LASF102
 1217 0736 04       		.byte	0x4
 1218 0737 70       		.byte	0x70
 1219 0738 02030000 		.4byte	0x302
 1220 073c 60000000 		.4byte	.LFB249
 1221 0740 64000000 		.4byte	.LFE249-.LFB249
 1222 0744 01       		.uleb128 0x1
 1223 0745 9C       		.byte	0x9c
 1224 0746 98070000 		.4byte	0x798
 1225 074a 23       		.uleb128 0x23
 1226 074b E9000000 		.4byte	.LASF99
 1227 074f 04       		.byte	0x4
 1228 0750 70       		.byte	0x70
 1229 0751 2C000000 		.4byte	0x2c
 1230 0755 02       		.uleb128 0x2
 1231 0756 91       		.byte	0x91
 1232 0757 74       		.sleb128 -12
 1233 0758 23       		.uleb128 0x23
 1234 0759 76010000 		.4byte	.LASF100
 1235 075d 04       		.byte	0x4
 1236 075e 71       		.byte	0x71
 1237 075f 37000000 		.4byte	0x37
 1238 0763 02       		.uleb128 0x2
 1239 0764 91       		.byte	0x91
 1240 0765 70       		.sleb128 -16
 1241 0766 23       		.uleb128 0x23
 1242 0767 FB040000 		.4byte	.LASF75
 1243 076b 04       		.byte	0x4
 1244 076c 72       		.byte	0x72
 1245 076d 2C000000 		.4byte	0x2c
 1246 0771 02       		.uleb128 0x2
 1247 0772 91       		.byte	0x91
 1248 0773 6C       		.sleb128 -20
 1249 0774 24       		.uleb128 0x24
ARM GAS  /tmp/cc0jZXrR.s 			page 23


 1250 0775 7000     		.ascii	"p\000"
 1251 0777 04       		.byte	0x4
 1252 0778 73       		.byte	0x73
 1253 0779 28060000 		.4byte	0x628
 1254 077d 02       		.uleb128 0x2
 1255 077e 91       		.byte	0x91
 1256 077f 7C       		.sleb128 -4
 1257 0780 25       		.uleb128 0x25
 1258 0781 B9000000 		.4byte	.LASF47
 1259 0785 04       		.byte	0x4
 1260 0786 73       		.byte	0x73
 1261 0787 28060000 		.4byte	0x628
 1262 078b 02       		.uleb128 0x2
 1263 078c 91       		.byte	0x91
 1264 078d 78       		.sleb128 -8
 1265 078e 1C       		.uleb128 0x1c
 1266 078f AA030000 		.4byte	.LASF101
 1267 0793 A8070000 		.4byte	0x7a8
 1268 0797 00       		.byte	0
 1269 0798 1D       		.uleb128 0x1d
 1270 0799 D7050000 		.4byte	0x5d7
 1271 079d A8070000 		.4byte	0x7a8
 1272 07a1 1E       		.uleb128 0x1e
 1273 07a2 2A040000 		.4byte	0x42a
 1274 07a6 1D       		.byte	0x1d
 1275 07a7 00       		.byte	0
 1276 07a8 13       		.uleb128 0x13
 1277 07a9 98070000 		.4byte	0x798
 1278 07ad 26       		.uleb128 0x26
 1279 07ae 22010000 		.4byte	.LASF103
 1280 07b2 04       		.byte	0x4
 1281 07b3 94       		.byte	0x94
 1282 07b4 02030000 		.4byte	0x302
 1283 07b8 D0000000 		.4byte	.LFB250
 1284 07bc 28000000 		.4byte	.LFE250-.LFB250
 1285 07c0 01       		.uleb128 0x1
 1286 07c1 9C       		.byte	0x9c
 1287 07c2 FD070000 		.4byte	0x7fd
 1288 07c6 23       		.uleb128 0x23
 1289 07c7 E9000000 		.4byte	.LASF99
 1290 07cb 04       		.byte	0x4
 1291 07cc 94       		.byte	0x94
 1292 07cd 2C000000 		.4byte	0x2c
 1293 07d1 02       		.uleb128 0x2
 1294 07d2 91       		.byte	0x91
 1295 07d3 6C       		.sleb128 -20
 1296 07d4 23       		.uleb128 0x23
 1297 07d5 76010000 		.4byte	.LASF100
 1298 07d9 04       		.byte	0x4
 1299 07da 95       		.byte	0x95
 1300 07db 37000000 		.4byte	0x37
 1301 07df 02       		.uleb128 0x2
 1302 07e0 91       		.byte	0x91
 1303 07e1 68       		.sleb128 -24
 1304 07e2 23       		.uleb128 0x23
 1305 07e3 FB040000 		.4byte	.LASF75
 1306 07e7 04       		.byte	0x4
ARM GAS  /tmp/cc0jZXrR.s 			page 24


 1307 07e8 96       		.byte	0x96
 1308 07e9 2C000000 		.4byte	0x2c
 1309 07ed 02       		.uleb128 0x2
 1310 07ee 91       		.byte	0x91
 1311 07ef 64       		.sleb128 -28
 1312 07f0 24       		.uleb128 0x24
 1313 07f1 7000     		.ascii	"p\000"
 1314 07f3 04       		.byte	0x4
 1315 07f4 97       		.byte	0x97
 1316 07f5 02030000 		.4byte	0x302
 1317 07f9 02       		.uleb128 0x2
 1318 07fa 91       		.byte	0x91
 1319 07fb 74       		.sleb128 -12
 1320 07fc 00       		.byte	0
 1321 07fd 27       		.uleb128 0x27
 1322 07fe DB030000 		.4byte	.LASF113
 1323 0802 04       		.byte	0x4
 1324 0803 A7       		.byte	0xa7
 1325 0804 2C000000 		.4byte	0x2c
 1326 0808 00010000 		.4byte	.LFB251
 1327 080c 14000000 		.4byte	.LFE251-.LFB251
 1328 0810 01       		.uleb128 0x1
 1329 0811 9C       		.byte	0x9c
 1330 0812 28       		.uleb128 0x28
 1331 0813 A7000000 		.4byte	.LASF104
 1332 0817 10       		.byte	0x10
 1333 0818 4407     		.2byte	0x744
 1334 081a 1E080000 		.4byte	0x81e
 1335 081e 14       		.uleb128 0x14
 1336 081f AD000000 		.4byte	0xad
 1337 0823 29       		.uleb128 0x29
 1338 0824 636800   		.ascii	"ch\000"
 1339 0827 0A       		.byte	0xa
 1340 0828 D201     		.2byte	0x1d2
 1341 082a D1030000 		.4byte	0x3d1
 1342 082e 2A       		.uleb128 0x2a
 1343 082f C5040000 		.4byte	.LASF105
 1344 0833 04       		.byte	0x4
 1345 0834 3A       		.byte	0x3a
 1346 0835 2E060000 		.4byte	0x62e
 1347 0839 05       		.uleb128 0x5
 1348 083a 03       		.byte	0x3
 1349 083b 00000000 		.4byte	ch_memcore
 1350 083f 20       		.uleb128 0x20
 1351 0840 0A050000 		.4byte	.LASF97
 1352 0844 04       		.byte	0x4
 1353 0845 53       		.byte	0x53
 1354 0846 26070000 		.4byte	0x726
 1355 084a 20       		.uleb128 0x20
 1356 084b 8C030000 		.4byte	.LASF98
 1357 084f 04       		.byte	0x4
 1358 0850 54       		.byte	0x54
 1359 0851 26070000 		.4byte	0x726
 1360 0855 00       		.byte	0
 1361              		.section	.debug_abbrev,"",%progbits
 1362              	.Ldebug_abbrev0:
 1363 0000 01       		.uleb128 0x1
ARM GAS  /tmp/cc0jZXrR.s 			page 25


 1364 0001 11       		.uleb128 0x11
 1365 0002 01       		.byte	0x1
 1366 0003 25       		.uleb128 0x25
 1367 0004 0E       		.uleb128 0xe
 1368 0005 13       		.uleb128 0x13
 1369 0006 0B       		.uleb128 0xb
 1370 0007 03       		.uleb128 0x3
 1371 0008 0E       		.uleb128 0xe
 1372 0009 1B       		.uleb128 0x1b
 1373 000a 0E       		.uleb128 0xe
 1374 000b 11       		.uleb128 0x11
 1375 000c 01       		.uleb128 0x1
 1376 000d 12       		.uleb128 0x12
 1377 000e 06       		.uleb128 0x6
 1378 000f 10       		.uleb128 0x10
 1379 0010 17       		.uleb128 0x17
 1380 0011 00       		.byte	0
 1381 0012 00       		.byte	0
 1382 0013 02       		.uleb128 0x2
 1383 0014 24       		.uleb128 0x24
 1384 0015 00       		.byte	0
 1385 0016 0B       		.uleb128 0xb
 1386 0017 0B       		.uleb128 0xb
 1387 0018 3E       		.uleb128 0x3e
 1388 0019 0B       		.uleb128 0xb
 1389 001a 03       		.uleb128 0x3
 1390 001b 08       		.uleb128 0x8
 1391 001c 00       		.byte	0
 1392 001d 00       		.byte	0
 1393 001e 03       		.uleb128 0x3
 1394 001f 16       		.uleb128 0x16
 1395 0020 00       		.byte	0
 1396 0021 03       		.uleb128 0x3
 1397 0022 0E       		.uleb128 0xe
 1398 0023 3A       		.uleb128 0x3a
 1399 0024 0B       		.uleb128 0xb
 1400 0025 3B       		.uleb128 0x3b
 1401 0026 0B       		.uleb128 0xb
 1402 0027 49       		.uleb128 0x49
 1403 0028 13       		.uleb128 0x13
 1404 0029 00       		.byte	0
 1405 002a 00       		.byte	0
 1406 002b 04       		.uleb128 0x4
 1407 002c 24       		.uleb128 0x24
 1408 002d 00       		.byte	0
 1409 002e 0B       		.uleb128 0xb
 1410 002f 0B       		.uleb128 0xb
 1411 0030 3E       		.uleb128 0x3e
 1412 0031 0B       		.uleb128 0xb
 1413 0032 03       		.uleb128 0x3
 1414 0033 0E       		.uleb128 0xe
 1415 0034 00       		.byte	0
 1416 0035 00       		.byte	0
 1417 0036 05       		.uleb128 0x5
 1418 0037 13       		.uleb128 0x13
 1419 0038 01       		.byte	0x1
 1420 0039 03       		.uleb128 0x3
ARM GAS  /tmp/cc0jZXrR.s 			page 26


 1421 003a 0E       		.uleb128 0xe
 1422 003b 0B       		.uleb128 0xb
 1423 003c 0B       		.uleb128 0xb
 1424 003d 3A       		.uleb128 0x3a
 1425 003e 0B       		.uleb128 0xb
 1426 003f 3B       		.uleb128 0x3b
 1427 0040 0B       		.uleb128 0xb
 1428 0041 01       		.uleb128 0x1
 1429 0042 13       		.uleb128 0x13
 1430 0043 00       		.byte	0
 1431 0044 00       		.byte	0
 1432 0045 06       		.uleb128 0x6
 1433 0046 0D       		.uleb128 0xd
 1434 0047 00       		.byte	0
 1435 0048 03       		.uleb128 0x3
 1436 0049 0E       		.uleb128 0xe
 1437 004a 3A       		.uleb128 0x3a
 1438 004b 0B       		.uleb128 0xb
 1439 004c 3B       		.uleb128 0x3b
 1440 004d 0B       		.uleb128 0xb
 1441 004e 49       		.uleb128 0x49
 1442 004f 13       		.uleb128 0x13
 1443 0050 38       		.uleb128 0x38
 1444 0051 0B       		.uleb128 0xb
 1445 0052 00       		.byte	0
 1446 0053 00       		.byte	0
 1447 0054 07       		.uleb128 0x7
 1448 0055 0D       		.uleb128 0xd
 1449 0056 00       		.byte	0
 1450 0057 03       		.uleb128 0x3
 1451 0058 08       		.uleb128 0x8
 1452 0059 3A       		.uleb128 0x3a
 1453 005a 0B       		.uleb128 0xb
 1454 005b 3B       		.uleb128 0x3b
 1455 005c 0B       		.uleb128 0xb
 1456 005d 49       		.uleb128 0x49
 1457 005e 13       		.uleb128 0x13
 1458 005f 38       		.uleb128 0x38
 1459 0060 0B       		.uleb128 0xb
 1460 0061 00       		.byte	0
 1461 0062 00       		.byte	0
 1462 0063 08       		.uleb128 0x8
 1463 0064 0D       		.uleb128 0xd
 1464 0065 00       		.byte	0
 1465 0066 03       		.uleb128 0x3
 1466 0067 08       		.uleb128 0x8
 1467 0068 3A       		.uleb128 0x3a
 1468 0069 0B       		.uleb128 0xb
 1469 006a 3B       		.uleb128 0x3b
 1470 006b 05       		.uleb128 0x5
 1471 006c 49       		.uleb128 0x49
 1472 006d 13       		.uleb128 0x13
 1473 006e 38       		.uleb128 0x38
 1474 006f 0B       		.uleb128 0xb
 1475 0070 00       		.byte	0
 1476 0071 00       		.byte	0
 1477 0072 09       		.uleb128 0x9
ARM GAS  /tmp/cc0jZXrR.s 			page 27


 1478 0073 0D       		.uleb128 0xd
 1479 0074 00       		.byte	0
 1480 0075 03       		.uleb128 0x3
 1481 0076 0E       		.uleb128 0xe
 1482 0077 3A       		.uleb128 0x3a
 1483 0078 0B       		.uleb128 0xb
 1484 0079 3B       		.uleb128 0x3b
 1485 007a 05       		.uleb128 0x5
 1486 007b 49       		.uleb128 0x49
 1487 007c 13       		.uleb128 0x13
 1488 007d 38       		.uleb128 0x38
 1489 007e 0B       		.uleb128 0xb
 1490 007f 00       		.byte	0
 1491 0080 00       		.byte	0
 1492 0081 0A       		.uleb128 0xa
 1493 0082 0F       		.uleb128 0xf
 1494 0083 00       		.byte	0
 1495 0084 0B       		.uleb128 0xb
 1496 0085 0B       		.uleb128 0xb
 1497 0086 49       		.uleb128 0x49
 1498 0087 13       		.uleb128 0x13
 1499 0088 00       		.byte	0
 1500 0089 00       		.byte	0
 1501 008a 0B       		.uleb128 0xb
 1502 008b 13       		.uleb128 0x13
 1503 008c 01       		.byte	0x1
 1504 008d 03       		.uleb128 0x3
 1505 008e 0E       		.uleb128 0xe
 1506 008f 0B       		.uleb128 0xb
 1507 0090 0B       		.uleb128 0xb
 1508 0091 3A       		.uleb128 0x3a
 1509 0092 0B       		.uleb128 0xb
 1510 0093 3B       		.uleb128 0x3b
 1511 0094 05       		.uleb128 0x5
 1512 0095 01       		.uleb128 0x1
 1513 0096 13       		.uleb128 0x13
 1514 0097 00       		.byte	0
 1515 0098 00       		.byte	0
 1516 0099 0C       		.uleb128 0xc
 1517 009a 15       		.uleb128 0x15
 1518 009b 01       		.byte	0x1
 1519 009c 27       		.uleb128 0x27
 1520 009d 19       		.uleb128 0x19
 1521 009e 01       		.uleb128 0x1
 1522 009f 13       		.uleb128 0x13
 1523 00a0 00       		.byte	0
 1524 00a1 00       		.byte	0
 1525 00a2 0D       		.uleb128 0xd
 1526 00a3 05       		.uleb128 0x5
 1527 00a4 00       		.byte	0
 1528 00a5 49       		.uleb128 0x49
 1529 00a6 13       		.uleb128 0x13
 1530 00a7 00       		.byte	0
 1531 00a8 00       		.byte	0
 1532 00a9 0E       		.uleb128 0xe
 1533 00aa 0F       		.uleb128 0xf
 1534 00ab 00       		.byte	0
ARM GAS  /tmp/cc0jZXrR.s 			page 28


 1535 00ac 0B       		.uleb128 0xb
 1536 00ad 0B       		.uleb128 0xb
 1537 00ae 00       		.byte	0
 1538 00af 00       		.byte	0
 1539 00b0 0F       		.uleb128 0xf
 1540 00b1 13       		.uleb128 0x13
 1541 00b2 01       		.byte	0x1
 1542 00b3 0B       		.uleb128 0xb
 1543 00b4 0B       		.uleb128 0xb
 1544 00b5 3A       		.uleb128 0x3a
 1545 00b6 0B       		.uleb128 0xb
 1546 00b7 3B       		.uleb128 0x3b
 1547 00b8 0B       		.uleb128 0xb
 1548 00b9 01       		.uleb128 0x1
 1549 00ba 13       		.uleb128 0x13
 1550 00bb 00       		.byte	0
 1551 00bc 00       		.byte	0
 1552 00bd 10       		.uleb128 0x10
 1553 00be 17       		.uleb128 0x17
 1554 00bf 01       		.byte	0x1
 1555 00c0 0B       		.uleb128 0xb
 1556 00c1 0B       		.uleb128 0xb
 1557 00c2 3A       		.uleb128 0x3a
 1558 00c3 0B       		.uleb128 0xb
 1559 00c4 3B       		.uleb128 0x3b
 1560 00c5 0B       		.uleb128 0xb
 1561 00c6 01       		.uleb128 0x1
 1562 00c7 13       		.uleb128 0x13
 1563 00c8 00       		.byte	0
 1564 00c9 00       		.byte	0
 1565 00ca 11       		.uleb128 0x11
 1566 00cb 0D       		.uleb128 0xd
 1567 00cc 00       		.byte	0
 1568 00cd 03       		.uleb128 0x3
 1569 00ce 0E       		.uleb128 0xe
 1570 00cf 3A       		.uleb128 0x3a
 1571 00d0 0B       		.uleb128 0xb
 1572 00d1 3B       		.uleb128 0x3b
 1573 00d2 0B       		.uleb128 0xb
 1574 00d3 49       		.uleb128 0x49
 1575 00d4 13       		.uleb128 0x13
 1576 00d5 00       		.byte	0
 1577 00d6 00       		.byte	0
 1578 00d7 12       		.uleb128 0x12
 1579 00d8 0D       		.uleb128 0xd
 1580 00d9 00       		.byte	0
 1581 00da 03       		.uleb128 0x3
 1582 00db 0E       		.uleb128 0xe
 1583 00dc 3A       		.uleb128 0x3a
 1584 00dd 0B       		.uleb128 0xb
 1585 00de 3B       		.uleb128 0x3b
 1586 00df 05       		.uleb128 0x5
 1587 00e0 49       		.uleb128 0x49
 1588 00e1 13       		.uleb128 0x13
 1589 00e2 00       		.byte	0
 1590 00e3 00       		.byte	0
 1591 00e4 13       		.uleb128 0x13
ARM GAS  /tmp/cc0jZXrR.s 			page 29


 1592 00e5 26       		.uleb128 0x26
 1593 00e6 00       		.byte	0
 1594 00e7 49       		.uleb128 0x49
 1595 00e8 13       		.uleb128 0x13
 1596 00e9 00       		.byte	0
 1597 00ea 00       		.byte	0
 1598 00eb 14       		.uleb128 0x14
 1599 00ec 35       		.uleb128 0x35
 1600 00ed 00       		.byte	0
 1601 00ee 49       		.uleb128 0x49
 1602 00ef 13       		.uleb128 0x13
 1603 00f0 00       		.byte	0
 1604 00f1 00       		.byte	0
 1605 00f2 15       		.uleb128 0x15
 1606 00f3 2E       		.uleb128 0x2e
 1607 00f4 01       		.byte	0x1
 1608 00f5 03       		.uleb128 0x3
 1609 00f6 0E       		.uleb128 0xe
 1610 00f7 3A       		.uleb128 0x3a
 1611 00f8 0B       		.uleb128 0xb
 1612 00f9 3B       		.uleb128 0x3b
 1613 00fa 05       		.uleb128 0x5
 1614 00fb 27       		.uleb128 0x27
 1615 00fc 19       		.uleb128 0x19
 1616 00fd 20       		.uleb128 0x20
 1617 00fe 0B       		.uleb128 0xb
 1618 00ff 01       		.uleb128 0x1
 1619 0100 13       		.uleb128 0x13
 1620 0101 00       		.byte	0
 1621 0102 00       		.byte	0
 1622 0103 16       		.uleb128 0x16
 1623 0104 05       		.uleb128 0x5
 1624 0105 00       		.byte	0
 1625 0106 03       		.uleb128 0x3
 1626 0107 0E       		.uleb128 0xe
 1627 0108 3A       		.uleb128 0x3a
 1628 0109 0B       		.uleb128 0xb
 1629 010a 3B       		.uleb128 0x3b
 1630 010b 05       		.uleb128 0x5
 1631 010c 49       		.uleb128 0x49
 1632 010d 13       		.uleb128 0x13
 1633 010e 00       		.byte	0
 1634 010f 00       		.byte	0
 1635 0110 17       		.uleb128 0x17
 1636 0111 2E       		.uleb128 0x2e
 1637 0112 01       		.byte	0x1
 1638 0113 03       		.uleb128 0x3
 1639 0114 0E       		.uleb128 0xe
 1640 0115 3A       		.uleb128 0x3a
 1641 0116 0B       		.uleb128 0xb
 1642 0117 3B       		.uleb128 0x3b
 1643 0118 05       		.uleb128 0x5
 1644 0119 27       		.uleb128 0x27
 1645 011a 19       		.uleb128 0x19
 1646 011b 11       		.uleb128 0x11
 1647 011c 01       		.uleb128 0x1
 1648 011d 12       		.uleb128 0x12
ARM GAS  /tmp/cc0jZXrR.s 			page 30


 1649 011e 06       		.uleb128 0x6
 1650 011f 40       		.uleb128 0x40
 1651 0120 18       		.uleb128 0x18
 1652 0121 9742     		.uleb128 0x2117
 1653 0123 19       		.uleb128 0x19
 1654 0124 01       		.uleb128 0x1
 1655 0125 13       		.uleb128 0x13
 1656 0126 00       		.byte	0
 1657 0127 00       		.byte	0
 1658 0128 18       		.uleb128 0x18
 1659 0129 1D       		.uleb128 0x1d
 1660 012a 01       		.byte	0x1
 1661 012b 31       		.uleb128 0x31
 1662 012c 13       		.uleb128 0x13
 1663 012d 11       		.uleb128 0x11
 1664 012e 01       		.uleb128 0x1
 1665 012f 12       		.uleb128 0x12
 1666 0130 06       		.uleb128 0x6
 1667 0131 58       		.uleb128 0x58
 1668 0132 0B       		.uleb128 0xb
 1669 0133 59       		.uleb128 0x59
 1670 0134 05       		.uleb128 0x5
 1671 0135 00       		.byte	0
 1672 0136 00       		.byte	0
 1673 0137 19       		.uleb128 0x19
 1674 0138 05       		.uleb128 0x5
 1675 0139 00       		.byte	0
 1676 013a 31       		.uleb128 0x31
 1677 013b 13       		.uleb128 0x13
 1678 013c 02       		.uleb128 0x2
 1679 013d 18       		.uleb128 0x18
 1680 013e 00       		.byte	0
 1681 013f 00       		.byte	0
 1682 0140 1A       		.uleb128 0x1a
 1683 0141 2E       		.uleb128 0x2e
 1684 0142 00       		.byte	0
 1685 0143 03       		.uleb128 0x3
 1686 0144 0E       		.uleb128 0xe
 1687 0145 3A       		.uleb128 0x3a
 1688 0146 0B       		.uleb128 0xb
 1689 0147 3B       		.uleb128 0x3b
 1690 0148 05       		.uleb128 0x5
 1691 0149 27       		.uleb128 0x27
 1692 014a 19       		.uleb128 0x19
 1693 014b 11       		.uleb128 0x11
 1694 014c 01       		.uleb128 0x1
 1695 014d 12       		.uleb128 0x12
 1696 014e 06       		.uleb128 0x6
 1697 014f 40       		.uleb128 0x40
 1698 0150 18       		.uleb128 0x18
 1699 0151 9642     		.uleb128 0x2116
 1700 0153 19       		.uleb128 0x19
 1701 0154 00       		.byte	0
 1702 0155 00       		.byte	0
 1703 0156 1B       		.uleb128 0x1b
 1704 0157 2E       		.uleb128 0x2e
 1705 0158 01       		.byte	0x1
ARM GAS  /tmp/cc0jZXrR.s 			page 31


 1706 0159 03       		.uleb128 0x3
 1707 015a 0E       		.uleb128 0xe
 1708 015b 3A       		.uleb128 0x3a
 1709 015c 0B       		.uleb128 0xb
 1710 015d 3B       		.uleb128 0x3b
 1711 015e 05       		.uleb128 0x5
 1712 015f 27       		.uleb128 0x27
 1713 0160 19       		.uleb128 0x19
 1714 0161 11       		.uleb128 0x11
 1715 0162 01       		.uleb128 0x1
 1716 0163 12       		.uleb128 0x12
 1717 0164 06       		.uleb128 0x6
 1718 0165 40       		.uleb128 0x40
 1719 0166 18       		.uleb128 0x18
 1720 0167 9642     		.uleb128 0x2116
 1721 0169 19       		.uleb128 0x19
 1722 016a 01       		.uleb128 0x1
 1723 016b 13       		.uleb128 0x13
 1724 016c 00       		.byte	0
 1725 016d 00       		.byte	0
 1726 016e 1C       		.uleb128 0x1c
 1727 016f 34       		.uleb128 0x34
 1728 0170 00       		.byte	0
 1729 0171 03       		.uleb128 0x3
 1730 0172 0E       		.uleb128 0xe
 1731 0173 49       		.uleb128 0x49
 1732 0174 13       		.uleb128 0x13
 1733 0175 34       		.uleb128 0x34
 1734 0176 19       		.uleb128 0x19
 1735 0177 00       		.byte	0
 1736 0178 00       		.byte	0
 1737 0179 1D       		.uleb128 0x1d
 1738 017a 01       		.uleb128 0x1
 1739 017b 01       		.byte	0x1
 1740 017c 49       		.uleb128 0x49
 1741 017d 13       		.uleb128 0x13
 1742 017e 01       		.uleb128 0x1
 1743 017f 13       		.uleb128 0x13
 1744 0180 00       		.byte	0
 1745 0181 00       		.byte	0
 1746 0182 1E       		.uleb128 0x1e
 1747 0183 21       		.uleb128 0x21
 1748 0184 00       		.byte	0
 1749 0185 49       		.uleb128 0x49
 1750 0186 13       		.uleb128 0x13
 1751 0187 2F       		.uleb128 0x2f
 1752 0188 0B       		.uleb128 0xb
 1753 0189 00       		.byte	0
 1754 018a 00       		.byte	0
 1755 018b 1F       		.uleb128 0x1f
 1756 018c 2E       		.uleb128 0x2e
 1757 018d 01       		.byte	0x1
 1758 018e 3F       		.uleb128 0x3f
 1759 018f 19       		.uleb128 0x19
 1760 0190 03       		.uleb128 0x3
 1761 0191 0E       		.uleb128 0xe
 1762 0192 3A       		.uleb128 0x3a
ARM GAS  /tmp/cc0jZXrR.s 			page 32


 1763 0193 0B       		.uleb128 0xb
 1764 0194 3B       		.uleb128 0x3b
 1765 0195 0B       		.uleb128 0xb
 1766 0196 27       		.uleb128 0x27
 1767 0197 19       		.uleb128 0x19
 1768 0198 11       		.uleb128 0x11
 1769 0199 01       		.uleb128 0x1
 1770 019a 12       		.uleb128 0x12
 1771 019b 06       		.uleb128 0x6
 1772 019c 40       		.uleb128 0x40
 1773 019d 18       		.uleb128 0x18
 1774 019e 9742     		.uleb128 0x2117
 1775 01a0 19       		.uleb128 0x19
 1776 01a1 01       		.uleb128 0x1
 1777 01a2 13       		.uleb128 0x13
 1778 01a3 00       		.byte	0
 1779 01a4 00       		.byte	0
 1780 01a5 20       		.uleb128 0x20
 1781 01a6 34       		.uleb128 0x34
 1782 01a7 00       		.byte	0
 1783 01a8 03       		.uleb128 0x3
 1784 01a9 0E       		.uleb128 0xe
 1785 01aa 3A       		.uleb128 0x3a
 1786 01ab 0B       		.uleb128 0xb
 1787 01ac 3B       		.uleb128 0x3b
 1788 01ad 0B       		.uleb128 0xb
 1789 01ae 49       		.uleb128 0x49
 1790 01af 13       		.uleb128 0x13
 1791 01b0 3F       		.uleb128 0x3f
 1792 01b1 19       		.uleb128 0x19
 1793 01b2 3C       		.uleb128 0x3c
 1794 01b3 19       		.uleb128 0x19
 1795 01b4 00       		.byte	0
 1796 01b5 00       		.byte	0
 1797 01b6 21       		.uleb128 0x21
 1798 01b7 21       		.uleb128 0x21
 1799 01b8 00       		.byte	0
 1800 01b9 00       		.byte	0
 1801 01ba 00       		.byte	0
 1802 01bb 22       		.uleb128 0x22
 1803 01bc 2E       		.uleb128 0x2e
 1804 01bd 01       		.byte	0x1
 1805 01be 3F       		.uleb128 0x3f
 1806 01bf 19       		.uleb128 0x19
 1807 01c0 03       		.uleb128 0x3
 1808 01c1 0E       		.uleb128 0xe
 1809 01c2 3A       		.uleb128 0x3a
 1810 01c3 0B       		.uleb128 0xb
 1811 01c4 3B       		.uleb128 0x3b
 1812 01c5 0B       		.uleb128 0xb
 1813 01c6 27       		.uleb128 0x27
 1814 01c7 19       		.uleb128 0x19
 1815 01c8 49       		.uleb128 0x49
 1816 01c9 13       		.uleb128 0x13
 1817 01ca 11       		.uleb128 0x11
 1818 01cb 01       		.uleb128 0x1
 1819 01cc 12       		.uleb128 0x12
ARM GAS  /tmp/cc0jZXrR.s 			page 33


 1820 01cd 06       		.uleb128 0x6
 1821 01ce 40       		.uleb128 0x40
 1822 01cf 18       		.uleb128 0x18
 1823 01d0 9742     		.uleb128 0x2117
 1824 01d2 19       		.uleb128 0x19
 1825 01d3 01       		.uleb128 0x1
 1826 01d4 13       		.uleb128 0x13
 1827 01d5 00       		.byte	0
 1828 01d6 00       		.byte	0
 1829 01d7 23       		.uleb128 0x23
 1830 01d8 05       		.uleb128 0x5
 1831 01d9 00       		.byte	0
 1832 01da 03       		.uleb128 0x3
 1833 01db 0E       		.uleb128 0xe
 1834 01dc 3A       		.uleb128 0x3a
 1835 01dd 0B       		.uleb128 0xb
 1836 01de 3B       		.uleb128 0x3b
 1837 01df 0B       		.uleb128 0xb
 1838 01e0 49       		.uleb128 0x49
 1839 01e1 13       		.uleb128 0x13
 1840 01e2 02       		.uleb128 0x2
 1841 01e3 18       		.uleb128 0x18
 1842 01e4 00       		.byte	0
 1843 01e5 00       		.byte	0
 1844 01e6 24       		.uleb128 0x24
 1845 01e7 34       		.uleb128 0x34
 1846 01e8 00       		.byte	0
 1847 01e9 03       		.uleb128 0x3
 1848 01ea 08       		.uleb128 0x8
 1849 01eb 3A       		.uleb128 0x3a
 1850 01ec 0B       		.uleb128 0xb
 1851 01ed 3B       		.uleb128 0x3b
 1852 01ee 0B       		.uleb128 0xb
 1853 01ef 49       		.uleb128 0x49
 1854 01f0 13       		.uleb128 0x13
 1855 01f1 02       		.uleb128 0x2
 1856 01f2 18       		.uleb128 0x18
 1857 01f3 00       		.byte	0
 1858 01f4 00       		.byte	0
 1859 01f5 25       		.uleb128 0x25
 1860 01f6 34       		.uleb128 0x34
 1861 01f7 00       		.byte	0
 1862 01f8 03       		.uleb128 0x3
 1863 01f9 0E       		.uleb128 0xe
 1864 01fa 3A       		.uleb128 0x3a
 1865 01fb 0B       		.uleb128 0xb
 1866 01fc 3B       		.uleb128 0x3b
 1867 01fd 0B       		.uleb128 0xb
 1868 01fe 49       		.uleb128 0x49
 1869 01ff 13       		.uleb128 0x13
 1870 0200 02       		.uleb128 0x2
 1871 0201 18       		.uleb128 0x18
 1872 0202 00       		.byte	0
 1873 0203 00       		.byte	0
 1874 0204 26       		.uleb128 0x26
 1875 0205 2E       		.uleb128 0x2e
 1876 0206 01       		.byte	0x1
ARM GAS  /tmp/cc0jZXrR.s 			page 34


 1877 0207 3F       		.uleb128 0x3f
 1878 0208 19       		.uleb128 0x19
 1879 0209 03       		.uleb128 0x3
 1880 020a 0E       		.uleb128 0xe
 1881 020b 3A       		.uleb128 0x3a
 1882 020c 0B       		.uleb128 0xb
 1883 020d 3B       		.uleb128 0x3b
 1884 020e 0B       		.uleb128 0xb
 1885 020f 27       		.uleb128 0x27
 1886 0210 19       		.uleb128 0x19
 1887 0211 49       		.uleb128 0x49
 1888 0212 13       		.uleb128 0x13
 1889 0213 11       		.uleb128 0x11
 1890 0214 01       		.uleb128 0x1
 1891 0215 12       		.uleb128 0x12
 1892 0216 06       		.uleb128 0x6
 1893 0217 40       		.uleb128 0x40
 1894 0218 18       		.uleb128 0x18
 1895 0219 9642     		.uleb128 0x2116
 1896 021b 19       		.uleb128 0x19
 1897 021c 01       		.uleb128 0x1
 1898 021d 13       		.uleb128 0x13
 1899 021e 00       		.byte	0
 1900 021f 00       		.byte	0
 1901 0220 27       		.uleb128 0x27
 1902 0221 2E       		.uleb128 0x2e
 1903 0222 00       		.byte	0
 1904 0223 3F       		.uleb128 0x3f
 1905 0224 19       		.uleb128 0x19
 1906 0225 03       		.uleb128 0x3
 1907 0226 0E       		.uleb128 0xe
 1908 0227 3A       		.uleb128 0x3a
 1909 0228 0B       		.uleb128 0xb
 1910 0229 3B       		.uleb128 0x3b
 1911 022a 0B       		.uleb128 0xb
 1912 022b 27       		.uleb128 0x27
 1913 022c 19       		.uleb128 0x19
 1914 022d 49       		.uleb128 0x49
 1915 022e 13       		.uleb128 0x13
 1916 022f 11       		.uleb128 0x11
 1917 0230 01       		.uleb128 0x1
 1918 0231 12       		.uleb128 0x12
 1919 0232 06       		.uleb128 0x6
 1920 0233 40       		.uleb128 0x40
 1921 0234 18       		.uleb128 0x18
 1922 0235 9742     		.uleb128 0x2117
 1923 0237 19       		.uleb128 0x19
 1924 0238 00       		.byte	0
 1925 0239 00       		.byte	0
 1926 023a 28       		.uleb128 0x28
 1927 023b 34       		.uleb128 0x34
 1928 023c 00       		.byte	0
 1929 023d 03       		.uleb128 0x3
 1930 023e 0E       		.uleb128 0xe
 1931 023f 3A       		.uleb128 0x3a
 1932 0240 0B       		.uleb128 0xb
 1933 0241 3B       		.uleb128 0x3b
ARM GAS  /tmp/cc0jZXrR.s 			page 35


 1934 0242 05       		.uleb128 0x5
 1935 0243 49       		.uleb128 0x49
 1936 0244 13       		.uleb128 0x13
 1937 0245 3F       		.uleb128 0x3f
 1938 0246 19       		.uleb128 0x19
 1939 0247 3C       		.uleb128 0x3c
 1940 0248 19       		.uleb128 0x19
 1941 0249 00       		.byte	0
 1942 024a 00       		.byte	0
 1943 024b 29       		.uleb128 0x29
 1944 024c 34       		.uleb128 0x34
 1945 024d 00       		.byte	0
 1946 024e 03       		.uleb128 0x3
 1947 024f 08       		.uleb128 0x8
 1948 0250 3A       		.uleb128 0x3a
 1949 0251 0B       		.uleb128 0xb
 1950 0252 3B       		.uleb128 0x3b
 1951 0253 05       		.uleb128 0x5
 1952 0254 49       		.uleb128 0x49
 1953 0255 13       		.uleb128 0x13
 1954 0256 3F       		.uleb128 0x3f
 1955 0257 19       		.uleb128 0x19
 1956 0258 3C       		.uleb128 0x3c
 1957 0259 19       		.uleb128 0x19
 1958 025a 00       		.byte	0
 1959 025b 00       		.byte	0
 1960 025c 2A       		.uleb128 0x2a
 1961 025d 34       		.uleb128 0x34
 1962 025e 00       		.byte	0
 1963 025f 03       		.uleb128 0x3
 1964 0260 0E       		.uleb128 0xe
 1965 0261 3A       		.uleb128 0x3a
 1966 0262 0B       		.uleb128 0xb
 1967 0263 3B       		.uleb128 0x3b
 1968 0264 0B       		.uleb128 0xb
 1969 0265 49       		.uleb128 0x49
 1970 0266 13       		.uleb128 0x13
 1971 0267 3F       		.uleb128 0x3f
 1972 0268 19       		.uleb128 0x19
 1973 0269 02       		.uleb128 0x2
 1974 026a 18       		.uleb128 0x18
 1975 026b 00       		.byte	0
 1976 026c 00       		.byte	0
 1977 026d 00       		.byte	0
 1978              		.section	.debug_aranges,"",%progbits
 1979 0000 1C000000 		.4byte	0x1c
 1980 0004 0200     		.2byte	0x2
 1981 0006 00000000 		.4byte	.Ldebug_info0
 1982 000a 04       		.byte	0x4
 1983 000b 00       		.byte	0
 1984 000c 0000     		.2byte	0
 1985 000e 0000     		.2byte	0
 1986 0010 00000000 		.4byte	.Ltext0
 1987 0014 14010000 		.4byte	.Letext0-.Ltext0
 1988 0018 00000000 		.4byte	0
 1989 001c 00000000 		.4byte	0
 1990              		.section	.debug_line,"",%progbits
ARM GAS  /tmp/cc0jZXrR.s 			page 36


 1991              	.Ldebug_line0:
 1992 0000 74020000 		.section	.debug_str,"MS",%progbits,1
 1992      02001002 
 1992      00000201 
 1992      FB0E0D00 
 1992      01010101 
 1993              	.LASF51:
 1994 0000 72656164 		.ascii	"ready_list_t\000"
 1994      795F6C69 
 1994      73745F74 
 1994      00
 1995              	.LASF2:
 1996 000d 73697A65 		.ascii	"size_t\000"
 1996      5F7400
 1997              	.LASF57:
 1998 0014 64656C74 		.ascii	"delta\000"
 1998      6100
 1999              	.LASF77:
 2000 001a 7264796D 		.ascii	"rdymsg\000"
 2000      736700
 2001              	.LASF17:
 2002 0021 75696E74 		.ascii	"uint64_t\000"
 2002      36345F74 
 2002      00
 2003              	.LASF3:
 2004 002a 5F5F7569 		.ascii	"__uint8_t\000"
 2004      6E74385F 
 2004      7400
 2005              	.LASF50:
 2006 0034 70726576 		.ascii	"prev\000"
 2006      00
 2007              	.LASF74:
 2008 0039 706F7274 		.ascii	"port_intctx\000"
 2008      5F696E74 
 2008      63747800 
 2009              	.LASF62:
 2010 0045 73797374 		.ascii	"system_debug_t\000"
 2010      656D5F64 
 2010      65627567 
 2010      5F7400
 2011              	.LASF94:
 2012 0054 706F7274 		.ascii	"port_lock\000"
 2012      5F6C6F63 
 2012      6B00
 2013              	.LASF13:
 2014 005e 6C6F6E67 		.ascii	"long long unsigned int\000"
 2014      206C6F6E 
 2014      6720756E 
 2014      7369676E 
 2014      65642069 
 2015              	.LASF78:
 2016 0075 65786974 		.ascii	"exitcode\000"
 2016      636F6465 
 2016      00
 2017              	.LASF69:
 2018 007e 6D61696E 		.ascii	"mainthread\000"
 2018      74687265 
ARM GAS  /tmp/cc0jZXrR.s 			page 37


 2018      616400
 2019              	.LASF81:
 2020 0089 73656E74 		.ascii	"sentmsg\000"
 2020      6D736700 
 2021              	.LASF59:
 2022 0091 76697274 		.ascii	"virtual_timers_list_t\000"
 2022      75616C5F 
 2022      74696D65 
 2022      72735F6C 
 2022      6973745F 
 2023              	.LASF104:
 2024 00a7 49544D5F 		.ascii	"ITM_RxBuffer\000"
 2024      52784275 
 2024      66666572 
 2024      00
 2025              	.LASF58:
 2026 00b4 66756E63 		.ascii	"func\000"
 2026      00
 2027              	.LASF47:
 2028 00b9 6E657874 		.ascii	"next\000"
 2028      00
 2029              	.LASF49:
 2030 00be 63685F74 		.ascii	"ch_threads_queue\000"
 2030      68726561 
 2030      64735F71 
 2030      75657565 
 2030      00
 2031              	.LASF11:
 2032 00cf 6C6F6E67 		.ascii	"long long int\000"
 2032      206C6F6E 
 2032      6720696E 
 2032      7400
 2033              	.LASF1:
 2034 00dd 7369676E 		.ascii	"signed char\000"
 2034      65642063 
 2034      68617200 
 2035              	.LASF99:
 2036 00e9 73697A65 		.ascii	"size\000"
 2036      00
 2037              	.LASF68:
 2038 00ee 76746C69 		.ascii	"vtlist\000"
 2038      737400
 2039              	.LASF95:
 2040 00f5 706F7274 		.ascii	"port_unlock\000"
 2040      5F756E6C 
 2040      6F636B00 
 2041              	.LASF38:
 2042 0101 6D736771 		.ascii	"msgqueue\000"
 2042      75657565 
 2042      00
 2043              	.LASF34:
 2044 010a 73746174 		.ascii	"state\000"
 2044      6500
 2045              	.LASF8:
 2046 0110 6C6F6E67 		.ascii	"long int\000"
 2046      20696E74 
 2046      00
ARM GAS  /tmp/cc0jZXrR.s 			page 38


 2047              	.LASF20:
 2048 0119 74737461 		.ascii	"tstate_t\000"
 2048      74655F74 
 2048      00
 2049              	.LASF103:
 2050 0122 6368436F 		.ascii	"chCoreAllocAlignedWithOffset\000"
 2050      7265416C 
 2050      6C6F6341 
 2050      6C69676E 
 2050      65645769 
 2051              	.LASF28:
 2052 013f 71756575 		.ascii	"queue\000"
 2052      6500
 2053              	.LASF33:
 2054 0145 77616261 		.ascii	"wabase\000"
 2054      736500
 2055              	.LASF9:
 2056 014c 5F5F7569 		.ascii	"__uint32_t\000"
 2056      6E743332 
 2056      5F7400
 2057              	.LASF71:
 2058 0157 72656761 		.ascii	"regarm_t\000"
 2058      726D5F74 
 2058      00
 2059              	.LASF37:
 2060 0160 77616974 		.ascii	"waiting\000"
 2060      696E6700 
 2061              	.LASF89:
 2062 0168 6D757465 		.ascii	"mutex_t\000"
 2062      785F7400 
 2063              	.LASF110:
 2064 0170 76616C75 		.ascii	"value\000"
 2064      6500
 2065              	.LASF100:
 2066 0176 616C6967 		.ascii	"align\000"
 2066      6E00
 2067              	.LASF25:
 2068 017c 636E745F 		.ascii	"cnt_t\000"
 2068      7400
 2069              	.LASF0:
 2070 0182 756E7369 		.ascii	"unsigned int\000"
 2070      676E6564 
 2070      20696E74 
 2070      00
 2071              	.LASF82:
 2072 018f 77747365 		.ascii	"wtsemp\000"
 2072      6D7000
 2073              	.LASF80:
 2074 0196 77747472 		.ascii	"wttrp\000"
 2074      7000
 2075              	.LASF108:
 2076 019c 2F686F6D 		.ascii	"/home/declan/ChibiOS2/ChibiOS/demos/STM32/RT-STM32F"
 2076      652F6465 
 2076      636C616E 
 2076      2F436869 
 2076      62694F53 
 2077 01cf 3430372D 		.ascii	"407-DISCOVERY\000"
ARM GAS  /tmp/cc0jZXrR.s 			page 39


 2077      44495343 
 2077      4F564552 
 2077      5900
 2078              	.LASF32:
 2079 01dd 6E616D65 		.ascii	"name\000"
 2079      00
 2080              	.LASF42:
 2081 01e2 6D706F6F 		.ascii	"mpool\000"
 2081      6C00
 2082              	.LASF6:
 2083 01e8 73686F72 		.ascii	"short unsigned int\000"
 2083      7420756E 
 2083      7369676E 
 2083      65642069 
 2083      6E7400
 2084              	.LASF45:
 2085 01fb 63685F74 		.ascii	"ch_thread\000"
 2085      68726561 
 2085      6400
 2086              	.LASF23:
 2087 0205 6D73675F 		.ascii	"msg_t\000"
 2087      7400
 2088              	.LASF39:
 2089 020b 6570656E 		.ascii	"epending\000"
 2089      64696E67 
 2089      00
 2090              	.LASF65:
 2091 0214 63685F73 		.ascii	"ch_system_t\000"
 2091      79737465 
 2091      6D5F7400 
 2092              	.LASF19:
 2093 0220 746D6F64 		.ascii	"tmode_t\000"
 2093      655F7400 
 2094              	.LASF52:
 2095 0228 63685F72 		.ascii	"ch_ready_list\000"
 2095      65616479 
 2095      5F6C6973 
 2095      7400
 2096              	.LASF24:
 2097 0236 6576656E 		.ascii	"eventmask_t\000"
 2097      746D6173 
 2097      6B5F7400 
 2098              	.LASF92:
 2099 0242 656E646D 		.ascii	"endmem\000"
 2099      656D00
 2100              	.LASF107:
 2101 0249 2E2E2F2E 		.ascii	"../../../os/common/oslib/src/chmemcore.c\000"
 2101      2E2F2E2E 
 2101      2F6F732F 
 2101      636F6D6D 
 2101      6F6E2F6F 
 2102              	.LASF72:
 2103 0272 73746B61 		.ascii	"stkalign_t\000"
 2103      6C69676E 
 2103      5F7400
 2104              	.LASF30:
 2105 027d 6E657765 		.ascii	"newer\000"
ARM GAS  /tmp/cc0jZXrR.s 			page 40


 2105      7200
 2106              	.LASF41:
 2107 0283 7265616C 		.ascii	"realprio\000"
 2107      7072696F 
 2107      00
 2108              	.LASF70:
 2109 028c 73697A65 		.ascii	"sizetype\000"
 2109      74797065 
 2109      00
 2110              	.LASF43:
 2111 0295 74687265 		.ascii	"thread_reference_t\000"
 2111      61645F72 
 2111      65666572 
 2111      656E6365 
 2111      5F7400
 2112              	.LASF60:
 2113 02a8 63685F76 		.ascii	"ch_virtual_timers_list\000"
 2113      69727475 
 2113      616C5F74 
 2113      696D6572 
 2113      735F6C69 
 2114              	.LASF73:
 2115 02bf 706F7274 		.ascii	"port_context\000"
 2115      5F636F6E 
 2115      74657874 
 2115      00
 2116              	.LASF76:
 2117 02cc 746D5F63 		.ascii	"tm_calibration_t\000"
 2117      616C6962 
 2117      72617469 
 2117      6F6E5F74 
 2117      00
 2118              	.LASF29:
 2119 02dd 7072696F 		.ascii	"prio\000"
 2119      00
 2120              	.LASF53:
 2121 02e2 63757272 		.ascii	"current\000"
 2121      656E7400 
 2122              	.LASF12:
 2123 02ea 5F5F7569 		.ascii	"__uint64_t\000"
 2123      6E743634 
 2123      5F7400
 2124              	.LASF93:
 2125 02f5 6D656D63 		.ascii	"memcore_t\000"
 2125      6F72655F 
 2125      7400
 2126              	.LASF21:
 2127 02ff 74726566 		.ascii	"trefs_t\000"
 2127      735F7400 
 2128              	.LASF36:
 2129 0307 72656673 		.ascii	"refs\000"
 2129      00
 2130              	.LASF55:
 2131 030c 76697274 		.ascii	"virtual_timer_t\000"
 2131      75616C5F 
 2131      74696D65 
 2131      725F7400 
ARM GAS  /tmp/cc0jZXrR.s 			page 41


 2132              	.LASF22:
 2133 031c 74707269 		.ascii	"tprio_t\000"
 2133      6F5F7400 
 2134              	.LASF102:
 2135 0324 6368436F 		.ascii	"chCoreAllocAlignedWithOffsetI\000"
 2135      7265416C 
 2135      6C6F6341 
 2135      6C69676E 
 2135      65645769 
 2136              	.LASF63:
 2137 0342 63685F73 		.ascii	"ch_system_debug\000"
 2137      79737465 
 2137      6D5F6465 
 2137      62756700 
 2138              	.LASF90:
 2139 0352 5F426F6F 		.ascii	"_Bool\000"
 2139      6C00
 2140              	.LASF15:
 2141 0358 696E7433 		.ascii	"int32_t\000"
 2141      325F7400 
 2142              	.LASF4:
 2143 0360 756E7369 		.ascii	"unsigned char\000"
 2143      676E6564 
 2143      20636861 
 2143      7200
 2144              	.LASF112:
 2145 036e 5F636F72 		.ascii	"_core_init\000"
 2145      655F696E 
 2145      697400
 2146              	.LASF5:
 2147 0379 73686F72 		.ascii	"short int\000"
 2147      7420696E 
 2147      7400
 2148              	.LASF61:
 2149 0383 6C617374 		.ascii	"lasttime\000"
 2149      74696D65 
 2149      00
 2150              	.LASF98:
 2151 038c 5F5F6865 		.ascii	"__heap_end__\000"
 2151      61705F65 
 2151      6E645F5F 
 2151      00
 2152              	.LASF84:
 2153 0399 65776D61 		.ascii	"ewmask\000"
 2153      736B00
 2154              	.LASF66:
 2155 03a0 63685F73 		.ascii	"ch_system\000"
 2155      79737465 
 2155      6D00
 2156              	.LASF101:
 2157 03aa 5F5F6675 		.ascii	"__func__\000"
 2157      6E635F5F 
 2157      00
 2158              	.LASF111:
 2159 03b3 63685379 		.ascii	"chSysLock\000"
 2159      734C6F63 
 2159      6B00
ARM GAS  /tmp/cc0jZXrR.s 			page 42


 2160              	.LASF56:
 2161 03bd 63685F76 		.ascii	"ch_virtual_timer\000"
 2161      69727475 
 2161      616C5F74 
 2161      696D6572 
 2161      00
 2162              	.LASF85:
 2163 03ce 63685F73 		.ascii	"ch_semaphore\000"
 2163      656D6170 
 2163      686F7265 
 2163      00
 2164              	.LASF113:
 2165 03db 6368436F 		.ascii	"chCoreGetStatusX\000"
 2165      72654765 
 2165      74537461 
 2165      74757358 
 2165      00
 2166              	.LASF16:
 2167 03ec 75696E74 		.ascii	"uint32_t\000"
 2167      33325F74 
 2167      00
 2168              	.LASF83:
 2169 03f5 77746D74 		.ascii	"wtmtxp\000"
 2169      787000
 2170              	.LASF46:
 2171 03fc 63685F74 		.ascii	"ch_threads_list\000"
 2171      68726561 
 2171      64735F6C 
 2171      69737400 
 2172              	.LASF87:
 2173 040c 6F776E65 		.ascii	"owner\000"
 2173      7200
 2174              	.LASF10:
 2175 0412 6C6F6E67 		.ascii	"long unsigned int\000"
 2175      20756E73 
 2175      69676E65 
 2175      6420696E 
 2175      7400
 2176              	.LASF106:
 2177 0424 474E5520 		.ascii	"GNU C 4.9.3 20150529 (prerelease) -mcpu=cortex-m4 -"
 2177      4320342E 
 2177      392E3320 
 2177      32303135 
 2177      30353239 
 2178 0457 6D6E6F2D 		.ascii	"mno-thumb-interwork -mthumb -ggdb -O0 -fomit-frame-"
 2178      7468756D 
 2178      622D696E 
 2178      74657277 
 2178      6F726B20 
 2179 048a 706F696E 		.ascii	"pointer -falign-functions=16\000"
 2179      74657220 
 2179      2D66616C 
 2179      69676E2D 
 2179      66756E63 
 2180              	.LASF88:
 2181 04a7 63686172 		.ascii	"char\000"
 2181      00
ARM GAS  /tmp/cc0jZXrR.s 			page 43


 2182              	.LASF31:
 2183 04ac 6F6C6465 		.ascii	"older\000"
 2183      7200
 2184              	.LASF7:
 2185 04b2 5F5F696E 		.ascii	"__int32_t\000"
 2185      7433325F 
 2185      7400
 2186              	.LASF27:
 2187 04bc 74687265 		.ascii	"thread_t\000"
 2187      61645F74 
 2187      00
 2188              	.LASF105:
 2189 04c5 63685F6D 		.ascii	"ch_memcore\000"
 2189      656D636F 
 2189      726500
 2190              	.LASF26:
 2191 04d0 73797374 		.ascii	"systime_t\000"
 2191      696D655F 
 2191      7400
 2192              	.LASF54:
 2193 04da 76746675 		.ascii	"vtfunc_t\000"
 2193      6E635F74 
 2193      00
 2194              	.LASF109:
 2195 04e3 5F5F7365 		.ascii	"__set_BASEPRI\000"
 2195      745F4241 
 2195      53455052 
 2195      4900
 2196              	.LASF64:
 2197 04f1 70616E69 		.ascii	"panic_msg\000"
 2197      635F6D73 
 2197      6700
 2198              	.LASF75:
 2199 04fb 6F666673 		.ascii	"offset\000"
 2199      657400
 2200              	.LASF18:
 2201 0502 7274636E 		.ascii	"rtcnt_t\000"
 2201      745F7400 
 2202              	.LASF97:
 2203 050a 5F5F6865 		.ascii	"__heap_base__\000"
 2203      61705F62 
 2203      6173655F 
 2203      5F00
 2204              	.LASF48:
 2205 0518 74687265 		.ascii	"threads_queue_t\000"
 2205      6164735F 
 2205      71756575 
 2205      655F7400 
 2206              	.LASF86:
 2207 0528 63685F6D 		.ascii	"ch_mutex\000"
 2207      75746578 
 2207      00
 2208              	.LASF67:
 2209 0531 726C6973 		.ascii	"rlist\000"
 2209      7400
 2210              	.LASF14:
 2211 0537 75696E74 		.ascii	"uint8_t\000"
ARM GAS  /tmp/cc0jZXrR.s 			page 44


 2211      385F7400 
 2212              	.LASF35:
 2213 053f 666C6167 		.ascii	"flags\000"
 2213      7300
 2214              	.LASF79:
 2215 0545 77746F62 		.ascii	"wtobjp\000"
 2215      6A7000
 2216              	.LASF44:
 2217 054c 74687265 		.ascii	"threads_list_t\000"
 2217      6164735F 
 2217      6C697374 
 2217      5F7400
 2218              	.LASF96:
 2219 055b 63685379 		.ascii	"chSysUnlock\000"
 2219      73556E6C 
 2219      6F636B00 
 2220              	.LASF40:
 2221 0567 6D74786C 		.ascii	"mtxlist\000"
 2221      69737400 
 2222              	.LASF91:
 2223 056f 6E657874 		.ascii	"nextmem\000"
 2223      6D656D00 
 2224              		.ident	"GCC: (15:4.9.3+svn231177-1) 4.9.3 20150529 (prerelease)"
ARM GAS  /tmp/cc0jZXrR.s 			page 45


DEFINED SYMBOLS
                            *ABS*:0000000000000000 chmemcore.c
     /tmp/cc0jZXrR.s:18     .text:0000000000000000 $t
     /tmp/cc0jZXrR.s:23     .text:0000000000000000 port_lock
     /tmp/cc0jZXrR.s:59     .text:0000000000000010 port_unlock
     /tmp/cc0jZXrR.s:93     .text:0000000000000020 chSysLock
     /tmp/cc0jZXrR.s:116    .text:0000000000000030 chSysUnlock
                            *COM*:0000000000000008 ch_memcore
     /tmp/cc0jZXrR.s:140    .text:0000000000000040 _core_init
     /tmp/cc0jZXrR.s:161    .text:0000000000000050 $d
     /tmp/cc0jZXrR.s:167    .text:000000000000005c $t
     /tmp/cc0jZXrR.s:173    .text:0000000000000060 chCoreAllocAlignedWithOffsetI
     /tmp/cc0jZXrR.s:245    .text:00000000000000c0 $d
     /tmp/cc0jZXrR.s:249    .text:00000000000000c4 $t
     /tmp/cc0jZXrR.s:255    .text:00000000000000d0 chCoreAllocAlignedWithOffset
     /tmp/cc0jZXrR.s:296    .text:0000000000000100 chCoreGetStatusX
     /tmp/cc0jZXrR.s:316    .text:0000000000000110 $d
                     .debug_frame:0000000000000010 $d

UNDEFINED SYMBOLS
__heap_base__
__heap_end__
