ARM GAS  /tmp/ccGRKfhP.s 			page 1


   1              		.syntax unified
   2              		.cpu cortex-m4
   3              		.fpu softvfp
   4              		.eabi_attribute 20, 1
   5              		.eabi_attribute 21, 1
   6              		.eabi_attribute 23, 3
   7              		.eabi_attribute 24, 1
   8              		.eabi_attribute 25, 1
   9              		.eabi_attribute 26, 1
  10              		.eabi_attribute 30, 6
  11              		.eabi_attribute 34, 1
  12              		.eabi_attribute 18, 4
  13              		.thumb
  14              		.file	"chvt.c"
  15              		.text
  16              	.Ltext0:
  17              		.cfi_sections	.debug_frame
  18              		.align	2
  19              		.p2align 4,,15
  20              		.thumb
  21              		.thumb_func
  22              		.type	st_lld_get_counter, %function
  23              	st_lld_get_counter:
  24              	.LFB136:
  25              		.file 1 "../../../os/hal/ports/STM32/LLD/TIMv1/hal_st_lld.h"
  26              		.loc 1 139 0
  27              		.cfi_startproc
  28              		@ args = 0, pretend = 0, frame = 0
  29              		@ frame_needed = 0, uses_anonymous_args = 0
  30              		@ link register save eliminated.
  31              		.loc 1 141 0
  32 0000 4FF08043 		mov	r3, #1073741824
  33 0004 5B6A     		ldr	r3, [r3, #36]
  34              		.loc 1 142 0
  35 0006 1846     		mov	r0, r3
  36 0008 7047     		bx	lr
  37              		.cfi_endproc
  38              	.LFE136:
  39              		.size	st_lld_get_counter, .-st_lld_get_counter
  40 000a 00BF     		.align	2
  41 000c AFF30080 		.p2align 4,,15
  42              		.thumb
  43              		.thumb_func
  44              		.type	port_timer_start_alarm, %function
  45              	port_timer_start_alarm:
  46              	.LFB142:
  47              		.file 2 "../../../os/common/ports/ARMCMx/chcore_timer.h"
  48              		.loc 2 71 0
  49              		.cfi_startproc
  50              		@ args = 0, pretend = 0, frame = 8
  51              		@ frame_needed = 0, uses_anonymous_args = 0
  52 0010 00B5     		push	{lr}
  53              		.cfi_def_cfa_offset 4
  54              		.cfi_offset 14, -4
  55 0012 83B0     		sub	sp, sp, #12
  56              		.cfi_def_cfa_offset 16
  57 0014 0190     		str	r0, [sp, #4]
ARM GAS  /tmp/ccGRKfhP.s 			page 2


  58              		.loc 2 73 0
  59 0016 0198     		ldr	r0, [sp, #4]
  60 0018 FFF7FEFF 		bl	stStartAlarm
  61              		.loc 2 74 0
  62 001c 03B0     		add	sp, sp, #12
  63              		.cfi_def_cfa_offset 4
  64              		@ sp needed
  65 001e 5DF804FB 		ldr	pc, [sp], #4
  66              		.cfi_endproc
  67              	.LFE142:
  68              		.size	port_timer_start_alarm, .-port_timer_start_alarm
  69 0022 00BF     		.align	2
  70 0024 AFF30080 		.p2align 4,,15
  70      AFF30080 
  70      AFF30080 
  71              		.thumb
  72              		.thumb_func
  73              		.type	port_timer_stop_alarm, %function
  74              	port_timer_stop_alarm:
  75              	.LFB143:
  76              		.loc 2 81 0
  77              		.cfi_startproc
  78              		@ args = 0, pretend = 0, frame = 0
  79              		@ frame_needed = 0, uses_anonymous_args = 0
  80 0030 08B5     		push	{r3, lr}
  81              		.cfi_def_cfa_offset 8
  82              		.cfi_offset 3, -8
  83              		.cfi_offset 14, -4
  84              		.loc 2 83 0
  85 0032 FFF7FEFF 		bl	stStopAlarm
  86              		.loc 2 84 0
  87 0036 08BD     		pop	{r3, pc}
  88              		.cfi_endproc
  89              	.LFE143:
  90              		.size	port_timer_stop_alarm, .-port_timer_stop_alarm
  91              		.align	2
  92 0038 AFF30080 		.p2align 4,,15
  92      AFF30080 
  93              		.thumb
  94              		.thumb_func
  95              		.type	port_timer_set_alarm, %function
  96              	port_timer_set_alarm:
  97              	.LFB144:
  98              		.loc 2 93 0
  99              		.cfi_startproc
 100              		@ args = 0, pretend = 0, frame = 8
 101              		@ frame_needed = 0, uses_anonymous_args = 0
 102 0040 00B5     		push	{lr}
 103              		.cfi_def_cfa_offset 4
 104              		.cfi_offset 14, -4
 105 0042 83B0     		sub	sp, sp, #12
 106              		.cfi_def_cfa_offset 16
 107 0044 0190     		str	r0, [sp, #4]
 108              		.loc 2 95 0
 109 0046 0198     		ldr	r0, [sp, #4]
 110 0048 FFF7FEFF 		bl	stSetAlarm
 111              		.loc 2 96 0
ARM GAS  /tmp/ccGRKfhP.s 			page 3


 112 004c 03B0     		add	sp, sp, #12
 113              		.cfi_def_cfa_offset 4
 114              		@ sp needed
 115 004e 5DF804FB 		ldr	pc, [sp], #4
 116              		.cfi_endproc
 117              	.LFE144:
 118              		.size	port_timer_set_alarm, .-port_timer_set_alarm
 119 0052 00BF     		.align	2
 120 0054 AFF30080 		.p2align 4,,15
 120      AFF30080 
 120      AFF30080 
 121              		.thumb
 122              		.thumb_func
 123              		.type	port_timer_get_time, %function
 124              	port_timer_get_time:
 125              	.LFB145:
 126              		.loc 2 105 0
 127              		.cfi_startproc
 128              		@ args = 0, pretend = 0, frame = 0
 129              		@ frame_needed = 0, uses_anonymous_args = 0
 130 0060 08B5     		push	{r3, lr}
 131              		.cfi_def_cfa_offset 8
 132              		.cfi_offset 3, -8
 133              		.cfi_offset 14, -4
 134              		.loc 2 107 0
 135 0062 FFF7CDFF 		bl	st_lld_get_counter
 136 0066 0346     		mov	r3, r0
 137              		.loc 2 108 0
 138 0068 1846     		mov	r0, r3
 139 006a 08BD     		pop	{r3, pc}
 140              		.cfi_endproc
 141              	.LFE145:
 142              		.size	port_timer_get_time, .-port_timer_get_time
 143              		.align	2
 144 006c AFF30080 		.p2align 4,,15
 145              		.thumb
 146              		.thumb_func
 147              		.type	chVTGetSystemTimeX, %function
 148              	chVTGetSystemTimeX:
 149              	.LFB181:
 150              		.file 3 "../../../os/rt/include/chvt.h"
 151              		.loc 3 392 0
 152              		.cfi_startproc
 153              		@ args = 0, pretend = 0, frame = 0
 154              		@ frame_needed = 0, uses_anonymous_args = 0
 155 0070 08B5     		push	{r3, lr}
 156              		.cfi_def_cfa_offset 8
 157              		.cfi_offset 3, -8
 158              		.cfi_offset 14, -4
 159              		.loc 3 397 0
 160 0072 FFF7F5FF 		bl	port_timer_get_time
 161 0076 0346     		mov	r3, r0
 162              		.loc 3 399 0
 163 0078 1846     		mov	r0, r3
 164 007a 08BD     		pop	{r3, pc}
 165              		.cfi_endproc
 166              	.LFE181:
ARM GAS  /tmp/ccGRKfhP.s 			page 4


 167              		.size	chVTGetSystemTimeX, .-chVTGetSystemTimeX
 168              		.align	2
 169 007c AFF30080 		.p2align 4,,15
 170              		.global	_vt_init
 171              		.thumb
 172              		.thumb_func
 173              		.type	_vt_init, %function
 174              	_vt_init:
 175              	.LFB248:
 176              		.file 4 "../../../os/rt/src/chvt.c"
 177              		.loc 4 61 0
 178              		.cfi_startproc
 179              		@ args = 0, pretend = 0, frame = 0
 180              		@ frame_needed = 0, uses_anonymous_args = 0
 181              		@ link register save eliminated.
 182              		.loc 4 63 0
 183 0080 064B     		ldr	r3, .L11
 184 0082 074A     		ldr	r2, .L11+4
 185 0084 DA61     		str	r2, [r3, #28]
 186              		.loc 4 64 0
 187 0086 054B     		ldr	r3, .L11
 188 0088 054A     		ldr	r2, .L11+4
 189 008a 1A62     		str	r2, [r3, #32]
 190              		.loc 4 65 0
 191 008c 034B     		ldr	r3, .L11
 192 008e 4FF0FF32 		mov	r2, #-1
 193 0092 5A62     		str	r2, [r3, #36]
 194              		.loc 4 69 0
 195 0094 014B     		ldr	r3, .L11
 196 0096 0022     		movs	r2, #0
 197 0098 9A62     		str	r2, [r3, #40]
 198              		.loc 4 71 0
 199 009a 7047     		bx	lr
 200              	.L12:
 201              		.align	2
 202              	.L11:
 203 009c 00000000 		.word	ch
 204 00a0 1C000000 		.word	ch+28
 205              		.cfi_endproc
 206              	.LFE248:
 207              		.size	_vt_init, .-_vt_init
 208              		.align	2
 209 00a4 AFF30080 		.p2align 4,,15
 209      AFF30080 
 209      AFF30080 
 210              		.global	chVTDoSetI
 211              		.thumb
 212              		.thumb_func
 213              		.type	chVTDoSetI, %function
 214              	chVTDoSetI:
 215              	.LFB249:
 216              		.loc 4 96 0
 217              		.cfi_startproc
 218              		@ args = 0, pretend = 0, frame = 32
 219              		@ frame_needed = 0, uses_anonymous_args = 0
 220 00b0 00B5     		push	{lr}
 221              		.cfi_def_cfa_offset 4
ARM GAS  /tmp/ccGRKfhP.s 			page 5


 222              		.cfi_offset 14, -4
 223 00b2 89B0     		sub	sp, sp, #36
 224              		.cfi_def_cfa_offset 40
 225 00b4 0390     		str	r0, [sp, #12]
 226 00b6 0291     		str	r1, [sp, #8]
 227 00b8 0192     		str	r2, [sp, #4]
 228 00ba 0093     		str	r3, [sp]
 229              		.loc 4 103 0
 230 00bc 039B     		ldr	r3, [sp, #12]
 231 00be 009A     		ldr	r2, [sp]
 232 00c0 1A61     		str	r2, [r3, #16]
 233              		.loc 4 104 0
 234 00c2 039B     		ldr	r3, [sp, #12]
 235 00c4 019A     		ldr	r2, [sp, #4]
 236 00c6 DA60     		str	r2, [r3, #12]
 237              	.LBB2:
 238              		.loc 4 108 0
 239 00c8 FFF7D2FF 		bl	chVTGetSystemTimeX
 240 00cc 0590     		str	r0, [sp, #20]
 241              		.loc 4 112 0
 242 00ce 029B     		ldr	r3, [sp, #8]
 243 00d0 012B     		cmp	r3, #1
 244 00d2 01D8     		bhi	.L14
 245              		.loc 4 113 0
 246 00d4 0223     		movs	r3, #2
 247 00d6 0293     		str	r3, [sp, #8]
 248              	.L14:
 249              		.loc 4 117 0
 250 00d8 384B     		ldr	r3, .L21
 251 00da DB69     		ldr	r3, [r3, #28]
 252 00dc 384A     		ldr	r2, .L21+4
 253 00de 9342     		cmp	r3, r2
 254 00e0 19D1     		bne	.L15
 255              		.loc 4 121 0
 256 00e2 364A     		ldr	r2, .L21
 257 00e4 059B     		ldr	r3, [sp, #20]
 258 00e6 9362     		str	r3, [r2, #40]
 259              		.loc 4 122 0
 260 00e8 344A     		ldr	r2, .L21
 261 00ea 039B     		ldr	r3, [sp, #12]
 262 00ec D361     		str	r3, [r2, #28]
 263              		.loc 4 123 0
 264 00ee 334A     		ldr	r2, .L21
 265 00f0 039B     		ldr	r3, [sp, #12]
 266 00f2 1362     		str	r3, [r2, #32]
 267              		.loc 4 124 0
 268 00f4 039B     		ldr	r3, [sp, #12]
 269 00f6 324A     		ldr	r2, .L21+4
 270 00f8 1A60     		str	r2, [r3]
 271              		.loc 4 125 0
 272 00fa 039B     		ldr	r3, [sp, #12]
 273 00fc 304A     		ldr	r2, .L21+4
 274 00fe 5A60     		str	r2, [r3, #4]
 275              		.loc 4 126 0
 276 0100 039B     		ldr	r3, [sp, #12]
 277 0102 029A     		ldr	r2, [sp, #8]
 278 0104 9A60     		str	r2, [r3, #8]
ARM GAS  /tmp/ccGRKfhP.s 			page 6


 279              		.loc 4 129 0
 280 0106 2D4B     		ldr	r3, .L21
 281 0108 9A6A     		ldr	r2, [r3, #40]
 282 010a 029B     		ldr	r3, [sp, #8]
 283 010c 1344     		add	r3, r3, r2
 284 010e 1846     		mov	r0, r3
 285 0110 FFF77EFF 		bl	port_timer_start_alarm
 286              		.loc 4 131 0
 287 0114 4FE0     		b	.L13
 288              	.L15:
 289              		.loc 4 135 0
 290 0116 294B     		ldr	r3, .L21
 291 0118 DB69     		ldr	r3, [r3, #28]
 292 011a 0793     		str	r3, [sp, #28]
 293              		.loc 4 139 0
 294 011c 274B     		ldr	r3, .L21
 295 011e 9B6A     		ldr	r3, [r3, #40]
 296 0120 059A     		ldr	r2, [sp, #20]
 297 0122 D21A     		subs	r2, r2, r3
 298 0124 029B     		ldr	r3, [sp, #8]
 299 0126 1344     		add	r3, r3, r2
 300 0128 0693     		str	r3, [sp, #24]
 301              		.loc 4 141 0
 302 012a 244B     		ldr	r3, .L21
 303 012c 9B6A     		ldr	r3, [r3, #40]
 304 012e 059A     		ldr	r2, [sp, #20]
 305 0130 D21A     		subs	r2, r2, r3
 306 0132 069B     		ldr	r3, [sp, #24]
 307 0134 9A42     		cmp	r2, r3
 308 0136 08D9     		bls	.L17
 309              		.loc 4 145 0
 310 0138 079B     		ldr	r3, [sp, #28]
 311 013a 9B68     		ldr	r3, [r3, #8]
 312 013c 069A     		ldr	r2, [sp, #24]
 313 013e D31A     		subs	r3, r2, r3
 314 0140 0693     		str	r3, [sp, #24]
 315              		.loc 4 146 0
 316 0142 079B     		ldr	r3, [sp, #28]
 317 0144 1B68     		ldr	r3, [r3]
 318 0146 0793     		str	r3, [sp, #28]
 319 0148 0BE0     		b	.L18
 320              	.L17:
 321              		.loc 4 148 0
 322 014a 079B     		ldr	r3, [sp, #28]
 323 014c 9A68     		ldr	r2, [r3, #8]
 324 014e 069B     		ldr	r3, [sp, #24]
 325 0150 9A42     		cmp	r2, r3
 326 0152 06D9     		bls	.L18
 327              		.loc 4 151 0
 328 0154 194B     		ldr	r3, .L21
 329 0156 9A6A     		ldr	r2, [r3, #40]
 330 0158 069B     		ldr	r3, [sp, #24]
 331 015a 1344     		add	r3, r3, r2
 332 015c 1846     		mov	r0, r3
 333 015e FFF76FFF 		bl	port_timer_set_alarm
 334              	.L18:
 335              	.LBE2:
ARM GAS  /tmp/ccGRKfhP.s 			page 7


 336              		.loc 4 164 0
 337 0162 07E0     		b	.L19
 338              	.L20:
 339              		.loc 4 168 0
 340 0164 079B     		ldr	r3, [sp, #28]
 341 0166 9B68     		ldr	r3, [r3, #8]
 342 0168 069A     		ldr	r2, [sp, #24]
 343 016a D31A     		subs	r3, r2, r3
 344 016c 0693     		str	r3, [sp, #24]
 345              		.loc 4 169 0
 346 016e 079B     		ldr	r3, [sp, #28]
 347 0170 1B68     		ldr	r3, [r3]
 348 0172 0793     		str	r3, [sp, #28]
 349              	.L19:
 350              		.loc 4 164 0
 351 0174 079B     		ldr	r3, [sp, #28]
 352 0176 9A68     		ldr	r2, [r3, #8]
 353 0178 069B     		ldr	r3, [sp, #24]
 354 017a 9A42     		cmp	r2, r3
 355 017c F2D3     		bcc	.L20
 356              		.loc 4 173 0
 357 017e 039B     		ldr	r3, [sp, #12]
 358 0180 079A     		ldr	r2, [sp, #28]
 359 0182 1A60     		str	r2, [r3]
 360              		.loc 4 174 0
 361 0184 039B     		ldr	r3, [sp, #12]
 362 0186 1B68     		ldr	r3, [r3]
 363 0188 5A68     		ldr	r2, [r3, #4]
 364 018a 039B     		ldr	r3, [sp, #12]
 365 018c 5A60     		str	r2, [r3, #4]
 366              		.loc 4 175 0
 367 018e 039B     		ldr	r3, [sp, #12]
 368 0190 5B68     		ldr	r3, [r3, #4]
 369 0192 039A     		ldr	r2, [sp, #12]
 370 0194 1A60     		str	r2, [r3]
 371              		.loc 4 176 0
 372 0196 079B     		ldr	r3, [sp, #28]
 373 0198 039A     		ldr	r2, [sp, #12]
 374 019a 5A60     		str	r2, [r3, #4]
 375              		.loc 4 177 0
 376 019c 039B     		ldr	r3, [sp, #12]
 377 019e 069A     		ldr	r2, [sp, #24]
 378 01a0 9A60     		str	r2, [r3, #8]
 379              		.loc 4 180 0
 380 01a2 079B     		ldr	r3, [sp, #28]
 381 01a4 9A68     		ldr	r2, [r3, #8]
 382 01a6 069B     		ldr	r3, [sp, #24]
 383 01a8 D21A     		subs	r2, r2, r3
 384 01aa 079B     		ldr	r3, [sp, #28]
 385 01ac 9A60     		str	r2, [r3, #8]
 386              		.loc 4 184 0
 387 01ae 034B     		ldr	r3, .L21
 388 01b0 4FF0FF32 		mov	r2, #-1
 389 01b4 5A62     		str	r2, [r3, #36]
 390              	.L13:
 391              		.loc 4 185 0
 392 01b6 09B0     		add	sp, sp, #36
ARM GAS  /tmp/ccGRKfhP.s 			page 8


 393              		.cfi_def_cfa_offset 4
 394              		@ sp needed
 395 01b8 5DF804FB 		ldr	pc, [sp], #4
 396              	.L22:
 397              		.align	2
 398              	.L21:
 399 01bc 00000000 		.word	ch
 400 01c0 1C000000 		.word	ch+28
 401              		.cfi_endproc
 402              	.LFE249:
 403              		.size	chVTDoSetI, .-chVTDoSetI
 404              		.align	2
 405 01c4 AFF30080 		.p2align 4,,15
 405      AFF30080 
 405      AFF30080 
 406              		.global	chVTDoResetI
 407              		.thumb
 408              		.thumb_func
 409              		.type	chVTDoResetI, %function
 410              	chVTDoResetI:
 411              	.LFB250:
 412              		.loc 4 195 0
 413              		.cfi_startproc
 414              		@ args = 0, pretend = 0, frame = 16
 415              		@ frame_needed = 0, uses_anonymous_args = 0
 416 01d0 00B5     		push	{lr}
 417              		.cfi_def_cfa_offset 4
 418              		.cfi_offset 14, -4
 419 01d2 85B0     		sub	sp, sp, #20
 420              		.cfi_def_cfa_offset 24
 421 01d4 0190     		str	r0, [sp, #4]
 422              		.loc 4 219 0
 423 01d6 314B     		ldr	r3, .L30
 424 01d8 DA69     		ldr	r2, [r3, #28]
 425 01da 019B     		ldr	r3, [sp, #4]
 426 01dc 9A42     		cmp	r2, r3
 427 01de 1CD0     		beq	.L24
 428              		.loc 4 221 0
 429 01e0 019B     		ldr	r3, [sp, #4]
 430 01e2 5B68     		ldr	r3, [r3, #4]
 431 01e4 019A     		ldr	r2, [sp, #4]
 432 01e6 1268     		ldr	r2, [r2]
 433 01e8 1A60     		str	r2, [r3]
 434              		.loc 4 222 0
 435 01ea 019B     		ldr	r3, [sp, #4]
 436 01ec 1B68     		ldr	r3, [r3]
 437 01ee 019A     		ldr	r2, [sp, #4]
 438 01f0 5268     		ldr	r2, [r2, #4]
 439 01f2 5A60     		str	r2, [r3, #4]
 440              		.loc 4 223 0
 441 01f4 019B     		ldr	r3, [sp, #4]
 442 01f6 0022     		movs	r2, #0
 443 01f8 DA60     		str	r2, [r3, #12]
 444              		.loc 4 226 0
 445 01fa 019B     		ldr	r3, [sp, #4]
 446 01fc 1B68     		ldr	r3, [r3]
 447 01fe 284A     		ldr	r2, .L30+4
ARM GAS  /tmp/ccGRKfhP.s 			page 9


 448 0200 9342     		cmp	r3, r2
 449 0202 09D0     		beq	.L25
 450              		.loc 4 227 0
 451 0204 019B     		ldr	r3, [sp, #4]
 452 0206 1B68     		ldr	r3, [r3]
 453 0208 019A     		ldr	r2, [sp, #4]
 454 020a 1268     		ldr	r2, [r2]
 455 020c 9168     		ldr	r1, [r2, #8]
 456 020e 019A     		ldr	r2, [sp, #4]
 457 0210 9268     		ldr	r2, [r2, #8]
 458 0212 0A44     		add	r2, r2, r1
 459 0214 9A60     		str	r2, [r3, #8]
 460              		.loc 4 229 0
 461 0216 3EE0     		b	.L23
 462              	.L25:
 463 0218 3DE0     		b	.L23
 464              	.L24:
 465              		.loc 4 233 0
 466 021a 019B     		ldr	r3, [sp, #4]
 467 021c 1B68     		ldr	r3, [r3]
 468 021e 1F4A     		ldr	r2, .L30
 469 0220 D361     		str	r3, [r2, #28]
 470              		.loc 4 234 0
 471 0222 1E4B     		ldr	r3, .L30
 472 0224 DB69     		ldr	r3, [r3, #28]
 473 0226 1E4A     		ldr	r2, .L30+4
 474 0228 5A60     		str	r2, [r3, #4]
 475              		.loc 4 235 0
 476 022a 019B     		ldr	r3, [sp, #4]
 477 022c 0022     		movs	r2, #0
 478 022e DA60     		str	r2, [r3, #12]
 479              		.loc 4 238 0
 480 0230 1A4B     		ldr	r3, .L30
 481 0232 DB69     		ldr	r3, [r3, #28]
 482 0234 1A4A     		ldr	r2, .L30+4
 483 0236 9342     		cmp	r3, r2
 484 0238 02D1     		bne	.L27
 485              		.loc 4 239 0
 486 023a FFF7F9FE 		bl	port_timer_stop_alarm
 487              		.loc 4 241 0
 488 023e 2AE0     		b	.L23
 489              	.L27:
 490              		.loc 4 245 0
 491 0240 164B     		ldr	r3, .L30
 492 0242 DB69     		ldr	r3, [r3, #28]
 493 0244 154A     		ldr	r2, .L30
 494 0246 D269     		ldr	r2, [r2, #28]
 495 0248 9168     		ldr	r1, [r2, #8]
 496 024a 019A     		ldr	r2, [sp, #4]
 497 024c 9268     		ldr	r2, [r2, #8]
 498 024e 0A44     		add	r2, r2, r1
 499 0250 9A60     		str	r2, [r3, #8]
 500              		.loc 4 254 0
 501 0252 FFF70DFF 		bl	chVTGetSystemTimeX
 502 0256 0246     		mov	r2, r0
 503 0258 104B     		ldr	r3, .L30
 504 025a 9B6A     		ldr	r3, [r3, #40]
ARM GAS  /tmp/ccGRKfhP.s 			page 10


 505 025c D31A     		subs	r3, r2, r3
 506 025e 0293     		str	r3, [sp, #8]
 507              		.loc 4 258 0
 508 0260 0E4B     		ldr	r3, .L30
 509 0262 DB69     		ldr	r3, [r3, #28]
 510 0264 9A68     		ldr	r2, [r3, #8]
 511 0266 029B     		ldr	r3, [sp, #8]
 512 0268 9A42     		cmp	r2, r3
 513 026a 00D8     		bhi	.L28
 514              		.loc 4 259 0 discriminator 2
 515 026c 13E0     		b	.L23
 516              	.L28:
 517              		.loc 4 263 0
 518 026e 0B4B     		ldr	r3, .L30
 519 0270 DB69     		ldr	r3, [r3, #28]
 520 0272 9A68     		ldr	r2, [r3, #8]
 521 0274 029B     		ldr	r3, [sp, #8]
 522 0276 D31A     		subs	r3, r2, r3
 523 0278 0393     		str	r3, [sp, #12]
 524              		.loc 4 267 0
 525 027a 039B     		ldr	r3, [sp, #12]
 526 027c 012B     		cmp	r3, #1
 527 027e 01D8     		bhi	.L29
 528              		.loc 4 268 0
 529 0280 0223     		movs	r3, #2
 530 0282 0393     		str	r3, [sp, #12]
 531              	.L29:
 532              		.loc 4 271 0
 533 0284 054B     		ldr	r3, .L30
 534 0286 9A6A     		ldr	r2, [r3, #40]
 535 0288 029B     		ldr	r3, [sp, #8]
 536 028a 1A44     		add	r2, r2, r3
 537 028c 039B     		ldr	r3, [sp, #12]
 538 028e 1344     		add	r3, r3, r2
 539 0290 1846     		mov	r0, r3
 540 0292 FFF7D5FE 		bl	port_timer_set_alarm
 541              	.L23:
 542              		.loc 4 273 0
 543 0296 05B0     		add	sp, sp, #20
 544              		.cfi_def_cfa_offset 4
 545              		@ sp needed
 546 0298 5DF804FB 		ldr	pc, [sp], #4
 547              	.L31:
 548              		.align	2
 549              	.L30:
 550 029c 00000000 		.word	ch
 551 02a0 1C000000 		.word	ch+28
 552              		.cfi_endproc
 553              	.LFE250:
 554              		.size	chVTDoResetI, .-chVTDoResetI
 555              	.Letext0:
 556              		.file 5 "/usr/include/newlib/machine/_default_types.h"
 557              		.file 6 "/usr/include/newlib/sys/_stdint.h"
 558              		.file 7 "../../../os/common/ports/ARMCMx/compilers/GCC/chtypes.h"
 559              		.file 8 "../../../os/rt/include/chsystypes.h"
 560              		.file 9 "../../../os/rt/include/chschd.h"
 561              		.file 10 "../../../os/common/ports/ARMCMx/chcore.h"
ARM GAS  /tmp/ccGRKfhP.s 			page 11


 562              		.file 11 "../../../os/common/ports/ARMCMx/chcore_v7m.h"
 563              		.file 12 "../../../os/hal/ports/STM32/LLD/TIMv1/stm32_tim.h"
 564              		.file 13 "../../../os/rt/include/chtm.h"
 565              		.file 14 "../../../os/rt/include/chsem.h"
 566              		.file 15 "../../../os/rt/include/chmtx.h"
 567              		.file 16 "../../../os/common/ext/CMSIS/include/core_cm4.h"
 568              		.section	.debug_info,"",%progbits
 569              	.Ldebug_info0:
 570 0000 02090000 		.4byte	0x902
 571 0004 0400     		.2byte	0x4
 572 0006 00000000 		.4byte	.Ldebug_abbrev0
 573 000a 04       		.byte	0x4
 574 000b 01       		.uleb128 0x1
 575 000c EF030000 		.4byte	.LASF113
 576 0010 01       		.byte	0x1
 577 0011 0B050000 		.4byte	.LASF114
 578 0015 BB010000 		.4byte	.LASF115
 579 0019 00000000 		.4byte	.Ltext0
 580 001d A4020000 		.4byte	.Letext0-.Ltext0
 581 0021 00000000 		.4byte	.Ldebug_line0
 582 0025 02       		.uleb128 0x2
 583 0026 04       		.byte	0x4
 584 0027 05       		.byte	0x5
 585 0028 696E7400 		.ascii	"int\000"
 586 002c 03       		.uleb128 0x3
 587 002d 04       		.byte	0x4
 588 002e 07       		.byte	0x7
 589 002f 7D040000 		.4byte	.LASF0
 590 0033 03       		.uleb128 0x3
 591 0034 01       		.byte	0x1
 592 0035 06       		.byte	0x6
 593 0036 03010000 		.4byte	.LASF1
 594 003a 04       		.uleb128 0x4
 595 003b 3F000000 		.4byte	.LASF5
 596 003f 05       		.byte	0x5
 597 0040 1D       		.byte	0x1d
 598 0041 45000000 		.4byte	0x45
 599 0045 03       		.uleb128 0x3
 600 0046 01       		.byte	0x1
 601 0047 08       		.byte	0x8
 602 0048 3C030000 		.4byte	.LASF2
 603 004c 03       		.uleb128 0x3
 604 004d 02       		.byte	0x2
 605 004e 05       		.byte	0x5
 606 004f 50030000 		.4byte	.LASF3
 607 0053 03       		.uleb128 0x3
 608 0054 02       		.byte	0x2
 609 0055 07       		.byte	0x7
 610 0056 BC040000 		.4byte	.LASF4
 611 005a 04       		.uleb128 0x4
 612 005b 67020000 		.4byte	.LASF6
 613 005f 05       		.byte	0x5
 614 0060 3F       		.byte	0x3f
 615 0061 65000000 		.4byte	0x65
 616 0065 03       		.uleb128 0x3
 617 0066 04       		.byte	0x4
 618 0067 05       		.byte	0x5
ARM GAS  /tmp/ccGRKfhP.s 			page 12


 619 0068 25010000 		.4byte	.LASF7
 620 006c 04       		.uleb128 0x4
 621 006d 5C010000 		.4byte	.LASF8
 622 0071 05       		.byte	0x5
 623 0072 41       		.byte	0x41
 624 0073 77000000 		.4byte	0x77
 625 0077 03       		.uleb128 0x3
 626 0078 04       		.byte	0x4
 627 0079 07       		.byte	0x7
 628 007a A9010000 		.4byte	.LASF9
 629 007e 03       		.uleb128 0x3
 630 007f 08       		.byte	0x8
 631 0080 05       		.byte	0x5
 632 0081 41010000 		.4byte	.LASF10
 633 0085 04       		.uleb128 0x4
 634 0086 EE020000 		.4byte	.LASF11
 635 008a 05       		.byte	0x5
 636 008b 5B       		.byte	0x5b
 637 008c 90000000 		.4byte	0x90
 638 0090 03       		.uleb128 0x3
 639 0091 08       		.byte	0x8
 640 0092 07       		.byte	0x7
 641 0093 75000000 		.4byte	.LASF12
 642 0097 04       		.uleb128 0x4
 643 0098 2B050000 		.4byte	.LASF13
 644 009c 06       		.byte	0x6
 645 009d 14       		.byte	0x14
 646 009e 3A000000 		.4byte	0x3a
 647 00a2 04       		.uleb128 0x4
 648 00a3 34030000 		.4byte	.LASF14
 649 00a7 06       		.byte	0x6
 650 00a8 1F       		.byte	0x1f
 651 00a9 5A000000 		.4byte	0x5a
 652 00ad 04       		.uleb128 0x4
 653 00ae C9030000 		.4byte	.LASF15
 654 00b2 06       		.byte	0x6
 655 00b3 20       		.byte	0x20
 656 00b4 6C000000 		.4byte	0x6c
 657 00b8 04       		.uleb128 0x4
 658 00b9 2A000000 		.4byte	.LASF16
 659 00bd 06       		.byte	0x6
 660 00be 26       		.byte	0x26
 661 00bf 85000000 		.4byte	0x85
 662 00c3 04       		.uleb128 0x4
 663 00c4 E3040000 		.4byte	.LASF17
 664 00c8 07       		.byte	0x7
 665 00c9 39       		.byte	0x39
 666 00ca AD000000 		.4byte	0xad
 667 00ce 04       		.uleb128 0x4
 668 00cf 64050000 		.4byte	.LASF18
 669 00d3 07       		.byte	0x7
 670 00d4 3C       		.byte	0x3c
 671 00d5 97000000 		.4byte	0x97
 672 00d9 04       		.uleb128 0x4
 673 00da 2E010000 		.4byte	.LASF19
 674 00de 07       		.byte	0x7
 675 00df 3D       		.byte	0x3d
ARM GAS  /tmp/ccGRKfhP.s 			page 13


 676 00e0 97000000 		.4byte	0x97
 677 00e4 04       		.uleb128 0x4
 678 00e5 F9020000 		.4byte	.LASF20
 679 00e9 07       		.byte	0x7
 680 00ea 3E       		.byte	0x3e
 681 00eb 97000000 		.4byte	0x97
 682 00ef 04       		.uleb128 0x4
 683 00f0 16030000 		.4byte	.LASF21
 684 00f4 07       		.byte	0x7
 685 00f5 40       		.byte	0x40
 686 00f6 AD000000 		.4byte	0xad
 687 00fa 04       		.uleb128 0x4
 688 00fb 49000000 		.4byte	.LASF22
 689 00ff 07       		.byte	0x7
 690 0100 41       		.byte	0x41
 691 0101 A2000000 		.4byte	0xa2
 692 0105 04       		.uleb128 0x4
 693 0106 33000000 		.4byte	.LASF23
 694 010a 07       		.byte	0x7
 695 010b 43       		.byte	0x43
 696 010c AD000000 		.4byte	0xad
 697 0110 04       		.uleb128 0x4
 698 0111 80010000 		.4byte	.LASF24
 699 0115 07       		.byte	0x7
 700 0116 45       		.byte	0x45
 701 0117 A2000000 		.4byte	0xa2
 702 011b 04       		.uleb128 0x4
 703 011c 98040000 		.4byte	.LASF25
 704 0120 08       		.byte	0x8
 705 0121 33       		.byte	0x33
 706 0122 AD000000 		.4byte	0xad
 707 0126 04       		.uleb128 0x4
 708 0127 8F040000 		.4byte	.LASF26
 709 012b 08       		.byte	0x8
 710 012c 3F       		.byte	0x3f
 711 012d 31010000 		.4byte	0x131
 712 0131 05       		.uleb128 0x5
 713 0132 0C020000 		.4byte	.LASF44
 714 0136 44       		.byte	0x44
 715 0137 09       		.byte	0x9
 716 0138 9A       		.byte	0x9a
 717 0139 0F020000 		.4byte	0x20f
 718 013d 06       		.uleb128 0x6
 719 013e 4F010000 		.4byte	.LASF27
 720 0142 09       		.byte	0x9
 721 0143 9B       		.byte	0x9b
 722 0144 44020000 		.4byte	0x244
 723 0148 00       		.byte	0
 724 0149 06       		.uleb128 0x6
 725 014a E1020000 		.4byte	.LASF28
 726 014e 09       		.byte	0x9
 727 014f 9C       		.byte	0x9c
 728 0150 EF000000 		.4byte	0xef
 729 0154 08       		.byte	0x8
 730 0155 07       		.uleb128 0x7
 731 0156 63747800 		.ascii	"ctx\000"
 732 015a 09       		.byte	0x9
ARM GAS  /tmp/ccGRKfhP.s 			page 14


 733 015b 9D       		.byte	0x9d
 734 015c 61040000 		.4byte	0x461
 735 0160 0C       		.byte	0xc
 736 0161 06       		.uleb128 0x6
 737 0162 7C020000 		.4byte	.LASF29
 738 0166 09       		.byte	0x9
 739 0167 9F       		.byte	0x9f
 740 0168 1A020000 		.4byte	0x21a
 741 016c 10       		.byte	0x10
 742 016d 06       		.uleb128 0x6
 743 016e 77040000 		.4byte	.LASF30
 744 0172 09       		.byte	0x9
 745 0173 A0       		.byte	0xa0
 746 0174 1A020000 		.4byte	0x21a
 747 0178 14       		.byte	0x14
 748 0179 06       		.uleb128 0x6
 749 017a FC010000 		.4byte	.LASF31
 750 017e 09       		.byte	0x9
 751 017f A7       		.byte	0xa7
 752 0180 08070000 		.4byte	0x708
 753 0184 18       		.byte	0x18
 754 0185 06       		.uleb128 0x6
 755 0186 55010000 		.4byte	.LASF32
 756 018a 09       		.byte	0x9
 757 018b B0       		.byte	0xb0
 758 018c 1A070000 		.4byte	0x71a
 759 0190 1C       		.byte	0x1c
 760 0191 06       		.uleb128 0x6
 761 0192 1F010000 		.4byte	.LASF33
 762 0196 09       		.byte	0x9
 763 0197 B5       		.byte	0xb5
 764 0198 D9000000 		.4byte	0xd9
 765 019c 20       		.byte	0x20
 766 019d 06       		.uleb128 0x6
 767 019e 33050000 		.4byte	.LASF34
 768 01a2 09       		.byte	0x9
 769 01a3 B9       		.byte	0xb9
 770 01a4 CE000000 		.4byte	0xce
 771 01a8 21       		.byte	0x21
 772 01a9 06       		.uleb128 0x6
 773 01aa 01030000 		.4byte	.LASF35
 774 01ae 09       		.byte	0x9
 775 01af BE       		.byte	0xbe
 776 01b0 E4000000 		.4byte	0xe4
 777 01b4 22       		.byte	0x22
 778 01b5 08       		.uleb128 0x8
 779 01b6 7500     		.ascii	"u\000"
 780 01b8 09       		.byte	0x9
 781 01b9 0F01     		.2byte	0x10f
 782 01bb 3D060000 		.4byte	0x63d
 783 01bf 24       		.byte	0x24
 784 01c0 09       		.uleb128 0x9
 785 01c1 70010000 		.4byte	.LASF36
 786 01c5 09       		.byte	0x9
 787 01c6 1401     		.2byte	0x114
 788 01c8 20020000 		.4byte	0x220
 789 01cc 28       		.byte	0x28
ARM GAS  /tmp/ccGRKfhP.s 			page 15


 790 01cd 09       		.uleb128 0x9
 791 01ce 16010000 		.4byte	.LASF37
 792 01d2 09       		.byte	0x9
 793 01d3 1A01     		.2byte	0x11a
 794 01d5 44020000 		.4byte	0x244
 795 01d9 2C       		.byte	0x2c
 796 01da 09       		.uleb128 0x9
 797 01db 2D020000 		.4byte	.LASF38
 798 01df 09       		.byte	0x9
 799 01e0 2001     		.2byte	0x120
 800 01e2 05010000 		.4byte	0x105
 801 01e6 34       		.byte	0x34
 802 01e7 09       		.uleb128 0x9
 803 01e8 6C050000 		.4byte	.LASF39
 804 01ec 09       		.byte	0x9
 805 01ed 2701     		.2byte	0x127
 806 01ef 02070000 		.4byte	0x702
 807 01f3 38       		.byte	0x38
 808 01f4 09       		.uleb128 0x9
 809 01f5 82020000 		.4byte	.LASF40
 810 01f9 09       		.byte	0x9
 811 01fa 2B01     		.2byte	0x12b
 812 01fc EF000000 		.4byte	0xef
 813 0200 3C       		.byte	0x3c
 814 0201 09       		.uleb128 0x9
 815 0202 01020000 		.4byte	.LASF41
 816 0206 09       		.byte	0x9
 817 0207 3201     		.2byte	0x132
 818 0209 F7020000 		.4byte	0x2f7
 819 020d 40       		.byte	0x40
 820 020e 00       		.byte	0
 821 020f 04       		.uleb128 0x4
 822 0210 94020000 		.4byte	.LASF42
 823 0214 08       		.byte	0x8
 824 0215 44       		.byte	0x44
 825 0216 1A020000 		.4byte	0x21a
 826 021a 0A       		.uleb128 0xa
 827 021b 04       		.byte	0x4
 828 021c 26010000 		.4byte	0x126
 829 0220 04       		.uleb128 0x4
 830 0221 55050000 		.4byte	.LASF43
 831 0225 08       		.byte	0x8
 832 0226 49       		.byte	0x49
 833 0227 2B020000 		.4byte	0x22b
 834 022b 05       		.uleb128 0x5
 835 022c D9030000 		.4byte	.LASF45
 836 0230 04       		.byte	0x4
 837 0231 09       		.byte	0x9
 838 0232 88       		.byte	0x88
 839 0233 44020000 		.4byte	0x244
 840 0237 06       		.uleb128 0x6
 841 0238 18000000 		.4byte	.LASF46
 842 023c 09       		.byte	0x9
 843 023d 89       		.byte	0x89
 844 023e 1A020000 		.4byte	0x21a
 845 0242 00       		.byte	0
 846 0243 00       		.byte	0
ARM GAS  /tmp/ccGRKfhP.s 			page 16


 847 0244 04       		.uleb128 0x4
 848 0245 F2040000 		.4byte	.LASF47
 849 0249 08       		.byte	0x8
 850 024a 50       		.byte	0x50
 851 024b 4F020000 		.4byte	0x24f
 852 024f 05       		.uleb128 0x5
 853 0250 DD000000 		.4byte	.LASF48
 854 0254 08       		.byte	0x8
 855 0255 09       		.byte	0x9
 856 0256 8F       		.byte	0x8f
 857 0257 74020000 		.4byte	0x274
 858 025b 06       		.uleb128 0x6
 859 025c 18000000 		.4byte	.LASF46
 860 0260 09       		.byte	0x9
 861 0261 90       		.byte	0x90
 862 0262 1A020000 		.4byte	0x21a
 863 0266 00       		.byte	0
 864 0267 06       		.uleb128 0x6
 865 0268 4F000000 		.4byte	.LASF49
 866 026c 09       		.byte	0x9
 867 026d 91       		.byte	0x91
 868 026e 1A020000 		.4byte	0x21a
 869 0272 04       		.byte	0x4
 870 0273 00       		.byte	0
 871 0274 04       		.uleb128 0x4
 872 0275 00000000 		.4byte	.LASF50
 873 0279 08       		.byte	0x8
 874 027a 57       		.byte	0x57
 875 027b 7F020000 		.4byte	0x27f
 876 027f 0B       		.uleb128 0xb
 877 0280 4E020000 		.4byte	.LASF51
 878 0284 1C       		.byte	0x1c
 879 0285 09       		.byte	0x9
 880 0286 6A01     		.2byte	0x16a
 881 0288 DB020000 		.4byte	0x2db
 882 028c 09       		.uleb128 0x9
 883 028d 4F010000 		.4byte	.LASF27
 884 0291 09       		.byte	0x9
 885 0292 6B01     		.2byte	0x16b
 886 0294 44020000 		.4byte	0x244
 887 0298 00       		.byte	0
 888 0299 09       		.uleb128 0x9
 889 029a E1020000 		.4byte	.LASF28
 890 029e 09       		.byte	0x9
 891 029f 6C01     		.2byte	0x16c
 892 02a1 EF000000 		.4byte	0xef
 893 02a5 08       		.byte	0x8
 894 02a6 08       		.uleb128 0x8
 895 02a7 63747800 		.ascii	"ctx\000"
 896 02ab 09       		.byte	0x9
 897 02ac 6E01     		.2byte	0x16e
 898 02ae 61040000 		.4byte	0x461
 899 02b2 0C       		.byte	0xc
 900 02b3 09       		.uleb128 0x9
 901 02b4 7C020000 		.4byte	.LASF29
 902 02b8 09       		.byte	0x9
 903 02b9 7101     		.2byte	0x171
ARM GAS  /tmp/ccGRKfhP.s 			page 17


 904 02bb 1A020000 		.4byte	0x21a
 905 02bf 10       		.byte	0x10
 906 02c0 09       		.uleb128 0x9
 907 02c1 77040000 		.4byte	.LASF30
 908 02c5 09       		.byte	0x9
 909 02c6 7201     		.2byte	0x172
 910 02c8 1A020000 		.4byte	0x21a
 911 02cc 14       		.byte	0x14
 912 02cd 09       		.uleb128 0x9
 913 02ce E6020000 		.4byte	.LASF52
 914 02d2 09       		.byte	0x9
 915 02d3 7501     		.2byte	0x175
 916 02d5 1A020000 		.4byte	0x21a
 917 02d9 18       		.byte	0x18
 918 02da 00       		.byte	0
 919 02db 04       		.uleb128 0x4
 920 02dc A2040000 		.4byte	.LASF53
 921 02e0 08       		.byte	0x8
 922 02e1 5C       		.byte	0x5c
 923 02e2 E6020000 		.4byte	0x2e6
 924 02e6 0A       		.uleb128 0xa
 925 02e7 04       		.byte	0x4
 926 02e8 EC020000 		.4byte	0x2ec
 927 02ec 0C       		.uleb128 0xc
 928 02ed F7020000 		.4byte	0x2f7
 929 02f1 0D       		.uleb128 0xd
 930 02f2 F7020000 		.4byte	0x2f7
 931 02f6 00       		.byte	0
 932 02f7 0E       		.uleb128 0xe
 933 02f8 04       		.byte	0x4
 934 02f9 04       		.uleb128 0x4
 935 02fa 06030000 		.4byte	.LASF54
 936 02fe 08       		.byte	0x8
 937 02ff 61       		.byte	0x61
 938 0300 04030000 		.4byte	0x304
 939 0304 0B       		.uleb128 0xb
 940 0305 93030000 		.4byte	.LASF55
 941 0309 14       		.byte	0x14
 942 030a 09       		.byte	0x9
 943 030b 4501     		.2byte	0x145
 944 030d 53030000 		.4byte	0x353
 945 0311 09       		.uleb128 0x9
 946 0312 18000000 		.4byte	.LASF46
 947 0316 09       		.byte	0x9
 948 0317 4601     		.2byte	0x146
 949 0319 20070000 		.4byte	0x720
 950 031d 00       		.byte	0
 951 031e 09       		.uleb128 0x9
 952 031f 4F000000 		.4byte	.LASF49
 953 0323 09       		.byte	0x9
 954 0324 4701     		.2byte	0x147
 955 0326 20070000 		.4byte	0x720
 956 032a 04       		.byte	0x4
 957 032b 09       		.uleb128 0x9
 958 032c 1D000000 		.4byte	.LASF56
 959 0330 09       		.byte	0x9
 960 0331 4801     		.2byte	0x148
ARM GAS  /tmp/ccGRKfhP.s 			page 18


 961 0333 1B010000 		.4byte	0x11b
 962 0337 08       		.byte	0x8
 963 0338 09       		.uleb128 0x9
 964 0339 37010000 		.4byte	.LASF57
 965 033d 09       		.byte	0x9
 966 033e 4901     		.2byte	0x149
 967 0340 DB020000 		.4byte	0x2db
 968 0344 0C       		.byte	0xc
 969 0345 08       		.uleb128 0x8
 970 0346 70617200 		.ascii	"par\000"
 971 034a 09       		.byte	0x9
 972 034b 4B01     		.2byte	0x14b
 973 034d F7020000 		.4byte	0x2f7
 974 0351 10       		.byte	0x10
 975 0352 00       		.byte	0
 976 0353 04       		.uleb128 0x4
 977 0354 B5000000 		.4byte	.LASF58
 978 0358 08       		.byte	0x8
 979 0359 66       		.byte	0x66
 980 035a 5E030000 		.4byte	0x35e
 981 035e 0B       		.uleb128 0xb
 982 035f A7020000 		.4byte	.LASF59
 983 0363 10       		.byte	0x10
 984 0364 09       		.byte	0x9
 985 0365 5501     		.2byte	0x155
 986 0367 A0030000 		.4byte	0x3a0
 987 036b 09       		.uleb128 0x9
 988 036c 18000000 		.4byte	.LASF46
 989 0370 09       		.byte	0x9
 990 0371 5601     		.2byte	0x156
 991 0373 20070000 		.4byte	0x720
 992 0377 00       		.byte	0
 993 0378 09       		.uleb128 0x9
 994 0379 4F000000 		.4byte	.LASF49
 995 037d 09       		.byte	0x9
 996 037e 5801     		.2byte	0x158
 997 0380 20070000 		.4byte	0x720
 998 0384 04       		.byte	0x4
 999 0385 09       		.uleb128 0x9
 1000 0386 1D000000 		.4byte	.LASF56
 1001 038a 09       		.byte	0x9
 1002 038b 5A01     		.2byte	0x15a
 1003 038d 1B010000 		.4byte	0x11b
 1004 0391 08       		.byte	0x8
 1005 0392 09       		.uleb128 0x9
 1006 0393 5A030000 		.4byte	.LASF60
 1007 0397 09       		.byte	0x9
 1008 0398 6201     		.2byte	0x162
 1009 039a 1B010000 		.4byte	0x11b
 1010 039e 0C       		.byte	0xc
 1011 039f 00       		.byte	0
 1012 03a0 04       		.uleb128 0x4
 1013 03a1 60000000 		.4byte	.LASF61
 1014 03a5 08       		.byte	0x8
 1015 03a6 6B       		.byte	0x6b
 1016 03a7 AB030000 		.4byte	0x3ab
 1017 03ab 0B       		.uleb128 0xb
ARM GAS  /tmp/ccGRKfhP.s 			page 19


 1018 03ac 1E030000 		.4byte	.LASF62
 1019 03b0 04       		.byte	0x4
 1020 03b1 09       		.byte	0x9
 1021 03b2 7C01     		.2byte	0x17c
 1022 03b4 C6030000 		.4byte	0x3c6
 1023 03b8 09       		.uleb128 0x9
 1024 03b9 AB040000 		.4byte	.LASF63
 1025 03bd 09       		.byte	0x9
 1026 03be 8401     		.2byte	0x184
 1027 03c0 26070000 		.4byte	0x726
 1028 03c4 00       		.byte	0
 1029 03c5 00       		.byte	0
 1030 03c6 04       		.uleb128 0x4
 1031 03c7 36020000 		.4byte	.LASF64
 1032 03cb 08       		.byte	0x8
 1033 03cc 70       		.byte	0x70
 1034 03cd D1030000 		.4byte	0x3d1
 1035 03d1 0B       		.uleb128 0xb
 1036 03d2 6A030000 		.4byte	.LASF65
 1037 03d6 78       		.byte	0x78
 1038 03d7 09       		.byte	0x9
 1039 03d8 9C01     		.2byte	0x19c
 1040 03da 1F040000 		.4byte	0x41f
 1041 03de 09       		.uleb128 0x9
 1042 03df 25050000 		.4byte	.LASF66
 1043 03e3 09       		.byte	0x9
 1044 03e4 A001     		.2byte	0x1a0
 1045 03e6 74020000 		.4byte	0x274
 1046 03ea 00       		.byte	0
 1047 03eb 09       		.uleb128 0x9
 1048 03ec 0F010000 		.4byte	.LASF67
 1049 03f0 09       		.byte	0x9
 1050 03f1 A401     		.2byte	0x1a4
 1051 03f3 53030000 		.4byte	0x353
 1052 03f7 1C       		.byte	0x1c
 1053 03f8 08       		.uleb128 0x8
 1054 03f9 64626700 		.ascii	"dbg\000"
 1055 03fd 09       		.byte	0x9
 1056 03fe A801     		.2byte	0x1a8
 1057 0400 A0030000 		.4byte	0x3a0
 1058 0404 2C       		.byte	0x2c
 1059 0405 09       		.uleb128 0x9
 1060 0406 A2000000 		.4byte	.LASF68
 1061 040a 09       		.byte	0x9
 1062 040b AC01     		.2byte	0x1ac
 1063 040d 26010000 		.4byte	0x126
 1064 0411 30       		.byte	0x30
 1065 0412 08       		.uleb128 0x8
 1066 0413 746D00   		.ascii	"tm\000"
 1067 0416 09       		.byte	0x9
 1068 0417 B101     		.2byte	0x1b1
 1069 0419 32060000 		.4byte	0x632
 1070 041d 74       		.byte	0x74
 1071 041e 00       		.byte	0
 1072 041f 03       		.uleb128 0x3
 1073 0420 04       		.byte	0x4
 1074 0421 07       		.byte	0x7
ARM GAS  /tmp/ccGRKfhP.s 			page 20


 1075 0422 8B020000 		.4byte	.LASF69
 1076 0426 0F       		.uleb128 0xf
 1077 0427 AD000000 		.4byte	0xad
 1078 042b 10       		.uleb128 0x10
 1079 042c AD000000 		.4byte	0xad
 1080 0430 3B040000 		.4byte	0x43b
 1081 0434 11       		.uleb128 0x11
 1082 0435 1F040000 		.4byte	0x41f
 1083 0439 01       		.byte	0x1
 1084 043a 00       		.byte	0
 1085 043b 10       		.uleb128 0x10
 1086 043c AD000000 		.4byte	0xad
 1087 0440 4B040000 		.4byte	0x44b
 1088 0444 11       		.uleb128 0x11
 1089 0445 1F040000 		.4byte	0x41f
 1090 0449 03       		.byte	0x3
 1091 044a 00       		.byte	0
 1092 044b 04       		.uleb128 0x4
 1093 044c 67010000 		.4byte	.LASF70
 1094 0450 0A       		.byte	0xa
 1095 0451 65       		.byte	0x65
 1096 0452 F7020000 		.4byte	0x2f7
 1097 0456 04       		.uleb128 0x4
 1098 0457 71020000 		.4byte	.LASF71
 1099 045b 0A       		.byte	0xa
 1100 045c 6D       		.byte	0x6d
 1101 045d B8000000 		.4byte	0xb8
 1102 0461 05       		.uleb128 0x5
 1103 0462 BE020000 		.4byte	.LASF72
 1104 0466 04       		.byte	0x4
 1105 0467 0A       		.byte	0xa
 1106 0468 89       		.byte	0x89
 1107 0469 79040000 		.4byte	0x479
 1108 046d 07       		.uleb128 0x7
 1109 046e 737000   		.ascii	"sp\000"
 1110 0471 0A       		.byte	0xa
 1111 0472 8A       		.byte	0x8a
 1112 0473 F5040000 		.4byte	0x4f5
 1113 0477 00       		.byte	0
 1114 0478 00       		.byte	0
 1115 0479 0B       		.uleb128 0xb
 1116 047a 54000000 		.4byte	.LASF73
 1117 047e 24       		.byte	0x24
 1118 047f 0B       		.byte	0xb
 1119 0480 5901     		.2byte	0x159
 1120 0482 F5040000 		.4byte	0x4f5
 1121 0486 08       		.uleb128 0x8
 1122 0487 723400   		.ascii	"r4\000"
 1123 048a 0B       		.byte	0xb
 1124 048b 6C01     		.2byte	0x16c
 1125 048d 4B040000 		.4byte	0x44b
 1126 0491 00       		.byte	0
 1127 0492 08       		.uleb128 0x8
 1128 0493 723500   		.ascii	"r5\000"
 1129 0496 0B       		.byte	0xb
 1130 0497 6D01     		.2byte	0x16d
 1131 0499 4B040000 		.4byte	0x44b
ARM GAS  /tmp/ccGRKfhP.s 			page 21


 1132 049d 04       		.byte	0x4
 1133 049e 08       		.uleb128 0x8
 1134 049f 723600   		.ascii	"r6\000"
 1135 04a2 0B       		.byte	0xb
 1136 04a3 6E01     		.2byte	0x16e
 1137 04a5 4B040000 		.4byte	0x44b
 1138 04a9 08       		.byte	0x8
 1139 04aa 08       		.uleb128 0x8
 1140 04ab 723700   		.ascii	"r7\000"
 1141 04ae 0B       		.byte	0xb
 1142 04af 6F01     		.2byte	0x16f
 1143 04b1 4B040000 		.4byte	0x44b
 1144 04b5 0C       		.byte	0xc
 1145 04b6 08       		.uleb128 0x8
 1146 04b7 723800   		.ascii	"r8\000"
 1147 04ba 0B       		.byte	0xb
 1148 04bb 7001     		.2byte	0x170
 1149 04bd 4B040000 		.4byte	0x44b
 1150 04c1 10       		.byte	0x10
 1151 04c2 08       		.uleb128 0x8
 1152 04c3 723900   		.ascii	"r9\000"
 1153 04c6 0B       		.byte	0xb
 1154 04c7 7101     		.2byte	0x171
 1155 04c9 4B040000 		.4byte	0x44b
 1156 04cd 14       		.byte	0x14
 1157 04ce 08       		.uleb128 0x8
 1158 04cf 72313000 		.ascii	"r10\000"
 1159 04d3 0B       		.byte	0xb
 1160 04d4 7201     		.2byte	0x172
 1161 04d6 4B040000 		.4byte	0x44b
 1162 04da 18       		.byte	0x18
 1163 04db 08       		.uleb128 0x8
 1164 04dc 72313100 		.ascii	"r11\000"
 1165 04e0 0B       		.byte	0xb
 1166 04e1 7301     		.2byte	0x173
 1167 04e3 4B040000 		.4byte	0x44b
 1168 04e7 1C       		.byte	0x1c
 1169 04e8 08       		.uleb128 0x8
 1170 04e9 6C7200   		.ascii	"lr\000"
 1171 04ec 0B       		.byte	0xb
 1172 04ed 7401     		.2byte	0x174
 1173 04ef 4B040000 		.4byte	0x44b
 1174 04f3 20       		.byte	0x20
 1175 04f4 00       		.byte	0
 1176 04f5 0A       		.uleb128 0xa
 1177 04f6 04       		.byte	0x4
 1178 04f7 79040000 		.4byte	0x479
 1179 04fb 12       		.uleb128 0x12
 1180 04fc 60       		.byte	0x60
 1181 04fd 0C       		.byte	0xc
 1182 04fe A101     		.2byte	0x1a1
 1183 0500 07060000 		.4byte	0x607
 1184 0504 08       		.uleb128 0x8
 1185 0505 43523100 		.ascii	"CR1\000"
 1186 0509 0C       		.byte	0xc
 1187 050a A201     		.2byte	0x1a2
 1188 050c 26040000 		.4byte	0x426
ARM GAS  /tmp/ccGRKfhP.s 			page 22


 1189 0510 00       		.byte	0
 1190 0511 08       		.uleb128 0x8
 1191 0512 43523200 		.ascii	"CR2\000"
 1192 0516 0C       		.byte	0xc
 1193 0517 A301     		.2byte	0x1a3
 1194 0519 26040000 		.4byte	0x426
 1195 051d 04       		.byte	0x4
 1196 051e 09       		.uleb128 0x9
 1197 051f 07020000 		.4byte	.LASF74
 1198 0523 0C       		.byte	0xc
 1199 0524 A401     		.2byte	0x1a4
 1200 0526 26040000 		.4byte	0x426
 1201 052a 08       		.byte	0x8
 1202 052b 09       		.uleb128 0x9
 1203 052c 0D000000 		.4byte	.LASF75
 1204 0530 0C       		.byte	0xc
 1205 0531 A501     		.2byte	0x1a5
 1206 0533 26040000 		.4byte	0x426
 1207 0537 0C       		.byte	0xc
 1208 0538 08       		.uleb128 0x8
 1209 0539 535200   		.ascii	"SR\000"
 1210 053c 0C       		.byte	0xc
 1211 053d A601     		.2byte	0x1a6
 1212 053f 26040000 		.4byte	0x426
 1213 0543 10       		.byte	0x10
 1214 0544 08       		.uleb128 0x8
 1215 0545 45475200 		.ascii	"EGR\000"
 1216 0549 0C       		.byte	0xc
 1217 054a A701     		.2byte	0x1a7
 1218 054c 26040000 		.4byte	0x426
 1219 0550 14       		.byte	0x14
 1220 0551 09       		.uleb128 0x9
 1221 0552 EE000000 		.4byte	.LASF76
 1222 0556 0C       		.byte	0xc
 1223 0557 A801     		.2byte	0x1a8
 1224 0559 26040000 		.4byte	0x426
 1225 055d 18       		.byte	0x18
 1226 055e 09       		.uleb128 0x9
 1227 055f 6F000000 		.4byte	.LASF77
 1228 0563 0C       		.byte	0xc
 1229 0564 A901     		.2byte	0x1a9
 1230 0566 26040000 		.4byte	0x426
 1231 056a 1C       		.byte	0x1c
 1232 056b 09       		.uleb128 0x9
 1233 056c 3C010000 		.4byte	.LASF78
 1234 0570 0C       		.byte	0xc
 1235 0571 AA01     		.2byte	0x1aa
 1236 0573 26040000 		.4byte	0x426
 1237 0577 20       		.byte	0x20
 1238 0578 08       		.uleb128 0x8
 1239 0579 434E5400 		.ascii	"CNT\000"
 1240 057d 0C       		.byte	0xc
 1241 057e AB01     		.2byte	0x1ab
 1242 0580 26040000 		.4byte	0x426
 1243 0584 24       		.byte	0x24
 1244 0585 08       		.uleb128 0x8
 1245 0586 50534300 		.ascii	"PSC\000"
ARM GAS  /tmp/ccGRKfhP.s 			page 23


 1246 058a 0C       		.byte	0xc
 1247 058b AC01     		.2byte	0x1ac
 1248 058d 26040000 		.4byte	0x426
 1249 0591 28       		.byte	0x28
 1250 0592 08       		.uleb128 0x8
 1251 0593 41525200 		.ascii	"ARR\000"
 1252 0597 0C       		.byte	0xc
 1253 0598 AD01     		.2byte	0x1ad
 1254 059a 26040000 		.4byte	0x426
 1255 059e 2C       		.byte	0x2c
 1256 059f 08       		.uleb128 0x8
 1257 05a0 52435200 		.ascii	"RCR\000"
 1258 05a4 0C       		.byte	0xc
 1259 05a5 AE01     		.2byte	0x1ae
 1260 05a7 26040000 		.4byte	0x426
 1261 05ab 30       		.byte	0x30
 1262 05ac 08       		.uleb128 0x8
 1263 05ad 43435200 		.ascii	"CCR\000"
 1264 05b1 0C       		.byte	0xc
 1265 05b2 AF01     		.2byte	0x1af
 1266 05b4 07060000 		.4byte	0x607
 1267 05b8 34       		.byte	0x34
 1268 05b9 09       		.uleb128 0x9
 1269 05ba D8000000 		.4byte	.LASF79
 1270 05be 0C       		.byte	0xc
 1271 05bf B001     		.2byte	0x1b0
 1272 05c1 26040000 		.4byte	0x426
 1273 05c5 44       		.byte	0x44
 1274 05c6 08       		.uleb128 0x8
 1275 05c7 44435200 		.ascii	"DCR\000"
 1276 05cb 0C       		.byte	0xc
 1277 05cc B101     		.2byte	0x1b1
 1278 05ce 26040000 		.4byte	0x426
 1279 05d2 48       		.byte	0x48
 1280 05d3 09       		.uleb128 0x9
 1281 05d4 8A040000 		.4byte	.LASF80
 1282 05d8 0C       		.byte	0xc
 1283 05d9 B201     		.2byte	0x1b2
 1284 05db 26040000 		.4byte	0x426
 1285 05df 4C       		.byte	0x4c
 1286 05e0 08       		.uleb128 0x8
 1287 05e1 4F5200   		.ascii	"OR\000"
 1288 05e4 0C       		.byte	0xc
 1289 05e5 B301     		.2byte	0x1b3
 1290 05e7 26040000 		.4byte	0x426
 1291 05eb 50       		.byte	0x50
 1292 05ec 09       		.uleb128 0x9
 1293 05ed FD000000 		.4byte	.LASF81
 1294 05f1 0C       		.byte	0xc
 1295 05f2 B401     		.2byte	0x1b4
 1296 05f4 26040000 		.4byte	0x426
 1297 05f8 54       		.byte	0x54
 1298 05f9 09       		.uleb128 0x9
 1299 05fa B1030000 		.4byte	.LASF82
 1300 05fe 0C       		.byte	0xc
 1301 05ff B501     		.2byte	0x1b5
 1302 0601 0C060000 		.4byte	0x60c
ARM GAS  /tmp/ccGRKfhP.s 			page 24


 1303 0605 58       		.byte	0x58
 1304 0606 00       		.byte	0
 1305 0607 0F       		.uleb128 0xf
 1306 0608 3B040000 		.4byte	0x43b
 1307 060c 0F       		.uleb128 0xf
 1308 060d 2B040000 		.4byte	0x42b
 1309 0611 13       		.uleb128 0x13
 1310 0612 42020000 		.4byte	.LASF83
 1311 0616 0C       		.byte	0xc
 1312 0617 B601     		.2byte	0x1b6
 1313 0619 FB040000 		.4byte	0x4fb
 1314 061d 14       		.uleb128 0x14
 1315 061e 04       		.byte	0x4
 1316 061f 0D       		.byte	0xd
 1317 0620 38       		.byte	0x38
 1318 0621 32060000 		.4byte	0x632
 1319 0625 06       		.uleb128 0x6
 1320 0626 B5040000 		.4byte	.LASF84
 1321 062a 0D       		.byte	0xd
 1322 062b 3C       		.byte	0x3c
 1323 062c C3000000 		.4byte	0xc3
 1324 0630 00       		.byte	0
 1325 0631 00       		.byte	0
 1326 0632 04       		.uleb128 0x4
 1327 0633 CB020000 		.4byte	.LASF85
 1328 0637 0D       		.byte	0xd
 1329 0638 3D       		.byte	0x3d
 1330 0639 1D060000 		.4byte	0x61d
 1331 063d 15       		.uleb128 0x15
 1332 063e 04       		.byte	0x4
 1333 063f 09       		.byte	0x9
 1334 0640 D2       		.byte	0xd2
 1335 0641 A0060000 		.4byte	0x6a0
 1336 0645 16       		.uleb128 0x16
 1337 0646 23000000 		.4byte	.LASF86
 1338 064a 09       		.byte	0x9
 1339 064b D9       		.byte	0xd9
 1340 064c FA000000 		.4byte	0xfa
 1341 0650 16       		.uleb128 0x16
 1342 0651 99000000 		.4byte	.LASF87
 1343 0655 09       		.byte	0x9
 1344 0656 E0       		.byte	0xe0
 1345 0657 FA000000 		.4byte	0xfa
 1346 065b 16       		.uleb128 0x16
 1347 065c 4E050000 		.4byte	.LASF88
 1348 0660 09       		.byte	0x9
 1349 0661 E7       		.byte	0xe7
 1350 0662 F7020000 		.4byte	0x2f7
 1351 0666 16       		.uleb128 0x16
 1352 0667 12000000 		.4byte	.LASF89
 1353 066b 09       		.byte	0x9
 1354 066c EE       		.byte	0xee
 1355 066d A0060000 		.4byte	0x6a0
 1356 0671 16       		.uleb128 0x16
 1357 0672 AD000000 		.4byte	.LASF90
 1358 0676 09       		.byte	0x9
 1359 0677 F3       		.byte	0xf3
ARM GAS  /tmp/ccGRKfhP.s 			page 25


 1360 0678 FA000000 		.4byte	0xfa
 1361 067c 16       		.uleb128 0x16
 1362 067d A2010000 		.4byte	.LASF91
 1363 0681 09       		.byte	0x9
 1364 0682 FC       		.byte	0xfc
 1365 0683 CB060000 		.4byte	0x6cb
 1366 0687 17       		.uleb128 0x17
 1367 0688 D2030000 		.4byte	.LASF92
 1368 068c 09       		.byte	0x9
 1369 068d 0501     		.2byte	0x105
 1370 068f 02070000 		.4byte	0x702
 1371 0693 17       		.uleb128 0x17
 1372 0694 63030000 		.4byte	.LASF93
 1373 0698 09       		.byte	0x9
 1374 0699 0D01     		.2byte	0x10d
 1375 069b 05010000 		.4byte	0x105
 1376 069f 00       		.byte	0
 1377 06a0 0A       		.uleb128 0xa
 1378 06a1 04       		.byte	0x4
 1379 06a2 0F020000 		.4byte	0x20f
 1380 06a6 05       		.uleb128 0x5
 1381 06a7 A4030000 		.4byte	.LASF94
 1382 06ab 0C       		.byte	0xc
 1383 06ac 0E       		.byte	0xe
 1384 06ad 34       		.byte	0x34
 1385 06ae CB060000 		.4byte	0x6cb
 1386 06b2 06       		.uleb128 0x6
 1387 06b3 4F010000 		.4byte	.LASF27
 1388 06b7 0E       		.byte	0xe
 1389 06b8 35       		.byte	0x35
 1390 06b9 44020000 		.4byte	0x244
 1391 06bd 00       		.byte	0
 1392 06be 07       		.uleb128 0x7
 1393 06bf 636E7400 		.ascii	"cnt\000"
 1394 06c3 0E       		.byte	0xe
 1395 06c4 37       		.byte	0x37
 1396 06c5 10010000 		.4byte	0x110
 1397 06c9 08       		.byte	0x8
 1398 06ca 00       		.byte	0
 1399 06cb 0A       		.uleb128 0xa
 1400 06cc 04       		.byte	0x4
 1401 06cd A6060000 		.4byte	0x6a6
 1402 06d1 05       		.uleb128 0x5
 1403 06d2 02050000 		.4byte	.LASF95
 1404 06d6 10       		.byte	0x10
 1405 06d7 0F       		.byte	0xf
 1406 06d8 39       		.byte	0x39
 1407 06d9 02070000 		.4byte	0x702
 1408 06dd 06       		.uleb128 0x6
 1409 06de 4F010000 		.4byte	.LASF27
 1410 06e2 0F       		.byte	0xf
 1411 06e3 3A       		.byte	0x3a
 1412 06e4 44020000 		.4byte	0x244
 1413 06e8 00       		.byte	0
 1414 06e9 06       		.uleb128 0x6
 1415 06ea E9030000 		.4byte	.LASF96
 1416 06ee 0F       		.byte	0xf
ARM GAS  /tmp/ccGRKfhP.s 			page 26


 1417 06ef 3C       		.byte	0x3c
 1418 06f0 1A020000 		.4byte	0x21a
 1419 06f4 08       		.byte	0x8
 1420 06f5 06       		.uleb128 0x6
 1421 06f6 18000000 		.4byte	.LASF46
 1422 06fa 0F       		.byte	0xf
 1423 06fb 3E       		.byte	0x3e
 1424 06fc 36070000 		.4byte	0x736
 1425 0700 0C       		.byte	0xc
 1426 0701 00       		.byte	0
 1427 0702 0A       		.uleb128 0xa
 1428 0703 04       		.byte	0x4
 1429 0704 D1060000 		.4byte	0x6d1
 1430 0708 0A       		.uleb128 0xa
 1431 0709 04       		.byte	0x4
 1432 070a 0E070000 		.4byte	0x70e
 1433 070e 18       		.uleb128 0x18
 1434 070f 13070000 		.4byte	0x713
 1435 0713 03       		.uleb128 0x3
 1436 0714 01       		.byte	0x1
 1437 0715 08       		.byte	0x8
 1438 0716 72040000 		.4byte	.LASF97
 1439 071a 0A       		.uleb128 0xa
 1440 071b 04       		.byte	0x4
 1441 071c 56040000 		.4byte	0x456
 1442 0720 0A       		.uleb128 0xa
 1443 0721 04       		.byte	0x4
 1444 0722 F9020000 		.4byte	0x2f9
 1445 0726 0F       		.uleb128 0xf
 1446 0727 08070000 		.4byte	0x708
 1447 072b 04       		.uleb128 0x4
 1448 072c 78010000 		.4byte	.LASF98
 1449 0730 0F       		.byte	0xf
 1450 0731 34       		.byte	0x34
 1451 0732 D1060000 		.4byte	0x6d1
 1452 0736 0A       		.uleb128 0xa
 1453 0737 04       		.byte	0x4
 1454 0738 2B070000 		.4byte	0x72b
 1455 073c 03       		.uleb128 0x3
 1456 073d 01       		.byte	0x1
 1457 073e 02       		.byte	0x2
 1458 073f 2E030000 		.4byte	.LASF99
 1459 0743 19       		.uleb128 0x19
 1460 0744 B6030000 		.4byte	.LASF103
 1461 0748 01       		.byte	0x1
 1462 0749 8B       		.byte	0x8b
 1463 074a 1B010000 		.4byte	0x11b
 1464 074e 00000000 		.4byte	.LFB136
 1465 0752 0A000000 		.4byte	.LFE136-.LFB136
 1466 0756 01       		.uleb128 0x1
 1467 0757 9C       		.byte	0x9c
 1468 0758 1A       		.uleb128 0x1a
 1469 0759 16020000 		.4byte	.LASF100
 1470 075d 02       		.byte	0x2
 1471 075e 47       		.byte	0x47
 1472 075f 10000000 		.4byte	.LFB142
 1473 0763 12000000 		.4byte	.LFE142-.LFB142
ARM GAS  /tmp/ccGRKfhP.s 			page 27


 1474 0767 01       		.uleb128 0x1
 1475 0768 9C       		.byte	0x9c
 1476 0769 7C070000 		.4byte	0x77c
 1477 076d 1B       		.uleb128 0x1b
 1478 076e DC020000 		.4byte	.LASF102
 1479 0772 02       		.byte	0x2
 1480 0773 47       		.byte	0x47
 1481 0774 1B010000 		.4byte	0x11b
 1482 0778 02       		.uleb128 0x2
 1483 0779 91       		.byte	0x91
 1484 077a 74       		.sleb128 -12
 1485 077b 00       		.byte	0
 1486 077c 1C       		.uleb128 0x1c
 1487 077d 74030000 		.4byte	.LASF116
 1488 0781 02       		.byte	0x2
 1489 0782 51       		.byte	0x51
 1490 0783 30000000 		.4byte	.LFB143
 1491 0787 08000000 		.4byte	.LFE143-.LFB143
 1492 078b 01       		.uleb128 0x1
 1493 078c 9C       		.byte	0x9c
 1494 078d 1A       		.uleb128 0x1a
 1495 078e 39050000 		.4byte	.LASF101
 1496 0792 02       		.byte	0x2
 1497 0793 5D       		.byte	0x5d
 1498 0794 40000000 		.4byte	.LFB144
 1499 0798 12000000 		.4byte	.LFE144-.LFB144
 1500 079c 01       		.uleb128 0x1
 1501 079d 9C       		.byte	0x9c
 1502 079e B1070000 		.4byte	0x7b1
 1503 07a2 1B       		.uleb128 0x1b
 1504 07a3 DC020000 		.4byte	.LASF102
 1505 07a7 02       		.byte	0x2
 1506 07a8 5D       		.byte	0x5d
 1507 07a9 1B010000 		.4byte	0x11b
 1508 07ad 02       		.uleb128 0x2
 1509 07ae 91       		.byte	0x91
 1510 07af 74       		.sleb128 -12
 1511 07b0 00       		.byte	0
 1512 07b1 1D       		.uleb128 0x1d
 1513 07b2 CF040000 		.4byte	.LASF104
 1514 07b6 02       		.byte	0x2
 1515 07b7 69       		.byte	0x69
 1516 07b8 1B010000 		.4byte	0x11b
 1517 07bc 60000000 		.4byte	.LFB145
 1518 07c0 0C000000 		.4byte	.LFE145-.LFB145
 1519 07c4 01       		.uleb128 0x1
 1520 07c5 9C       		.byte	0x9c
 1521 07c6 1E       		.uleb128 0x1e
 1522 07c7 86010000 		.4byte	.LASF105
 1523 07cb 03       		.byte	0x3
 1524 07cc 8801     		.2byte	0x188
 1525 07ce 1B010000 		.4byte	0x11b
 1526 07d2 70000000 		.4byte	.LFB181
 1527 07d6 0C000000 		.4byte	.LFE181-.LFB181
 1528 07da 01       		.uleb128 0x1
 1529 07db 9C       		.byte	0x9c
 1530 07dc 1F       		.uleb128 0x1f
ARM GAS  /tmp/ccGRKfhP.s 			page 28


 1531 07dd F4000000 		.4byte	.LASF117
 1532 07e1 04       		.byte	0x4
 1533 07e2 3D       		.byte	0x3d
 1534 07e3 80000000 		.4byte	.LFB248
 1535 07e7 24000000 		.4byte	.LFE248-.LFB248
 1536 07eb 01       		.uleb128 0x1
 1537 07ec 9C       		.byte	0x9c
 1538 07ed 20       		.uleb128 0x20
 1539 07ee 5C020000 		.4byte	.LASF108
 1540 07f2 04       		.byte	0x4
 1541 07f3 5F       		.byte	0x5f
 1542 07f4 B0000000 		.4byte	.LFB249
 1543 07f8 14010000 		.4byte	.LFE249-.LFB249
 1544 07fc 01       		.uleb128 0x1
 1545 07fd 9C       		.byte	0x9c
 1546 07fe 76080000 		.4byte	0x876
 1547 0802 21       		.uleb128 0x21
 1548 0803 76747000 		.ascii	"vtp\000"
 1549 0807 04       		.byte	0x4
 1550 0808 5F       		.byte	0x5f
 1551 0809 20070000 		.4byte	0x720
 1552 080d 02       		.uleb128 0x2
 1553 080e 91       		.byte	0x91
 1554 080f 64       		.sleb128 -28
 1555 0810 1B       		.uleb128 0x1b
 1556 0811 4A030000 		.4byte	.LASF106
 1557 0815 04       		.byte	0x4
 1558 0816 5F       		.byte	0x5f
 1559 0817 1B010000 		.4byte	0x11b
 1560 081b 02       		.uleb128 0x2
 1561 081c 91       		.byte	0x91
 1562 081d 60       		.sleb128 -32
 1563 081e 1B       		.uleb128 0x1b
 1564 081f EB040000 		.4byte	.LASF107
 1565 0823 04       		.byte	0x4
 1566 0824 60       		.byte	0x60
 1567 0825 DB020000 		.4byte	0x2db
 1568 0829 02       		.uleb128 0x2
 1569 082a 91       		.byte	0x91
 1570 082b 5C       		.sleb128 -36
 1571 082c 21       		.uleb128 0x21
 1572 082d 70617200 		.ascii	"par\000"
 1573 0831 04       		.byte	0x4
 1574 0832 60       		.byte	0x60
 1575 0833 F7020000 		.4byte	0x2f7
 1576 0837 02       		.uleb128 0x2
 1577 0838 91       		.byte	0x91
 1578 0839 58       		.sleb128 -40
 1579 083a 22       		.uleb128 0x22
 1580 083b 7000     		.ascii	"p\000"
 1581 083d 04       		.byte	0x4
 1582 083e 61       		.byte	0x61
 1583 083f 20070000 		.4byte	0x720
 1584 0843 02       		.uleb128 0x2
 1585 0844 91       		.byte	0x91
 1586 0845 74       		.sleb128 -12
 1587 0846 23       		.uleb128 0x23
ARM GAS  /tmp/ccGRKfhP.s 			page 29


 1588 0847 1D000000 		.4byte	.LASF56
 1589 084b 04       		.byte	0x4
 1590 084c 62       		.byte	0x62
 1591 084d 1B010000 		.4byte	0x11b
 1592 0851 02       		.uleb128 0x2
 1593 0852 91       		.byte	0x91
 1594 0853 70       		.sleb128 -16
 1595 0854 24       		.uleb128 0x24
 1596 0855 8A030000 		.4byte	.LASF110
 1597 0859 86080000 		.4byte	0x886
 1598 085d 25       		.uleb128 0x25
 1599 085e C8000000 		.4byte	.LBB2
 1600 0862 9A000000 		.4byte	.LBE2-.LBB2
 1601 0866 22       		.uleb128 0x22
 1602 0867 6E6F7700 		.ascii	"now\000"
 1603 086b 04       		.byte	0x4
 1604 086c 6C       		.byte	0x6c
 1605 086d 1B010000 		.4byte	0x11b
 1606 0871 02       		.uleb128 0x2
 1607 0872 91       		.byte	0x91
 1608 0873 6C       		.sleb128 -20
 1609 0874 00       		.byte	0
 1610 0875 00       		.byte	0
 1611 0876 10       		.uleb128 0x10
 1612 0877 13070000 		.4byte	0x713
 1613 087b 86080000 		.4byte	0x886
 1614 087f 11       		.uleb128 0x11
 1615 0880 1F040000 		.4byte	0x41f
 1616 0884 0A       		.byte	0xa
 1617 0885 00       		.byte	0
 1618 0886 18       		.uleb128 0x18
 1619 0887 76080000 		.4byte	0x876
 1620 088b 20       		.uleb128 0x20
 1621 088c 8C000000 		.4byte	.LASF109
 1622 0890 04       		.byte	0x4
 1623 0891 C3       		.byte	0xc3
 1624 0892 D0010000 		.4byte	.LFB250
 1625 0896 D4000000 		.4byte	.LFE250-.LFB250
 1626 089a 01       		.uleb128 0x1
 1627 089b 9C       		.byte	0x9c
 1628 089c D4080000 		.4byte	0x8d4
 1629 08a0 21       		.uleb128 0x21
 1630 08a1 76747000 		.ascii	"vtp\000"
 1631 08a5 04       		.byte	0x4
 1632 08a6 C3       		.byte	0xc3
 1633 08a7 20070000 		.4byte	0x720
 1634 08ab 02       		.uleb128 0x2
 1635 08ac 91       		.byte	0x91
 1636 08ad 6C       		.sleb128 -20
 1637 08ae 24       		.uleb128 0x24
 1638 08af 8A030000 		.4byte	.LASF110
 1639 08b3 E4080000 		.4byte	0x8e4
 1640 08b7 23       		.uleb128 0x23
 1641 08b8 99010000 		.4byte	.LASF111
 1642 08bc 04       		.byte	0x4
 1643 08bd D7       		.byte	0xd7
 1644 08be 1B010000 		.4byte	0x11b
ARM GAS  /tmp/ccGRKfhP.s 			page 30


 1645 08c2 02       		.uleb128 0x2
 1646 08c3 91       		.byte	0x91
 1647 08c4 70       		.sleb128 -16
 1648 08c5 23       		.uleb128 0x23
 1649 08c6 1D000000 		.4byte	.LASF56
 1650 08ca 04       		.byte	0x4
 1651 08cb D7       		.byte	0xd7
 1652 08cc 1B010000 		.4byte	0x11b
 1653 08d0 02       		.uleb128 0x2
 1654 08d1 91       		.byte	0x91
 1655 08d2 74       		.sleb128 -12
 1656 08d3 00       		.byte	0
 1657 08d4 10       		.uleb128 0x10
 1658 08d5 13070000 		.4byte	0x713
 1659 08d9 E4080000 		.4byte	0x8e4
 1660 08dd 11       		.uleb128 0x11
 1661 08de 1F040000 		.4byte	0x41f
 1662 08e2 0C       		.byte	0xc
 1663 08e3 00       		.byte	0
 1664 08e4 18       		.uleb128 0x18
 1665 08e5 D4080000 		.4byte	0x8d4
 1666 08e9 26       		.uleb128 0x26
 1667 08ea CB000000 		.4byte	.LASF112
 1668 08ee 10       		.byte	0x10
 1669 08ef 4407     		.2byte	0x744
 1670 08f1 F5080000 		.4byte	0x8f5
 1671 08f5 0F       		.uleb128 0xf
 1672 08f6 A2000000 		.4byte	0xa2
 1673 08fa 27       		.uleb128 0x27
 1674 08fb 636800   		.ascii	"ch\000"
 1675 08fe 09       		.byte	0x9
 1676 08ff D201     		.2byte	0x1d2
 1677 0901 C6030000 		.4byte	0x3c6
 1678 0905 00       		.byte	0
 1679              		.section	.debug_abbrev,"",%progbits
 1680              	.Ldebug_abbrev0:
 1681 0000 01       		.uleb128 0x1
 1682 0001 11       		.uleb128 0x11
 1683 0002 01       		.byte	0x1
 1684 0003 25       		.uleb128 0x25
 1685 0004 0E       		.uleb128 0xe
 1686 0005 13       		.uleb128 0x13
 1687 0006 0B       		.uleb128 0xb
 1688 0007 03       		.uleb128 0x3
 1689 0008 0E       		.uleb128 0xe
 1690 0009 1B       		.uleb128 0x1b
 1691 000a 0E       		.uleb128 0xe
 1692 000b 11       		.uleb128 0x11
 1693 000c 01       		.uleb128 0x1
 1694 000d 12       		.uleb128 0x12
 1695 000e 06       		.uleb128 0x6
 1696 000f 10       		.uleb128 0x10
 1697 0010 17       		.uleb128 0x17
 1698 0011 00       		.byte	0
 1699 0012 00       		.byte	0
 1700 0013 02       		.uleb128 0x2
 1701 0014 24       		.uleb128 0x24
ARM GAS  /tmp/ccGRKfhP.s 			page 31


 1702 0015 00       		.byte	0
 1703 0016 0B       		.uleb128 0xb
 1704 0017 0B       		.uleb128 0xb
 1705 0018 3E       		.uleb128 0x3e
 1706 0019 0B       		.uleb128 0xb
 1707 001a 03       		.uleb128 0x3
 1708 001b 08       		.uleb128 0x8
 1709 001c 00       		.byte	0
 1710 001d 00       		.byte	0
 1711 001e 03       		.uleb128 0x3
 1712 001f 24       		.uleb128 0x24
 1713 0020 00       		.byte	0
 1714 0021 0B       		.uleb128 0xb
 1715 0022 0B       		.uleb128 0xb
 1716 0023 3E       		.uleb128 0x3e
 1717 0024 0B       		.uleb128 0xb
 1718 0025 03       		.uleb128 0x3
 1719 0026 0E       		.uleb128 0xe
 1720 0027 00       		.byte	0
 1721 0028 00       		.byte	0
 1722 0029 04       		.uleb128 0x4
 1723 002a 16       		.uleb128 0x16
 1724 002b 00       		.byte	0
 1725 002c 03       		.uleb128 0x3
 1726 002d 0E       		.uleb128 0xe
 1727 002e 3A       		.uleb128 0x3a
 1728 002f 0B       		.uleb128 0xb
 1729 0030 3B       		.uleb128 0x3b
 1730 0031 0B       		.uleb128 0xb
 1731 0032 49       		.uleb128 0x49
 1732 0033 13       		.uleb128 0x13
 1733 0034 00       		.byte	0
 1734 0035 00       		.byte	0
 1735 0036 05       		.uleb128 0x5
 1736 0037 13       		.uleb128 0x13
 1737 0038 01       		.byte	0x1
 1738 0039 03       		.uleb128 0x3
 1739 003a 0E       		.uleb128 0xe
 1740 003b 0B       		.uleb128 0xb
 1741 003c 0B       		.uleb128 0xb
 1742 003d 3A       		.uleb128 0x3a
 1743 003e 0B       		.uleb128 0xb
 1744 003f 3B       		.uleb128 0x3b
 1745 0040 0B       		.uleb128 0xb
 1746 0041 01       		.uleb128 0x1
 1747 0042 13       		.uleb128 0x13
 1748 0043 00       		.byte	0
 1749 0044 00       		.byte	0
 1750 0045 06       		.uleb128 0x6
 1751 0046 0D       		.uleb128 0xd
 1752 0047 00       		.byte	0
 1753 0048 03       		.uleb128 0x3
 1754 0049 0E       		.uleb128 0xe
 1755 004a 3A       		.uleb128 0x3a
 1756 004b 0B       		.uleb128 0xb
 1757 004c 3B       		.uleb128 0x3b
 1758 004d 0B       		.uleb128 0xb
ARM GAS  /tmp/ccGRKfhP.s 			page 32


 1759 004e 49       		.uleb128 0x49
 1760 004f 13       		.uleb128 0x13
 1761 0050 38       		.uleb128 0x38
 1762 0051 0B       		.uleb128 0xb
 1763 0052 00       		.byte	0
 1764 0053 00       		.byte	0
 1765 0054 07       		.uleb128 0x7
 1766 0055 0D       		.uleb128 0xd
 1767 0056 00       		.byte	0
 1768 0057 03       		.uleb128 0x3
 1769 0058 08       		.uleb128 0x8
 1770 0059 3A       		.uleb128 0x3a
 1771 005a 0B       		.uleb128 0xb
 1772 005b 3B       		.uleb128 0x3b
 1773 005c 0B       		.uleb128 0xb
 1774 005d 49       		.uleb128 0x49
 1775 005e 13       		.uleb128 0x13
 1776 005f 38       		.uleb128 0x38
 1777 0060 0B       		.uleb128 0xb
 1778 0061 00       		.byte	0
 1779 0062 00       		.byte	0
 1780 0063 08       		.uleb128 0x8
 1781 0064 0D       		.uleb128 0xd
 1782 0065 00       		.byte	0
 1783 0066 03       		.uleb128 0x3
 1784 0067 08       		.uleb128 0x8
 1785 0068 3A       		.uleb128 0x3a
 1786 0069 0B       		.uleb128 0xb
 1787 006a 3B       		.uleb128 0x3b
 1788 006b 05       		.uleb128 0x5
 1789 006c 49       		.uleb128 0x49
 1790 006d 13       		.uleb128 0x13
 1791 006e 38       		.uleb128 0x38
 1792 006f 0B       		.uleb128 0xb
 1793 0070 00       		.byte	0
 1794 0071 00       		.byte	0
 1795 0072 09       		.uleb128 0x9
 1796 0073 0D       		.uleb128 0xd
 1797 0074 00       		.byte	0
 1798 0075 03       		.uleb128 0x3
 1799 0076 0E       		.uleb128 0xe
 1800 0077 3A       		.uleb128 0x3a
 1801 0078 0B       		.uleb128 0xb
 1802 0079 3B       		.uleb128 0x3b
 1803 007a 05       		.uleb128 0x5
 1804 007b 49       		.uleb128 0x49
 1805 007c 13       		.uleb128 0x13
 1806 007d 38       		.uleb128 0x38
 1807 007e 0B       		.uleb128 0xb
 1808 007f 00       		.byte	0
 1809 0080 00       		.byte	0
 1810 0081 0A       		.uleb128 0xa
 1811 0082 0F       		.uleb128 0xf
 1812 0083 00       		.byte	0
 1813 0084 0B       		.uleb128 0xb
 1814 0085 0B       		.uleb128 0xb
 1815 0086 49       		.uleb128 0x49
ARM GAS  /tmp/ccGRKfhP.s 			page 33


 1816 0087 13       		.uleb128 0x13
 1817 0088 00       		.byte	0
 1818 0089 00       		.byte	0
 1819 008a 0B       		.uleb128 0xb
 1820 008b 13       		.uleb128 0x13
 1821 008c 01       		.byte	0x1
 1822 008d 03       		.uleb128 0x3
 1823 008e 0E       		.uleb128 0xe
 1824 008f 0B       		.uleb128 0xb
 1825 0090 0B       		.uleb128 0xb
 1826 0091 3A       		.uleb128 0x3a
 1827 0092 0B       		.uleb128 0xb
 1828 0093 3B       		.uleb128 0x3b
 1829 0094 05       		.uleb128 0x5
 1830 0095 01       		.uleb128 0x1
 1831 0096 13       		.uleb128 0x13
 1832 0097 00       		.byte	0
 1833 0098 00       		.byte	0
 1834 0099 0C       		.uleb128 0xc
 1835 009a 15       		.uleb128 0x15
 1836 009b 01       		.byte	0x1
 1837 009c 27       		.uleb128 0x27
 1838 009d 19       		.uleb128 0x19
 1839 009e 01       		.uleb128 0x1
 1840 009f 13       		.uleb128 0x13
 1841 00a0 00       		.byte	0
 1842 00a1 00       		.byte	0
 1843 00a2 0D       		.uleb128 0xd
 1844 00a3 05       		.uleb128 0x5
 1845 00a4 00       		.byte	0
 1846 00a5 49       		.uleb128 0x49
 1847 00a6 13       		.uleb128 0x13
 1848 00a7 00       		.byte	0
 1849 00a8 00       		.byte	0
 1850 00a9 0E       		.uleb128 0xe
 1851 00aa 0F       		.uleb128 0xf
 1852 00ab 00       		.byte	0
 1853 00ac 0B       		.uleb128 0xb
 1854 00ad 0B       		.uleb128 0xb
 1855 00ae 00       		.byte	0
 1856 00af 00       		.byte	0
 1857 00b0 0F       		.uleb128 0xf
 1858 00b1 35       		.uleb128 0x35
 1859 00b2 00       		.byte	0
 1860 00b3 49       		.uleb128 0x49
 1861 00b4 13       		.uleb128 0x13
 1862 00b5 00       		.byte	0
 1863 00b6 00       		.byte	0
 1864 00b7 10       		.uleb128 0x10
 1865 00b8 01       		.uleb128 0x1
 1866 00b9 01       		.byte	0x1
 1867 00ba 49       		.uleb128 0x49
 1868 00bb 13       		.uleb128 0x13
 1869 00bc 01       		.uleb128 0x1
 1870 00bd 13       		.uleb128 0x13
 1871 00be 00       		.byte	0
 1872 00bf 00       		.byte	0
ARM GAS  /tmp/ccGRKfhP.s 			page 34


 1873 00c0 11       		.uleb128 0x11
 1874 00c1 21       		.uleb128 0x21
 1875 00c2 00       		.byte	0
 1876 00c3 49       		.uleb128 0x49
 1877 00c4 13       		.uleb128 0x13
 1878 00c5 2F       		.uleb128 0x2f
 1879 00c6 0B       		.uleb128 0xb
 1880 00c7 00       		.byte	0
 1881 00c8 00       		.byte	0
 1882 00c9 12       		.uleb128 0x12
 1883 00ca 13       		.uleb128 0x13
 1884 00cb 01       		.byte	0x1
 1885 00cc 0B       		.uleb128 0xb
 1886 00cd 0B       		.uleb128 0xb
 1887 00ce 3A       		.uleb128 0x3a
 1888 00cf 0B       		.uleb128 0xb
 1889 00d0 3B       		.uleb128 0x3b
 1890 00d1 05       		.uleb128 0x5
 1891 00d2 01       		.uleb128 0x1
 1892 00d3 13       		.uleb128 0x13
 1893 00d4 00       		.byte	0
 1894 00d5 00       		.byte	0
 1895 00d6 13       		.uleb128 0x13
 1896 00d7 16       		.uleb128 0x16
 1897 00d8 00       		.byte	0
 1898 00d9 03       		.uleb128 0x3
 1899 00da 0E       		.uleb128 0xe
 1900 00db 3A       		.uleb128 0x3a
 1901 00dc 0B       		.uleb128 0xb
 1902 00dd 3B       		.uleb128 0x3b
 1903 00de 05       		.uleb128 0x5
 1904 00df 49       		.uleb128 0x49
 1905 00e0 13       		.uleb128 0x13
 1906 00e1 00       		.byte	0
 1907 00e2 00       		.byte	0
 1908 00e3 14       		.uleb128 0x14
 1909 00e4 13       		.uleb128 0x13
 1910 00e5 01       		.byte	0x1
 1911 00e6 0B       		.uleb128 0xb
 1912 00e7 0B       		.uleb128 0xb
 1913 00e8 3A       		.uleb128 0x3a
 1914 00e9 0B       		.uleb128 0xb
 1915 00ea 3B       		.uleb128 0x3b
 1916 00eb 0B       		.uleb128 0xb
 1917 00ec 01       		.uleb128 0x1
 1918 00ed 13       		.uleb128 0x13
 1919 00ee 00       		.byte	0
 1920 00ef 00       		.byte	0
 1921 00f0 15       		.uleb128 0x15
 1922 00f1 17       		.uleb128 0x17
 1923 00f2 01       		.byte	0x1
 1924 00f3 0B       		.uleb128 0xb
 1925 00f4 0B       		.uleb128 0xb
 1926 00f5 3A       		.uleb128 0x3a
 1927 00f6 0B       		.uleb128 0xb
 1928 00f7 3B       		.uleb128 0x3b
 1929 00f8 0B       		.uleb128 0xb
ARM GAS  /tmp/ccGRKfhP.s 			page 35


 1930 00f9 01       		.uleb128 0x1
 1931 00fa 13       		.uleb128 0x13
 1932 00fb 00       		.byte	0
 1933 00fc 00       		.byte	0
 1934 00fd 16       		.uleb128 0x16
 1935 00fe 0D       		.uleb128 0xd
 1936 00ff 00       		.byte	0
 1937 0100 03       		.uleb128 0x3
 1938 0101 0E       		.uleb128 0xe
 1939 0102 3A       		.uleb128 0x3a
 1940 0103 0B       		.uleb128 0xb
 1941 0104 3B       		.uleb128 0x3b
 1942 0105 0B       		.uleb128 0xb
 1943 0106 49       		.uleb128 0x49
 1944 0107 13       		.uleb128 0x13
 1945 0108 00       		.byte	0
 1946 0109 00       		.byte	0
 1947 010a 17       		.uleb128 0x17
 1948 010b 0D       		.uleb128 0xd
 1949 010c 00       		.byte	0
 1950 010d 03       		.uleb128 0x3
 1951 010e 0E       		.uleb128 0xe
 1952 010f 3A       		.uleb128 0x3a
 1953 0110 0B       		.uleb128 0xb
 1954 0111 3B       		.uleb128 0x3b
 1955 0112 05       		.uleb128 0x5
 1956 0113 49       		.uleb128 0x49
 1957 0114 13       		.uleb128 0x13
 1958 0115 00       		.byte	0
 1959 0116 00       		.byte	0
 1960 0117 18       		.uleb128 0x18
 1961 0118 26       		.uleb128 0x26
 1962 0119 00       		.byte	0
 1963 011a 49       		.uleb128 0x49
 1964 011b 13       		.uleb128 0x13
 1965 011c 00       		.byte	0
 1966 011d 00       		.byte	0
 1967 011e 19       		.uleb128 0x19
 1968 011f 2E       		.uleb128 0x2e
 1969 0120 00       		.byte	0
 1970 0121 03       		.uleb128 0x3
 1971 0122 0E       		.uleb128 0xe
 1972 0123 3A       		.uleb128 0x3a
 1973 0124 0B       		.uleb128 0xb
 1974 0125 3B       		.uleb128 0x3b
 1975 0126 0B       		.uleb128 0xb
 1976 0127 27       		.uleb128 0x27
 1977 0128 19       		.uleb128 0x19
 1978 0129 49       		.uleb128 0x49
 1979 012a 13       		.uleb128 0x13
 1980 012b 11       		.uleb128 0x11
 1981 012c 01       		.uleb128 0x1
 1982 012d 12       		.uleb128 0x12
 1983 012e 06       		.uleb128 0x6
 1984 012f 40       		.uleb128 0x40
 1985 0130 18       		.uleb128 0x18
 1986 0131 9742     		.uleb128 0x2117
ARM GAS  /tmp/ccGRKfhP.s 			page 36


 1987 0133 19       		.uleb128 0x19
 1988 0134 00       		.byte	0
 1989 0135 00       		.byte	0
 1990 0136 1A       		.uleb128 0x1a
 1991 0137 2E       		.uleb128 0x2e
 1992 0138 01       		.byte	0x1
 1993 0139 03       		.uleb128 0x3
 1994 013a 0E       		.uleb128 0xe
 1995 013b 3A       		.uleb128 0x3a
 1996 013c 0B       		.uleb128 0xb
 1997 013d 3B       		.uleb128 0x3b
 1998 013e 0B       		.uleb128 0xb
 1999 013f 27       		.uleb128 0x27
 2000 0140 19       		.uleb128 0x19
 2001 0141 11       		.uleb128 0x11
 2002 0142 01       		.uleb128 0x1
 2003 0143 12       		.uleb128 0x12
 2004 0144 06       		.uleb128 0x6
 2005 0145 40       		.uleb128 0x40
 2006 0146 18       		.uleb128 0x18
 2007 0147 9642     		.uleb128 0x2116
 2008 0149 19       		.uleb128 0x19
 2009 014a 01       		.uleb128 0x1
 2010 014b 13       		.uleb128 0x13
 2011 014c 00       		.byte	0
 2012 014d 00       		.byte	0
 2013 014e 1B       		.uleb128 0x1b
 2014 014f 05       		.uleb128 0x5
 2015 0150 00       		.byte	0
 2016 0151 03       		.uleb128 0x3
 2017 0152 0E       		.uleb128 0xe
 2018 0153 3A       		.uleb128 0x3a
 2019 0154 0B       		.uleb128 0xb
 2020 0155 3B       		.uleb128 0x3b
 2021 0156 0B       		.uleb128 0xb
 2022 0157 49       		.uleb128 0x49
 2023 0158 13       		.uleb128 0x13
 2024 0159 02       		.uleb128 0x2
 2025 015a 18       		.uleb128 0x18
 2026 015b 00       		.byte	0
 2027 015c 00       		.byte	0
 2028 015d 1C       		.uleb128 0x1c
 2029 015e 2E       		.uleb128 0x2e
 2030 015f 00       		.byte	0
 2031 0160 03       		.uleb128 0x3
 2032 0161 0E       		.uleb128 0xe
 2033 0162 3A       		.uleb128 0x3a
 2034 0163 0B       		.uleb128 0xb
 2035 0164 3B       		.uleb128 0x3b
 2036 0165 0B       		.uleb128 0xb
 2037 0166 27       		.uleb128 0x27
 2038 0167 19       		.uleb128 0x19
 2039 0168 11       		.uleb128 0x11
 2040 0169 01       		.uleb128 0x1
 2041 016a 12       		.uleb128 0x12
 2042 016b 06       		.uleb128 0x6
 2043 016c 40       		.uleb128 0x40
ARM GAS  /tmp/ccGRKfhP.s 			page 37


 2044 016d 18       		.uleb128 0x18
 2045 016e 9642     		.uleb128 0x2116
 2046 0170 19       		.uleb128 0x19
 2047 0171 00       		.byte	0
 2048 0172 00       		.byte	0
 2049 0173 1D       		.uleb128 0x1d
 2050 0174 2E       		.uleb128 0x2e
 2051 0175 00       		.byte	0
 2052 0176 03       		.uleb128 0x3
 2053 0177 0E       		.uleb128 0xe
 2054 0178 3A       		.uleb128 0x3a
 2055 0179 0B       		.uleb128 0xb
 2056 017a 3B       		.uleb128 0x3b
 2057 017b 0B       		.uleb128 0xb
 2058 017c 27       		.uleb128 0x27
 2059 017d 19       		.uleb128 0x19
 2060 017e 49       		.uleb128 0x49
 2061 017f 13       		.uleb128 0x13
 2062 0180 11       		.uleb128 0x11
 2063 0181 01       		.uleb128 0x1
 2064 0182 12       		.uleb128 0x12
 2065 0183 06       		.uleb128 0x6
 2066 0184 40       		.uleb128 0x40
 2067 0185 18       		.uleb128 0x18
 2068 0186 9642     		.uleb128 0x2116
 2069 0188 19       		.uleb128 0x19
 2070 0189 00       		.byte	0
 2071 018a 00       		.byte	0
 2072 018b 1E       		.uleb128 0x1e
 2073 018c 2E       		.uleb128 0x2e
 2074 018d 00       		.byte	0
 2075 018e 03       		.uleb128 0x3
 2076 018f 0E       		.uleb128 0xe
 2077 0190 3A       		.uleb128 0x3a
 2078 0191 0B       		.uleb128 0xb
 2079 0192 3B       		.uleb128 0x3b
 2080 0193 05       		.uleb128 0x5
 2081 0194 27       		.uleb128 0x27
 2082 0195 19       		.uleb128 0x19
 2083 0196 49       		.uleb128 0x49
 2084 0197 13       		.uleb128 0x13
 2085 0198 11       		.uleb128 0x11
 2086 0199 01       		.uleb128 0x1
 2087 019a 12       		.uleb128 0x12
 2088 019b 06       		.uleb128 0x6
 2089 019c 40       		.uleb128 0x40
 2090 019d 18       		.uleb128 0x18
 2091 019e 9642     		.uleb128 0x2116
 2092 01a0 19       		.uleb128 0x19
 2093 01a1 00       		.byte	0
 2094 01a2 00       		.byte	0
 2095 01a3 1F       		.uleb128 0x1f
 2096 01a4 2E       		.uleb128 0x2e
 2097 01a5 00       		.byte	0
 2098 01a6 3F       		.uleb128 0x3f
 2099 01a7 19       		.uleb128 0x19
 2100 01a8 03       		.uleb128 0x3
ARM GAS  /tmp/ccGRKfhP.s 			page 38


 2101 01a9 0E       		.uleb128 0xe
 2102 01aa 3A       		.uleb128 0x3a
 2103 01ab 0B       		.uleb128 0xb
 2104 01ac 3B       		.uleb128 0x3b
 2105 01ad 0B       		.uleb128 0xb
 2106 01ae 27       		.uleb128 0x27
 2107 01af 19       		.uleb128 0x19
 2108 01b0 11       		.uleb128 0x11
 2109 01b1 01       		.uleb128 0x1
 2110 01b2 12       		.uleb128 0x12
 2111 01b3 06       		.uleb128 0x6
 2112 01b4 40       		.uleb128 0x40
 2113 01b5 18       		.uleb128 0x18
 2114 01b6 9742     		.uleb128 0x2117
 2115 01b8 19       		.uleb128 0x19
 2116 01b9 00       		.byte	0
 2117 01ba 00       		.byte	0
 2118 01bb 20       		.uleb128 0x20
 2119 01bc 2E       		.uleb128 0x2e
 2120 01bd 01       		.byte	0x1
 2121 01be 3F       		.uleb128 0x3f
 2122 01bf 19       		.uleb128 0x19
 2123 01c0 03       		.uleb128 0x3
 2124 01c1 0E       		.uleb128 0xe
 2125 01c2 3A       		.uleb128 0x3a
 2126 01c3 0B       		.uleb128 0xb
 2127 01c4 3B       		.uleb128 0x3b
 2128 01c5 0B       		.uleb128 0xb
 2129 01c6 27       		.uleb128 0x27
 2130 01c7 19       		.uleb128 0x19
 2131 01c8 11       		.uleb128 0x11
 2132 01c9 01       		.uleb128 0x1
 2133 01ca 12       		.uleb128 0x12
 2134 01cb 06       		.uleb128 0x6
 2135 01cc 40       		.uleb128 0x40
 2136 01cd 18       		.uleb128 0x18
 2137 01ce 9642     		.uleb128 0x2116
 2138 01d0 19       		.uleb128 0x19
 2139 01d1 01       		.uleb128 0x1
 2140 01d2 13       		.uleb128 0x13
 2141 01d3 00       		.byte	0
 2142 01d4 00       		.byte	0
 2143 01d5 21       		.uleb128 0x21
 2144 01d6 05       		.uleb128 0x5
 2145 01d7 00       		.byte	0
 2146 01d8 03       		.uleb128 0x3
 2147 01d9 08       		.uleb128 0x8
 2148 01da 3A       		.uleb128 0x3a
 2149 01db 0B       		.uleb128 0xb
 2150 01dc 3B       		.uleb128 0x3b
 2151 01dd 0B       		.uleb128 0xb
 2152 01de 49       		.uleb128 0x49
 2153 01df 13       		.uleb128 0x13
 2154 01e0 02       		.uleb128 0x2
 2155 01e1 18       		.uleb128 0x18
 2156 01e2 00       		.byte	0
 2157 01e3 00       		.byte	0
ARM GAS  /tmp/ccGRKfhP.s 			page 39


 2158 01e4 22       		.uleb128 0x22
 2159 01e5 34       		.uleb128 0x34
 2160 01e6 00       		.byte	0
 2161 01e7 03       		.uleb128 0x3
 2162 01e8 08       		.uleb128 0x8
 2163 01e9 3A       		.uleb128 0x3a
 2164 01ea 0B       		.uleb128 0xb
 2165 01eb 3B       		.uleb128 0x3b
 2166 01ec 0B       		.uleb128 0xb
 2167 01ed 49       		.uleb128 0x49
 2168 01ee 13       		.uleb128 0x13
 2169 01ef 02       		.uleb128 0x2
 2170 01f0 18       		.uleb128 0x18
 2171 01f1 00       		.byte	0
 2172 01f2 00       		.byte	0
 2173 01f3 23       		.uleb128 0x23
 2174 01f4 34       		.uleb128 0x34
 2175 01f5 00       		.byte	0
 2176 01f6 03       		.uleb128 0x3
 2177 01f7 0E       		.uleb128 0xe
 2178 01f8 3A       		.uleb128 0x3a
 2179 01f9 0B       		.uleb128 0xb
 2180 01fa 3B       		.uleb128 0x3b
 2181 01fb 0B       		.uleb128 0xb
 2182 01fc 49       		.uleb128 0x49
 2183 01fd 13       		.uleb128 0x13
 2184 01fe 02       		.uleb128 0x2
 2185 01ff 18       		.uleb128 0x18
 2186 0200 00       		.byte	0
 2187 0201 00       		.byte	0
 2188 0202 24       		.uleb128 0x24
 2189 0203 34       		.uleb128 0x34
 2190 0204 00       		.byte	0
 2191 0205 03       		.uleb128 0x3
 2192 0206 0E       		.uleb128 0xe
 2193 0207 49       		.uleb128 0x49
 2194 0208 13       		.uleb128 0x13
 2195 0209 34       		.uleb128 0x34
 2196 020a 19       		.uleb128 0x19
 2197 020b 00       		.byte	0
 2198 020c 00       		.byte	0
 2199 020d 25       		.uleb128 0x25
 2200 020e 0B       		.uleb128 0xb
 2201 020f 01       		.byte	0x1
 2202 0210 11       		.uleb128 0x11
 2203 0211 01       		.uleb128 0x1
 2204 0212 12       		.uleb128 0x12
 2205 0213 06       		.uleb128 0x6
 2206 0214 00       		.byte	0
 2207 0215 00       		.byte	0
 2208 0216 26       		.uleb128 0x26
 2209 0217 34       		.uleb128 0x34
 2210 0218 00       		.byte	0
 2211 0219 03       		.uleb128 0x3
 2212 021a 0E       		.uleb128 0xe
 2213 021b 3A       		.uleb128 0x3a
 2214 021c 0B       		.uleb128 0xb
ARM GAS  /tmp/ccGRKfhP.s 			page 40


 2215 021d 3B       		.uleb128 0x3b
 2216 021e 05       		.uleb128 0x5
 2217 021f 49       		.uleb128 0x49
 2218 0220 13       		.uleb128 0x13
 2219 0221 3F       		.uleb128 0x3f
 2220 0222 19       		.uleb128 0x19
 2221 0223 3C       		.uleb128 0x3c
 2222 0224 19       		.uleb128 0x19
 2223 0225 00       		.byte	0
 2224 0226 00       		.byte	0
 2225 0227 27       		.uleb128 0x27
 2226 0228 34       		.uleb128 0x34
 2227 0229 00       		.byte	0
 2228 022a 03       		.uleb128 0x3
 2229 022b 08       		.uleb128 0x8
 2230 022c 3A       		.uleb128 0x3a
 2231 022d 0B       		.uleb128 0xb
 2232 022e 3B       		.uleb128 0x3b
 2233 022f 05       		.uleb128 0x5
 2234 0230 49       		.uleb128 0x49
 2235 0231 13       		.uleb128 0x13
 2236 0232 3F       		.uleb128 0x3f
 2237 0233 19       		.uleb128 0x19
 2238 0234 3C       		.uleb128 0x3c
 2239 0235 19       		.uleb128 0x19
 2240 0236 00       		.byte	0
 2241 0237 00       		.byte	0
 2242 0238 00       		.byte	0
 2243              		.section	.debug_aranges,"",%progbits
 2244 0000 1C000000 		.4byte	0x1c
 2245 0004 0200     		.2byte	0x2
 2246 0006 00000000 		.4byte	.Ldebug_info0
 2247 000a 04       		.byte	0x4
 2248 000b 00       		.byte	0
 2249 000c 0000     		.2byte	0
 2250 000e 0000     		.2byte	0
 2251 0010 00000000 		.4byte	.Ltext0
 2252 0014 A4020000 		.4byte	.Letext0-.Ltext0
 2253 0018 00000000 		.4byte	0
 2254 001c 00000000 		.4byte	0
 2255              		.section	.debug_line,"",%progbits
 2256              	.Ldebug_line0:
 2257 0000 6C020000 		.section	.debug_str,"MS",%progbits,1
 2257      0200E301 
 2257      00000201 
 2257      FB0E0D00 
 2257      01010101 
 2258              	.LASF50:
 2259 0000 72656164 		.ascii	"ready_list_t\000"
 2259      795F6C69 
 2259      73745F74 
 2259      00
 2260              	.LASF75:
 2261 000d 44494552 		.ascii	"DIER\000"
 2261      00
 2262              	.LASF89:
 2263 0012 77747472 		.ascii	"wttrp\000"
ARM GAS  /tmp/ccGRKfhP.s 			page 41


 2263      7000
 2264              	.LASF46:
 2265 0018 6E657874 		.ascii	"next\000"
 2265      00
 2266              	.LASF56:
 2267 001d 64656C74 		.ascii	"delta\000"
 2267      6100
 2268              	.LASF86:
 2269 0023 7264796D 		.ascii	"rdymsg\000"
 2269      736700
 2270              	.LASF16:
 2271 002a 75696E74 		.ascii	"uint64_t\000"
 2271      36345F74 
 2271      00
 2272              	.LASF23:
 2273 0033 6576656E 		.ascii	"eventmask_t\000"
 2273      746D6173 
 2273      6B5F7400 
 2274              	.LASF5:
 2275 003f 5F5F7569 		.ascii	"__uint8_t\000"
 2275      6E74385F 
 2275      7400
 2276              	.LASF22:
 2277 0049 6D73675F 		.ascii	"msg_t\000"
 2277      7400
 2278              	.LASF49:
 2279 004f 70726576 		.ascii	"prev\000"
 2279      00
 2280              	.LASF73:
 2281 0054 706F7274 		.ascii	"port_intctx\000"
 2281      5F696E74 
 2281      63747800 
 2282              	.LASF61:
 2283 0060 73797374 		.ascii	"system_debug_t\000"
 2283      656D5F64 
 2283      65627567 
 2283      5F7400
 2284              	.LASF77:
 2285 006f 43434D52 		.ascii	"CCMR2\000"
 2285      3200
 2286              	.LASF12:
 2287 0075 6C6F6E67 		.ascii	"long long unsigned int\000"
 2287      206C6F6E 
 2287      6720756E 
 2287      7369676E 
 2287      65642069 
 2288              	.LASF109:
 2289 008c 63685654 		.ascii	"chVTDoResetI\000"
 2289      446F5265 
 2289      73657449 
 2289      00
 2290              	.LASF87:
 2291 0099 65786974 		.ascii	"exitcode\000"
 2291      636F6465 
 2291      00
 2292              	.LASF68:
 2293 00a2 6D61696E 		.ascii	"mainthread\000"
ARM GAS  /tmp/ccGRKfhP.s 			page 42


 2293      74687265 
 2293      616400
 2294              	.LASF90:
 2295 00ad 73656E74 		.ascii	"sentmsg\000"
 2295      6D736700 
 2296              	.LASF58:
 2297 00b5 76697274 		.ascii	"virtual_timers_list_t\000"
 2297      75616C5F 
 2297      74696D65 
 2297      72735F6C 
 2297      6973745F 
 2298              	.LASF112:
 2299 00cb 49544D5F 		.ascii	"ITM_RxBuffer\000"
 2299      52784275 
 2299      66666572 
 2299      00
 2300              	.LASF79:
 2301 00d8 42445452 		.ascii	"BDTR\000"
 2301      00
 2302              	.LASF48:
 2303 00dd 63685F74 		.ascii	"ch_threads_queue\000"
 2303      68726561 
 2303      64735F71 
 2303      75657565 
 2303      00
 2304              	.LASF76:
 2305 00ee 43434D52 		.ascii	"CCMR1\000"
 2305      3100
 2306              	.LASF117:
 2307 00f4 5F76745F 		.ascii	"_vt_init\000"
 2307      696E6974 
 2307      00
 2308              	.LASF81:
 2309 00fd 43434D52 		.ascii	"CCMR3\000"
 2309      3300
 2310              	.LASF1:
 2311 0103 7369676E 		.ascii	"signed char\000"
 2311      65642063 
 2311      68617200 
 2312              	.LASF67:
 2313 010f 76746C69 		.ascii	"vtlist\000"
 2313      737400
 2314              	.LASF37:
 2315 0116 6D736771 		.ascii	"msgqueue\000"
 2315      75657565 
 2315      00
 2316              	.LASF33:
 2317 011f 73746174 		.ascii	"state\000"
 2317      6500
 2318              	.LASF7:
 2319 0125 6C6F6E67 		.ascii	"long int\000"
 2319      20696E74 
 2319      00
 2320              	.LASF19:
 2321 012e 74737461 		.ascii	"tstate_t\000"
 2321      74655F74 
 2321      00
ARM GAS  /tmp/ccGRKfhP.s 			page 43


 2322              	.LASF57:
 2323 0137 66756E63 		.ascii	"func\000"
 2323      00
 2324              	.LASF78:
 2325 013c 43434552 		.ascii	"CCER\000"
 2325      00
 2326              	.LASF10:
 2327 0141 6C6F6E67 		.ascii	"long long int\000"
 2327      206C6F6E 
 2327      6720696E 
 2327      7400
 2328              	.LASF27:
 2329 014f 71756575 		.ascii	"queue\000"
 2329      6500
 2330              	.LASF32:
 2331 0155 77616261 		.ascii	"wabase\000"
 2331      736500
 2332              	.LASF8:
 2333 015c 5F5F7569 		.ascii	"__uint32_t\000"
 2333      6E743332 
 2333      5F7400
 2334              	.LASF70:
 2335 0167 72656761 		.ascii	"regarm_t\000"
 2335      726D5F74 
 2335      00
 2336              	.LASF36:
 2337 0170 77616974 		.ascii	"waiting\000"
 2337      696E6700 
 2338              	.LASF98:
 2339 0178 6D757465 		.ascii	"mutex_t\000"
 2339      785F7400 
 2340              	.LASF24:
 2341 0180 636E745F 		.ascii	"cnt_t\000"
 2341      7400
 2342              	.LASF105:
 2343 0186 63685654 		.ascii	"chVTGetSystemTimeX\000"
 2343      47657453 
 2343      79737465 
 2343      6D54696D 
 2343      655800
 2344              	.LASF111:
 2345 0199 6E6F7764 		.ascii	"nowdelta\000"
 2345      656C7461 
 2345      00
 2346              	.LASF91:
 2347 01a2 77747365 		.ascii	"wtsemp\000"
 2347      6D7000
 2348              	.LASF9:
 2349 01a9 6C6F6E67 		.ascii	"long unsigned int\000"
 2349      20756E73 
 2349      69676E65 
 2349      6420696E 
 2349      7400
 2350              	.LASF115:
 2351 01bb 2F686F6D 		.ascii	"/home/declan/ChibiOS2/ChibiOS/demos/STM32/RT-STM32F"
 2351      652F6465 
 2351      636C616E 
ARM GAS  /tmp/ccGRKfhP.s 			page 44


 2351      2F436869 
 2351      62694F53 
 2352 01ee 3430372D 		.ascii	"407-DISCOVERY\000"
 2352      44495343 
 2352      4F564552 
 2352      5900
 2353              	.LASF31:
 2354 01fc 6E616D65 		.ascii	"name\000"
 2354      00
 2355              	.LASF41:
 2356 0201 6D706F6F 		.ascii	"mpool\000"
 2356      6C00
 2357              	.LASF74:
 2358 0207 534D4352 		.ascii	"SMCR\000"
 2358      00
 2359              	.LASF44:
 2360 020c 63685F74 		.ascii	"ch_thread\000"
 2360      68726561 
 2360      6400
 2361              	.LASF100:
 2362 0216 706F7274 		.ascii	"port_timer_start_alarm\000"
 2362      5F74696D 
 2362      65725F73 
 2362      74617274 
 2362      5F616C61 
 2363              	.LASF38:
 2364 022d 6570656E 		.ascii	"epending\000"
 2364      64696E67 
 2364      00
 2365              	.LASF64:
 2366 0236 63685F73 		.ascii	"ch_system_t\000"
 2366      79737465 
 2366      6D5F7400 
 2367              	.LASF83:
 2368 0242 73746D33 		.ascii	"stm32_tim_t\000"
 2368      325F7469 
 2368      6D5F7400 
 2369              	.LASF51:
 2370 024e 63685F72 		.ascii	"ch_ready_list\000"
 2370      65616479 
 2370      5F6C6973 
 2370      7400
 2371              	.LASF108:
 2372 025c 63685654 		.ascii	"chVTDoSetI\000"
 2372      446F5365 
 2372      744900
 2373              	.LASF6:
 2374 0267 5F5F696E 		.ascii	"__int32_t\000"
 2374      7433325F 
 2374      7400
 2375              	.LASF71:
 2376 0271 73746B61 		.ascii	"stkalign_t\000"
 2376      6C69676E 
 2376      5F7400
 2377              	.LASF29:
 2378 027c 6E657765 		.ascii	"newer\000"
 2378      7200
ARM GAS  /tmp/ccGRKfhP.s 			page 45


 2379              	.LASF40:
 2380 0282 7265616C 		.ascii	"realprio\000"
 2380      7072696F 
 2380      00
 2381              	.LASF69:
 2382 028b 73697A65 		.ascii	"sizetype\000"
 2382      74797065 
 2382      00
 2383              	.LASF42:
 2384 0294 74687265 		.ascii	"thread_reference_t\000"
 2384      61645F72 
 2384      65666572 
 2384      656E6365 
 2384      5F7400
 2385              	.LASF59:
 2386 02a7 63685F76 		.ascii	"ch_virtual_timers_list\000"
 2386      69727475 
 2386      616C5F74 
 2386      696D6572 
 2386      735F6C69 
 2387              	.LASF72:
 2388 02be 706F7274 		.ascii	"port_context\000"
 2388      5F636F6E 
 2388      74657874 
 2388      00
 2389              	.LASF85:
 2390 02cb 746D5F63 		.ascii	"tm_calibration_t\000"
 2390      616C6962 
 2390      72617469 
 2390      6F6E5F74 
 2390      00
 2391              	.LASF102:
 2392 02dc 74696D65 		.ascii	"time\000"
 2392      00
 2393              	.LASF28:
 2394 02e1 7072696F 		.ascii	"prio\000"
 2394      00
 2395              	.LASF52:
 2396 02e6 63757272 		.ascii	"current\000"
 2396      656E7400 
 2397              	.LASF11:
 2398 02ee 5F5F7569 		.ascii	"__uint64_t\000"
 2398      6E743634 
 2398      5F7400
 2399              	.LASF20:
 2400 02f9 74726566 		.ascii	"trefs_t\000"
 2400      735F7400 
 2401              	.LASF35:
 2402 0301 72656673 		.ascii	"refs\000"
 2402      00
 2403              	.LASF54:
 2404 0306 76697274 		.ascii	"virtual_timer_t\000"
 2404      75616C5F 
 2404      74696D65 
 2404      725F7400 
 2405              	.LASF21:
 2406 0316 74707269 		.ascii	"tprio_t\000"
ARM GAS  /tmp/ccGRKfhP.s 			page 46


 2406      6F5F7400 
 2407              	.LASF62:
 2408 031e 63685F73 		.ascii	"ch_system_debug\000"
 2408      79737465 
 2408      6D5F6465 
 2408      62756700 
 2409              	.LASF99:
 2410 032e 5F426F6F 		.ascii	"_Bool\000"
 2410      6C00
 2411              	.LASF14:
 2412 0334 696E7433 		.ascii	"int32_t\000"
 2412      325F7400 
 2413              	.LASF2:
 2414 033c 756E7369 		.ascii	"unsigned char\000"
 2414      676E6564 
 2414      20636861 
 2414      7200
 2415              	.LASF106:
 2416 034a 64656C61 		.ascii	"delay\000"
 2416      7900
 2417              	.LASF3:
 2418 0350 73686F72 		.ascii	"short int\000"
 2418      7420696E 
 2418      7400
 2419              	.LASF60:
 2420 035a 6C617374 		.ascii	"lasttime\000"
 2420      74696D65 
 2420      00
 2421              	.LASF93:
 2422 0363 65776D61 		.ascii	"ewmask\000"
 2422      736B00
 2423              	.LASF65:
 2424 036a 63685F73 		.ascii	"ch_system\000"
 2424      79737465 
 2424      6D00
 2425              	.LASF116:
 2426 0374 706F7274 		.ascii	"port_timer_stop_alarm\000"
 2426      5F74696D 
 2426      65725F73 
 2426      746F705F 
 2426      616C6172 
 2427              	.LASF110:
 2428 038a 5F5F6675 		.ascii	"__func__\000"
 2428      6E635F5F 
 2428      00
 2429              	.LASF55:
 2430 0393 63685F76 		.ascii	"ch_virtual_timer\000"
 2430      69727475 
 2430      616C5F74 
 2430      696D6572 
 2430      00
 2431              	.LASF94:
 2432 03a4 63685F73 		.ascii	"ch_semaphore\000"
 2432      656D6170 
 2432      686F7265 
 2432      00
 2433              	.LASF82:
ARM GAS  /tmp/ccGRKfhP.s 			page 47


 2434 03b1 43435852 		.ascii	"CCXR\000"
 2434      00
 2435              	.LASF103:
 2436 03b6 73745F6C 		.ascii	"st_lld_get_counter\000"
 2436      6C645F67 
 2436      65745F63 
 2436      6F756E74 
 2436      657200
 2437              	.LASF15:
 2438 03c9 75696E74 		.ascii	"uint32_t\000"
 2438      33325F74 
 2438      00
 2439              	.LASF92:
 2440 03d2 77746D74 		.ascii	"wtmtxp\000"
 2440      787000
 2441              	.LASF45:
 2442 03d9 63685F74 		.ascii	"ch_threads_list\000"
 2442      68726561 
 2442      64735F6C 
 2442      69737400 
 2443              	.LASF96:
 2444 03e9 6F776E65 		.ascii	"owner\000"
 2444      7200
 2445              	.LASF113:
 2446 03ef 474E5520 		.ascii	"GNU C 4.9.3 20150529 (prerelease) -mcpu=cortex-m4 -"
 2446      4320342E 
 2446      392E3320 
 2446      32303135 
 2446      30353239 
 2447 0422 6D6E6F2D 		.ascii	"mno-thumb-interwork -mthumb -ggdb -O0 -fomit-frame-"
 2447      7468756D 
 2447      622D696E 
 2447      74657277 
 2447      6F726B20 
 2448 0455 706F696E 		.ascii	"pointer -falign-functions=16\000"
 2448      74657220 
 2448      2D66616C 
 2448      69676E2D 
 2448      66756E63 
 2449              	.LASF97:
 2450 0472 63686172 		.ascii	"char\000"
 2450      00
 2451              	.LASF30:
 2452 0477 6F6C6465 		.ascii	"older\000"
 2452      7200
 2453              	.LASF0:
 2454 047d 756E7369 		.ascii	"unsigned int\000"
 2454      676E6564 
 2454      20696E74 
 2454      00
 2455              	.LASF80:
 2456 048a 444D4152 		.ascii	"DMAR\000"
 2456      00
 2457              	.LASF26:
 2458 048f 74687265 		.ascii	"thread_t\000"
 2458      61645F74 
 2458      00
ARM GAS  /tmp/ccGRKfhP.s 			page 48


 2459              	.LASF25:
 2460 0498 73797374 		.ascii	"systime_t\000"
 2460      696D655F 
 2460      7400
 2461              	.LASF53:
 2462 04a2 76746675 		.ascii	"vtfunc_t\000"
 2462      6E635F74 
 2462      00
 2463              	.LASF63:
 2464 04ab 70616E69 		.ascii	"panic_msg\000"
 2464      635F6D73 
 2464      6700
 2465              	.LASF84:
 2466 04b5 6F666673 		.ascii	"offset\000"
 2466      657400
 2467              	.LASF4:
 2468 04bc 73686F72 		.ascii	"short unsigned int\000"
 2468      7420756E 
 2468      7369676E 
 2468      65642069 
 2468      6E7400
 2469              	.LASF104:
 2470 04cf 706F7274 		.ascii	"port_timer_get_time\000"
 2470      5F74696D 
 2470      65725F67 
 2470      65745F74 
 2470      696D6500 
 2471              	.LASF17:
 2472 04e3 7274636E 		.ascii	"rtcnt_t\000"
 2472      745F7400 
 2473              	.LASF107:
 2474 04eb 76746675 		.ascii	"vtfunc\000"
 2474      6E6300
 2475              	.LASF47:
 2476 04f2 74687265 		.ascii	"threads_queue_t\000"
 2476      6164735F 
 2476      71756575 
 2476      655F7400 
 2477              	.LASF95:
 2478 0502 63685F6D 		.ascii	"ch_mutex\000"
 2478      75746578 
 2478      00
 2479              	.LASF114:
 2480 050b 2E2E2F2E 		.ascii	"../../../os/rt/src/chvt.c\000"
 2480      2E2F2E2E 
 2480      2F6F732F 
 2480      72742F73 
 2480      72632F63 
 2481              	.LASF66:
 2482 0525 726C6973 		.ascii	"rlist\000"
 2482      7400
 2483              	.LASF13:
 2484 052b 75696E74 		.ascii	"uint8_t\000"
 2484      385F7400 
 2485              	.LASF34:
 2486 0533 666C6167 		.ascii	"flags\000"
 2486      7300
ARM GAS  /tmp/ccGRKfhP.s 			page 49


 2487              	.LASF101:
 2488 0539 706F7274 		.ascii	"port_timer_set_alarm\000"
 2488      5F74696D 
 2488      65725F73 
 2488      65745F61 
 2488      6C61726D 
 2489              	.LASF88:
 2490 054e 77746F62 		.ascii	"wtobjp\000"
 2490      6A7000
 2491              	.LASF43:
 2492 0555 74687265 		.ascii	"threads_list_t\000"
 2492      6164735F 
 2492      6C697374 
 2492      5F7400
 2493              	.LASF18:
 2494 0564 746D6F64 		.ascii	"tmode_t\000"
 2494      655F7400 
 2495              	.LASF39:
 2496 056c 6D74786C 		.ascii	"mtxlist\000"
 2496      69737400 
 2497              		.ident	"GCC: (15:4.9.3+svn231177-1) 4.9.3 20150529 (prerelease)"
ARM GAS  /tmp/ccGRKfhP.s 			page 50


DEFINED SYMBOLS
                            *ABS*:0000000000000000 chvt.c
     /tmp/ccGRKfhP.s:18     .text:0000000000000000 $t
     /tmp/ccGRKfhP.s:23     .text:0000000000000000 st_lld_get_counter
     /tmp/ccGRKfhP.s:45     .text:0000000000000010 port_timer_start_alarm
     /tmp/ccGRKfhP.s:74     .text:0000000000000030 port_timer_stop_alarm
     /tmp/ccGRKfhP.s:96     .text:0000000000000040 port_timer_set_alarm
     /tmp/ccGRKfhP.s:124    .text:0000000000000060 port_timer_get_time
     /tmp/ccGRKfhP.s:148    .text:0000000000000070 chVTGetSystemTimeX
     /tmp/ccGRKfhP.s:174    .text:0000000000000080 _vt_init
     /tmp/ccGRKfhP.s:203    .text:000000000000009c $d
     /tmp/ccGRKfhP.s:208    .text:00000000000000a4 $t
     /tmp/ccGRKfhP.s:214    .text:00000000000000b0 chVTDoSetI
     /tmp/ccGRKfhP.s:399    .text:00000000000001bc $d
     /tmp/ccGRKfhP.s:404    .text:00000000000001c4 $t
     /tmp/ccGRKfhP.s:410    .text:00000000000001d0 chVTDoResetI
     /tmp/ccGRKfhP.s:550    .text:000000000000029c $d
                     .debug_frame:0000000000000010 $d

UNDEFINED SYMBOLS
stStartAlarm
stStopAlarm
stSetAlarm
ch
