ARM GAS  /tmp/ccgzdr9G.s 			page 1


   1              		.syntax unified
   2              		.cpu cortex-m4
   3              		.fpu softvfp
   4              		.eabi_attribute 20, 1
   5              		.eabi_attribute 21, 1
   6              		.eabi_attribute 23, 3
   7              		.eabi_attribute 24, 1
   8              		.eabi_attribute 25, 1
   9              		.eabi_attribute 26, 1
  10              		.eabi_attribute 30, 6
  11              		.eabi_attribute 34, 1
  12              		.eabi_attribute 18, 4
  13              		.thumb
  14              		.file	"hal.c"
  15              		.text
  16              	.Ltext0:
  17              		.cfi_sections	.debug_frame
  18              		.align	2
  19              		.p2align 4,,15
  20              		.thumb
  21              		.thumb_func
  22              		.type	osalInit, %function
  23              	osalInit:
  24              	.LFB248:
  25              		.file 1 "../../../os/hal/osal/rt/osal.h"
  26              		.loc 1 449 0
  27              		.cfi_startproc
  28              		@ args = 0, pretend = 0, frame = 0
  29              		@ frame_needed = 0, uses_anonymous_args = 0
  30              		@ link register save eliminated.
  31              		.loc 1 451 0
  32 0000 7047     		bx	lr
  33              		.cfi_endproc
  34              	.LFE248:
  35              		.size	osalInit, .-osalInit
  36 0002 00BF     		.align	2
  37 0004 AFF30080 		.p2align 4,,15
  37      AFF30080 
  37      AFF30080 
  38              		.global	halInit
  39              		.thumb
  40              		.thumb_func
  41              		.type	halInit, %function
  42              	halInit:
  43              	.LFB279:
  44              		.file 2 "../../../os/hal/src/hal.c"
  45              		.loc 2 56 0
  46              		.cfi_startproc
  47              		@ args = 0, pretend = 0, frame = 0
  48              		@ frame_needed = 0, uses_anonymous_args = 0
  49 0010 08B5     		push	{r3, lr}
  50              		.cfi_def_cfa_offset 8
  51              		.cfi_offset 3, -8
  52              		.cfi_offset 14, -4
  53              		.loc 2 59 0
  54 0012 FFF7F5FF 		bl	osalInit
  55              		.loc 2 62 0
ARM GAS  /tmp/ccgzdr9G.s 			page 2


  56 0016 FFF7FEFF 		bl	hal_lld_init
  57              		.loc 2 65 0
  58 001a 0648     		ldr	r0, .L3
  59 001c FFF7FEFF 		bl	_pal_lld_init
  60              		.loc 2 83 0
  61 0020 FFF7FEFF 		bl	i2cInit
  62              		.loc 2 101 0
  63 0024 FFF7FEFF 		bl	sdInit
  64              		.loc 2 136 0
  65 0028 FFF7FEFF 		bl	boardInit
  66              		.loc 2 143 0
  67 002c FFF7FEFF 		bl	stInit
  68              		.loc 2 145 0
  69 0030 08BD     		pop	{r3, pc}
  70              	.L4:
  71 0032 00BF     		.align	2
  72              	.L3:
  73 0034 00000000 		.word	pal_default_config
  74              		.cfi_endproc
  75              	.LFE279:
  76              		.size	halInit, .-halInit
  77              	.Letext0:
  78              		.file 3 "/usr/include/newlib/machine/_default_types.h"
  79              		.file 4 "/usr/include/newlib/sys/_stdint.h"
  80              		.file 5 "../../../os/common/ports/ARMCMx/compilers/GCC/chtypes.h"
  81              		.file 6 "../../../os/rt/include/chsystypes.h"
  82              		.file 7 "../../../os/rt/include/chschd.h"
  83              		.file 8 "../../../os/common/ports/ARMCMx/chcore.h"
  84              		.file 9 "../../../os/common/ports/ARMCMx/chcore_v7m.h"
  85              		.file 10 "../../../os/rt/include/chtm.h"
  86              		.file 11 "../../../os/rt/include/chsem.h"
  87              		.file 12 "../../../os/rt/include/chmtx.h"
  88              		.file 13 "../../../os/hal/ports/STM32/LLD/GPIOv2/hal_pal_lld.h"
  89              		.file 14 "../../../os/common/ext/CMSIS/include/core_cm4.h"
  90              		.section	.debug_info,"",%progbits
  91              	.Ldebug_info0:
  92 0000 3F070000 		.4byte	0x73f
  93 0004 0400     		.2byte	0x4
  94 0006 00000000 		.4byte	.Ldebug_abbrev0
  95 000a 04       		.byte	0x4
  96 000b 01       		.uleb128 0x1
  97 000c E3030000 		.4byte	.LASF109
  98 0010 01       		.byte	0x1
  99 0011 39010000 		.4byte	.LASF110
 100 0015 B9010000 		.4byte	.LASF111
 101 0019 00000000 		.4byte	.Ltext0
 102 001d 38000000 		.4byte	.Letext0-.Ltext0
 103 0021 00000000 		.4byte	.Ldebug_line0
 104 0025 02       		.uleb128 0x2
 105 0026 04       		.byte	0x4
 106 0027 05       		.byte	0x5
 107 0028 696E7400 		.ascii	"int\000"
 108 002c 03       		.uleb128 0x3
 109 002d 04       		.byte	0x4
 110 002e 07       		.byte	0x7
 111 002f 8B010000 		.4byte	.LASF0
 112 0033 03       		.uleb128 0x3
ARM GAS  /tmp/ccgzdr9G.s 			page 3


 113 0034 01       		.byte	0x1
 114 0035 06       		.byte	0x6
 115 0036 ED000000 		.4byte	.LASF1
 116 003a 04       		.uleb128 0x4
 117 003b 3C000000 		.4byte	.LASF5
 118 003f 03       		.byte	0x3
 119 0040 1D       		.byte	0x1d
 120 0041 45000000 		.4byte	0x45
 121 0045 03       		.uleb128 0x3
 122 0046 01       		.byte	0x1
 123 0047 08       		.byte	0x8
 124 0048 5A030000 		.4byte	.LASF2
 125 004c 03       		.uleb128 0x3
 126 004d 02       		.byte	0x2
 127 004e 05       		.byte	0x5
 128 004f 6D030000 		.4byte	.LASF3
 129 0053 03       		.uleb128 0x3
 130 0054 02       		.byte	0x2
 131 0055 07       		.byte	0x7
 132 0056 14020000 		.4byte	.LASF4
 133 005a 04       		.uleb128 0x4
 134 005b 6E020000 		.4byte	.LASF6
 135 005f 03       		.byte	0x3
 136 0060 3F       		.byte	0x3f
 137 0061 65000000 		.4byte	0x65
 138 0065 03       		.uleb128 0x3
 139 0066 04       		.byte	0x4
 140 0067 05       		.byte	0x5
 141 0068 0E010000 		.4byte	.LASF7
 142 006c 04       		.uleb128 0x4
 143 006d 53010000 		.4byte	.LASF8
 144 0071 03       		.byte	0x3
 145 0072 41       		.byte	0x41
 146 0073 77000000 		.4byte	0x77
 147 0077 03       		.uleb128 0x3
 148 0078 04       		.byte	0x4
 149 0079 07       		.byte	0x7
 150 007a 9F010000 		.4byte	.LASF9
 151 007e 03       		.uleb128 0x3
 152 007f 08       		.byte	0x8
 153 0080 05       		.byte	0x5
 154 0081 DF000000 		.4byte	.LASF10
 155 0085 04       		.uleb128 0x4
 156 0086 03030000 		.4byte	.LASF11
 157 008a 03       		.byte	0x3
 158 008b 5B       		.byte	0x5b
 159 008c 90000000 		.4byte	0x90
 160 0090 03       		.uleb128 0x3
 161 0091 08       		.byte	0x8
 162 0092 07       		.byte	0x7
 163 0093 6D000000 		.4byte	.LASF12
 164 0097 04       		.uleb128 0x4
 165 0098 CC040000 		.4byte	.LASF13
 166 009c 04       		.byte	0x4
 167 009d 14       		.byte	0x14
 168 009e 3A000000 		.4byte	0x3a
 169 00a2 04       		.uleb128 0x4
ARM GAS  /tmp/ccgzdr9G.s 			page 4


 170 00a3 52030000 		.4byte	.LASF14
 171 00a7 04       		.byte	0x4
 172 00a8 1F       		.byte	0x1f
 173 00a9 5A000000 		.4byte	0x5a
 174 00ad 04       		.uleb128 0x4
 175 00ae BD030000 		.4byte	.LASF15
 176 00b2 04       		.byte	0x4
 177 00b3 20       		.byte	0x20
 178 00b4 6C000000 		.4byte	0x6c
 179 00b8 04       		.uleb128 0x4
 180 00b9 33000000 		.4byte	.LASF16
 181 00bd 04       		.byte	0x4
 182 00be 26       		.byte	0x26
 183 00bf 85000000 		.4byte	0x85
 184 00c3 04       		.uleb128 0x4
 185 00c4 A5040000 		.4byte	.LASF17
 186 00c8 05       		.byte	0x5
 187 00c9 39       		.byte	0x39
 188 00ca AD000000 		.4byte	0xad
 189 00ce 04       		.uleb128 0x4
 190 00cf 4C020000 		.4byte	.LASF18
 191 00d3 05       		.byte	0x5
 192 00d4 3C       		.byte	0x3c
 193 00d5 97000000 		.4byte	0x97
 194 00d9 04       		.uleb128 0x4
 195 00da 1E010000 		.4byte	.LASF19
 196 00de 05       		.byte	0x5
 197 00df 3D       		.byte	0x3d
 198 00e0 97000000 		.4byte	0x97
 199 00e4 04       		.uleb128 0x4
 200 00e5 0E030000 		.4byte	.LASF20
 201 00e9 05       		.byte	0x5
 202 00ea 3E       		.byte	0x3e
 203 00eb 97000000 		.4byte	0x97
 204 00ef 04       		.uleb128 0x4
 205 00f0 34030000 		.4byte	.LASF21
 206 00f4 05       		.byte	0x5
 207 00f5 40       		.byte	0x40
 208 00f6 AD000000 		.4byte	0xad
 209 00fa 04       		.uleb128 0x4
 210 00fb 31020000 		.4byte	.LASF22
 211 00ff 05       		.byte	0x5
 212 0100 41       		.byte	0x41
 213 0101 A2000000 		.4byte	0xa2
 214 0105 04       		.uleb128 0x4
 215 0106 62020000 		.4byte	.LASF23
 216 010a 05       		.byte	0x5
 217 010b 43       		.byte	0x43
 218 010c AD000000 		.4byte	0xad
 219 0110 04       		.uleb128 0x4
 220 0111 85010000 		.4byte	.LASF24
 221 0115 05       		.byte	0x5
 222 0116 45       		.byte	0x45
 223 0117 A2000000 		.4byte	0xa2
 224 011b 04       		.uleb128 0x4
 225 011c 7A040000 		.4byte	.LASF25
 226 0120 06       		.byte	0x6
ARM GAS  /tmp/ccgzdr9G.s 			page 5


 227 0121 33       		.byte	0x33
 228 0122 AD000000 		.4byte	0xad
 229 0126 04       		.uleb128 0x4
 230 0127 71040000 		.4byte	.LASF26
 231 012b 06       		.byte	0x6
 232 012c 3F       		.byte	0x3f
 233 012d 31010000 		.4byte	0x131
 234 0131 05       		.uleb128 0x5
 235 0132 27020000 		.4byte	.LASF44
 236 0136 44       		.byte	0x44
 237 0137 07       		.byte	0x7
 238 0138 9A       		.byte	0x9a
 239 0139 0F020000 		.4byte	0x20f
 240 013d 06       		.uleb128 0x6
 241 013e 2C010000 		.4byte	.LASF27
 242 0142 07       		.byte	0x7
 243 0143 9B       		.byte	0x9b
 244 0144 44020000 		.4byte	0x244
 245 0148 00       		.byte	0
 246 0149 06       		.uleb128 0x6
 247 014a F6020000 		.4byte	.LASF28
 248 014e 07       		.byte	0x7
 249 014f 9C       		.byte	0x9c
 250 0150 EF000000 		.4byte	0xef
 251 0154 08       		.byte	0x8
 252 0155 07       		.uleb128 0x7
 253 0156 63747800 		.ascii	"ctx\000"
 254 015a 07       		.byte	0x7
 255 015b 9D       		.byte	0x9d
 256 015c 3C040000 		.4byte	0x43c
 257 0160 0C       		.byte	0xc
 258 0161 06       		.uleb128 0x6
 259 0162 8A020000 		.4byte	.LASF29
 260 0166 07       		.byte	0x7
 261 0167 9F       		.byte	0x9f
 262 0168 1A020000 		.4byte	0x21a
 263 016c 10       		.byte	0x10
 264 016d 06       		.uleb128 0x6
 265 016e 6B040000 		.4byte	.LASF30
 266 0172 07       		.byte	0x7
 267 0173 A0       		.byte	0xa0
 268 0174 1A020000 		.4byte	0x21a
 269 0178 14       		.byte	0x14
 270 0179 06       		.uleb128 0x6
 271 017a 02020000 		.4byte	.LASF31
 272 017e 07       		.byte	0x7
 273 017f A7       		.byte	0xa7
 274 0180 C1050000 		.4byte	0x5c1
 275 0184 18       		.byte	0x18
 276 0185 06       		.uleb128 0x6
 277 0186 32010000 		.4byte	.LASF32
 278 018a 07       		.byte	0x7
 279 018b B0       		.byte	0xb0
 280 018c D3050000 		.4byte	0x5d3
 281 0190 1C       		.byte	0x1c
 282 0191 06       		.uleb128 0x6
 283 0192 08010000 		.4byte	.LASF33
ARM GAS  /tmp/ccgzdr9G.s 			page 6


 284 0196 07       		.byte	0x7
 285 0197 B5       		.byte	0xb5
 286 0198 D9000000 		.4byte	0xd9
 287 019c 20       		.byte	0x20
 288 019d 06       		.uleb128 0x6
 289 019e D4040000 		.4byte	.LASF34
 290 01a2 07       		.byte	0x7
 291 01a3 B9       		.byte	0xb9
 292 01a4 CE000000 		.4byte	0xce
 293 01a8 21       		.byte	0x21
 294 01a9 06       		.uleb128 0x6
 295 01aa 16030000 		.4byte	.LASF35
 296 01ae 07       		.byte	0x7
 297 01af BE       		.byte	0xbe
 298 01b0 E4000000 		.4byte	0xe4
 299 01b4 22       		.byte	0x22
 300 01b5 08       		.uleb128 0x8
 301 01b6 7500     		.ascii	"u\000"
 302 01b8 07       		.byte	0x7
 303 01b9 0F01     		.2byte	0x10f
 304 01bb F6040000 		.4byte	0x4f6
 305 01bf 24       		.byte	0x24
 306 01c0 09       		.uleb128 0x9
 307 01c1 6E010000 		.4byte	.LASF36
 308 01c5 07       		.byte	0x7
 309 01c6 1401     		.2byte	0x114
 310 01c8 20020000 		.4byte	0x220
 311 01cc 28       		.byte	0x28
 312 01cd 09       		.uleb128 0x9
 313 01ce FF000000 		.4byte	.LASF37
 314 01d2 07       		.byte	0x7
 315 01d3 1A01     		.2byte	0x11a
 316 01d5 44020000 		.4byte	0x244
 317 01d9 2C       		.byte	0x2c
 318 01da 09       		.uleb128 0x9
 319 01db 37020000 		.4byte	.LASF38
 320 01df 07       		.byte	0x7
 321 01e0 2001     		.2byte	0x120
 322 01e2 05010000 		.4byte	0x105
 323 01e6 34       		.byte	0x34
 324 01e7 09       		.uleb128 0x9
 325 01e8 F7040000 		.4byte	.LASF39
 326 01ec 07       		.byte	0x7
 327 01ed 2701     		.2byte	0x127
 328 01ef BB050000 		.4byte	0x5bb
 329 01f3 38       		.byte	0x38
 330 01f4 09       		.uleb128 0x9
 331 01f5 90020000 		.4byte	.LASF40
 332 01f9 07       		.byte	0x7
 333 01fa 2B01     		.2byte	0x12b
 334 01fc EF000000 		.4byte	0xef
 335 0200 3C       		.byte	0x3c
 336 0201 09       		.uleb128 0x9
 337 0202 0E020000 		.4byte	.LASF41
 338 0206 07       		.byte	0x7
 339 0207 3201     		.2byte	0x132
 340 0209 F7020000 		.4byte	0x2f7
ARM GAS  /tmp/ccgzdr9G.s 			page 7


 341 020d 40       		.byte	0x40
 342 020e 00       		.byte	0
 343 020f 04       		.uleb128 0x4
 344 0210 A2020000 		.4byte	.LASF42
 345 0214 06       		.byte	0x6
 346 0215 44       		.byte	0x44
 347 0216 1A020000 		.4byte	0x21a
 348 021a 0A       		.uleb128 0xa
 349 021b 04       		.byte	0x4
 350 021c 26010000 		.4byte	0x126
 351 0220 04       		.uleb128 0x4
 352 0221 E8040000 		.4byte	.LASF43
 353 0225 06       		.byte	0x6
 354 0226 49       		.byte	0x49
 355 0227 2B020000 		.4byte	0x22b
 356 022b 05       		.uleb128 0x5
 357 022c CD030000 		.4byte	.LASF45
 358 0230 04       		.byte	0x4
 359 0231 07       		.byte	0x7
 360 0232 88       		.byte	0x88
 361 0233 44020000 		.4byte	0x244
 362 0237 06       		.uleb128 0x6
 363 0238 C9000000 		.4byte	.LASF46
 364 023c 07       		.byte	0x7
 365 023d 89       		.byte	0x89
 366 023e 1A020000 		.4byte	0x21a
 367 0242 00       		.byte	0
 368 0243 00       		.byte	0
 369 0244 04       		.uleb128 0x4
 370 0245 AD040000 		.4byte	.LASF47
 371 0249 06       		.byte	0x6
 372 024a 50       		.byte	0x50
 373 024b 4F020000 		.4byte	0x24f
 374 024f 05       		.uleb128 0x5
 375 0250 CE000000 		.4byte	.LASF48
 376 0254 08       		.byte	0x8
 377 0255 07       		.byte	0x7
 378 0256 8F       		.byte	0x8f
 379 0257 74020000 		.4byte	0x274
 380 025b 06       		.uleb128 0x6
 381 025c C9000000 		.4byte	.LASF46
 382 0260 07       		.byte	0x7
 383 0261 90       		.byte	0x90
 384 0262 1A020000 		.4byte	0x21a
 385 0266 00       		.byte	0
 386 0267 06       		.uleb128 0x6
 387 0268 46000000 		.4byte	.LASF49
 388 026c 07       		.byte	0x7
 389 026d 91       		.byte	0x91
 390 026e 1A020000 		.4byte	0x21a
 391 0272 04       		.byte	0x4
 392 0273 00       		.byte	0
 393 0274 04       		.uleb128 0x4
 394 0275 13000000 		.4byte	.LASF50
 395 0279 06       		.byte	0x6
 396 027a 57       		.byte	0x57
 397 027b 7F020000 		.4byte	0x27f
ARM GAS  /tmp/ccgzdr9G.s 			page 8


 398 027f 0B       		.uleb128 0xb
 399 0280 54020000 		.4byte	.LASF51
 400 0284 1C       		.byte	0x1c
 401 0285 07       		.byte	0x7
 402 0286 6A01     		.2byte	0x16a
 403 0288 DB020000 		.4byte	0x2db
 404 028c 09       		.uleb128 0x9
 405 028d 2C010000 		.4byte	.LASF27
 406 0291 07       		.byte	0x7
 407 0292 6B01     		.2byte	0x16b
 408 0294 44020000 		.4byte	0x244
 409 0298 00       		.byte	0
 410 0299 09       		.uleb128 0x9
 411 029a F6020000 		.4byte	.LASF28
 412 029e 07       		.byte	0x7
 413 029f 6C01     		.2byte	0x16c
 414 02a1 EF000000 		.4byte	0xef
 415 02a5 08       		.byte	0x8
 416 02a6 08       		.uleb128 0x8
 417 02a7 63747800 		.ascii	"ctx\000"
 418 02ab 07       		.byte	0x7
 419 02ac 6E01     		.2byte	0x16e
 420 02ae 3C040000 		.4byte	0x43c
 421 02b2 0C       		.byte	0xc
 422 02b3 09       		.uleb128 0x9
 423 02b4 8A020000 		.4byte	.LASF29
 424 02b8 07       		.byte	0x7
 425 02b9 7101     		.2byte	0x171
 426 02bb 1A020000 		.4byte	0x21a
 427 02bf 10       		.byte	0x10
 428 02c0 09       		.uleb128 0x9
 429 02c1 6B040000 		.4byte	.LASF30
 430 02c5 07       		.byte	0x7
 431 02c6 7201     		.2byte	0x172
 432 02c8 1A020000 		.4byte	0x21a
 433 02cc 14       		.byte	0x14
 434 02cd 09       		.uleb128 0x9
 435 02ce FB020000 		.4byte	.LASF52
 436 02d2 07       		.byte	0x7
 437 02d3 7501     		.2byte	0x175
 438 02d5 1A020000 		.4byte	0x21a
 439 02d9 18       		.byte	0x18
 440 02da 00       		.byte	0
 441 02db 04       		.uleb128 0x4
 442 02dc 84040000 		.4byte	.LASF53
 443 02e0 06       		.byte	0x6
 444 02e1 5C       		.byte	0x5c
 445 02e2 E6020000 		.4byte	0x2e6
 446 02e6 0A       		.uleb128 0xa
 447 02e7 04       		.byte	0x4
 448 02e8 EC020000 		.4byte	0x2ec
 449 02ec 0C       		.uleb128 0xc
 450 02ed F7020000 		.4byte	0x2f7
 451 02f1 0D       		.uleb128 0xd
 452 02f2 F7020000 		.4byte	0x2f7
 453 02f6 00       		.byte	0
 454 02f7 0E       		.uleb128 0xe
ARM GAS  /tmp/ccgzdr9G.s 			page 9


 455 02f8 04       		.byte	0x4
 456 02f9 04       		.uleb128 0x4
 457 02fa 1B030000 		.4byte	.LASF54
 458 02fe 06       		.byte	0x6
 459 02ff 61       		.byte	0x61
 460 0300 04030000 		.4byte	0x304
 461 0304 0B       		.uleb128 0xb
 462 0305 9F030000 		.4byte	.LASF55
 463 0309 14       		.byte	0x14
 464 030a 07       		.byte	0x7
 465 030b 4501     		.2byte	0x145
 466 030d 53030000 		.4byte	0x353
 467 0311 09       		.uleb128 0x9
 468 0312 C9000000 		.4byte	.LASF46
 469 0316 07       		.byte	0x7
 470 0317 4601     		.2byte	0x146
 471 0319 D9050000 		.4byte	0x5d9
 472 031d 00       		.byte	0
 473 031e 09       		.uleb128 0x9
 474 031f 46000000 		.4byte	.LASF49
 475 0323 07       		.byte	0x7
 476 0324 4701     		.2byte	0x147
 477 0326 D9050000 		.4byte	0x5d9
 478 032a 04       		.byte	0x4
 479 032b 09       		.uleb128 0x9
 480 032c 26000000 		.4byte	.LASF56
 481 0330 07       		.byte	0x7
 482 0331 4801     		.2byte	0x148
 483 0333 1B010000 		.4byte	0x11b
 484 0337 08       		.byte	0x8
 485 0338 09       		.uleb128 0x9
 486 0339 27010000 		.4byte	.LASF57
 487 033d 07       		.byte	0x7
 488 033e 4901     		.2byte	0x149
 489 0340 DB020000 		.4byte	0x2db
 490 0344 0C       		.byte	0xc
 491 0345 08       		.uleb128 0x8
 492 0346 70617200 		.ascii	"par\000"
 493 034a 07       		.byte	0x7
 494 034b 4B01     		.2byte	0x14b
 495 034d F7020000 		.4byte	0x2f7
 496 0351 10       		.byte	0x10
 497 0352 00       		.byte	0
 498 0353 04       		.uleb128 0x4
 499 0354 A6000000 		.4byte	.LASF58
 500 0358 06       		.byte	0x6
 501 0359 66       		.byte	0x66
 502 035a 5E030000 		.4byte	0x35e
 503 035e 0B       		.uleb128 0xb
 504 035f B5020000 		.4byte	.LASF59
 505 0363 10       		.byte	0x10
 506 0364 07       		.byte	0x7
 507 0365 5501     		.2byte	0x155
 508 0367 A0030000 		.4byte	0x3a0
 509 036b 09       		.uleb128 0x9
 510 036c C9000000 		.4byte	.LASF46
 511 0370 07       		.byte	0x7
ARM GAS  /tmp/ccgzdr9G.s 			page 10


 512 0371 5601     		.2byte	0x156
 513 0373 D9050000 		.4byte	0x5d9
 514 0377 00       		.byte	0
 515 0378 09       		.uleb128 0x9
 516 0379 46000000 		.4byte	.LASF49
 517 037d 07       		.byte	0x7
 518 037e 5801     		.2byte	0x158
 519 0380 D9050000 		.4byte	0x5d9
 520 0384 04       		.byte	0x4
 521 0385 09       		.uleb128 0x9
 522 0386 26000000 		.4byte	.LASF56
 523 038a 07       		.byte	0x7
 524 038b 5A01     		.2byte	0x15a
 525 038d 1B010000 		.4byte	0x11b
 526 0391 08       		.byte	0x8
 527 0392 09       		.uleb128 0x9
 528 0393 77030000 		.4byte	.LASF60
 529 0397 07       		.byte	0x7
 530 0398 6201     		.2byte	0x162
 531 039a 1B010000 		.4byte	0x11b
 532 039e 0C       		.byte	0xc
 533 039f 00       		.byte	0
 534 03a0 04       		.uleb128 0x4
 535 03a1 57000000 		.4byte	.LASF61
 536 03a5 06       		.byte	0x6
 537 03a6 6B       		.byte	0x6b
 538 03a7 AB030000 		.4byte	0x3ab
 539 03ab 0B       		.uleb128 0xb
 540 03ac 3C030000 		.4byte	.LASF62
 541 03b0 04       		.byte	0x4
 542 03b1 07       		.byte	0x7
 543 03b2 7C01     		.2byte	0x17c
 544 03b4 C6030000 		.4byte	0x3c6
 545 03b8 09       		.uleb128 0x9
 546 03b9 8D040000 		.4byte	.LASF63
 547 03bd 07       		.byte	0x7
 548 03be 8401     		.2byte	0x184
 549 03c0 DF050000 		.4byte	0x5df
 550 03c4 00       		.byte	0
 551 03c5 00       		.byte	0
 552 03c6 04       		.uleb128 0x4
 553 03c7 40020000 		.4byte	.LASF64
 554 03cb 06       		.byte	0x6
 555 03cc 70       		.byte	0x70
 556 03cd D1030000 		.4byte	0x3d1
 557 03d1 0B       		.uleb128 0xb
 558 03d2 8E030000 		.4byte	.LASF65
 559 03d6 78       		.byte	0x78
 560 03d7 07       		.byte	0x7
 561 03d8 9C01     		.2byte	0x19c
 562 03da 1F040000 		.4byte	0x41f
 563 03de 09       		.uleb128 0x9
 564 03df C6040000 		.4byte	.LASF66
 565 03e3 07       		.byte	0x7
 566 03e4 A001     		.2byte	0x1a0
 567 03e6 74020000 		.4byte	0x274
 568 03ea 00       		.byte	0
ARM GAS  /tmp/ccgzdr9G.s 			page 11


 569 03eb 09       		.uleb128 0x9
 570 03ec 67010000 		.4byte	.LASF67
 571 03f0 07       		.byte	0x7
 572 03f1 A401     		.2byte	0x1a4
 573 03f3 53030000 		.4byte	0x353
 574 03f7 1C       		.byte	0x1c
 575 03f8 08       		.uleb128 0x8
 576 03f9 64626700 		.ascii	"dbg\000"
 577 03fd 07       		.byte	0x7
 578 03fe A801     		.2byte	0x1a8
 579 0400 A0030000 		.4byte	0x3a0
 580 0404 2C       		.byte	0x2c
 581 0405 09       		.uleb128 0x9
 582 0406 93000000 		.4byte	.LASF68
 583 040a 07       		.byte	0x7
 584 040b AC01     		.2byte	0x1ac
 585 040d 26010000 		.4byte	0x126
 586 0411 30       		.byte	0x30
 587 0412 08       		.uleb128 0x8
 588 0413 746D00   		.ascii	"tm\000"
 589 0416 07       		.byte	0x7
 590 0417 B101     		.2byte	0x1b1
 591 0419 EB040000 		.4byte	0x4eb
 592 041d 74       		.byte	0x74
 593 041e 00       		.byte	0
 594 041f 03       		.uleb128 0x3
 595 0420 04       		.byte	0x4
 596 0421 07       		.byte	0x7
 597 0422 99020000 		.4byte	.LASF69
 598 0426 04       		.uleb128 0x4
 599 0427 5E010000 		.4byte	.LASF70
 600 042b 08       		.byte	0x8
 601 042c 65       		.byte	0x65
 602 042d F7020000 		.4byte	0x2f7
 603 0431 04       		.uleb128 0x4
 604 0432 7F020000 		.4byte	.LASF71
 605 0436 08       		.byte	0x8
 606 0437 6D       		.byte	0x6d
 607 0438 B8000000 		.4byte	0xb8
 608 043c 05       		.uleb128 0x5
 609 043d CC020000 		.4byte	.LASF72
 610 0441 04       		.byte	0x4
 611 0442 08       		.byte	0x8
 612 0443 89       		.byte	0x89
 613 0444 54040000 		.4byte	0x454
 614 0448 07       		.uleb128 0x7
 615 0449 737000   		.ascii	"sp\000"
 616 044c 08       		.byte	0x8
 617 044d 8A       		.byte	0x8a
 618 044e D0040000 		.4byte	0x4d0
 619 0452 00       		.byte	0
 620 0453 00       		.byte	0
 621 0454 0B       		.uleb128 0xb
 622 0455 4B000000 		.4byte	.LASF73
 623 0459 24       		.byte	0x24
 624 045a 09       		.byte	0x9
 625 045b 5901     		.2byte	0x159
ARM GAS  /tmp/ccgzdr9G.s 			page 12


 626 045d D0040000 		.4byte	0x4d0
 627 0461 08       		.uleb128 0x8
 628 0462 723400   		.ascii	"r4\000"
 629 0465 09       		.byte	0x9
 630 0466 6C01     		.2byte	0x16c
 631 0468 26040000 		.4byte	0x426
 632 046c 00       		.byte	0
 633 046d 08       		.uleb128 0x8
 634 046e 723500   		.ascii	"r5\000"
 635 0471 09       		.byte	0x9
 636 0472 6D01     		.2byte	0x16d
 637 0474 26040000 		.4byte	0x426
 638 0478 04       		.byte	0x4
 639 0479 08       		.uleb128 0x8
 640 047a 723600   		.ascii	"r6\000"
 641 047d 09       		.byte	0x9
 642 047e 6E01     		.2byte	0x16e
 643 0480 26040000 		.4byte	0x426
 644 0484 08       		.byte	0x8
 645 0485 08       		.uleb128 0x8
 646 0486 723700   		.ascii	"r7\000"
 647 0489 09       		.byte	0x9
 648 048a 6F01     		.2byte	0x16f
 649 048c 26040000 		.4byte	0x426
 650 0490 0C       		.byte	0xc
 651 0491 08       		.uleb128 0x8
 652 0492 723800   		.ascii	"r8\000"
 653 0495 09       		.byte	0x9
 654 0496 7001     		.2byte	0x170
 655 0498 26040000 		.4byte	0x426
 656 049c 10       		.byte	0x10
 657 049d 08       		.uleb128 0x8
 658 049e 723900   		.ascii	"r9\000"
 659 04a1 09       		.byte	0x9
 660 04a2 7101     		.2byte	0x171
 661 04a4 26040000 		.4byte	0x426
 662 04a8 14       		.byte	0x14
 663 04a9 08       		.uleb128 0x8
 664 04aa 72313000 		.ascii	"r10\000"
 665 04ae 09       		.byte	0x9
 666 04af 7201     		.2byte	0x172
 667 04b1 26040000 		.4byte	0x426
 668 04b5 18       		.byte	0x18
 669 04b6 08       		.uleb128 0x8
 670 04b7 72313100 		.ascii	"r11\000"
 671 04bb 09       		.byte	0x9
 672 04bc 7301     		.2byte	0x173
 673 04be 26040000 		.4byte	0x426
 674 04c2 1C       		.byte	0x1c
 675 04c3 08       		.uleb128 0x8
 676 04c4 6C7200   		.ascii	"lr\000"
 677 04c7 09       		.byte	0x9
 678 04c8 7401     		.2byte	0x174
 679 04ca 26040000 		.4byte	0x426
 680 04ce 20       		.byte	0x20
 681 04cf 00       		.byte	0
 682 04d0 0A       		.uleb128 0xa
ARM GAS  /tmp/ccgzdr9G.s 			page 13


 683 04d1 04       		.byte	0x4
 684 04d2 54040000 		.4byte	0x454
 685 04d6 0F       		.uleb128 0xf
 686 04d7 04       		.byte	0x4
 687 04d8 0A       		.byte	0xa
 688 04d9 38       		.byte	0x38
 689 04da EB040000 		.4byte	0x4eb
 690 04de 06       		.uleb128 0x6
 691 04df 97040000 		.4byte	.LASF74
 692 04e3 0A       		.byte	0xa
 693 04e4 3C       		.byte	0x3c
 694 04e5 C3000000 		.4byte	0xc3
 695 04e9 00       		.byte	0
 696 04ea 00       		.byte	0
 697 04eb 04       		.uleb128 0x4
 698 04ec D9020000 		.4byte	.LASF75
 699 04f0 0A       		.byte	0xa
 700 04f1 3D       		.byte	0x3d
 701 04f2 D6040000 		.4byte	0x4d6
 702 04f6 10       		.uleb128 0x10
 703 04f7 04       		.byte	0x4
 704 04f8 07       		.byte	0x7
 705 04f9 D2       		.byte	0xd2
 706 04fa 59050000 		.4byte	0x559
 707 04fe 11       		.uleb128 0x11
 708 04ff 2C000000 		.4byte	.LASF76
 709 0503 07       		.byte	0x7
 710 0504 D9       		.byte	0xd9
 711 0505 FA000000 		.4byte	0xfa
 712 0509 11       		.uleb128 0x11
 713 050a 8A000000 		.4byte	.LASF77
 714 050e 07       		.byte	0x7
 715 050f E0       		.byte	0xe0
 716 0510 FA000000 		.4byte	0xfa
 717 0514 11       		.uleb128 0x11
 718 0515 DA040000 		.4byte	.LASF78
 719 0519 07       		.byte	0x7
 720 051a E7       		.byte	0xe7
 721 051b F7020000 		.4byte	0x2f7
 722 051f 11       		.uleb128 0x11
 723 0520 20000000 		.4byte	.LASF79
 724 0524 07       		.byte	0x7
 725 0525 EE       		.byte	0xee
 726 0526 59050000 		.4byte	0x559
 727 052a 11       		.uleb128 0x11
 728 052b 9E000000 		.4byte	.LASF80
 729 052f 07       		.byte	0x7
 730 0530 F3       		.byte	0xf3
 731 0531 FA000000 		.4byte	0xfa
 732 0535 11       		.uleb128 0x11
 733 0536 98010000 		.4byte	.LASF81
 734 053a 07       		.byte	0x7
 735 053b FC       		.byte	0xfc
 736 053c 84050000 		.4byte	0x584
 737 0540 12       		.uleb128 0x12
 738 0541 C6030000 		.4byte	.LASF82
 739 0545 07       		.byte	0x7
ARM GAS  /tmp/ccgzdr9G.s 			page 14


 740 0546 0501     		.2byte	0x105
 741 0548 BB050000 		.4byte	0x5bb
 742 054c 12       		.uleb128 0x12
 743 054d 87030000 		.4byte	.LASF83
 744 0551 07       		.byte	0x7
 745 0552 0D01     		.2byte	0x10d
 746 0554 05010000 		.4byte	0x105
 747 0558 00       		.byte	0
 748 0559 0A       		.uleb128 0xa
 749 055a 04       		.byte	0x4
 750 055b 0F020000 		.4byte	0x20f
 751 055f 05       		.uleb128 0x5
 752 0560 B0030000 		.4byte	.LASF84
 753 0564 0C       		.byte	0xc
 754 0565 0B       		.byte	0xb
 755 0566 34       		.byte	0x34
 756 0567 84050000 		.4byte	0x584
 757 056b 06       		.uleb128 0x6
 758 056c 2C010000 		.4byte	.LASF27
 759 0570 0B       		.byte	0xb
 760 0571 35       		.byte	0x35
 761 0572 44020000 		.4byte	0x244
 762 0576 00       		.byte	0
 763 0577 07       		.uleb128 0x7
 764 0578 636E7400 		.ascii	"cnt\000"
 765 057c 0B       		.byte	0xb
 766 057d 37       		.byte	0x37
 767 057e 10010000 		.4byte	0x110
 768 0582 08       		.byte	0x8
 769 0583 00       		.byte	0
 770 0584 0A       		.uleb128 0xa
 771 0585 04       		.byte	0x4
 772 0586 5F050000 		.4byte	0x55f
 773 058a 05       		.uleb128 0x5
 774 058b BD040000 		.4byte	.LASF85
 775 058f 10       		.byte	0x10
 776 0590 0C       		.byte	0xc
 777 0591 39       		.byte	0x39
 778 0592 BB050000 		.4byte	0x5bb
 779 0596 06       		.uleb128 0x6
 780 0597 2C010000 		.4byte	.LASF27
 781 059b 0C       		.byte	0xc
 782 059c 3A       		.byte	0x3a
 783 059d 44020000 		.4byte	0x244
 784 05a1 00       		.byte	0
 785 05a2 06       		.uleb128 0x6
 786 05a3 DD030000 		.4byte	.LASF86
 787 05a7 0C       		.byte	0xc
 788 05a8 3C       		.byte	0x3c
 789 05a9 1A020000 		.4byte	0x21a
 790 05ad 08       		.byte	0x8
 791 05ae 06       		.uleb128 0x6
 792 05af C9000000 		.4byte	.LASF46
 793 05b3 0C       		.byte	0xc
 794 05b4 3E       		.byte	0x3e
 795 05b5 EF050000 		.4byte	0x5ef
 796 05b9 0C       		.byte	0xc
ARM GAS  /tmp/ccgzdr9G.s 			page 15


 797 05ba 00       		.byte	0
 798 05bb 0A       		.uleb128 0xa
 799 05bc 04       		.byte	0x4
 800 05bd 8A050000 		.4byte	0x58a
 801 05c1 0A       		.uleb128 0xa
 802 05c2 04       		.byte	0x4
 803 05c3 C7050000 		.4byte	0x5c7
 804 05c7 13       		.uleb128 0x13
 805 05c8 CC050000 		.4byte	0x5cc
 806 05cc 03       		.uleb128 0x3
 807 05cd 01       		.byte	0x1
 808 05ce 08       		.byte	0x8
 809 05cf 66040000 		.4byte	.LASF87
 810 05d3 0A       		.uleb128 0xa
 811 05d4 04       		.byte	0x4
 812 05d5 31040000 		.4byte	0x431
 813 05d9 0A       		.uleb128 0xa
 814 05da 04       		.byte	0x4
 815 05db F9020000 		.4byte	0x2f9
 816 05df 14       		.uleb128 0x14
 817 05e0 C1050000 		.4byte	0x5c1
 818 05e4 04       		.uleb128 0x4
 819 05e5 76010000 		.4byte	.LASF88
 820 05e9 0C       		.byte	0xc
 821 05ea 34       		.byte	0x34
 822 05eb 8A050000 		.4byte	0x58a
 823 05ef 0A       		.uleb128 0xa
 824 05f0 04       		.byte	0x4
 825 05f1 E4050000 		.4byte	0x5e4
 826 05f5 03       		.uleb128 0x3
 827 05f6 01       		.byte	0x1
 828 05f7 02       		.byte	0x2
 829 05f8 4C030000 		.4byte	.LASF89
 830 05fc 0F       		.uleb128 0xf
 831 05fd 1C       		.byte	0x1c
 832 05fe 0D       		.byte	0xd
 833 05ff F5       		.byte	0xf5
 834 0600 5B060000 		.4byte	0x65b
 835 0604 06       		.uleb128 0x6
 836 0605 F9000000 		.4byte	.LASF90
 837 0609 0D       		.byte	0xd
 838 060a F7       		.byte	0xf7
 839 060b AD000000 		.4byte	0xad
 840 060f 00       		.byte	0
 841 0610 06       		.uleb128 0x6
 842 0611 07020000 		.4byte	.LASF91
 843 0615 0D       		.byte	0xd
 844 0616 F9       		.byte	0xf9
 845 0617 AD000000 		.4byte	0xad
 846 061b 04       		.byte	0x4
 847 061c 06       		.uleb128 0x6
 848 061d FA010000 		.4byte	.LASF92
 849 0621 0D       		.byte	0xd
 850 0622 FB       		.byte	0xfb
 851 0623 AD000000 		.4byte	0xad
 852 0627 08       		.byte	0x8
 853 0628 06       		.uleb128 0x6
ARM GAS  /tmp/ccgzdr9G.s 			page 16


 854 0629 84000000 		.4byte	.LASF93
 855 062d 0D       		.byte	0xd
 856 062e FD       		.byte	0xfd
 857 062f AD000000 		.4byte	0xad
 858 0633 0C       		.byte	0xc
 859 0634 07       		.uleb128 0x7
 860 0635 6F647200 		.ascii	"odr\000"
 861 0639 0D       		.byte	0xd
 862 063a FF       		.byte	0xff
 863 063b AD000000 		.4byte	0xad
 864 063f 10       		.byte	0x10
 865 0640 09       		.uleb128 0x9
 866 0641 68030000 		.4byte	.LASF94
 867 0645 0D       		.byte	0xd
 868 0646 0101     		.2byte	0x101
 869 0648 AD000000 		.4byte	0xad
 870 064c 14       		.byte	0x14
 871 064d 09       		.uleb128 0x9
 872 064e EA020000 		.4byte	.LASF95
 873 0652 0D       		.byte	0xd
 874 0653 0301     		.2byte	0x103
 875 0655 AD000000 		.4byte	0xad
 876 0659 18       		.byte	0x18
 877 065a 00       		.byte	0
 878 065b 15       		.uleb128 0x15
 879 065c 00000000 		.4byte	.LASF96
 880 0660 0D       		.byte	0xd
 881 0661 0401     		.2byte	0x104
 882 0663 FC050000 		.4byte	0x5fc
 883 0667 16       		.uleb128 0x16
 884 0668 FC       		.byte	0xfc
 885 0669 0D       		.byte	0xd
 886 066a 0D01     		.2byte	0x10d
 887 066c E6060000 		.4byte	0x6e6
 888 0670 09       		.uleb128 0x9
 889 0671 80030000 		.4byte	.LASF97
 890 0675 0D       		.byte	0xd
 891 0676 1001     		.2byte	0x110
 892 0678 5B060000 		.4byte	0x65b
 893 067c 00       		.byte	0
 894 067d 09       		.uleb128 0x9
 895 067e 7E010000 		.4byte	.LASF98
 896 0682 0D       		.byte	0xd
 897 0683 1401     		.2byte	0x114
 898 0685 5B060000 		.4byte	0x65b
 899 0689 1C       		.byte	0x1c
 900 068a 09       		.uleb128 0x9
 901 068b E1040000 		.4byte	.LASF99
 902 068f 0D       		.byte	0xd
 903 0690 1801     		.2byte	0x118
 904 0692 5B060000 		.4byte	0x65b
 905 0696 38       		.byte	0x38
 906 0697 09       		.uleb128 0x9
 907 0698 EF020000 		.4byte	.LASF100
 908 069c 0D       		.byte	0xd
 909 069d 1C01     		.2byte	0x11c
 910 069f 5B060000 		.4byte	0x65b
ARM GAS  /tmp/ccgzdr9G.s 			page 17


 911 06a3 54       		.byte	0x54
 912 06a4 09       		.uleb128 0x9
 913 06a5 17010000 		.4byte	.LASF101
 914 06a9 0D       		.byte	0xd
 915 06aa 2001     		.2byte	0x120
 916 06ac 5B060000 		.4byte	0x65b
 917 06b0 70       		.byte	0x70
 918 06b1 09       		.uleb128 0x9
 919 06b2 9E040000 		.4byte	.LASF102
 920 06b6 0D       		.byte	0xd
 921 06b7 2401     		.2byte	0x124
 922 06b9 5B060000 		.4byte	0x65b
 923 06bd 8C       		.byte	0x8c
 924 06be 09       		.uleb128 0x9
 925 06bf 78020000 		.4byte	.LASF103
 926 06c3 0D       		.byte	0xd
 927 06c4 2801     		.2byte	0x128
 928 06c6 5B060000 		.4byte	0x65b
 929 06ca A8       		.byte	0xa8
 930 06cb 09       		.uleb128 0x9
 931 06cc 66000000 		.4byte	.LASF104
 932 06d0 0D       		.byte	0xd
 933 06d1 2C01     		.2byte	0x12c
 934 06d3 5B060000 		.4byte	0x65b
 935 06d7 C4       		.byte	0xc4
 936 06d8 09       		.uleb128 0x9
 937 06d9 98030000 		.4byte	.LASF105
 938 06dd 0D       		.byte	0xd
 939 06de 3001     		.2byte	0x130
 940 06e0 5B060000 		.4byte	0x65b
 941 06e4 E0       		.byte	0xe0
 942 06e5 00       		.byte	0
 943 06e6 15       		.uleb128 0x15
 944 06e7 FF040000 		.4byte	.LASF106
 945 06eb 0D       		.byte	0xd
 946 06ec 3A01     		.2byte	0x13a
 947 06ee 67060000 		.4byte	0x667
 948 06f2 17       		.uleb128 0x17
 949 06f3 2B030000 		.4byte	.LASF112
 950 06f7 01       		.byte	0x1
 951 06f8 C101     		.2byte	0x1c1
 952 06fa 00000000 		.4byte	.LFB248
 953 06fe 02000000 		.4byte	.LFE248-.LFB248
 954 0702 01       		.uleb128 0x1
 955 0703 9C       		.byte	0x9c
 956 0704 18       		.uleb128 0x18
 957 0705 B1010000 		.4byte	.LASF113
 958 0709 02       		.byte	0x2
 959 070a 38       		.byte	0x38
 960 070b 10000000 		.4byte	.LFB279
 961 070f 28000000 		.4byte	.LFE279-.LFB279
 962 0713 01       		.uleb128 0x1
 963 0714 9C       		.byte	0x9c
 964 0715 19       		.uleb128 0x19
 965 0716 BC000000 		.4byte	.LASF107
 966 071a 0E       		.byte	0xe
 967 071b 4407     		.2byte	0x744
ARM GAS  /tmp/ccgzdr9G.s 			page 18


 968 071d 21070000 		.4byte	0x721
 969 0721 14       		.uleb128 0x14
 970 0722 A2000000 		.4byte	0xa2
 971 0726 1A       		.uleb128 0x1a
 972 0727 636800   		.ascii	"ch\000"
 973 072a 07       		.byte	0x7
 974 072b D201     		.2byte	0x1d2
 975 072d C6030000 		.4byte	0x3c6
 976 0731 19       		.uleb128 0x19
 977 0732 09050000 		.4byte	.LASF108
 978 0736 0D       		.byte	0xd
 979 0737 1E02     		.2byte	0x21e
 980 0739 3D070000 		.4byte	0x73d
 981 073d 13       		.uleb128 0x13
 982 073e E6060000 		.4byte	0x6e6
 983 0742 00       		.byte	0
 984              		.section	.debug_abbrev,"",%progbits
 985              	.Ldebug_abbrev0:
 986 0000 01       		.uleb128 0x1
 987 0001 11       		.uleb128 0x11
 988 0002 01       		.byte	0x1
 989 0003 25       		.uleb128 0x25
 990 0004 0E       		.uleb128 0xe
 991 0005 13       		.uleb128 0x13
 992 0006 0B       		.uleb128 0xb
 993 0007 03       		.uleb128 0x3
 994 0008 0E       		.uleb128 0xe
 995 0009 1B       		.uleb128 0x1b
 996 000a 0E       		.uleb128 0xe
 997 000b 11       		.uleb128 0x11
 998 000c 01       		.uleb128 0x1
 999 000d 12       		.uleb128 0x12
 1000 000e 06       		.uleb128 0x6
 1001 000f 10       		.uleb128 0x10
 1002 0010 17       		.uleb128 0x17
 1003 0011 00       		.byte	0
 1004 0012 00       		.byte	0
 1005 0013 02       		.uleb128 0x2
 1006 0014 24       		.uleb128 0x24
 1007 0015 00       		.byte	0
 1008 0016 0B       		.uleb128 0xb
 1009 0017 0B       		.uleb128 0xb
 1010 0018 3E       		.uleb128 0x3e
 1011 0019 0B       		.uleb128 0xb
 1012 001a 03       		.uleb128 0x3
 1013 001b 08       		.uleb128 0x8
 1014 001c 00       		.byte	0
 1015 001d 00       		.byte	0
 1016 001e 03       		.uleb128 0x3
 1017 001f 24       		.uleb128 0x24
 1018 0020 00       		.byte	0
 1019 0021 0B       		.uleb128 0xb
 1020 0022 0B       		.uleb128 0xb
 1021 0023 3E       		.uleb128 0x3e
 1022 0024 0B       		.uleb128 0xb
 1023 0025 03       		.uleb128 0x3
 1024 0026 0E       		.uleb128 0xe
ARM GAS  /tmp/ccgzdr9G.s 			page 19


 1025 0027 00       		.byte	0
 1026 0028 00       		.byte	0
 1027 0029 04       		.uleb128 0x4
 1028 002a 16       		.uleb128 0x16
 1029 002b 00       		.byte	0
 1030 002c 03       		.uleb128 0x3
 1031 002d 0E       		.uleb128 0xe
 1032 002e 3A       		.uleb128 0x3a
 1033 002f 0B       		.uleb128 0xb
 1034 0030 3B       		.uleb128 0x3b
 1035 0031 0B       		.uleb128 0xb
 1036 0032 49       		.uleb128 0x49
 1037 0033 13       		.uleb128 0x13
 1038 0034 00       		.byte	0
 1039 0035 00       		.byte	0
 1040 0036 05       		.uleb128 0x5
 1041 0037 13       		.uleb128 0x13
 1042 0038 01       		.byte	0x1
 1043 0039 03       		.uleb128 0x3
 1044 003a 0E       		.uleb128 0xe
 1045 003b 0B       		.uleb128 0xb
 1046 003c 0B       		.uleb128 0xb
 1047 003d 3A       		.uleb128 0x3a
 1048 003e 0B       		.uleb128 0xb
 1049 003f 3B       		.uleb128 0x3b
 1050 0040 0B       		.uleb128 0xb
 1051 0041 01       		.uleb128 0x1
 1052 0042 13       		.uleb128 0x13
 1053 0043 00       		.byte	0
 1054 0044 00       		.byte	0
 1055 0045 06       		.uleb128 0x6
 1056 0046 0D       		.uleb128 0xd
 1057 0047 00       		.byte	0
 1058 0048 03       		.uleb128 0x3
 1059 0049 0E       		.uleb128 0xe
 1060 004a 3A       		.uleb128 0x3a
 1061 004b 0B       		.uleb128 0xb
 1062 004c 3B       		.uleb128 0x3b
 1063 004d 0B       		.uleb128 0xb
 1064 004e 49       		.uleb128 0x49
 1065 004f 13       		.uleb128 0x13
 1066 0050 38       		.uleb128 0x38
 1067 0051 0B       		.uleb128 0xb
 1068 0052 00       		.byte	0
 1069 0053 00       		.byte	0
 1070 0054 07       		.uleb128 0x7
 1071 0055 0D       		.uleb128 0xd
 1072 0056 00       		.byte	0
 1073 0057 03       		.uleb128 0x3
 1074 0058 08       		.uleb128 0x8
 1075 0059 3A       		.uleb128 0x3a
 1076 005a 0B       		.uleb128 0xb
 1077 005b 3B       		.uleb128 0x3b
 1078 005c 0B       		.uleb128 0xb
 1079 005d 49       		.uleb128 0x49
 1080 005e 13       		.uleb128 0x13
 1081 005f 38       		.uleb128 0x38
ARM GAS  /tmp/ccgzdr9G.s 			page 20


 1082 0060 0B       		.uleb128 0xb
 1083 0061 00       		.byte	0
 1084 0062 00       		.byte	0
 1085 0063 08       		.uleb128 0x8
 1086 0064 0D       		.uleb128 0xd
 1087 0065 00       		.byte	0
 1088 0066 03       		.uleb128 0x3
 1089 0067 08       		.uleb128 0x8
 1090 0068 3A       		.uleb128 0x3a
 1091 0069 0B       		.uleb128 0xb
 1092 006a 3B       		.uleb128 0x3b
 1093 006b 05       		.uleb128 0x5
 1094 006c 49       		.uleb128 0x49
 1095 006d 13       		.uleb128 0x13
 1096 006e 38       		.uleb128 0x38
 1097 006f 0B       		.uleb128 0xb
 1098 0070 00       		.byte	0
 1099 0071 00       		.byte	0
 1100 0072 09       		.uleb128 0x9
 1101 0073 0D       		.uleb128 0xd
 1102 0074 00       		.byte	0
 1103 0075 03       		.uleb128 0x3
 1104 0076 0E       		.uleb128 0xe
 1105 0077 3A       		.uleb128 0x3a
 1106 0078 0B       		.uleb128 0xb
 1107 0079 3B       		.uleb128 0x3b
 1108 007a 05       		.uleb128 0x5
 1109 007b 49       		.uleb128 0x49
 1110 007c 13       		.uleb128 0x13
 1111 007d 38       		.uleb128 0x38
 1112 007e 0B       		.uleb128 0xb
 1113 007f 00       		.byte	0
 1114 0080 00       		.byte	0
 1115 0081 0A       		.uleb128 0xa
 1116 0082 0F       		.uleb128 0xf
 1117 0083 00       		.byte	0
 1118 0084 0B       		.uleb128 0xb
 1119 0085 0B       		.uleb128 0xb
 1120 0086 49       		.uleb128 0x49
 1121 0087 13       		.uleb128 0x13
 1122 0088 00       		.byte	0
 1123 0089 00       		.byte	0
 1124 008a 0B       		.uleb128 0xb
 1125 008b 13       		.uleb128 0x13
 1126 008c 01       		.byte	0x1
 1127 008d 03       		.uleb128 0x3
 1128 008e 0E       		.uleb128 0xe
 1129 008f 0B       		.uleb128 0xb
 1130 0090 0B       		.uleb128 0xb
 1131 0091 3A       		.uleb128 0x3a
 1132 0092 0B       		.uleb128 0xb
 1133 0093 3B       		.uleb128 0x3b
 1134 0094 05       		.uleb128 0x5
 1135 0095 01       		.uleb128 0x1
 1136 0096 13       		.uleb128 0x13
 1137 0097 00       		.byte	0
 1138 0098 00       		.byte	0
ARM GAS  /tmp/ccgzdr9G.s 			page 21


 1139 0099 0C       		.uleb128 0xc
 1140 009a 15       		.uleb128 0x15
 1141 009b 01       		.byte	0x1
 1142 009c 27       		.uleb128 0x27
 1143 009d 19       		.uleb128 0x19
 1144 009e 01       		.uleb128 0x1
 1145 009f 13       		.uleb128 0x13
 1146 00a0 00       		.byte	0
 1147 00a1 00       		.byte	0
 1148 00a2 0D       		.uleb128 0xd
 1149 00a3 05       		.uleb128 0x5
 1150 00a4 00       		.byte	0
 1151 00a5 49       		.uleb128 0x49
 1152 00a6 13       		.uleb128 0x13
 1153 00a7 00       		.byte	0
 1154 00a8 00       		.byte	0
 1155 00a9 0E       		.uleb128 0xe
 1156 00aa 0F       		.uleb128 0xf
 1157 00ab 00       		.byte	0
 1158 00ac 0B       		.uleb128 0xb
 1159 00ad 0B       		.uleb128 0xb
 1160 00ae 00       		.byte	0
 1161 00af 00       		.byte	0
 1162 00b0 0F       		.uleb128 0xf
 1163 00b1 13       		.uleb128 0x13
 1164 00b2 01       		.byte	0x1
 1165 00b3 0B       		.uleb128 0xb
 1166 00b4 0B       		.uleb128 0xb
 1167 00b5 3A       		.uleb128 0x3a
 1168 00b6 0B       		.uleb128 0xb
 1169 00b7 3B       		.uleb128 0x3b
 1170 00b8 0B       		.uleb128 0xb
 1171 00b9 01       		.uleb128 0x1
 1172 00ba 13       		.uleb128 0x13
 1173 00bb 00       		.byte	0
 1174 00bc 00       		.byte	0
 1175 00bd 10       		.uleb128 0x10
 1176 00be 17       		.uleb128 0x17
 1177 00bf 01       		.byte	0x1
 1178 00c0 0B       		.uleb128 0xb
 1179 00c1 0B       		.uleb128 0xb
 1180 00c2 3A       		.uleb128 0x3a
 1181 00c3 0B       		.uleb128 0xb
 1182 00c4 3B       		.uleb128 0x3b
 1183 00c5 0B       		.uleb128 0xb
 1184 00c6 01       		.uleb128 0x1
 1185 00c7 13       		.uleb128 0x13
 1186 00c8 00       		.byte	0
 1187 00c9 00       		.byte	0
 1188 00ca 11       		.uleb128 0x11
 1189 00cb 0D       		.uleb128 0xd
 1190 00cc 00       		.byte	0
 1191 00cd 03       		.uleb128 0x3
 1192 00ce 0E       		.uleb128 0xe
 1193 00cf 3A       		.uleb128 0x3a
 1194 00d0 0B       		.uleb128 0xb
 1195 00d1 3B       		.uleb128 0x3b
ARM GAS  /tmp/ccgzdr9G.s 			page 22


 1196 00d2 0B       		.uleb128 0xb
 1197 00d3 49       		.uleb128 0x49
 1198 00d4 13       		.uleb128 0x13
 1199 00d5 00       		.byte	0
 1200 00d6 00       		.byte	0
 1201 00d7 12       		.uleb128 0x12
 1202 00d8 0D       		.uleb128 0xd
 1203 00d9 00       		.byte	0
 1204 00da 03       		.uleb128 0x3
 1205 00db 0E       		.uleb128 0xe
 1206 00dc 3A       		.uleb128 0x3a
 1207 00dd 0B       		.uleb128 0xb
 1208 00de 3B       		.uleb128 0x3b
 1209 00df 05       		.uleb128 0x5
 1210 00e0 49       		.uleb128 0x49
 1211 00e1 13       		.uleb128 0x13
 1212 00e2 00       		.byte	0
 1213 00e3 00       		.byte	0
 1214 00e4 13       		.uleb128 0x13
 1215 00e5 26       		.uleb128 0x26
 1216 00e6 00       		.byte	0
 1217 00e7 49       		.uleb128 0x49
 1218 00e8 13       		.uleb128 0x13
 1219 00e9 00       		.byte	0
 1220 00ea 00       		.byte	0
 1221 00eb 14       		.uleb128 0x14
 1222 00ec 35       		.uleb128 0x35
 1223 00ed 00       		.byte	0
 1224 00ee 49       		.uleb128 0x49
 1225 00ef 13       		.uleb128 0x13
 1226 00f0 00       		.byte	0
 1227 00f1 00       		.byte	0
 1228 00f2 15       		.uleb128 0x15
 1229 00f3 16       		.uleb128 0x16
 1230 00f4 00       		.byte	0
 1231 00f5 03       		.uleb128 0x3
 1232 00f6 0E       		.uleb128 0xe
 1233 00f7 3A       		.uleb128 0x3a
 1234 00f8 0B       		.uleb128 0xb
 1235 00f9 3B       		.uleb128 0x3b
 1236 00fa 05       		.uleb128 0x5
 1237 00fb 49       		.uleb128 0x49
 1238 00fc 13       		.uleb128 0x13
 1239 00fd 00       		.byte	0
 1240 00fe 00       		.byte	0
 1241 00ff 16       		.uleb128 0x16
 1242 0100 13       		.uleb128 0x13
 1243 0101 01       		.byte	0x1
 1244 0102 0B       		.uleb128 0xb
 1245 0103 0B       		.uleb128 0xb
 1246 0104 3A       		.uleb128 0x3a
 1247 0105 0B       		.uleb128 0xb
 1248 0106 3B       		.uleb128 0x3b
 1249 0107 05       		.uleb128 0x5
 1250 0108 01       		.uleb128 0x1
 1251 0109 13       		.uleb128 0x13
 1252 010a 00       		.byte	0
ARM GAS  /tmp/ccgzdr9G.s 			page 23


 1253 010b 00       		.byte	0
 1254 010c 17       		.uleb128 0x17
 1255 010d 2E       		.uleb128 0x2e
 1256 010e 00       		.byte	0
 1257 010f 03       		.uleb128 0x3
 1258 0110 0E       		.uleb128 0xe
 1259 0111 3A       		.uleb128 0x3a
 1260 0112 0B       		.uleb128 0xb
 1261 0113 3B       		.uleb128 0x3b
 1262 0114 05       		.uleb128 0x5
 1263 0115 27       		.uleb128 0x27
 1264 0116 19       		.uleb128 0x19
 1265 0117 11       		.uleb128 0x11
 1266 0118 01       		.uleb128 0x1
 1267 0119 12       		.uleb128 0x12
 1268 011a 06       		.uleb128 0x6
 1269 011b 40       		.uleb128 0x40
 1270 011c 18       		.uleb128 0x18
 1271 011d 9742     		.uleb128 0x2117
 1272 011f 19       		.uleb128 0x19
 1273 0120 00       		.byte	0
 1274 0121 00       		.byte	0
 1275 0122 18       		.uleb128 0x18
 1276 0123 2E       		.uleb128 0x2e
 1277 0124 00       		.byte	0
 1278 0125 3F       		.uleb128 0x3f
 1279 0126 19       		.uleb128 0x19
 1280 0127 03       		.uleb128 0x3
 1281 0128 0E       		.uleb128 0xe
 1282 0129 3A       		.uleb128 0x3a
 1283 012a 0B       		.uleb128 0xb
 1284 012b 3B       		.uleb128 0x3b
 1285 012c 0B       		.uleb128 0xb
 1286 012d 27       		.uleb128 0x27
 1287 012e 19       		.uleb128 0x19
 1288 012f 11       		.uleb128 0x11
 1289 0130 01       		.uleb128 0x1
 1290 0131 12       		.uleb128 0x12
 1291 0132 06       		.uleb128 0x6
 1292 0133 40       		.uleb128 0x40
 1293 0134 18       		.uleb128 0x18
 1294 0135 9642     		.uleb128 0x2116
 1295 0137 19       		.uleb128 0x19
 1296 0138 00       		.byte	0
 1297 0139 00       		.byte	0
 1298 013a 19       		.uleb128 0x19
 1299 013b 34       		.uleb128 0x34
 1300 013c 00       		.byte	0
 1301 013d 03       		.uleb128 0x3
 1302 013e 0E       		.uleb128 0xe
 1303 013f 3A       		.uleb128 0x3a
 1304 0140 0B       		.uleb128 0xb
 1305 0141 3B       		.uleb128 0x3b
 1306 0142 05       		.uleb128 0x5
 1307 0143 49       		.uleb128 0x49
 1308 0144 13       		.uleb128 0x13
 1309 0145 3F       		.uleb128 0x3f
ARM GAS  /tmp/ccgzdr9G.s 			page 24


 1310 0146 19       		.uleb128 0x19
 1311 0147 3C       		.uleb128 0x3c
 1312 0148 19       		.uleb128 0x19
 1313 0149 00       		.byte	0
 1314 014a 00       		.byte	0
 1315 014b 1A       		.uleb128 0x1a
 1316 014c 34       		.uleb128 0x34
 1317 014d 00       		.byte	0
 1318 014e 03       		.uleb128 0x3
 1319 014f 08       		.uleb128 0x8
 1320 0150 3A       		.uleb128 0x3a
 1321 0151 0B       		.uleb128 0xb
 1322 0152 3B       		.uleb128 0x3b
 1323 0153 05       		.uleb128 0x5
 1324 0154 49       		.uleb128 0x49
 1325 0155 13       		.uleb128 0x13
 1326 0156 3F       		.uleb128 0x3f
 1327 0157 19       		.uleb128 0x19
 1328 0158 3C       		.uleb128 0x3c
 1329 0159 19       		.uleb128 0x19
 1330 015a 00       		.byte	0
 1331 015b 00       		.byte	0
 1332 015c 00       		.byte	0
 1333              		.section	.debug_aranges,"",%progbits
 1334 0000 1C000000 		.4byte	0x1c
 1335 0004 0200     		.2byte	0x2
 1336 0006 00000000 		.4byte	.Ldebug_info0
 1337 000a 04       		.byte	0x4
 1338 000b 00       		.byte	0
 1339 000c 0000     		.2byte	0
 1340 000e 0000     		.2byte	0
 1341 0010 00000000 		.4byte	.Ltext0
 1342 0014 38000000 		.4byte	.Letext0-.Ltext0
 1343 0018 00000000 		.4byte	0
 1344 001c 00000000 		.4byte	0
 1345              		.section	.debug_line,"",%progbits
 1346              	.Ldebug_line0:
 1347 0000 07020000 		.section	.debug_str,"MS",%progbits,1
 1347      0200DC01 
 1347      00000201 
 1347      FB0E0D00 
 1347      01010101 
 1348              	.LASF96:
 1349 0000 73746D33 		.ascii	"stm32_gpio_setup_t\000"
 1349      325F6770 
 1349      696F5F73 
 1349      65747570 
 1349      5F7400
 1350              	.LASF50:
 1351 0013 72656164 		.ascii	"ready_list_t\000"
 1351      795F6C69 
 1351      73745F74 
 1351      00
 1352              	.LASF79:
 1353 0020 77747472 		.ascii	"wttrp\000"
 1353      7000
 1354              	.LASF56:
ARM GAS  /tmp/ccgzdr9G.s 			page 25


 1355 0026 64656C74 		.ascii	"delta\000"
 1355      6100
 1356              	.LASF76:
 1357 002c 7264796D 		.ascii	"rdymsg\000"
 1357      736700
 1358              	.LASF16:
 1359 0033 75696E74 		.ascii	"uint64_t\000"
 1359      36345F74 
 1359      00
 1360              	.LASF5:
 1361 003c 5F5F7569 		.ascii	"__uint8_t\000"
 1361      6E74385F 
 1361      7400
 1362              	.LASF49:
 1363 0046 70726576 		.ascii	"prev\000"
 1363      00
 1364              	.LASF73:
 1365 004b 706F7274 		.ascii	"port_intctx\000"
 1365      5F696E74 
 1365      63747800 
 1366              	.LASF61:
 1367 0057 73797374 		.ascii	"system_debug_t\000"
 1367      656D5F64 
 1367      65627567 
 1367      5F7400
 1368              	.LASF104:
 1369 0066 50484461 		.ascii	"PHData\000"
 1369      746100
 1370              	.LASF12:
 1371 006d 6C6F6E67 		.ascii	"long long unsigned int\000"
 1371      206C6F6E 
 1371      6720756E 
 1371      7369676E 
 1371      65642069 
 1372              	.LASF93:
 1373 0084 70757064 		.ascii	"pupdr\000"
 1373      7200
 1374              	.LASF77:
 1375 008a 65786974 		.ascii	"exitcode\000"
 1375      636F6465 
 1375      00
 1376              	.LASF68:
 1377 0093 6D61696E 		.ascii	"mainthread\000"
 1377      74687265 
 1377      616400
 1378              	.LASF80:
 1379 009e 73656E74 		.ascii	"sentmsg\000"
 1379      6D736700 
 1380              	.LASF58:
 1381 00a6 76697274 		.ascii	"virtual_timers_list_t\000"
 1381      75616C5F 
 1381      74696D65 
 1381      72735F6C 
 1381      6973745F 
 1382              	.LASF107:
 1383 00bc 49544D5F 		.ascii	"ITM_RxBuffer\000"
 1383      52784275 
ARM GAS  /tmp/ccgzdr9G.s 			page 26


 1383      66666572 
 1383      00
 1384              	.LASF46:
 1385 00c9 6E657874 		.ascii	"next\000"
 1385      00
 1386              	.LASF48:
 1387 00ce 63685F74 		.ascii	"ch_threads_queue\000"
 1387      68726561 
 1387      64735F71 
 1387      75657565 
 1387      00
 1388              	.LASF10:
 1389 00df 6C6F6E67 		.ascii	"long long int\000"
 1389      206C6F6E 
 1389      6720696E 
 1389      7400
 1390              	.LASF1:
 1391 00ed 7369676E 		.ascii	"signed char\000"
 1391      65642063 
 1391      68617200 
 1392              	.LASF90:
 1393 00f9 6D6F6465 		.ascii	"moder\000"
 1393      7200
 1394              	.LASF37:
 1395 00ff 6D736771 		.ascii	"msgqueue\000"
 1395      75657565 
 1395      00
 1396              	.LASF33:
 1397 0108 73746174 		.ascii	"state\000"
 1397      6500
 1398              	.LASF7:
 1399 010e 6C6F6E67 		.ascii	"long int\000"
 1399      20696E74 
 1399      00
 1400              	.LASF101:
 1401 0117 50454461 		.ascii	"PEData\000"
 1401      746100
 1402              	.LASF19:
 1403 011e 74737461 		.ascii	"tstate_t\000"
 1403      74655F74 
 1403      00
 1404              	.LASF57:
 1405 0127 66756E63 		.ascii	"func\000"
 1405      00
 1406              	.LASF27:
 1407 012c 71756575 		.ascii	"queue\000"
 1407      6500
 1408              	.LASF32:
 1409 0132 77616261 		.ascii	"wabase\000"
 1409      736500
 1410              	.LASF110:
 1411 0139 2E2E2F2E 		.ascii	"../../../os/hal/src/hal.c\000"
 1411      2E2F2E2E 
 1411      2F6F732F 
 1411      68616C2F 
 1411      7372632F 
 1412              	.LASF8:
ARM GAS  /tmp/ccgzdr9G.s 			page 27


 1413 0153 5F5F7569 		.ascii	"__uint32_t\000"
 1413      6E743332 
 1413      5F7400
 1414              	.LASF70:
 1415 015e 72656761 		.ascii	"regarm_t\000"
 1415      726D5F74 
 1415      00
 1416              	.LASF67:
 1417 0167 76746C69 		.ascii	"vtlist\000"
 1417      737400
 1418              	.LASF36:
 1419 016e 77616974 		.ascii	"waiting\000"
 1419      696E6700 
 1420              	.LASF88:
 1421 0176 6D757465 		.ascii	"mutex_t\000"
 1421      785F7400 
 1422              	.LASF98:
 1423 017e 50424461 		.ascii	"PBData\000"
 1423      746100
 1424              	.LASF24:
 1425 0185 636E745F 		.ascii	"cnt_t\000"
 1425      7400
 1426              	.LASF0:
 1427 018b 756E7369 		.ascii	"unsigned int\000"
 1427      676E6564 
 1427      20696E74 
 1427      00
 1428              	.LASF81:
 1429 0198 77747365 		.ascii	"wtsemp\000"
 1429      6D7000
 1430              	.LASF9:
 1431 019f 6C6F6E67 		.ascii	"long unsigned int\000"
 1431      20756E73 
 1431      69676E65 
 1431      6420696E 
 1431      7400
 1432              	.LASF113:
 1433 01b1 68616C49 		.ascii	"halInit\000"
 1433      6E697400 
 1434              	.LASF111:
 1435 01b9 2F686F6D 		.ascii	"/home/declan/ChibiOS2/ChibiOS/demos/STM32/RT-STM32F"
 1435      652F6465 
 1435      636C616E 
 1435      2F436869 
 1435      62694F53 
 1436 01ec 3430372D 		.ascii	"407-DISCOVERY\000"
 1436      44495343 
 1436      4F564552 
 1436      5900
 1437              	.LASF92:
 1438 01fa 6F737065 		.ascii	"ospeedr\000"
 1438      65647200 
 1439              	.LASF31:
 1440 0202 6E616D65 		.ascii	"name\000"
 1440      00
 1441              	.LASF91:
 1442 0207 6F747970 		.ascii	"otyper\000"
ARM GAS  /tmp/ccgzdr9G.s 			page 28


 1442      657200
 1443              	.LASF41:
 1444 020e 6D706F6F 		.ascii	"mpool\000"
 1444      6C00
 1445              	.LASF4:
 1446 0214 73686F72 		.ascii	"short unsigned int\000"
 1446      7420756E 
 1446      7369676E 
 1446      65642069 
 1446      6E7400
 1447              	.LASF44:
 1448 0227 63685F74 		.ascii	"ch_thread\000"
 1448      68726561 
 1448      6400
 1449              	.LASF22:
 1450 0231 6D73675F 		.ascii	"msg_t\000"
 1450      7400
 1451              	.LASF38:
 1452 0237 6570656E 		.ascii	"epending\000"
 1452      64696E67 
 1452      00
 1453              	.LASF64:
 1454 0240 63685F73 		.ascii	"ch_system_t\000"
 1454      79737465 
 1454      6D5F7400 
 1455              	.LASF18:
 1456 024c 746D6F64 		.ascii	"tmode_t\000"
 1456      655F7400 
 1457              	.LASF51:
 1458 0254 63685F72 		.ascii	"ch_ready_list\000"
 1458      65616479 
 1458      5F6C6973 
 1458      7400
 1459              	.LASF23:
 1460 0262 6576656E 		.ascii	"eventmask_t\000"
 1460      746D6173 
 1460      6B5F7400 
 1461              	.LASF6:
 1462 026e 5F5F696E 		.ascii	"__int32_t\000"
 1462      7433325F 
 1462      7400
 1463              	.LASF103:
 1464 0278 50474461 		.ascii	"PGData\000"
 1464      746100
 1465              	.LASF71:
 1466 027f 73746B61 		.ascii	"stkalign_t\000"
 1466      6C69676E 
 1466      5F7400
 1467              	.LASF29:
 1468 028a 6E657765 		.ascii	"newer\000"
 1468      7200
 1469              	.LASF40:
 1470 0290 7265616C 		.ascii	"realprio\000"
 1470      7072696F 
 1470      00
 1471              	.LASF69:
 1472 0299 73697A65 		.ascii	"sizetype\000"
ARM GAS  /tmp/ccgzdr9G.s 			page 29


 1472      74797065 
 1472      00
 1473              	.LASF42:
 1474 02a2 74687265 		.ascii	"thread_reference_t\000"
 1474      61645F72 
 1474      65666572 
 1474      656E6365 
 1474      5F7400
 1475              	.LASF59:
 1476 02b5 63685F76 		.ascii	"ch_virtual_timers_list\000"
 1476      69727475 
 1476      616C5F74 
 1476      696D6572 
 1476      735F6C69 
 1477              	.LASF72:
 1478 02cc 706F7274 		.ascii	"port_context\000"
 1478      5F636F6E 
 1478      74657874 
 1478      00
 1479              	.LASF75:
 1480 02d9 746D5F63 		.ascii	"tm_calibration_t\000"
 1480      616C6962 
 1480      72617469 
 1480      6F6E5F74 
 1480      00
 1481              	.LASF95:
 1482 02ea 61667268 		.ascii	"afrh\000"
 1482      00
 1483              	.LASF100:
 1484 02ef 50444461 		.ascii	"PDData\000"
 1484      746100
 1485              	.LASF28:
 1486 02f6 7072696F 		.ascii	"prio\000"
 1486      00
 1487              	.LASF52:
 1488 02fb 63757272 		.ascii	"current\000"
 1488      656E7400 
 1489              	.LASF11:
 1490 0303 5F5F7569 		.ascii	"__uint64_t\000"
 1490      6E743634 
 1490      5F7400
 1491              	.LASF20:
 1492 030e 74726566 		.ascii	"trefs_t\000"
 1492      735F7400 
 1493              	.LASF35:
 1494 0316 72656673 		.ascii	"refs\000"
 1494      00
 1495              	.LASF54:
 1496 031b 76697274 		.ascii	"virtual_timer_t\000"
 1496      75616C5F 
 1496      74696D65 
 1496      725F7400 
 1497              	.LASF112:
 1498 032b 6F73616C 		.ascii	"osalInit\000"
 1498      496E6974 
 1498      00
 1499              	.LASF21:
ARM GAS  /tmp/ccgzdr9G.s 			page 30


 1500 0334 74707269 		.ascii	"tprio_t\000"
 1500      6F5F7400 
 1501              	.LASF62:
 1502 033c 63685F73 		.ascii	"ch_system_debug\000"
 1502      79737465 
 1502      6D5F6465 
 1502      62756700 
 1503              	.LASF89:
 1504 034c 5F426F6F 		.ascii	"_Bool\000"
 1504      6C00
 1505              	.LASF14:
 1506 0352 696E7433 		.ascii	"int32_t\000"
 1506      325F7400 
 1507              	.LASF2:
 1508 035a 756E7369 		.ascii	"unsigned char\000"
 1508      676E6564 
 1508      20636861 
 1508      7200
 1509              	.LASF94:
 1510 0368 6166726C 		.ascii	"afrl\000"
 1510      00
 1511              	.LASF3:
 1512 036d 73686F72 		.ascii	"short int\000"
 1512      7420696E 
 1512      7400
 1513              	.LASF60:
 1514 0377 6C617374 		.ascii	"lasttime\000"
 1514      74696D65 
 1514      00
 1515              	.LASF97:
 1516 0380 50414461 		.ascii	"PAData\000"
 1516      746100
 1517              	.LASF83:
 1518 0387 65776D61 		.ascii	"ewmask\000"
 1518      736B00
 1519              	.LASF65:
 1520 038e 63685F73 		.ascii	"ch_system\000"
 1520      79737465 
 1520      6D00
 1521              	.LASF105:
 1522 0398 50494461 		.ascii	"PIData\000"
 1522      746100
 1523              	.LASF55:
 1524 039f 63685F76 		.ascii	"ch_virtual_timer\000"
 1524      69727475 
 1524      616C5F74 
 1524      696D6572 
 1524      00
 1525              	.LASF84:
 1526 03b0 63685F73 		.ascii	"ch_semaphore\000"
 1526      656D6170 
 1526      686F7265 
 1526      00
 1527              	.LASF15:
 1528 03bd 75696E74 		.ascii	"uint32_t\000"
 1528      33325F74 
 1528      00
ARM GAS  /tmp/ccgzdr9G.s 			page 31


 1529              	.LASF82:
 1530 03c6 77746D74 		.ascii	"wtmtxp\000"
 1530      787000
 1531              	.LASF45:
 1532 03cd 63685F74 		.ascii	"ch_threads_list\000"
 1532      68726561 
 1532      64735F6C 
 1532      69737400 
 1533              	.LASF86:
 1534 03dd 6F776E65 		.ascii	"owner\000"
 1534      7200
 1535              	.LASF109:
 1536 03e3 474E5520 		.ascii	"GNU C 4.9.3 20150529 (prerelease) -mcpu=cortex-m4 -"
 1536      4320342E 
 1536      392E3320 
 1536      32303135 
 1536      30353239 
 1537 0416 6D6E6F2D 		.ascii	"mno-thumb-interwork -mthumb -ggdb -O0 -fomit-frame-"
 1537      7468756D 
 1537      622D696E 
 1537      74657277 
 1537      6F726B20 
 1538 0449 706F696E 		.ascii	"pointer -falign-functions=16\000"
 1538      74657220 
 1538      2D66616C 
 1538      69676E2D 
 1538      66756E63 
 1539              	.LASF87:
 1540 0466 63686172 		.ascii	"char\000"
 1540      00
 1541              	.LASF30:
 1542 046b 6F6C6465 		.ascii	"older\000"
 1542      7200
 1543              	.LASF26:
 1544 0471 74687265 		.ascii	"thread_t\000"
 1544      61645F74 
 1544      00
 1545              	.LASF25:
 1546 047a 73797374 		.ascii	"systime_t\000"
 1546      696D655F 
 1546      7400
 1547              	.LASF53:
 1548 0484 76746675 		.ascii	"vtfunc_t\000"
 1548      6E635F74 
 1548      00
 1549              	.LASF63:
 1550 048d 70616E69 		.ascii	"panic_msg\000"
 1550      635F6D73 
 1550      6700
 1551              	.LASF74:
 1552 0497 6F666673 		.ascii	"offset\000"
 1552      657400
 1553              	.LASF102:
 1554 049e 50464461 		.ascii	"PFData\000"
 1554      746100
 1555              	.LASF17:
 1556 04a5 7274636E 		.ascii	"rtcnt_t\000"
ARM GAS  /tmp/ccgzdr9G.s 			page 32


 1556      745F7400 
 1557              	.LASF47:
 1558 04ad 74687265 		.ascii	"threads_queue_t\000"
 1558      6164735F 
 1558      71756575 
 1558      655F7400 
 1559              	.LASF85:
 1560 04bd 63685F6D 		.ascii	"ch_mutex\000"
 1560      75746578 
 1560      00
 1561              	.LASF66:
 1562 04c6 726C6973 		.ascii	"rlist\000"
 1562      7400
 1563              	.LASF13:
 1564 04cc 75696E74 		.ascii	"uint8_t\000"
 1564      385F7400 
 1565              	.LASF34:
 1566 04d4 666C6167 		.ascii	"flags\000"
 1566      7300
 1567              	.LASF78:
 1568 04da 77746F62 		.ascii	"wtobjp\000"
 1568      6A7000
 1569              	.LASF99:
 1570 04e1 50434461 		.ascii	"PCData\000"
 1570      746100
 1571              	.LASF43:
 1572 04e8 74687265 		.ascii	"threads_list_t\000"
 1572      6164735F 
 1572      6C697374 
 1572      5F7400
 1573              	.LASF39:
 1574 04f7 6D74786C 		.ascii	"mtxlist\000"
 1574      69737400 
 1575              	.LASF106:
 1576 04ff 50414C43 		.ascii	"PALConfig\000"
 1576      6F6E6669 
 1576      6700
 1577              	.LASF108:
 1578 0509 70616C5F 		.ascii	"pal_default_config\000"
 1578      64656661 
 1578      756C745F 
 1578      636F6E66 
 1578      696700
 1579              		.ident	"GCC: (15:4.9.3+svn231177-1) 4.9.3 20150529 (prerelease)"
ARM GAS  /tmp/ccgzdr9G.s 			page 33


DEFINED SYMBOLS
                            *ABS*:0000000000000000 hal.c
     /tmp/ccgzdr9G.s:18     .text:0000000000000000 $t
     /tmp/ccgzdr9G.s:23     .text:0000000000000000 osalInit
     /tmp/ccgzdr9G.s:42     .text:0000000000000010 halInit
     /tmp/ccgzdr9G.s:73     .text:0000000000000034 $d
                     .debug_frame:0000000000000010 $d

UNDEFINED SYMBOLS
hal_lld_init
_pal_lld_init
i2cInit
sdInit
boardInit
stInit
pal_default_config
