ARM GAS  /tmp/ccfYhxR6.s 			page 1


   1              		.syntax unified
   2              		.cpu cortex-m4
   3              		.fpu softvfp
   4              		.eabi_attribute 20, 1
   5              		.eabi_attribute 21, 1
   6              		.eabi_attribute 23, 3
   7              		.eabi_attribute 24, 1
   8              		.eabi_attribute 25, 1
   9              		.eabi_attribute 26, 1
  10              		.eabi_attribute 30, 6
  11              		.eabi_attribute 34, 1
  12              		.eabi_attribute 18, 4
  13              		.thumb
  14              		.file	"hal_mmcsd.c"
  15              		.text
  16              	.Ltext0:
  17              		.cfi_sections	.debug_frame
  18              	.Letext0:
  19              		.file 1 "/usr/include/newlib/machine/_default_types.h"
  20              		.file 2 "/usr/include/newlib/sys/_stdint.h"
  21              		.file 3 "../../../os/common/ports/ARMCMx/compilers/GCC/chtypes.h"
  22              		.file 4 "../../../os/rt/include/chsystypes.h"
  23              		.file 5 "../../../os/rt/include/chschd.h"
  24              		.file 6 "../../../os/common/ports/ARMCMx/chcore.h"
  25              		.file 7 "../../../os/common/ports/ARMCMx/chcore_v7m.h"
  26              		.file 8 "../../../os/rt/include/chtm.h"
  27              		.file 9 "../../../os/rt/include/chsem.h"
  28              		.file 10 "../../../os/rt/include/chmtx.h"
  29              		.file 11 "../../../os/common/ext/CMSIS/include/core_cm4.h"
  30              		.section	.debug_info,"",%progbits
  31              	.Ldebug_info0:
  32 0000 0D060000 		.4byte	0x60d
  33 0004 0400     		.2byte	0x4
  34 0006 00000000 		.4byte	.Ldebug_abbrev0
  35 000a 04       		.byte	0x4
  36 000b 01       		.uleb128 0x1
  37 000c 8F020000 		.4byte	.LASF91
  38 0010 01       		.byte	0x1
  39 0011 C5000000 		.4byte	.LASF92
  40 0015 A5010000 		.4byte	.LASF93
  41 0019 00000000 		.4byte	.Ldebug_line0
  42 001d 02       		.uleb128 0x2
  43 001e 04       		.byte	0x4
  44 001f 05       		.byte	0x5
  45 0020 696E7400 		.ascii	"int\000"
  46 0024 03       		.uleb128 0x3
  47 0025 04       		.byte	0x4
  48 0026 07       		.byte	0x7
  49 0027 32020000 		.4byte	.LASF0
  50 002b 03       		.uleb128 0x3
  51 002c 01       		.byte	0x1
  52 002d 06       		.byte	0x6
  53 002e 17020000 		.4byte	.LASF1
  54 0032 04       		.uleb128 0x4
  55 0033 93010000 		.4byte	.LASF5
  56 0037 01       		.byte	0x1
  57 0038 1D       		.byte	0x1d
ARM GAS  /tmp/ccfYhxR6.s 			page 2


  58 0039 3D000000 		.4byte	0x3d
  59 003d 03       		.uleb128 0x3
  60 003e 01       		.byte	0x1
  61 003f 08       		.byte	0x8
  62 0040 F7010000 		.4byte	.LASF2
  63 0044 03       		.uleb128 0x3
  64 0045 02       		.byte	0x2
  65 0046 05       		.byte	0x5
  66 0047 44000000 		.4byte	.LASF3
  67 004b 03       		.uleb128 0x3
  68 004c 02       		.byte	0x2
  69 004d 07       		.byte	0x7
  70 004e 7C020000 		.4byte	.LASF4
  71 0052 04       		.uleb128 0x4
  72 0053 B9030000 		.4byte	.LASF6
  73 0057 01       		.byte	0x1
  74 0058 3F       		.byte	0x3f
  75 0059 5D000000 		.4byte	0x5d
  76 005d 03       		.uleb128 0x3
  77 005e 04       		.byte	0x4
  78 005f 05       		.byte	0x5
  79 0060 69010000 		.4byte	.LASF7
  80 0064 04       		.uleb128 0x4
  81 0065 7D000000 		.4byte	.LASF8
  82 0069 01       		.byte	0x1
  83 006a 41       		.byte	0x41
  84 006b 6F000000 		.4byte	0x6f
  85 006f 03       		.uleb128 0x3
  86 0070 04       		.byte	0x4
  87 0071 07       		.byte	0x7
  88 0072 7E030000 		.4byte	.LASF9
  89 0076 03       		.uleb128 0x3
  90 0077 08       		.byte	0x8
  91 0078 05       		.byte	0x5
  92 0079 4C010000 		.4byte	.LASF10
  93 007d 04       		.uleb128 0x4
  94 007e 6A030000 		.4byte	.LASF11
  95 0082 01       		.byte	0x1
  96 0083 5B       		.byte	0x5b
  97 0084 88000000 		.4byte	0x88
  98 0088 03       		.uleb128 0x3
  99 0089 08       		.byte	0x8
 100 008a 07       		.byte	0x7
 101 008b 66000000 		.4byte	.LASF12
 102 008f 04       		.uleb128 0x4
 103 0090 09010000 		.4byte	.LASF13
 104 0094 02       		.byte	0x2
 105 0095 14       		.byte	0x14
 106 0096 32000000 		.4byte	0x32
 107 009a 04       		.uleb128 0x4
 108 009b 40030000 		.4byte	.LASF14
 109 009f 02       		.byte	0x2
 110 00a0 1F       		.byte	0x1f
 111 00a1 52000000 		.4byte	0x52
 112 00a5 04       		.uleb128 0x4
 113 00a6 22010000 		.4byte	.LASF15
 114 00aa 02       		.byte	0x2
ARM GAS  /tmp/ccfYhxR6.s 			page 3


 115 00ab 20       		.byte	0x20
 116 00ac 64000000 		.4byte	0x64
 117 00b0 04       		.uleb128 0x4
 118 00b1 30000000 		.4byte	.LASF16
 119 00b5 02       		.byte	0x2
 120 00b6 26       		.byte	0x26
 121 00b7 7D000000 		.4byte	0x7d
 122 00bb 04       		.uleb128 0x4
 123 00bc AC000000 		.4byte	.LASF17
 124 00c0 03       		.byte	0x3
 125 00c1 39       		.byte	0x39
 126 00c2 A5000000 		.4byte	0xa5
 127 00c6 04       		.uleb128 0x4
 128 00c7 94000000 		.4byte	.LASF18
 129 00cb 03       		.byte	0x3
 130 00cc 3C       		.byte	0x3c
 131 00cd 8F000000 		.4byte	0x8f
 132 00d1 04       		.uleb128 0x4
 133 00d2 DD030000 		.4byte	.LASF19
 134 00d6 03       		.byte	0x3
 135 00d7 3D       		.byte	0x3d
 136 00d8 8F000000 		.4byte	0x8f
 137 00dc 04       		.uleb128 0x4
 138 00dd 09000000 		.4byte	.LASF20
 139 00e1 03       		.byte	0x3
 140 00e2 3E       		.byte	0x3e
 141 00e3 8F000000 		.4byte	0x8f
 142 00e7 04       		.uleb128 0x4
 143 00e8 61010000 		.4byte	.LASF21
 144 00ec 03       		.byte	0x3
 145 00ed 40       		.byte	0x40
 146 00ee A5000000 		.4byte	0xa5
 147 00f2 04       		.uleb128 0x4
 148 00f3 57040000 		.4byte	.LASF22
 149 00f7 03       		.byte	0x3
 150 00f8 41       		.byte	0x41
 151 00f9 9A000000 		.4byte	0x9a
 152 00fd 04       		.uleb128 0x4
 153 00fe 88000000 		.4byte	.LASF23
 154 0102 03       		.byte	0x3
 155 0103 43       		.byte	0x43
 156 0104 A5000000 		.4byte	0xa5
 157 0108 04       		.uleb128 0x4
 158 0109 48030000 		.4byte	.LASF24
 159 010d 03       		.byte	0x3
 160 010e 45       		.byte	0x45
 161 010f 9A000000 		.4byte	0x9a
 162 0113 04       		.uleb128 0x4
 163 0114 12030000 		.4byte	.LASF25
 164 0118 04       		.byte	0x4
 165 0119 33       		.byte	0x33
 166 011a A5000000 		.4byte	0xa5
 167 011e 04       		.uleb128 0x4
 168 011f 00000000 		.4byte	.LASF26
 169 0123 04       		.byte	0x4
 170 0124 3F       		.byte	0x3f
 171 0125 29010000 		.4byte	0x129
ARM GAS  /tmp/ccfYhxR6.s 			page 4


 172 0129 05       		.uleb128 0x5
 173 012a 2B010000 		.4byte	.LASF44
 174 012e 44       		.byte	0x44
 175 012f 05       		.byte	0x5
 176 0130 9A       		.byte	0x9a
 177 0131 07020000 		.4byte	0x207
 178 0135 06       		.uleb128 0x6
 179 0136 EC010000 		.4byte	.LASF27
 180 013a 05       		.byte	0x5
 181 013b 9B       		.byte	0x9b
 182 013c 3C020000 		.4byte	0x23c
 183 0140 00       		.byte	0
 184 0141 06       		.uleb128 0x6
 185 0142 5D040000 		.4byte	.LASF28
 186 0146 05       		.byte	0x5
 187 0147 9C       		.byte	0x9c
 188 0148 E7000000 		.4byte	0xe7
 189 014c 08       		.byte	0x8
 190 014d 07       		.uleb128 0x7
 191 014e 63747800 		.ascii	"ctx\000"
 192 0152 05       		.byte	0x5
 193 0153 9D       		.byte	0x9d
 194 0154 34040000 		.4byte	0x434
 195 0158 0C       		.byte	0xc
 196 0159 06       		.uleb128 0x6
 197 015a E6010000 		.4byte	.LASF29
 198 015e 05       		.byte	0x5
 199 015f 9F       		.byte	0x9f
 200 0160 12020000 		.4byte	0x212
 201 0164 10       		.byte	0x10
 202 0165 06       		.uleb128 0x6
 203 0166 35010000 		.4byte	.LASF30
 204 016a 05       		.byte	0x5
 205 016b A0       		.byte	0xa0
 206 016c 12020000 		.4byte	0x212
 207 0170 14       		.byte	0x14
 208 0171 06       		.uleb128 0x6
 209 0172 F2010000 		.4byte	.LASF31
 210 0176 05       		.byte	0x5
 211 0177 A7       		.byte	0xa7
 212 0178 B9050000 		.4byte	0x5b9
 213 017c 18       		.byte	0x18
 214 017d 06       		.uleb128 0x6
 215 017e 3B010000 		.4byte	.LASF32
 216 0182 05       		.byte	0x5
 217 0183 B0       		.byte	0xb0
 218 0184 CB050000 		.4byte	0x5cb
 219 0188 1C       		.byte	0x1c
 220 0189 06       		.uleb128 0x6
 221 018a 2A000000 		.4byte	.LASF33
 222 018e 05       		.byte	0x5
 223 018f B5       		.byte	0xb5
 224 0190 D1000000 		.4byte	0xd1
 225 0194 20       		.byte	0x20
 226 0195 06       		.uleb128 0x6
 227 0196 23020000 		.4byte	.LASF34
 228 019a 05       		.byte	0x5
ARM GAS  /tmp/ccfYhxR6.s 			page 5


 229 019b B9       		.byte	0xb9
 230 019c C6000000 		.4byte	0xc6
 231 01a0 21       		.byte	0x21
 232 01a1 06       		.uleb128 0x6
 233 01a2 42010000 		.4byte	.LASF35
 234 01a6 05       		.byte	0x5
 235 01a7 BE       		.byte	0xbe
 236 01a8 DC000000 		.4byte	0xdc
 237 01ac 22       		.byte	0x22
 238 01ad 08       		.uleb128 0x8
 239 01ae 7500     		.ascii	"u\000"
 240 01b0 05       		.byte	0x5
 241 01b1 0F01     		.2byte	0x10f
 242 01b3 EE040000 		.4byte	0x4ee
 243 01b7 24       		.byte	0x24
 244 01b8 09       		.uleb128 0x9
 245 01b9 1E040000 		.4byte	.LASF36
 246 01bd 05       		.byte	0x5
 247 01be 1401     		.2byte	0x114
 248 01c0 18020000 		.4byte	0x218
 249 01c4 28       		.byte	0x28
 250 01c5 09       		.uleb128 0x9
 251 01c6 F1000000 		.4byte	.LASF37
 252 01ca 05       		.byte	0x5
 253 01cb 1A01     		.2byte	0x11a
 254 01cd 3C020000 		.4byte	0x23c
 255 01d1 2C       		.byte	0x2c
 256 01d2 09       		.uleb128 0x9
 257 01d3 21000000 		.4byte	.LASF38
 258 01d7 05       		.byte	0x5
 259 01d8 2001     		.2byte	0x120
 260 01da FD000000 		.4byte	0xfd
 261 01de 34       		.byte	0x34
 262 01df 09       		.uleb128 0x9
 263 01e0 41040000 		.4byte	.LASF39
 264 01e4 05       		.byte	0x5
 265 01e5 2701     		.2byte	0x127
 266 01e7 B3050000 		.4byte	0x5b3
 267 01eb 38       		.byte	0x38
 268 01ec 09       		.uleb128 0x9
 269 01ed 4E030000 		.4byte	.LASF40
 270 01f1 05       		.byte	0x5
 271 01f2 2B01     		.2byte	0x12b
 272 01f4 E7000000 		.4byte	0xe7
 273 01f8 3C       		.byte	0x3c
 274 01f9 09       		.uleb128 0x9
 275 01fa FA030000 		.4byte	.LASF41
 276 01fe 05       		.byte	0x5
 277 01ff 3201     		.2byte	0x132
 278 0201 EF020000 		.4byte	0x2ef
 279 0205 40       		.byte	0x40
 280 0206 00       		.byte	0
 281 0207 04       		.uleb128 0x4
 282 0208 C3030000 		.4byte	.LASF42
 283 020c 04       		.byte	0x4
 284 020d 44       		.byte	0x44
 285 020e 12020000 		.4byte	0x212
ARM GAS  /tmp/ccfYhxR6.s 			page 6


 286 0212 0A       		.uleb128 0xa
 287 0213 04       		.byte	0x4
 288 0214 1E010000 		.4byte	0x11e
 289 0218 04       		.uleb128 0x4
 290 0219 6E040000 		.4byte	.LASF43
 291 021d 04       		.byte	0x4
 292 021e 49       		.byte	0x49
 293 021f 23020000 		.4byte	0x223
 294 0223 05       		.uleb128 0x5
 295 0224 9C000000 		.4byte	.LASF45
 296 0228 04       		.byte	0x4
 297 0229 05       		.byte	0x5
 298 022a 88       		.byte	0x88
 299 022b 3C020000 		.4byte	0x23c
 300 022f 06       		.uleb128 0x6
 301 0230 62040000 		.4byte	.LASF46
 302 0234 05       		.byte	0x5
 303 0235 89       		.byte	0x89
 304 0236 12020000 		.4byte	0x212
 305 023a 00       		.byte	0
 306 023b 00       		.byte	0
 307 023c 04       		.uleb128 0x4
 308 023d 6C020000 		.4byte	.LASF47
 309 0241 04       		.byte	0x4
 310 0242 50       		.byte	0x50
 311 0243 47020000 		.4byte	0x247
 312 0247 05       		.uleb128 0x5
 313 0248 11010000 		.4byte	.LASF48
 314 024c 08       		.byte	0x8
 315 024d 05       		.byte	0x5
 316 024e 8F       		.byte	0x8f
 317 024f 6C020000 		.4byte	0x26c
 318 0253 06       		.uleb128 0x6
 319 0254 62040000 		.4byte	.LASF46
 320 0258 05       		.byte	0x5
 321 0259 90       		.byte	0x90
 322 025a 12020000 		.4byte	0x212
 323 025e 00       		.byte	0
 324 025f 06       		.uleb128 0x6
 325 0260 12020000 		.4byte	.LASF49
 326 0264 05       		.byte	0x5
 327 0265 91       		.byte	0x91
 328 0266 12020000 		.4byte	0x212
 329 026a 04       		.byte	0x4
 330 026b 00       		.byte	0
 331 026c 04       		.uleb128 0x4
 332 026d 09040000 		.4byte	.LASF50
 333 0271 04       		.byte	0x4
 334 0272 57       		.byte	0x57
 335 0273 77020000 		.4byte	0x277
 336 0277 0B       		.uleb128 0xb
 337 0278 26040000 		.4byte	.LASF51
 338 027c 1C       		.byte	0x1c
 339 027d 05       		.byte	0x5
 340 027e 6A01     		.2byte	0x16a
 341 0280 D3020000 		.4byte	0x2d3
 342 0284 09       		.uleb128 0x9
ARM GAS  /tmp/ccfYhxR6.s 			page 7


 343 0285 EC010000 		.4byte	.LASF27
 344 0289 05       		.byte	0x5
 345 028a 6B01     		.2byte	0x16b
 346 028c 3C020000 		.4byte	0x23c
 347 0290 00       		.byte	0
 348 0291 09       		.uleb128 0x9
 349 0292 5D040000 		.4byte	.LASF28
 350 0296 05       		.byte	0x5
 351 0297 6C01     		.2byte	0x16c
 352 0299 E7000000 		.4byte	0xe7
 353 029d 08       		.byte	0x8
 354 029e 08       		.uleb128 0x8
 355 029f 63747800 		.ascii	"ctx\000"
 356 02a3 05       		.byte	0x5
 357 02a4 6E01     		.2byte	0x16e
 358 02a6 34040000 		.4byte	0x434
 359 02aa 0C       		.byte	0xc
 360 02ab 09       		.uleb128 0x9
 361 02ac E6010000 		.4byte	.LASF29
 362 02b0 05       		.byte	0x5
 363 02b1 7101     		.2byte	0x171
 364 02b3 12020000 		.4byte	0x212
 365 02b7 10       		.byte	0x10
 366 02b8 09       		.uleb128 0x9
 367 02b9 35010000 		.4byte	.LASF30
 368 02bd 05       		.byte	0x5
 369 02be 7201     		.2byte	0x172
 370 02c0 12020000 		.4byte	0x212
 371 02c4 14       		.byte	0x14
 372 02c5 09       		.uleb128 0x9
 373 02c6 16040000 		.4byte	.LASF52
 374 02ca 05       		.byte	0x5
 375 02cb 7501     		.2byte	0x175
 376 02cd 12020000 		.4byte	0x212
 377 02d1 18       		.byte	0x18
 378 02d2 00       		.byte	0
 379 02d3 04       		.uleb128 0x4
 380 02d4 00040000 		.4byte	.LASF53
 381 02d8 04       		.byte	0x4
 382 02d9 5C       		.byte	0x5c
 383 02da DE020000 		.4byte	0x2de
 384 02de 0A       		.uleb128 0xa
 385 02df 04       		.byte	0x4
 386 02e0 E4020000 		.4byte	0x2e4
 387 02e4 0C       		.uleb128 0xc
 388 02e5 EF020000 		.4byte	0x2ef
 389 02e9 0D       		.uleb128 0xd
 390 02ea EF020000 		.4byte	0x2ef
 391 02ee 00       		.byte	0
 392 02ef 0E       		.uleb128 0xe
 393 02f0 04       		.byte	0x4
 394 02f1 04       		.uleb128 0x4
 395 02f2 83010000 		.4byte	.LASF54
 396 02f6 04       		.byte	0x4
 397 02f7 61       		.byte	0x61
 398 02f8 FC020000 		.4byte	0x2fc
 399 02fc 0B       		.uleb128 0xb
ARM GAS  /tmp/ccfYhxR6.s 			page 8


 400 02fd 2F030000 		.4byte	.LASF55
 401 0301 14       		.byte	0x14
 402 0302 05       		.byte	0x5
 403 0303 4501     		.2byte	0x145
 404 0305 4B030000 		.4byte	0x34b
 405 0309 09       		.uleb128 0x9
 406 030a 62040000 		.4byte	.LASF46
 407 030e 05       		.byte	0x5
 408 030f 4601     		.2byte	0x146
 409 0311 D1050000 		.4byte	0x5d1
 410 0315 00       		.byte	0
 411 0316 09       		.uleb128 0x9
 412 0317 12020000 		.4byte	.LASF49
 413 031b 05       		.byte	0x5
 414 031c 4701     		.2byte	0x147
 415 031e D1050000 		.4byte	0x5d1
 416 0322 04       		.byte	0x4
 417 0323 09       		.uleb128 0x9
 418 0324 03010000 		.4byte	.LASF56
 419 0328 05       		.byte	0x5
 420 0329 4801     		.2byte	0x148
 421 032b 13010000 		.4byte	0x113
 422 032f 08       		.byte	0x8
 423 0330 09       		.uleb128 0x9
 424 0331 47010000 		.4byte	.LASF57
 425 0335 05       		.byte	0x5
 426 0336 4901     		.2byte	0x149
 427 0338 D3020000 		.4byte	0x2d3
 428 033c 0C       		.byte	0xc
 429 033d 08       		.uleb128 0x8
 430 033e 70617200 		.ascii	"par\000"
 431 0342 05       		.byte	0x5
 432 0343 4B01     		.2byte	0x14b
 433 0345 EF020000 		.4byte	0x2ef
 434 0349 10       		.byte	0x10
 435 034a 00       		.byte	0
 436 034b 04       		.uleb128 0x4
 437 034c 56020000 		.4byte	.LASF58
 438 0350 04       		.byte	0x4
 439 0351 66       		.byte	0x66
 440 0352 56030000 		.4byte	0x356
 441 0356 0B       		.uleb128 0xb
 442 0357 3F020000 		.4byte	.LASF59
 443 035b 10       		.byte	0x10
 444 035c 05       		.byte	0x5
 445 035d 5501     		.2byte	0x155
 446 035f 98030000 		.4byte	0x398
 447 0363 09       		.uleb128 0x9
 448 0364 62040000 		.4byte	.LASF46
 449 0368 05       		.byte	0x5
 450 0369 5601     		.2byte	0x156
 451 036b D1050000 		.4byte	0x5d1
 452 036f 00       		.byte	0
 453 0370 09       		.uleb128 0x9
 454 0371 12020000 		.4byte	.LASF49
 455 0375 05       		.byte	0x5
 456 0376 5801     		.2byte	0x158
ARM GAS  /tmp/ccfYhxR6.s 			page 9


 457 0378 D1050000 		.4byte	0x5d1
 458 037c 04       		.byte	0x4
 459 037d 09       		.uleb128 0x9
 460 037e 03010000 		.4byte	.LASF56
 461 0382 05       		.byte	0x5
 462 0383 5A01     		.2byte	0x15a
 463 0385 13010000 		.4byte	0x113
 464 0389 08       		.byte	0x8
 465 038a 09       		.uleb128 0x9
 466 038b 75030000 		.4byte	.LASF60
 467 038f 05       		.byte	0x5
 468 0390 6201     		.2byte	0x162
 469 0392 13010000 		.4byte	0x113
 470 0396 0C       		.byte	0xc
 471 0397 00       		.byte	0
 472 0398 04       		.uleb128 0x4
 473 0399 57000000 		.4byte	.LASF61
 474 039d 04       		.byte	0x4
 475 039e 6B       		.byte	0x6b
 476 039f A3030000 		.4byte	0x3a3
 477 03a3 0B       		.uleb128 0xb
 478 03a4 11000000 		.4byte	.LASF62
 479 03a8 04       		.byte	0x4
 480 03a9 05       		.byte	0x5
 481 03aa 7C01     		.2byte	0x17c
 482 03ac BE030000 		.4byte	0x3be
 483 03b0 09       		.uleb128 0x9
 484 03b1 90030000 		.4byte	.LASF63
 485 03b5 05       		.byte	0x5
 486 03b6 8401     		.2byte	0x184
 487 03b8 D7050000 		.4byte	0x5d7
 488 03bc 00       		.byte	0
 489 03bd 00       		.byte	0
 490 03be 04       		.uleb128 0x4
 491 03bf E5000000 		.4byte	.LASF64
 492 03c3 04       		.byte	0x4
 493 03c4 70       		.byte	0x70
 494 03c5 C9030000 		.4byte	0x3c9
 495 03c9 0B       		.uleb128 0xb
 496 03ca 72010000 		.4byte	.LASF65
 497 03ce 78       		.byte	0x78
 498 03cf 05       		.byte	0x5
 499 03d0 9C01     		.2byte	0x19c
 500 03d2 17040000 		.4byte	0x417
 501 03d6 09       		.uleb128 0x9
 502 03d7 1C030000 		.4byte	.LASF66
 503 03db 05       		.byte	0x5
 504 03dc A001     		.2byte	0x1a0
 505 03de 6C020000 		.4byte	0x26c
 506 03e2 00       		.byte	0
 507 03e3 09       		.uleb128 0x9
 508 03e4 50040000 		.4byte	.LASF67
 509 03e8 05       		.byte	0x5
 510 03e9 A401     		.2byte	0x1a4
 511 03eb 4B030000 		.4byte	0x34b
 512 03ef 1C       		.byte	0x1c
 513 03f0 08       		.uleb128 0x8
ARM GAS  /tmp/ccfYhxR6.s 			page 10


 514 03f1 64626700 		.ascii	"dbg\000"
 515 03f5 05       		.byte	0x5
 516 03f6 A801     		.2byte	0x1a8
 517 03f8 98030000 		.4byte	0x398
 518 03fc 2C       		.byte	0x2c
 519 03fd 09       		.uleb128 0x9
 520 03fe 39000000 		.4byte	.LASF68
 521 0402 05       		.byte	0x5
 522 0403 AC01     		.2byte	0x1ac
 523 0405 1E010000 		.4byte	0x11e
 524 0409 30       		.byte	0x30
 525 040a 08       		.uleb128 0x8
 526 040b 746D00   		.ascii	"tm\000"
 527 040e 05       		.byte	0x5
 528 040f B101     		.2byte	0x1b1
 529 0411 E3040000 		.4byte	0x4e3
 530 0415 74       		.byte	0x74
 531 0416 00       		.byte	0
 532 0417 03       		.uleb128 0x3
 533 0418 04       		.byte	0x4
 534 0419 07       		.byte	0x7
 535 041a 4E000000 		.4byte	.LASF69
 536 041e 04       		.uleb128 0x4
 537 041f FA000000 		.4byte	.LASF70
 538 0423 06       		.byte	0x6
 539 0424 65       		.byte	0x65
 540 0425 EF020000 		.4byte	0x2ef
 541 0429 04       		.uleb128 0x4
 542 042a E6030000 		.4byte	.LASF71
 543 042e 06       		.byte	0x6
 544 042f 6D       		.byte	0x6d
 545 0430 B0000000 		.4byte	0xb0
 546 0434 05       		.uleb128 0x5
 547 0435 57030000 		.4byte	.LASF72
 548 0439 04       		.byte	0x4
 549 043a 06       		.byte	0x6
 550 043b 89       		.byte	0x89
 551 043c 4C040000 		.4byte	0x44c
 552 0440 07       		.uleb128 0x7
 553 0441 737000   		.ascii	"sp\000"
 554 0444 06       		.byte	0x6
 555 0445 8A       		.byte	0x8a
 556 0446 C8040000 		.4byte	0x4c8
 557 044a 00       		.byte	0
 558 044b 00       		.byte	0
 559 044c 0B       		.uleb128 0xb
 560 044d AD030000 		.4byte	.LASF73
 561 0451 24       		.byte	0x24
 562 0452 07       		.byte	0x7
 563 0453 5901     		.2byte	0x159
 564 0455 C8040000 		.4byte	0x4c8
 565 0459 08       		.uleb128 0x8
 566 045a 723400   		.ascii	"r4\000"
 567 045d 07       		.byte	0x7
 568 045e 6C01     		.2byte	0x16c
 569 0460 1E040000 		.4byte	0x41e
 570 0464 00       		.byte	0
ARM GAS  /tmp/ccfYhxR6.s 			page 11


 571 0465 08       		.uleb128 0x8
 572 0466 723500   		.ascii	"r5\000"
 573 0469 07       		.byte	0x7
 574 046a 6D01     		.2byte	0x16d
 575 046c 1E040000 		.4byte	0x41e
 576 0470 04       		.byte	0x4
 577 0471 08       		.uleb128 0x8
 578 0472 723600   		.ascii	"r6\000"
 579 0475 07       		.byte	0x7
 580 0476 6E01     		.2byte	0x16e
 581 0478 1E040000 		.4byte	0x41e
 582 047c 08       		.byte	0x8
 583 047d 08       		.uleb128 0x8
 584 047e 723700   		.ascii	"r7\000"
 585 0481 07       		.byte	0x7
 586 0482 6F01     		.2byte	0x16f
 587 0484 1E040000 		.4byte	0x41e
 588 0488 0C       		.byte	0xc
 589 0489 08       		.uleb128 0x8
 590 048a 723800   		.ascii	"r8\000"
 591 048d 07       		.byte	0x7
 592 048e 7001     		.2byte	0x170
 593 0490 1E040000 		.4byte	0x41e
 594 0494 10       		.byte	0x10
 595 0495 08       		.uleb128 0x8
 596 0496 723900   		.ascii	"r9\000"
 597 0499 07       		.byte	0x7
 598 049a 7101     		.2byte	0x171
 599 049c 1E040000 		.4byte	0x41e
 600 04a0 14       		.byte	0x14
 601 04a1 08       		.uleb128 0x8
 602 04a2 72313000 		.ascii	"r10\000"
 603 04a6 07       		.byte	0x7
 604 04a7 7201     		.2byte	0x172
 605 04a9 1E040000 		.4byte	0x41e
 606 04ad 18       		.byte	0x18
 607 04ae 08       		.uleb128 0x8
 608 04af 72313100 		.ascii	"r11\000"
 609 04b3 07       		.byte	0x7
 610 04b4 7301     		.2byte	0x173
 611 04b6 1E040000 		.4byte	0x41e
 612 04ba 1C       		.byte	0x1c
 613 04bb 08       		.uleb128 0x8
 614 04bc 6C7200   		.ascii	"lr\000"
 615 04bf 07       		.byte	0x7
 616 04c0 7401     		.2byte	0x174
 617 04c2 1E040000 		.4byte	0x41e
 618 04c6 20       		.byte	0x20
 619 04c7 00       		.byte	0
 620 04c8 0A       		.uleb128 0xa
 621 04c9 04       		.byte	0x4
 622 04ca 4C040000 		.4byte	0x44c
 623 04ce 0F       		.uleb128 0xf
 624 04cf 04       		.byte	0x4
 625 04d0 08       		.byte	0x8
 626 04d1 38       		.byte	0x38
 627 04d2 E3040000 		.4byte	0x4e3
ARM GAS  /tmp/ccfYhxR6.s 			page 12


 628 04d6 06       		.uleb128 0x6
 629 04d7 7C010000 		.4byte	.LASF74
 630 04db 08       		.byte	0x8
 631 04dc 3C       		.byte	0x3c
 632 04dd BB000000 		.4byte	0xbb
 633 04e1 00       		.byte	0
 634 04e2 00       		.byte	0
 635 04e3 04       		.uleb128 0x4
 636 04e4 B4000000 		.4byte	.LASF75
 637 04e8 08       		.byte	0x8
 638 04e9 3D       		.byte	0x3d
 639 04ea CE040000 		.4byte	0x4ce
 640 04ee 10       		.uleb128 0x10
 641 04ef 04       		.byte	0x4
 642 04f0 05       		.byte	0x5
 643 04f1 D2       		.byte	0xd2
 644 04f2 51050000 		.4byte	0x551
 645 04f6 11       		.uleb128 0x11
 646 04f7 49040000 		.4byte	.LASF76
 647 04fb 05       		.byte	0x5
 648 04fc D9       		.byte	0xd9
 649 04fd F2000000 		.4byte	0xf2
 650 0501 11       		.uleb128 0x11
 651 0502 F1030000 		.4byte	.LASF77
 652 0506 05       		.byte	0x5
 653 0507 E0       		.byte	0xe0
 654 0508 F2000000 		.4byte	0xf2
 655 050c 11       		.uleb128 0x11
 656 050d D6030000 		.4byte	.LASF78
 657 0511 05       		.byte	0x5
 658 0512 E7       		.byte	0xe7
 659 0513 EF020000 		.4byte	0x2ef
 660 0517 11       		.uleb128 0x11
 661 0518 9A030000 		.4byte	.LASF79
 662 051c 05       		.byte	0x5
 663 051d EE       		.byte	0xee
 664 051e 51050000 		.4byte	0x551
 665 0522 11       		.uleb128 0x11
 666 0523 9D010000 		.4byte	.LASF80
 667 0527 05       		.byte	0x5
 668 0528 F3       		.byte	0xf3
 669 0529 F2000000 		.4byte	0xf2
 670 052d 11       		.uleb128 0x11
 671 052e 5A010000 		.4byte	.LASF81
 672 0532 05       		.byte	0x5
 673 0533 FC       		.byte	0xfc
 674 0534 7C050000 		.4byte	0x57c
 675 0538 12       		.uleb128 0x12
 676 0539 67040000 		.4byte	.LASF82
 677 053d 05       		.byte	0x5
 678 053e 0501     		.2byte	0x105
 679 0540 B3050000 		.4byte	0x5b3
 680 0544 12       		.uleb128 0x12
 681 0545 0B020000 		.4byte	.LASF83
 682 0549 05       		.byte	0x5
 683 054a 0D01     		.2byte	0x10d
 684 054c FD000000 		.4byte	0xfd
ARM GAS  /tmp/ccfYhxR6.s 			page 13


 685 0550 00       		.byte	0
 686 0551 0A       		.uleb128 0xa
 687 0552 04       		.byte	0x4
 688 0553 07020000 		.4byte	0x207
 689 0557 05       		.uleb128 0x5
 690 0558 A0030000 		.4byte	.LASF84
 691 055c 0C       		.byte	0xc
 692 055d 09       		.byte	0x9
 693 055e 34       		.byte	0x34
 694 055f 7C050000 		.4byte	0x57c
 695 0563 06       		.uleb128 0x6
 696 0564 EC010000 		.4byte	.LASF27
 697 0568 09       		.byte	0x9
 698 0569 35       		.byte	0x35
 699 056a 3C020000 		.4byte	0x23c
 700 056e 00       		.byte	0
 701 056f 07       		.uleb128 0x7
 702 0570 636E7400 		.ascii	"cnt\000"
 703 0574 09       		.byte	0x9
 704 0575 37       		.byte	0x37
 705 0576 08010000 		.4byte	0x108
 706 057a 08       		.byte	0x8
 707 057b 00       		.byte	0
 708 057c 0A       		.uleb128 0xa
 709 057d 04       		.byte	0x4
 710 057e 57050000 		.4byte	0x557
 711 0582 05       		.uleb128 0x5
 712 0583 29020000 		.4byte	.LASF85
 713 0587 10       		.byte	0x10
 714 0588 0A       		.byte	0xa
 715 0589 39       		.byte	0x39
 716 058a B3050000 		.4byte	0x5b3
 717 058e 06       		.uleb128 0x6
 718 058f EC010000 		.4byte	.LASF27
 719 0593 0A       		.byte	0xa
 720 0594 3A       		.byte	0x3a
 721 0595 3C020000 		.4byte	0x23c
 722 0599 00       		.byte	0
 723 059a 06       		.uleb128 0x6
 724 059b 05020000 		.4byte	.LASF86
 725 059f 0A       		.byte	0xa
 726 05a0 3C       		.byte	0x3c
 727 05a1 12020000 		.4byte	0x212
 728 05a5 08       		.byte	0x8
 729 05a6 06       		.uleb128 0x6
 730 05a7 62040000 		.4byte	.LASF46
 731 05ab 0A       		.byte	0xa
 732 05ac 3E       		.byte	0x3e
 733 05ad E7050000 		.4byte	0x5e7
 734 05b1 0C       		.byte	0xc
 735 05b2 00       		.byte	0
 736 05b3 0A       		.uleb128 0xa
 737 05b4 04       		.byte	0x4
 738 05b5 82050000 		.4byte	0x582
 739 05b9 0A       		.uleb128 0xa
 740 05ba 04       		.byte	0x4
 741 05bb BF050000 		.4byte	0x5bf
ARM GAS  /tmp/ccfYhxR6.s 			page 14


 742 05bf 13       		.uleb128 0x13
 743 05c0 C4050000 		.4byte	0x5c4
 744 05c4 03       		.uleb128 0x3
 745 05c5 01       		.byte	0x1
 746 05c6 08       		.byte	0x8
 747 05c7 22030000 		.4byte	.LASF87
 748 05cb 0A       		.uleb128 0xa
 749 05cc 04       		.byte	0x4
 750 05cd 29040000 		.4byte	0x429
 751 05d1 0A       		.uleb128 0xa
 752 05d2 04       		.byte	0x4
 753 05d3 F1020000 		.4byte	0x2f1
 754 05d7 14       		.uleb128 0x14
 755 05d8 B9050000 		.4byte	0x5b9
 756 05dc 04       		.uleb128 0x4
 757 05dd 27030000 		.4byte	.LASF88
 758 05e1 0A       		.byte	0xa
 759 05e2 34       		.byte	0x34
 760 05e3 82050000 		.4byte	0x582
 761 05e7 0A       		.uleb128 0xa
 762 05e8 04       		.byte	0x4
 763 05e9 DC050000 		.4byte	0x5dc
 764 05ed 03       		.uleb128 0x3
 765 05ee 01       		.byte	0x1
 766 05ef 02       		.byte	0x2
 767 05f0 64030000 		.4byte	.LASF89
 768 05f4 15       		.uleb128 0x15
 769 05f5 34040000 		.4byte	.LASF90
 770 05f9 0B       		.byte	0xb
 771 05fa 4407     		.2byte	0x744
 772 05fc 00060000 		.4byte	0x600
 773 0600 14       		.uleb128 0x14
 774 0601 9A000000 		.4byte	0x9a
 775 0605 16       		.uleb128 0x16
 776 0606 636800   		.ascii	"ch\000"
 777 0609 05       		.byte	0x5
 778 060a D201     		.2byte	0x1d2
 779 060c BE030000 		.4byte	0x3be
 780 0610 00       		.byte	0
 781              		.section	.debug_abbrev,"",%progbits
 782              	.Ldebug_abbrev0:
 783 0000 01       		.uleb128 0x1
 784 0001 11       		.uleb128 0x11
 785 0002 01       		.byte	0x1
 786 0003 25       		.uleb128 0x25
 787 0004 0E       		.uleb128 0xe
 788 0005 13       		.uleb128 0x13
 789 0006 0B       		.uleb128 0xb
 790 0007 03       		.uleb128 0x3
 791 0008 0E       		.uleb128 0xe
 792 0009 1B       		.uleb128 0x1b
 793 000a 0E       		.uleb128 0xe
 794 000b 10       		.uleb128 0x10
 795 000c 17       		.uleb128 0x17
 796 000d 00       		.byte	0
 797 000e 00       		.byte	0
 798 000f 02       		.uleb128 0x2
ARM GAS  /tmp/ccfYhxR6.s 			page 15


 799 0010 24       		.uleb128 0x24
 800 0011 00       		.byte	0
 801 0012 0B       		.uleb128 0xb
 802 0013 0B       		.uleb128 0xb
 803 0014 3E       		.uleb128 0x3e
 804 0015 0B       		.uleb128 0xb
 805 0016 03       		.uleb128 0x3
 806 0017 08       		.uleb128 0x8
 807 0018 00       		.byte	0
 808 0019 00       		.byte	0
 809 001a 03       		.uleb128 0x3
 810 001b 24       		.uleb128 0x24
 811 001c 00       		.byte	0
 812 001d 0B       		.uleb128 0xb
 813 001e 0B       		.uleb128 0xb
 814 001f 3E       		.uleb128 0x3e
 815 0020 0B       		.uleb128 0xb
 816 0021 03       		.uleb128 0x3
 817 0022 0E       		.uleb128 0xe
 818 0023 00       		.byte	0
 819 0024 00       		.byte	0
 820 0025 04       		.uleb128 0x4
 821 0026 16       		.uleb128 0x16
 822 0027 00       		.byte	0
 823 0028 03       		.uleb128 0x3
 824 0029 0E       		.uleb128 0xe
 825 002a 3A       		.uleb128 0x3a
 826 002b 0B       		.uleb128 0xb
 827 002c 3B       		.uleb128 0x3b
 828 002d 0B       		.uleb128 0xb
 829 002e 49       		.uleb128 0x49
 830 002f 13       		.uleb128 0x13
 831 0030 00       		.byte	0
 832 0031 00       		.byte	0
 833 0032 05       		.uleb128 0x5
 834 0033 13       		.uleb128 0x13
 835 0034 01       		.byte	0x1
 836 0035 03       		.uleb128 0x3
 837 0036 0E       		.uleb128 0xe
 838 0037 0B       		.uleb128 0xb
 839 0038 0B       		.uleb128 0xb
 840 0039 3A       		.uleb128 0x3a
 841 003a 0B       		.uleb128 0xb
 842 003b 3B       		.uleb128 0x3b
 843 003c 0B       		.uleb128 0xb
 844 003d 01       		.uleb128 0x1
 845 003e 13       		.uleb128 0x13
 846 003f 00       		.byte	0
 847 0040 00       		.byte	0
 848 0041 06       		.uleb128 0x6
 849 0042 0D       		.uleb128 0xd
 850 0043 00       		.byte	0
 851 0044 03       		.uleb128 0x3
 852 0045 0E       		.uleb128 0xe
 853 0046 3A       		.uleb128 0x3a
 854 0047 0B       		.uleb128 0xb
 855 0048 3B       		.uleb128 0x3b
ARM GAS  /tmp/ccfYhxR6.s 			page 16


 856 0049 0B       		.uleb128 0xb
 857 004a 49       		.uleb128 0x49
 858 004b 13       		.uleb128 0x13
 859 004c 38       		.uleb128 0x38
 860 004d 0B       		.uleb128 0xb
 861 004e 00       		.byte	0
 862 004f 00       		.byte	0
 863 0050 07       		.uleb128 0x7
 864 0051 0D       		.uleb128 0xd
 865 0052 00       		.byte	0
 866 0053 03       		.uleb128 0x3
 867 0054 08       		.uleb128 0x8
 868 0055 3A       		.uleb128 0x3a
 869 0056 0B       		.uleb128 0xb
 870 0057 3B       		.uleb128 0x3b
 871 0058 0B       		.uleb128 0xb
 872 0059 49       		.uleb128 0x49
 873 005a 13       		.uleb128 0x13
 874 005b 38       		.uleb128 0x38
 875 005c 0B       		.uleb128 0xb
 876 005d 00       		.byte	0
 877 005e 00       		.byte	0
 878 005f 08       		.uleb128 0x8
 879 0060 0D       		.uleb128 0xd
 880 0061 00       		.byte	0
 881 0062 03       		.uleb128 0x3
 882 0063 08       		.uleb128 0x8
 883 0064 3A       		.uleb128 0x3a
 884 0065 0B       		.uleb128 0xb
 885 0066 3B       		.uleb128 0x3b
 886 0067 05       		.uleb128 0x5
 887 0068 49       		.uleb128 0x49
 888 0069 13       		.uleb128 0x13
 889 006a 38       		.uleb128 0x38
 890 006b 0B       		.uleb128 0xb
 891 006c 00       		.byte	0
 892 006d 00       		.byte	0
 893 006e 09       		.uleb128 0x9
 894 006f 0D       		.uleb128 0xd
 895 0070 00       		.byte	0
 896 0071 03       		.uleb128 0x3
 897 0072 0E       		.uleb128 0xe
 898 0073 3A       		.uleb128 0x3a
 899 0074 0B       		.uleb128 0xb
 900 0075 3B       		.uleb128 0x3b
 901 0076 05       		.uleb128 0x5
 902 0077 49       		.uleb128 0x49
 903 0078 13       		.uleb128 0x13
 904 0079 38       		.uleb128 0x38
 905 007a 0B       		.uleb128 0xb
 906 007b 00       		.byte	0
 907 007c 00       		.byte	0
 908 007d 0A       		.uleb128 0xa
 909 007e 0F       		.uleb128 0xf
 910 007f 00       		.byte	0
 911 0080 0B       		.uleb128 0xb
 912 0081 0B       		.uleb128 0xb
ARM GAS  /tmp/ccfYhxR6.s 			page 17


 913 0082 49       		.uleb128 0x49
 914 0083 13       		.uleb128 0x13
 915 0084 00       		.byte	0
 916 0085 00       		.byte	0
 917 0086 0B       		.uleb128 0xb
 918 0087 13       		.uleb128 0x13
 919 0088 01       		.byte	0x1
 920 0089 03       		.uleb128 0x3
 921 008a 0E       		.uleb128 0xe
 922 008b 0B       		.uleb128 0xb
 923 008c 0B       		.uleb128 0xb
 924 008d 3A       		.uleb128 0x3a
 925 008e 0B       		.uleb128 0xb
 926 008f 3B       		.uleb128 0x3b
 927 0090 05       		.uleb128 0x5
 928 0091 01       		.uleb128 0x1
 929 0092 13       		.uleb128 0x13
 930 0093 00       		.byte	0
 931 0094 00       		.byte	0
 932 0095 0C       		.uleb128 0xc
 933 0096 15       		.uleb128 0x15
 934 0097 01       		.byte	0x1
 935 0098 27       		.uleb128 0x27
 936 0099 19       		.uleb128 0x19
 937 009a 01       		.uleb128 0x1
 938 009b 13       		.uleb128 0x13
 939 009c 00       		.byte	0
 940 009d 00       		.byte	0
 941 009e 0D       		.uleb128 0xd
 942 009f 05       		.uleb128 0x5
 943 00a0 00       		.byte	0
 944 00a1 49       		.uleb128 0x49
 945 00a2 13       		.uleb128 0x13
 946 00a3 00       		.byte	0
 947 00a4 00       		.byte	0
 948 00a5 0E       		.uleb128 0xe
 949 00a6 0F       		.uleb128 0xf
 950 00a7 00       		.byte	0
 951 00a8 0B       		.uleb128 0xb
 952 00a9 0B       		.uleb128 0xb
 953 00aa 00       		.byte	0
 954 00ab 00       		.byte	0
 955 00ac 0F       		.uleb128 0xf
 956 00ad 13       		.uleb128 0x13
 957 00ae 01       		.byte	0x1
 958 00af 0B       		.uleb128 0xb
 959 00b0 0B       		.uleb128 0xb
 960 00b1 3A       		.uleb128 0x3a
 961 00b2 0B       		.uleb128 0xb
 962 00b3 3B       		.uleb128 0x3b
 963 00b4 0B       		.uleb128 0xb
 964 00b5 01       		.uleb128 0x1
 965 00b6 13       		.uleb128 0x13
 966 00b7 00       		.byte	0
 967 00b8 00       		.byte	0
 968 00b9 10       		.uleb128 0x10
 969 00ba 17       		.uleb128 0x17
ARM GAS  /tmp/ccfYhxR6.s 			page 18


 970 00bb 01       		.byte	0x1
 971 00bc 0B       		.uleb128 0xb
 972 00bd 0B       		.uleb128 0xb
 973 00be 3A       		.uleb128 0x3a
 974 00bf 0B       		.uleb128 0xb
 975 00c0 3B       		.uleb128 0x3b
 976 00c1 0B       		.uleb128 0xb
 977 00c2 01       		.uleb128 0x1
 978 00c3 13       		.uleb128 0x13
 979 00c4 00       		.byte	0
 980 00c5 00       		.byte	0
 981 00c6 11       		.uleb128 0x11
 982 00c7 0D       		.uleb128 0xd
 983 00c8 00       		.byte	0
 984 00c9 03       		.uleb128 0x3
 985 00ca 0E       		.uleb128 0xe
 986 00cb 3A       		.uleb128 0x3a
 987 00cc 0B       		.uleb128 0xb
 988 00cd 3B       		.uleb128 0x3b
 989 00ce 0B       		.uleb128 0xb
 990 00cf 49       		.uleb128 0x49
 991 00d0 13       		.uleb128 0x13
 992 00d1 00       		.byte	0
 993 00d2 00       		.byte	0
 994 00d3 12       		.uleb128 0x12
 995 00d4 0D       		.uleb128 0xd
 996 00d5 00       		.byte	0
 997 00d6 03       		.uleb128 0x3
 998 00d7 0E       		.uleb128 0xe
 999 00d8 3A       		.uleb128 0x3a
 1000 00d9 0B       		.uleb128 0xb
 1001 00da 3B       		.uleb128 0x3b
 1002 00db 05       		.uleb128 0x5
 1003 00dc 49       		.uleb128 0x49
 1004 00dd 13       		.uleb128 0x13
 1005 00de 00       		.byte	0
 1006 00df 00       		.byte	0
 1007 00e0 13       		.uleb128 0x13
 1008 00e1 26       		.uleb128 0x26
 1009 00e2 00       		.byte	0
 1010 00e3 49       		.uleb128 0x49
 1011 00e4 13       		.uleb128 0x13
 1012 00e5 00       		.byte	0
 1013 00e6 00       		.byte	0
 1014 00e7 14       		.uleb128 0x14
 1015 00e8 35       		.uleb128 0x35
 1016 00e9 00       		.byte	0
 1017 00ea 49       		.uleb128 0x49
 1018 00eb 13       		.uleb128 0x13
 1019 00ec 00       		.byte	0
 1020 00ed 00       		.byte	0
 1021 00ee 15       		.uleb128 0x15
 1022 00ef 34       		.uleb128 0x34
 1023 00f0 00       		.byte	0
 1024 00f1 03       		.uleb128 0x3
 1025 00f2 0E       		.uleb128 0xe
 1026 00f3 3A       		.uleb128 0x3a
ARM GAS  /tmp/ccfYhxR6.s 			page 19


 1027 00f4 0B       		.uleb128 0xb
 1028 00f5 3B       		.uleb128 0x3b
 1029 00f6 05       		.uleb128 0x5
 1030 00f7 49       		.uleb128 0x49
 1031 00f8 13       		.uleb128 0x13
 1032 00f9 3F       		.uleb128 0x3f
 1033 00fa 19       		.uleb128 0x19
 1034 00fb 3C       		.uleb128 0x3c
 1035 00fc 19       		.uleb128 0x19
 1036 00fd 00       		.byte	0
 1037 00fe 00       		.byte	0
 1038 00ff 16       		.uleb128 0x16
 1039 0100 34       		.uleb128 0x34
 1040 0101 00       		.byte	0
 1041 0102 03       		.uleb128 0x3
 1042 0103 08       		.uleb128 0x8
 1043 0104 3A       		.uleb128 0x3a
 1044 0105 0B       		.uleb128 0xb
 1045 0106 3B       		.uleb128 0x3b
 1046 0107 05       		.uleb128 0x5
 1047 0108 49       		.uleb128 0x49
 1048 0109 13       		.uleb128 0x13
 1049 010a 3F       		.uleb128 0x3f
 1050 010b 19       		.uleb128 0x19
 1051 010c 3C       		.uleb128 0x3c
 1052 010d 19       		.uleb128 0x19
 1053 010e 00       		.byte	0
 1054 010f 00       		.byte	0
 1055 0110 00       		.byte	0
 1056              		.section	.debug_aranges,"",%progbits
 1057 0000 14000000 		.4byte	0x14
 1058 0004 0200     		.2byte	0x2
 1059 0006 00000000 		.4byte	.Ldebug_info0
 1060 000a 04       		.byte	0x4
 1061 000b 00       		.byte	0
 1062 000c 0000     		.2byte	0
 1063 000e 0000     		.2byte	0
 1064 0010 00000000 		.4byte	0
 1065 0014 00000000 		.4byte	0
 1066              		.section	.debug_line,"",%progbits
 1067              	.Ldebug_line0:
 1068 0000 6B010000 		.section	.debug_str,"MS",%progbits,1
 1068      02006501 
 1068      00000201 
 1068      FB0E0D00 
 1068      01010101 
 1069              	.LASF26:
 1070 0000 74687265 		.ascii	"thread_t\000"
 1070      61645F74 
 1070      00
 1071              	.LASF20:
 1072 0009 74726566 		.ascii	"trefs_t\000"
 1072      735F7400 
 1073              	.LASF62:
 1074 0011 63685F73 		.ascii	"ch_system_debug\000"
 1074      79737465 
 1074      6D5F6465 
ARM GAS  /tmp/ccfYhxR6.s 			page 20


 1074      62756700 
 1075              	.LASF38:
 1076 0021 6570656E 		.ascii	"epending\000"
 1076      64696E67 
 1076      00
 1077              	.LASF33:
 1078 002a 73746174 		.ascii	"state\000"
 1078      6500
 1079              	.LASF16:
 1080 0030 75696E74 		.ascii	"uint64_t\000"
 1080      36345F74 
 1080      00
 1081              	.LASF68:
 1082 0039 6D61696E 		.ascii	"mainthread\000"
 1082      74687265 
 1082      616400
 1083              	.LASF3:
 1084 0044 73686F72 		.ascii	"short int\000"
 1084      7420696E 
 1084      7400
 1085              	.LASF69:
 1086 004e 73697A65 		.ascii	"sizetype\000"
 1086      74797065 
 1086      00
 1087              	.LASF61:
 1088 0057 73797374 		.ascii	"system_debug_t\000"
 1088      656D5F64 
 1088      65627567 
 1088      5F7400
 1089              	.LASF12:
 1090 0066 6C6F6E67 		.ascii	"long long unsigned int\000"
 1090      206C6F6E 
 1090      6720756E 
 1090      7369676E 
 1090      65642069 
 1091              	.LASF8:
 1092 007d 5F5F7569 		.ascii	"__uint32_t\000"
 1092      6E743332 
 1092      5F7400
 1093              	.LASF23:
 1094 0088 6576656E 		.ascii	"eventmask_t\000"
 1094      746D6173 
 1094      6B5F7400 
 1095              	.LASF18:
 1096 0094 746D6F64 		.ascii	"tmode_t\000"
 1096      655F7400 
 1097              	.LASF45:
 1098 009c 63685F74 		.ascii	"ch_threads_list\000"
 1098      68726561 
 1098      64735F6C 
 1098      69737400 
 1099              	.LASF17:
 1100 00ac 7274636E 		.ascii	"rtcnt_t\000"
 1100      745F7400 
 1101              	.LASF75:
 1102 00b4 746D5F63 		.ascii	"tm_calibration_t\000"
 1102      616C6962 
ARM GAS  /tmp/ccfYhxR6.s 			page 21


 1102      72617469 
 1102      6F6E5F74 
 1102      00
 1103              	.LASF92:
 1104 00c5 2E2E2F2E 		.ascii	"../../../os/hal/src/hal_mmcsd.c\000"
 1104      2E2F2E2E 
 1104      2F6F732F 
 1104      68616C2F 
 1104      7372632F 
 1105              	.LASF64:
 1106 00e5 63685F73 		.ascii	"ch_system_t\000"
 1106      79737465 
 1106      6D5F7400 
 1107              	.LASF37:
 1108 00f1 6D736771 		.ascii	"msgqueue\000"
 1108      75657565 
 1108      00
 1109              	.LASF70:
 1110 00fa 72656761 		.ascii	"regarm_t\000"
 1110      726D5F74 
 1110      00
 1111              	.LASF56:
 1112 0103 64656C74 		.ascii	"delta\000"
 1112      6100
 1113              	.LASF13:
 1114 0109 75696E74 		.ascii	"uint8_t\000"
 1114      385F7400 
 1115              	.LASF48:
 1116 0111 63685F74 		.ascii	"ch_threads_queue\000"
 1116      68726561 
 1116      64735F71 
 1116      75657565 
 1116      00
 1117              	.LASF15:
 1118 0122 75696E74 		.ascii	"uint32_t\000"
 1118      33325F74 
 1118      00
 1119              	.LASF44:
 1120 012b 63685F74 		.ascii	"ch_thread\000"
 1120      68726561 
 1120      6400
 1121              	.LASF30:
 1122 0135 6F6C6465 		.ascii	"older\000"
 1122      7200
 1123              	.LASF32:
 1124 013b 77616261 		.ascii	"wabase\000"
 1124      736500
 1125              	.LASF35:
 1126 0142 72656673 		.ascii	"refs\000"
 1126      00
 1127              	.LASF57:
 1128 0147 66756E63 		.ascii	"func\000"
 1128      00
 1129              	.LASF10:
 1130 014c 6C6F6E67 		.ascii	"long long int\000"
 1130      206C6F6E 
 1130      6720696E 
ARM GAS  /tmp/ccfYhxR6.s 			page 22


 1130      7400
 1131              	.LASF81:
 1132 015a 77747365 		.ascii	"wtsemp\000"
 1132      6D7000
 1133              	.LASF21:
 1134 0161 74707269 		.ascii	"tprio_t\000"
 1134      6F5F7400 
 1135              	.LASF7:
 1136 0169 6C6F6E67 		.ascii	"long int\000"
 1136      20696E74 
 1136      00
 1137              	.LASF65:
 1138 0172 63685F73 		.ascii	"ch_system\000"
 1138      79737465 
 1138      6D00
 1139              	.LASF74:
 1140 017c 6F666673 		.ascii	"offset\000"
 1140      657400
 1141              	.LASF54:
 1142 0183 76697274 		.ascii	"virtual_timer_t\000"
 1142      75616C5F 
 1142      74696D65 
 1142      725F7400 
 1143              	.LASF5:
 1144 0193 5F5F7569 		.ascii	"__uint8_t\000"
 1144      6E74385F 
 1144      7400
 1145              	.LASF80:
 1146 019d 73656E74 		.ascii	"sentmsg\000"
 1146      6D736700 
 1147              	.LASF93:
 1148 01a5 2F686F6D 		.ascii	"/home/declan/ChibiOS2/ChibiOS/demos/STM32/RT-STM32F"
 1148      652F6465 
 1148      636C616E 
 1148      2F436869 
 1148      62694F53 
 1149 01d8 3430372D 		.ascii	"407-DISCOVERY\000"
 1149      44495343 
 1149      4F564552 
 1149      5900
 1150              	.LASF29:
 1151 01e6 6E657765 		.ascii	"newer\000"
 1151      7200
 1152              	.LASF27:
 1153 01ec 71756575 		.ascii	"queue\000"
 1153      6500
 1154              	.LASF31:
 1155 01f2 6E616D65 		.ascii	"name\000"
 1155      00
 1156              	.LASF2:
 1157 01f7 756E7369 		.ascii	"unsigned char\000"
 1157      676E6564 
 1157      20636861 
 1157      7200
 1158              	.LASF86:
 1159 0205 6F776E65 		.ascii	"owner\000"
 1159      7200
ARM GAS  /tmp/ccfYhxR6.s 			page 23


 1160              	.LASF83:
 1161 020b 65776D61 		.ascii	"ewmask\000"
 1161      736B00
 1162              	.LASF49:
 1163 0212 70726576 		.ascii	"prev\000"
 1163      00
 1164              	.LASF1:
 1165 0217 7369676E 		.ascii	"signed char\000"
 1165      65642063 
 1165      68617200 
 1166              	.LASF34:
 1167 0223 666C6167 		.ascii	"flags\000"
 1167      7300
 1168              	.LASF85:
 1169 0229 63685F6D 		.ascii	"ch_mutex\000"
 1169      75746578 
 1169      00
 1170              	.LASF0:
 1171 0232 756E7369 		.ascii	"unsigned int\000"
 1171      676E6564 
 1171      20696E74 
 1171      00
 1172              	.LASF59:
 1173 023f 63685F76 		.ascii	"ch_virtual_timers_list\000"
 1173      69727475 
 1173      616C5F74 
 1173      696D6572 
 1173      735F6C69 
 1174              	.LASF58:
 1175 0256 76697274 		.ascii	"virtual_timers_list_t\000"
 1175      75616C5F 
 1175      74696D65 
 1175      72735F6C 
 1175      6973745F 
 1176              	.LASF47:
 1177 026c 74687265 		.ascii	"threads_queue_t\000"
 1177      6164735F 
 1177      71756575 
 1177      655F7400 
 1178              	.LASF4:
 1179 027c 73686F72 		.ascii	"short unsigned int\000"
 1179      7420756E 
 1179      7369676E 
 1179      65642069 
 1179      6E7400
 1180              	.LASF91:
 1181 028f 474E5520 		.ascii	"GNU C 4.9.3 20150529 (prerelease) -mcpu=cortex-m4 -"
 1181      4320342E 
 1181      392E3320 
 1181      32303135 
 1181      30353239 
 1182 02c2 6D6E6F2D 		.ascii	"mno-thumb-interwork -mthumb -ggdb -O0 -fomit-frame-"
 1182      7468756D 
 1182      622D696E 
 1182      74657277 
 1182      6F726B20 
 1183 02f5 706F696E 		.ascii	"pointer -falign-functions=16\000"
ARM GAS  /tmp/ccfYhxR6.s 			page 24


 1183      74657220 
 1183      2D66616C 
 1183      69676E2D 
 1183      66756E63 
 1184              	.LASF25:
 1185 0312 73797374 		.ascii	"systime_t\000"
 1185      696D655F 
 1185      7400
 1186              	.LASF66:
 1187 031c 726C6973 		.ascii	"rlist\000"
 1187      7400
 1188              	.LASF87:
 1189 0322 63686172 		.ascii	"char\000"
 1189      00
 1190              	.LASF88:
 1191 0327 6D757465 		.ascii	"mutex_t\000"
 1191      785F7400 
 1192              	.LASF55:
 1193 032f 63685F76 		.ascii	"ch_virtual_timer\000"
 1193      69727475 
 1193      616C5F74 
 1193      696D6572 
 1193      00
 1194              	.LASF14:
 1195 0340 696E7433 		.ascii	"int32_t\000"
 1195      325F7400 
 1196              	.LASF24:
 1197 0348 636E745F 		.ascii	"cnt_t\000"
 1197      7400
 1198              	.LASF40:
 1199 034e 7265616C 		.ascii	"realprio\000"
 1199      7072696F 
 1199      00
 1200              	.LASF72:
 1201 0357 706F7274 		.ascii	"port_context\000"
 1201      5F636F6E 
 1201      74657874 
 1201      00
 1202              	.LASF89:
 1203 0364 5F426F6F 		.ascii	"_Bool\000"
 1203      6C00
 1204              	.LASF11:
 1205 036a 5F5F7569 		.ascii	"__uint64_t\000"
 1205      6E743634 
 1205      5F7400
 1206              	.LASF60:
 1207 0375 6C617374 		.ascii	"lasttime\000"
 1207      74696D65 
 1207      00
 1208              	.LASF9:
 1209 037e 6C6F6E67 		.ascii	"long unsigned int\000"
 1209      20756E73 
 1209      69676E65 
 1209      6420696E 
 1209      7400
 1210              	.LASF63:
 1211 0390 70616E69 		.ascii	"panic_msg\000"
ARM GAS  /tmp/ccfYhxR6.s 			page 25


 1211      635F6D73 
 1211      6700
 1212              	.LASF79:
 1213 039a 77747472 		.ascii	"wttrp\000"
 1213      7000
 1214              	.LASF84:
 1215 03a0 63685F73 		.ascii	"ch_semaphore\000"
 1215      656D6170 
 1215      686F7265 
 1215      00
 1216              	.LASF73:
 1217 03ad 706F7274 		.ascii	"port_intctx\000"
 1217      5F696E74 
 1217      63747800 
 1218              	.LASF6:
 1219 03b9 5F5F696E 		.ascii	"__int32_t\000"
 1219      7433325F 
 1219      7400
 1220              	.LASF42:
 1221 03c3 74687265 		.ascii	"thread_reference_t\000"
 1221      61645F72 
 1221      65666572 
 1221      656E6365 
 1221      5F7400
 1222              	.LASF78:
 1223 03d6 77746F62 		.ascii	"wtobjp\000"
 1223      6A7000
 1224              	.LASF19:
 1225 03dd 74737461 		.ascii	"tstate_t\000"
 1225      74655F74 
 1225      00
 1226              	.LASF71:
 1227 03e6 73746B61 		.ascii	"stkalign_t\000"
 1227      6C69676E 
 1227      5F7400
 1228              	.LASF77:
 1229 03f1 65786974 		.ascii	"exitcode\000"
 1229      636F6465 
 1229      00
 1230              	.LASF41:
 1231 03fa 6D706F6F 		.ascii	"mpool\000"
 1231      6C00
 1232              	.LASF53:
 1233 0400 76746675 		.ascii	"vtfunc_t\000"
 1233      6E635F74 
 1233      00
 1234              	.LASF50:
 1235 0409 72656164 		.ascii	"ready_list_t\000"
 1235      795F6C69 
 1235      73745F74 
 1235      00
 1236              	.LASF52:
 1237 0416 63757272 		.ascii	"current\000"
 1237      656E7400 
 1238              	.LASF36:
 1239 041e 77616974 		.ascii	"waiting\000"
 1239      696E6700 
ARM GAS  /tmp/ccfYhxR6.s 			page 26


 1240              	.LASF51:
 1241 0426 63685F72 		.ascii	"ch_ready_list\000"
 1241      65616479 
 1241      5F6C6973 
 1241      7400
 1242              	.LASF90:
 1243 0434 49544D5F 		.ascii	"ITM_RxBuffer\000"
 1243      52784275 
 1243      66666572 
 1243      00
 1244              	.LASF39:
 1245 0441 6D74786C 		.ascii	"mtxlist\000"
 1245      69737400 
 1246              	.LASF76:
 1247 0449 7264796D 		.ascii	"rdymsg\000"
 1247      736700
 1248              	.LASF67:
 1249 0450 76746C69 		.ascii	"vtlist\000"
 1249      737400
 1250              	.LASF22:
 1251 0457 6D73675F 		.ascii	"msg_t\000"
 1251      7400
 1252              	.LASF28:
 1253 045d 7072696F 		.ascii	"prio\000"
 1253      00
 1254              	.LASF46:
 1255 0462 6E657874 		.ascii	"next\000"
 1255      00
 1256              	.LASF82:
 1257 0467 77746D74 		.ascii	"wtmtxp\000"
 1257      787000
 1258              	.LASF43:
 1259 046e 74687265 		.ascii	"threads_list_t\000"
 1259      6164735F 
 1259      6C697374 
 1259      5F7400
 1260              		.ident	"GCC: (15:4.9.3+svn231177-1) 4.9.3 20150529 (prerelease)"
ARM GAS  /tmp/ccfYhxR6.s 			page 27


DEFINED SYMBOLS
                            *ABS*:0000000000000000 hal_mmcsd.c

NO UNDEFINED SYMBOLS
