ARM GAS  /tmp/ccI2ASm7.s 			page 1


   1              		.syntax unified
   2              		.cpu cortex-m4
   3              		.fpu softvfp
   4              		.eabi_attribute 20, 1
   5              		.eabi_attribute 21, 1
   6              		.eabi_attribute 23, 3
   7              		.eabi_attribute 24, 1
   8              		.eabi_attribute 25, 1
   9              		.eabi_attribute 26, 1
  10              		.eabi_attribute 30, 6
  11              		.eabi_attribute 34, 1
  12              		.eabi_attribute 18, 4
  13              		.thumb
  14              		.file	"hal_st_lld.c"
  15              		.text
  16              	.Ltext0:
  17              		.cfi_sections	.debug_frame
  18              		.align	2
  19              		.p2align 4,,15
  20              		.thumb
  21              		.thumb_func
  22              		.type	port_lock, %function
  23              	port_lock:
  24              	.LFB127:
  25              		.file 1 "../../../os/common/ports/ARMCMx/chcore_v7m.h"
  26              		.loc 1 594 0
  27              		.cfi_startproc
  28              		@ args = 0, pretend = 0, frame = 8
  29              		@ frame_needed = 0, uses_anonymous_args = 0
  30              		@ link register save eliminated.
  31 0000 82B0     		sub	sp, sp, #8
  32              		.cfi_def_cfa_offset 8
  33 0002 2023     		movs	r3, #32
  34 0004 0193     		str	r3, [sp, #4]
  35              	.LBB6:
  36              	.LBB7:
  37              		.file 2 "../../../os/common/ext/CMSIS/include/cmsis_gcc.h"
  38              		.loc 2 264 0
  39 0006 019B     		ldr	r3, [sp, #4]
  40              	@ 264 "../../../os/common/ext/CMSIS/include/cmsis_gcc.h" 1
  41 0008 83F31188 		MSR basepri, r3
  42              	@ 0 "" 2
  43              		.thumb
  44              	.LBE7:
  45              	.LBE6:
  46              		.loc 1 611 0
  47 000c 02B0     		add	sp, sp, #8
  48              		.cfi_def_cfa_offset 0
  49              		@ sp needed
  50 000e 7047     		bx	lr
  51              		.cfi_endproc
  52              	.LFE127:
  53              		.size	port_lock, .-port_lock
  54              		.align	2
  55              		.p2align 4,,15
  56              		.thumb
  57              		.thumb_func
ARM GAS  /tmp/ccI2ASm7.s 			page 2


  58              		.type	port_unlock, %function
  59              	port_unlock:
  60              	.LFB128:
  61              		.loc 1 618 0
  62              		.cfi_startproc
  63              		@ args = 0, pretend = 0, frame = 8
  64              		@ frame_needed = 0, uses_anonymous_args = 0
  65              		@ link register save eliminated.
  66 0010 82B0     		sub	sp, sp, #8
  67              		.cfi_def_cfa_offset 8
  68 0012 0023     		movs	r3, #0
  69 0014 0193     		str	r3, [sp, #4]
  70              	.LBB8:
  71              	.LBB9:
  72              		.loc 2 264 0
  73 0016 019B     		ldr	r3, [sp, #4]
  74              	@ 264 "../../../os/common/ext/CMSIS/include/cmsis_gcc.h" 1
  75 0018 83F31188 		MSR basepri, r3
  76              	@ 0 "" 2
  77              		.thumb
  78              	.LBE9:
  79              	.LBE8:
  80              		.loc 1 625 0
  81 001c 02B0     		add	sp, sp, #8
  82              		.cfi_def_cfa_offset 0
  83              		@ sp needed
  84 001e 7047     		bx	lr
  85              		.cfi_endproc
  86              	.LFE128:
  87              		.size	port_unlock, .-port_unlock
  88              		.align	2
  89              		.p2align 4,,15
  90              		.thumb
  91              		.thumb_func
  92              		.type	port_lock_from_isr, %function
  93              	port_lock_from_isr:
  94              	.LFB129:
  95              		.loc 1 633 0
  96              		.cfi_startproc
  97              		@ args = 0, pretend = 0, frame = 0
  98              		@ frame_needed = 0, uses_anonymous_args = 0
  99 0020 08B5     		push	{r3, lr}
 100              		.cfi_def_cfa_offset 8
 101              		.cfi_offset 3, -8
 102              		.cfi_offset 14, -4
 103              		.loc 1 635 0
 104 0022 FFF7EDFF 		bl	port_lock
 105              		.loc 1 636 0
 106 0026 08BD     		pop	{r3, pc}
 107              		.cfi_endproc
 108              	.LFE129:
 109              		.size	port_lock_from_isr, .-port_lock_from_isr
 110              		.align	2
 111 0028 AFF30080 		.p2align 4,,15
 111      AFF30080 
 112              		.thumb
 113              		.thumb_func
ARM GAS  /tmp/ccI2ASm7.s 			page 3


 114              		.type	port_unlock_from_isr, %function
 115              	port_unlock_from_isr:
 116              	.LFB130:
 117              		.loc 1 644 0
 118              		.cfi_startproc
 119              		@ args = 0, pretend = 0, frame = 0
 120              		@ frame_needed = 0, uses_anonymous_args = 0
 121 0030 08B5     		push	{r3, lr}
 122              		.cfi_def_cfa_offset 8
 123              		.cfi_offset 3, -8
 124              		.cfi_offset 14, -4
 125              		.loc 1 646 0
 126 0032 FFF7EDFF 		bl	port_unlock
 127              		.loc 1 647 0
 128 0036 08BD     		pop	{r3, pc}
 129              		.cfi_endproc
 130              	.LFE130:
 131              		.size	port_unlock_from_isr, .-port_unlock_from_isr
 132              		.align	2
 133 0038 AFF30080 		.p2align 4,,15
 133      AFF30080 
 134              		.thumb
 135              		.thumb_func
 136              		.type	chSysLockFromISR, %function
 137              	chSysLockFromISR:
 138              	.LFB169:
 139              		.file 3 "../../../os/rt/include/chsys.h"
 140              		.loc 3 414 0
 141              		.cfi_startproc
 142              		@ args = 0, pretend = 0, frame = 0
 143              		@ frame_needed = 0, uses_anonymous_args = 0
 144 0040 08B5     		push	{r3, lr}
 145              		.cfi_def_cfa_offset 8
 146              		.cfi_offset 3, -8
 147              		.cfi_offset 14, -4
 148              		.loc 3 416 0
 149 0042 FFF7EDFF 		bl	port_lock_from_isr
 150              		.loc 3 419 0
 151 0046 08BD     		pop	{r3, pc}
 152              		.cfi_endproc
 153              	.LFE169:
 154              		.size	chSysLockFromISR, .-chSysLockFromISR
 155              		.align	2
 156 0048 AFF30080 		.p2align 4,,15
 156      AFF30080 
 157              		.thumb
 158              		.thumb_func
 159              		.type	chSysUnlockFromISR, %function
 160              	chSysUnlockFromISR:
 161              	.LFB170:
 162              		.loc 3 434 0
 163              		.cfi_startproc
 164              		@ args = 0, pretend = 0, frame = 0
 165              		@ frame_needed = 0, uses_anonymous_args = 0
 166 0050 08B5     		push	{r3, lr}
 167              		.cfi_def_cfa_offset 8
 168              		.cfi_offset 3, -8
ARM GAS  /tmp/ccI2ASm7.s 			page 4


 169              		.cfi_offset 14, -4
 170              		.loc 3 438 0
 171 0052 FFF7EDFF 		bl	port_unlock_from_isr
 172              		.loc 3 439 0
 173 0056 08BD     		pop	{r3, pc}
 174              		.cfi_endproc
 175              	.LFE170:
 176              		.size	chSysUnlockFromISR, .-chSysUnlockFromISR
 177              		.align	2
 178 0058 AFF30080 		.p2align 4,,15
 178      AFF30080 
 179              		.thumb
 180              		.thumb_func
 181              		.type	osalSysLockFromISR, %function
 182              	osalSysLockFromISR:
 183              	.LFB254:
 184              		.file 4 "../../../os/hal/osal/rt/osal.h"
 185              		.loc 4 513 0
 186              		.cfi_startproc
 187              		@ args = 0, pretend = 0, frame = 0
 188              		@ frame_needed = 0, uses_anonymous_args = 0
 189 0060 08B5     		push	{r3, lr}
 190              		.cfi_def_cfa_offset 8
 191              		.cfi_offset 3, -8
 192              		.cfi_offset 14, -4
 193              		.loc 4 515 0
 194 0062 FFF7EDFF 		bl	chSysLockFromISR
 195              		.loc 4 516 0
 196 0066 08BD     		pop	{r3, pc}
 197              		.cfi_endproc
 198              	.LFE254:
 199              		.size	osalSysLockFromISR, .-osalSysLockFromISR
 200              		.align	2
 201 0068 AFF30080 		.p2align 4,,15
 201      AFF30080 
 202              		.thumb
 203              		.thumb_func
 204              		.type	osalSysUnlockFromISR, %function
 205              	osalSysUnlockFromISR:
 206              	.LFB255:
 207              		.loc 4 524 0
 208              		.cfi_startproc
 209              		@ args = 0, pretend = 0, frame = 0
 210              		@ frame_needed = 0, uses_anonymous_args = 0
 211 0070 08B5     		push	{r3, lr}
 212              		.cfi_def_cfa_offset 8
 213              		.cfi_offset 3, -8
 214              		.cfi_offset 14, -4
 215              		.loc 4 526 0
 216 0072 FFF7EDFF 		bl	chSysUnlockFromISR
 217              		.loc 4 527 0
 218 0076 08BD     		pop	{r3, pc}
 219              		.cfi_endproc
 220              	.LFE255:
 221              		.size	osalSysUnlockFromISR, .-osalSysUnlockFromISR
 222              		.align	2
 223 0078 AFF30080 		.p2align 4,,15
ARM GAS  /tmp/ccI2ASm7.s 			page 5


 223      AFF30080 
 224              		.thumb
 225              		.thumb_func
 226              		.type	osalOsTimerHandlerI, %function
 227              	osalOsTimerHandlerI:
 228              	.LFB259:
 229              		.loc 4 583 0
 230              		.cfi_startproc
 231              		@ args = 0, pretend = 0, frame = 0
 232              		@ frame_needed = 0, uses_anonymous_args = 0
 233 0080 08B5     		push	{r3, lr}
 234              		.cfi_def_cfa_offset 8
 235              		.cfi_offset 3, -8
 236              		.cfi_offset 14, -4
 237              		.loc 4 585 0
 238 0082 FFF7FEFF 		bl	chSysTimerHandlerI
 239              		.loc 4 586 0
 240 0086 08BD     		pop	{r3, pc}
 241              		.cfi_endproc
 242              	.LFE259:
 243              		.size	osalOsTimerHandlerI, .-osalOsTimerHandlerI
 244              		.align	2
 245 0088 AFF30080 		.p2align 4,,15
 245      AFF30080 
 246              		.global	VectorB0
 247              		.thumb
 248              		.thumb_func
 249              		.type	VectorB0, %function
 250              	VectorB0:
 251              	.LFB279:
 252              		.file 5 "../../../os/hal/ports/STM32/LLD/TIMv1/hal_st_lld.c"
 253              		.loc 5 239 0
 254              		.cfi_startproc
 255              		@ args = 0, pretend = 0, frame = 0
 256              		@ frame_needed = 0, uses_anonymous_args = 0
 257 0090 08B5     		push	{r3, lr}
 258              		.cfi_def_cfa_offset 8
 259              		.cfi_offset 3, -8
 260              		.cfi_offset 14, -4
 261              		.loc 5 246 0
 262 0092 4FF08043 		mov	r3, #1073741824
 263 0096 1B69     		ldr	r3, [r3, #16]
 264 0098 03F00203 		and	r3, r3, #2
 265 009c 002B     		cmp	r3, #0
 266 009e 09D0     		beq	.L11
 267              		.loc 5 247 0
 268 00a0 4FF08043 		mov	r3, #1073741824
 269 00a4 0022     		movs	r2, #0
 270 00a6 1A61     		str	r2, [r3, #16]
 271              		.loc 5 249 0
 272 00a8 FFF7DAFF 		bl	osalSysLockFromISR
 273              		.loc 5 250 0
 274 00ac FFF7E8FF 		bl	osalOsTimerHandlerI
 275              		.loc 5 251 0
 276 00b0 FFF7DEFF 		bl	osalSysUnlockFromISR
 277              	.L11:
 278              		.loc 5 254 0
ARM GAS  /tmp/ccI2ASm7.s 			page 6


 279 00b4 FFF7FEFF 		bl	_port_irq_epilogue
 280              		.loc 5 255 0
 281 00b8 08BD     		pop	{r3, pc}
 282              		.cfi_endproc
 283              	.LFE279:
 284              		.size	VectorB0, .-VectorB0
 285 00ba 00BF     		.align	2
 286 00bc AFF30080 		.p2align 4,,15
 287              		.global	st_lld_init
 288              		.thumb
 289              		.thumb_func
 290              		.type	st_lld_init, %function
 291              	st_lld_init:
 292              	.LFB280:
 293              		.loc 5 267 0
 294              		.cfi_startproc
 295              		@ args = 0, pretend = 0, frame = 0
 296              		@ frame_needed = 0, uses_anonymous_args = 0
 297 00c0 08B5     		push	{r3, lr}
 298              		.cfi_def_cfa_offset 8
 299              		.cfi_offset 3, -8
 300              		.cfi_offset 14, -4
 301              		.loc 5 273 0
 302 00c2 194A     		ldr	r2, .L13
 303 00c4 184B     		ldr	r3, .L13
 304 00c6 1B6C     		ldr	r3, [r3, #64]
 305 00c8 43F00103 		orr	r3, r3, #1
 306 00cc 1364     		str	r3, [r2, #64]
 307              		.loc 5 276 0
 308 00ce 174A     		ldr	r2, .L13+4
 309 00d0 164B     		ldr	r3, .L13+4
 310 00d2 9B68     		ldr	r3, [r3, #8]
 311 00d4 43F00103 		orr	r3, r3, #1
 312 00d8 9360     		str	r3, [r2, #8]
 313              		.loc 5 279 0
 314 00da 4FF08043 		mov	r3, #1073741824
 315 00de 42F2CF02 		movw	r2, #8399
 316 00e2 9A62     		str	r2, [r3, #40]
 317              		.loc 5 280 0
 318 00e4 4FF08043 		mov	r3, #1073741824
 319 00e8 4FF0FF32 		mov	r2, #-1
 320 00ec DA62     		str	r2, [r3, #44]
 321              		.loc 5 281 0
 322 00ee 4FF08043 		mov	r3, #1073741824
 323 00f2 0022     		movs	r2, #0
 324 00f4 9A61     		str	r2, [r3, #24]
 325              		.loc 5 282 0
 326 00f6 4FF08043 		mov	r3, #1073741824
 327 00fa 0022     		movs	r2, #0
 328 00fc 5A63     		str	r2, [r3, #52]
 329              		.loc 5 283 0
 330 00fe 4FF08043 		mov	r3, #1073741824
 331 0102 0022     		movs	r2, #0
 332 0104 DA60     		str	r2, [r3, #12]
 333              		.loc 5 284 0
 334 0106 4FF08043 		mov	r3, #1073741824
 335 010a 0022     		movs	r2, #0
ARM GAS  /tmp/ccI2ASm7.s 			page 7


 336 010c 5A60     		str	r2, [r3, #4]
 337              		.loc 5 285 0
 338 010e 4FF08043 		mov	r3, #1073741824
 339 0112 0122     		movs	r2, #1
 340 0114 5A61     		str	r2, [r3, #20]
 341              		.loc 5 286 0
 342 0116 4FF08043 		mov	r3, #1073741824
 343 011a 0122     		movs	r2, #1
 344 011c 1A60     		str	r2, [r3]
 345              		.loc 5 289 0
 346 011e 1C20     		movs	r0, #28
 347 0120 0821     		movs	r1, #8
 348 0122 FFF7FEFF 		bl	nvicEnableVector
 349              		.loc 5 304 0
 350 0126 08BD     		pop	{r3, pc}
 351              	.L14:
 352              		.align	2
 353              	.L13:
 354 0128 00380240 		.word	1073887232
 355 012c 002004E0 		.word	-536600576
 356              		.cfi_endproc
 357              	.LFE280:
 358              		.size	st_lld_init, .-st_lld_init
 359              	.Letext0:
 360              		.file 6 "/usr/include/newlib/machine/_default_types.h"
 361              		.file 7 "/usr/include/newlib/sys/_stdint.h"
 362              		.file 8 "../../../os/common/ports/ARMCMx/compilers/GCC/chtypes.h"
 363              		.file 9 "../../../os/rt/include/chsystypes.h"
 364              		.file 10 "../../../os/rt/include/chschd.h"
 365              		.file 11 "../../../os/common/ext/CMSIS/ST/STM32F4xx/stm32f407xx.h"
 366              		.file 12 "../../../os/common/ports/ARMCMx/chcore.h"
 367              		.file 13 "../../../os/hal/ports/STM32/LLD/TIMv1/stm32_tim.h"
 368              		.file 14 "../../../os/rt/include/chtm.h"
 369              		.file 15 "../../../os/rt/include/chsem.h"
 370              		.file 16 "../../../os/rt/include/chmtx.h"
 371              		.file 17 "../../../os/common/ext/CMSIS/include/core_cm4.h"
 372              		.section	.debug_info,"",%progbits
 373              	.Ldebug_info0:
 374 0000 5B0A0000 		.4byte	0xa5b
 375 0004 0400     		.2byte	0x4
 376 0006 00000000 		.4byte	.Ldebug_abbrev0
 377 000a 04       		.byte	0x4
 378 000b 01       		.uleb128 0x1
 379 000c 12050000 		.4byte	.LASF144
 380 0010 01       		.byte	0x1
 381 0011 3D000000 		.4byte	.LASF145
 382 0015 89010000 		.4byte	.LASF146
 383 0019 00000000 		.4byte	.Ltext0
 384 001d 30010000 		.4byte	.Letext0-.Ltext0
 385 0021 00000000 		.4byte	.Ldebug_line0
 386 0025 02       		.uleb128 0x2
 387 0026 04       		.byte	0x4
 388 0027 05       		.byte	0x5
 389 0028 696E7400 		.ascii	"int\000"
 390 002c 03       		.uleb128 0x3
 391 002d 04       		.byte	0x4
 392 002e 07       		.byte	0x7
ARM GAS  /tmp/ccI2ASm7.s 			page 8


 393 002f 6A020000 		.4byte	.LASF0
 394 0033 03       		.uleb128 0x3
 395 0034 01       		.byte	0x1
 396 0035 06       		.byte	0x6
 397 0036 3D010000 		.4byte	.LASF1
 398 003a 04       		.uleb128 0x4
 399 003b 33000000 		.4byte	.LASF5
 400 003f 06       		.byte	0x6
 401 0040 1D       		.byte	0x1d
 402 0041 45000000 		.4byte	0x45
 403 0045 03       		.uleb128 0x3
 404 0046 01       		.byte	0x1
 405 0047 08       		.byte	0x8
 406 0048 73040000 		.4byte	.LASF2
 407 004c 03       		.uleb128 0x3
 408 004d 02       		.byte	0x2
 409 004e 05       		.byte	0x5
 410 004f 8E040000 		.4byte	.LASF3
 411 0053 03       		.uleb128 0x3
 412 0054 02       		.byte	0x2
 413 0055 07       		.byte	0x7
 414 0056 17060000 		.4byte	.LASF4
 415 005a 04       		.uleb128 0x4
 416 005b 17030000 		.4byte	.LASF6
 417 005f 06       		.byte	0x6
 418 0060 3F       		.byte	0x3f
 419 0061 65000000 		.4byte	0x65
 420 0065 03       		.uleb128 0x3
 421 0066 04       		.byte	0x4
 422 0067 05       		.byte	0x5
 423 0068 80010000 		.4byte	.LASF7
 424 006c 04       		.uleb128 0x4
 425 006d 13020000 		.4byte	.LASF8
 426 0071 06       		.byte	0x6
 427 0072 41       		.byte	0x41
 428 0073 77000000 		.4byte	0x77
 429 0077 03       		.uleb128 0x3
 430 0078 04       		.byte	0x4
 431 0079 07       		.byte	0x7
 432 007a 7E020000 		.4byte	.LASF9
 433 007e 03       		.uleb128 0x3
 434 007f 08       		.byte	0x8
 435 0080 05       		.byte	0x5
 436 0081 F0010000 		.4byte	.LASF10
 437 0085 04       		.uleb128 0x4
 438 0086 DA030000 		.4byte	.LASF11
 439 008a 06       		.byte	0x6
 440 008b 5B       		.byte	0x5b
 441 008c 90000000 		.4byte	0x90
 442 0090 03       		.uleb128 0x3
 443 0091 08       		.byte	0x8
 444 0092 07       		.byte	0x7
 445 0093 95000000 		.4byte	.LASF12
 446 0097 04       		.uleb128 0x4
 447 0098 72060000 		.4byte	.LASF13
 448 009c 07       		.byte	0x7
 449 009d 14       		.byte	0x14
ARM GAS  /tmp/ccI2ASm7.s 			page 9


 450 009e 3A000000 		.4byte	0x3a
 451 00a2 04       		.uleb128 0x4
 452 00a3 6B040000 		.4byte	.LASF14
 453 00a7 07       		.byte	0x7
 454 00a8 1F       		.byte	0x1f
 455 00a9 5A000000 		.4byte	0x5a
 456 00ad 04       		.uleb128 0x4
 457 00ae EC040000 		.4byte	.LASF15
 458 00b2 07       		.byte	0x7
 459 00b3 20       		.byte	0x20
 460 00b4 6C000000 		.4byte	0x6c
 461 00b8 04       		.uleb128 0x4
 462 00b9 2A000000 		.4byte	.LASF16
 463 00bd 07       		.byte	0x7
 464 00be 26       		.byte	0x26
 465 00bf 85000000 		.4byte	0x85
 466 00c3 04       		.uleb128 0x4
 467 00c4 2A060000 		.4byte	.LASF17
 468 00c8 08       		.byte	0x8
 469 00c9 39       		.byte	0x39
 470 00ca AD000000 		.4byte	0xad
 471 00ce 04       		.uleb128 0x4
 472 00cf 9E060000 		.4byte	.LASF18
 473 00d3 08       		.byte	0x8
 474 00d4 3C       		.byte	0x3c
 475 00d5 97000000 		.4byte	0x97
 476 00d9 04       		.uleb128 0x4
 477 00da DD010000 		.4byte	.LASF19
 478 00de 08       		.byte	0x8
 479 00df 3D       		.byte	0x3d
 480 00e0 97000000 		.4byte	0x97
 481 00e4 04       		.uleb128 0x4
 482 00e5 EC030000 		.4byte	.LASF20
 483 00e9 08       		.byte	0x8
 484 00ea 3E       		.byte	0x3e
 485 00eb 97000000 		.4byte	0x97
 486 00ef 04       		.uleb128 0x4
 487 00f0 3A040000 		.4byte	.LASF21
 488 00f4 08       		.byte	0x8
 489 00f5 40       		.byte	0x40
 490 00f6 AD000000 		.4byte	0xad
 491 00fa 04       		.uleb128 0x4
 492 00fb C1020000 		.4byte	.LASF22
 493 00ff 08       		.byte	0x8
 494 0100 41       		.byte	0x41
 495 0101 A2000000 		.4byte	0xa2
 496 0105 04       		.uleb128 0x4
 497 0106 0B030000 		.4byte	.LASF23
 498 010a 08       		.byte	0x8
 499 010b 43       		.byte	0x43
 500 010c AD000000 		.4byte	0xad
 501 0110 04       		.uleb128 0x4
 502 0111 64020000 		.4byte	.LASF24
 503 0115 08       		.byte	0x8
 504 0116 45       		.byte	0x45
 505 0117 A2000000 		.4byte	0xa2
 506 011b 04       		.uleb128 0x4
ARM GAS  /tmp/ccI2ASm7.s 			page 10


 507 011c CC050000 		.4byte	.LASF25
 508 0120 09       		.byte	0x9
 509 0121 33       		.byte	0x33
 510 0122 AD000000 		.4byte	0xad
 511 0126 04       		.uleb128 0x4
 512 0127 C3050000 		.4byte	.LASF26
 513 012b 09       		.byte	0x9
 514 012c 3F       		.byte	0x3f
 515 012d 31010000 		.4byte	0x131
 516 0131 05       		.uleb128 0x5
 517 0132 AC020000 		.4byte	.LASF44
 518 0136 44       		.byte	0x44
 519 0137 0A       		.byte	0xa
 520 0138 9A       		.byte	0x9a
 521 0139 0F020000 		.4byte	0x20f
 522 013d 06       		.uleb128 0x6
 523 013e FE010000 		.4byte	.LASF27
 524 0142 0A       		.byte	0xa
 525 0143 9B       		.byte	0x9b
 526 0144 44020000 		.4byte	0x244
 527 0148 00       		.byte	0
 528 0149 06       		.uleb128 0x6
 529 014a C4030000 		.4byte	.LASF28
 530 014e 0A       		.byte	0xa
 531 014f 9C       		.byte	0x9c
 532 0150 EF000000 		.4byte	0xef
 533 0154 08       		.byte	0x8
 534 0155 07       		.uleb128 0x7
 535 0156 63747800 		.ascii	"ctx\000"
 536 015a 0A       		.byte	0xa
 537 015b 9D       		.byte	0x9d
 538 015c 45060000 		.4byte	0x645
 539 0160 0C       		.byte	0xc
 540 0161 06       		.uleb128 0x6
 541 0162 40030000 		.4byte	.LASF29
 542 0166 0A       		.byte	0xa
 543 0167 9F       		.byte	0x9f
 544 0168 1A020000 		.4byte	0x21a
 545 016c 10       		.byte	0x10
 546 016d 06       		.uleb128 0x6
 547 016e 9A050000 		.4byte	.LASF30
 548 0172 0A       		.byte	0xa
 549 0173 A0       		.byte	0xa0
 550 0174 1A020000 		.4byte	0x21a
 551 0178 14       		.byte	0x14
 552 0179 06       		.uleb128 0x6
 553 017a 9C020000 		.4byte	.LASF31
 554 017e 0A       		.byte	0xa
 555 017f A7       		.byte	0xa7
 556 0180 EC080000 		.4byte	0x8ec
 557 0184 18       		.byte	0x18
 558 0185 06       		.uleb128 0x6
 559 0186 04020000 		.4byte	.LASF32
 560 018a 0A       		.byte	0xa
 561 018b B0       		.byte	0xb0
 562 018c FE080000 		.4byte	0x8fe
 563 0190 1C       		.byte	0x1c
ARM GAS  /tmp/ccI2ASm7.s 			page 11


 564 0191 06       		.uleb128 0x6
 565 0192 70010000 		.4byte	.LASF33
 566 0196 0A       		.byte	0xa
 567 0197 B5       		.byte	0xb5
 568 0198 D9000000 		.4byte	0xd9
 569 019c 20       		.byte	0x20
 570 019d 06       		.uleb128 0x6
 571 019e 7A060000 		.4byte	.LASF34
 572 01a2 0A       		.byte	0xa
 573 01a3 B9       		.byte	0xb9
 574 01a4 CE000000 		.4byte	0xce
 575 01a8 21       		.byte	0x21
 576 01a9 06       		.uleb128 0x6
 577 01aa 26010000 		.4byte	.LASF35
 578 01ae 0A       		.byte	0xa
 579 01af BE       		.byte	0xbe
 580 01b0 E4000000 		.4byte	0xe4
 581 01b4 22       		.byte	0x22
 582 01b5 08       		.uleb128 0x8
 583 01b6 7500     		.ascii	"u\000"
 584 01b8 0A       		.byte	0xa
 585 01b9 0F01     		.2byte	0x10f
 586 01bb 21080000 		.4byte	0x821
 587 01bf 24       		.byte	0x24
 588 01c0 09       		.uleb128 0x9
 589 01c1 41020000 		.4byte	.LASF36
 590 01c5 0A       		.byte	0xa
 591 01c6 1401     		.2byte	0x114
 592 01c8 20020000 		.4byte	0x220
 593 01cc 28       		.byte	0x28
 594 01cd 09       		.uleb128 0x9
 595 01ce 67010000 		.4byte	.LASF37
 596 01d2 0A       		.byte	0xa
 597 01d3 1A01     		.2byte	0x11a
 598 01d5 44020000 		.4byte	0x244
 599 01d9 2C       		.byte	0x2c
 600 01da 09       		.uleb128 0x9
 601 01db D0020000 		.4byte	.LASF38
 602 01df 0A       		.byte	0xa
 603 01e0 2001     		.2byte	0x120
 604 01e2 05010000 		.4byte	0x105
 605 01e6 34       		.byte	0x34
 606 01e7 09       		.uleb128 0x9
 607 01e8 AB060000 		.4byte	.LASF39
 608 01ec 0A       		.byte	0xa
 609 01ed 2701     		.2byte	0x127
 610 01ef E6080000 		.4byte	0x8e6
 611 01f3 38       		.byte	0x38
 612 01f4 09       		.uleb128 0x9
 613 01f5 65030000 		.4byte	.LASF40
 614 01f9 0A       		.byte	0xa
 615 01fa 2B01     		.2byte	0x12b
 616 01fc EF000000 		.4byte	0xef
 617 0200 3C       		.byte	0x3c
 618 0201 09       		.uleb128 0x9
 619 0202 A1020000 		.4byte	.LASF41
 620 0206 0A       		.byte	0xa
ARM GAS  /tmp/ccI2ASm7.s 			page 12


 621 0207 3201     		.2byte	0x132
 622 0209 F7020000 		.4byte	0x2f7
 623 020d 40       		.byte	0x40
 624 020e 00       		.byte	0
 625 020f 04       		.uleb128 0x4
 626 0210 77030000 		.4byte	.LASF42
 627 0214 09       		.byte	0x9
 628 0215 44       		.byte	0x44
 629 0216 1A020000 		.4byte	0x21a
 630 021a 0A       		.uleb128 0xa
 631 021b 04       		.byte	0x4
 632 021c 26010000 		.4byte	0x126
 633 0220 04       		.uleb128 0x4
 634 0221 46030000 		.4byte	.LASF43
 635 0225 09       		.byte	0x9
 636 0226 49       		.byte	0x49
 637 0227 2B020000 		.4byte	0x22b
 638 022b 05       		.uleb128 0x5
 639 022c FC040000 		.4byte	.LASF45
 640 0230 04       		.byte	0x4
 641 0231 0A       		.byte	0xa
 642 0232 88       		.byte	0x88
 643 0233 44020000 		.4byte	0x244
 644 0237 06       		.uleb128 0x6
 645 0238 18000000 		.4byte	.LASF46
 646 023c 0A       		.byte	0xa
 647 023d 89       		.byte	0x89
 648 023e 1A020000 		.4byte	0x21a
 649 0242 00       		.byte	0
 650 0243 00       		.byte	0
 651 0244 04       		.uleb128 0x4
 652 0245 4B060000 		.4byte	.LASF47
 653 0249 09       		.byte	0x9
 654 024a 50       		.byte	0x50
 655 024b 4F020000 		.4byte	0x24f
 656 024f 05       		.uleb128 0x5
 657 0250 0B010000 		.4byte	.LASF48
 658 0254 08       		.byte	0x8
 659 0255 0A       		.byte	0xa
 660 0256 8F       		.byte	0x8f
 661 0257 74020000 		.4byte	0x274
 662 025b 06       		.uleb128 0x6
 663 025c 18000000 		.4byte	.LASF46
 664 0260 0A       		.byte	0xa
 665 0261 90       		.byte	0x90
 666 0262 1A020000 		.4byte	0x21a
 667 0266 00       		.byte	0
 668 0267 06       		.uleb128 0x6
 669 0268 A6060000 		.4byte	.LASF49
 670 026c 0A       		.byte	0xa
 671 026d 91       		.byte	0x91
 672 026e 1A020000 		.4byte	0x21a
 673 0272 04       		.byte	0x4
 674 0273 00       		.byte	0
 675 0274 04       		.uleb128 0x4
 676 0275 00000000 		.4byte	.LASF50
 677 0279 09       		.byte	0x9
ARM GAS  /tmp/ccI2ASm7.s 			page 13


 678 027a 57       		.byte	0x57
 679 027b 7F020000 		.4byte	0x27f
 680 027f 0B       		.uleb128 0xb
 681 0280 FD020000 		.4byte	.LASF51
 682 0284 1C       		.byte	0x1c
 683 0285 0A       		.byte	0xa
 684 0286 6A01     		.2byte	0x16a
 685 0288 DB020000 		.4byte	0x2db
 686 028c 09       		.uleb128 0x9
 687 028d FE010000 		.4byte	.LASF27
 688 0291 0A       		.byte	0xa
 689 0292 6B01     		.2byte	0x16b
 690 0294 44020000 		.4byte	0x244
 691 0298 00       		.byte	0
 692 0299 09       		.uleb128 0x9
 693 029a C4030000 		.4byte	.LASF28
 694 029e 0A       		.byte	0xa
 695 029f 6C01     		.2byte	0x16c
 696 02a1 EF000000 		.4byte	0xef
 697 02a5 08       		.byte	0x8
 698 02a6 08       		.uleb128 0x8
 699 02a7 63747800 		.ascii	"ctx\000"
 700 02ab 0A       		.byte	0xa
 701 02ac 6E01     		.2byte	0x16e
 702 02ae 45060000 		.4byte	0x645
 703 02b2 0C       		.byte	0xc
 704 02b3 09       		.uleb128 0x9
 705 02b4 40030000 		.4byte	.LASF29
 706 02b8 0A       		.byte	0xa
 707 02b9 7101     		.2byte	0x171
 708 02bb 1A020000 		.4byte	0x21a
 709 02bf 10       		.byte	0x10
 710 02c0 09       		.uleb128 0x9
 711 02c1 9A050000 		.4byte	.LASF30
 712 02c5 0A       		.byte	0xa
 713 02c6 7201     		.2byte	0x172
 714 02c8 1A020000 		.4byte	0x21a
 715 02cc 14       		.byte	0x14
 716 02cd 09       		.uleb128 0x9
 717 02ce D2030000 		.4byte	.LASF52
 718 02d2 0A       		.byte	0xa
 719 02d3 7501     		.2byte	0x175
 720 02d5 1A020000 		.4byte	0x21a
 721 02d9 18       		.byte	0x18
 722 02da 00       		.byte	0
 723 02db 04       		.uleb128 0x4
 724 02dc D6050000 		.4byte	.LASF53
 725 02e0 09       		.byte	0x9
 726 02e1 5C       		.byte	0x5c
 727 02e2 E6020000 		.4byte	0x2e6
 728 02e6 0A       		.uleb128 0xa
 729 02e7 04       		.byte	0x4
 730 02e8 EC020000 		.4byte	0x2ec
 731 02ec 0C       		.uleb128 0xc
 732 02ed F7020000 		.4byte	0x2f7
 733 02f1 0D       		.uleb128 0xd
 734 02f2 F7020000 		.4byte	0x2f7
ARM GAS  /tmp/ccI2ASm7.s 			page 14


 735 02f6 00       		.byte	0
 736 02f7 0E       		.uleb128 0xe
 737 02f8 04       		.byte	0x4
 738 02f9 04       		.uleb128 0x4
 739 02fa 55030000 		.4byte	.LASF54
 740 02fe 09       		.byte	0x9
 741 02ff 61       		.byte	0x61
 742 0300 04030000 		.4byte	0x304
 743 0304 0B       		.uleb128 0xb
 744 0305 BA040000 		.4byte	.LASF55
 745 0309 14       		.byte	0x14
 746 030a 0A       		.byte	0xa
 747 030b 4501     		.2byte	0x145
 748 030d 53030000 		.4byte	0x353
 749 0311 09       		.uleb128 0x9
 750 0312 18000000 		.4byte	.LASF46
 751 0316 0A       		.byte	0xa
 752 0317 4601     		.2byte	0x146
 753 0319 04090000 		.4byte	0x904
 754 031d 00       		.byte	0
 755 031e 09       		.uleb128 0x9
 756 031f A6060000 		.4byte	.LASF49
 757 0323 0A       		.byte	0xa
 758 0324 4701     		.2byte	0x147
 759 0326 04090000 		.4byte	0x904
 760 032a 04       		.byte	0x4
 761 032b 09       		.uleb128 0x9
 762 032c 1D000000 		.4byte	.LASF56
 763 0330 0A       		.byte	0xa
 764 0331 4801     		.2byte	0x148
 765 0333 1B010000 		.4byte	0x11b
 766 0337 08       		.byte	0x8
 767 0338 09       		.uleb128 0x9
 768 0339 E6010000 		.4byte	.LASF57
 769 033d 0A       		.byte	0xa
 770 033e 4901     		.2byte	0x149
 771 0340 DB020000 		.4byte	0x2db
 772 0344 0C       		.byte	0xc
 773 0345 08       		.uleb128 0x8
 774 0346 70617200 		.ascii	"par\000"
 775 034a 0A       		.byte	0xa
 776 034b 4B01     		.2byte	0x14b
 777 034d F7020000 		.4byte	0x2f7
 778 0351 10       		.byte	0x10
 779 0352 00       		.byte	0
 780 0353 04       		.uleb128 0x4
 781 0354 CF000000 		.4byte	.LASF58
 782 0358 09       		.byte	0x9
 783 0359 66       		.byte	0x66
 784 035a 5E030000 		.4byte	0x35e
 785 035e 0B       		.uleb128 0xb
 786 035f 8A030000 		.4byte	.LASF59
 787 0363 10       		.byte	0x10
 788 0364 0A       		.byte	0xa
 789 0365 5501     		.2byte	0x155
 790 0367 A0030000 		.4byte	0x3a0
 791 036b 09       		.uleb128 0x9
ARM GAS  /tmp/ccI2ASm7.s 			page 15


 792 036c 18000000 		.4byte	.LASF46
 793 0370 0A       		.byte	0xa
 794 0371 5601     		.2byte	0x156
 795 0373 04090000 		.4byte	0x904
 796 0377 00       		.byte	0
 797 0378 09       		.uleb128 0x9
 798 0379 A6060000 		.4byte	.LASF49
 799 037d 0A       		.byte	0xa
 800 037e 5801     		.2byte	0x158
 801 0380 04090000 		.4byte	0x904
 802 0384 04       		.byte	0x4
 803 0385 09       		.uleb128 0x9
 804 0386 1D000000 		.4byte	.LASF56
 805 038a 0A       		.byte	0xa
 806 038b 5A01     		.2byte	0x15a
 807 038d 1B010000 		.4byte	0x11b
 808 0391 08       		.byte	0x8
 809 0392 09       		.uleb128 0x9
 810 0393 98040000 		.4byte	.LASF60
 811 0397 0A       		.byte	0xa
 812 0398 6201     		.2byte	0x162
 813 039a 1B010000 		.4byte	0x11b
 814 039e 0C       		.byte	0xc
 815 039f 00       		.byte	0
 816 03a0 04       		.uleb128 0x4
 817 03a1 7C000000 		.4byte	.LASF61
 818 03a5 09       		.byte	0x9
 819 03a6 6B       		.byte	0x6b
 820 03a7 AB030000 		.4byte	0x3ab
 821 03ab 0B       		.uleb128 0xb
 822 03ac 55040000 		.4byte	.LASF62
 823 03b0 04       		.byte	0x4
 824 03b1 0A       		.byte	0xa
 825 03b2 7C01     		.2byte	0x17c
 826 03b4 C6030000 		.4byte	0x3c6
 827 03b8 09       		.uleb128 0x9
 828 03b9 ED050000 		.4byte	.LASF63
 829 03bd 0A       		.byte	0xa
 830 03be 8401     		.2byte	0x184
 831 03c0 0A090000 		.4byte	0x90a
 832 03c4 00       		.byte	0
 833 03c5 00       		.byte	0
 834 03c6 04       		.uleb128 0x4
 835 03c7 E0020000 		.4byte	.LASF64
 836 03cb 09       		.byte	0x9
 837 03cc 70       		.byte	0x70
 838 03cd D1030000 		.4byte	0x3d1
 839 03d1 0B       		.uleb128 0xb
 840 03d2 76010000 		.4byte	.LASF65
 841 03d6 78       		.byte	0x78
 842 03d7 0A       		.byte	0xa
 843 03d8 9C01     		.2byte	0x19c
 844 03da 1F040000 		.4byte	0x41f
 845 03de 09       		.uleb128 0x9
 846 03df 6C060000 		.4byte	.LASF66
 847 03e3 0A       		.byte	0xa
 848 03e4 A001     		.2byte	0x1a0
ARM GAS  /tmp/ccI2ASm7.s 			page 16


 849 03e6 74020000 		.4byte	0x274
 850 03ea 00       		.byte	0
 851 03eb 09       		.uleb128 0x9
 852 03ec 27020000 		.4byte	.LASF67
 853 03f0 0A       		.byte	0xa
 854 03f1 A401     		.2byte	0x1a4
 855 03f3 53030000 		.4byte	0x353
 856 03f7 1C       		.byte	0x1c
 857 03f8 08       		.uleb128 0x8
 858 03f9 64626700 		.ascii	"dbg\000"
 859 03fd 0A       		.byte	0xa
 860 03fe A801     		.2byte	0x1a8
 861 0400 A0030000 		.4byte	0x3a0
 862 0404 2C       		.byte	0x2c
 863 0405 09       		.uleb128 0x9
 864 0406 BC000000 		.4byte	.LASF68
 865 040a 0A       		.byte	0xa
 866 040b AC01     		.2byte	0x1ac
 867 040d 26010000 		.4byte	0x126
 868 0411 30       		.byte	0x30
 869 0412 08       		.uleb128 0x8
 870 0413 746D00   		.ascii	"tm\000"
 871 0416 0A       		.byte	0xa
 872 0417 B101     		.2byte	0x1b1
 873 0419 16080000 		.4byte	0x816
 874 041d 74       		.byte	0x74
 875 041e 00       		.byte	0
 876 041f 03       		.uleb128 0x3
 877 0420 04       		.byte	0x4
 878 0421 07       		.byte	0x7
 879 0422 6E030000 		.4byte	.LASF69
 880 0426 0F       		.uleb128 0xf
 881 0427 AD000000 		.4byte	0xad
 882 042b 10       		.uleb128 0x10
 883 042c AD000000 		.4byte	0xad
 884 0430 3B040000 		.4byte	0x43b
 885 0434 11       		.uleb128 0x11
 886 0435 1F040000 		.4byte	0x41f
 887 0439 01       		.byte	0x1
 888 043a 00       		.byte	0
 889 043b 10       		.uleb128 0x10
 890 043c AD000000 		.4byte	0xad
 891 0440 4B040000 		.4byte	0x44b
 892 0444 11       		.uleb128 0x11
 893 0445 1F040000 		.4byte	0x41f
 894 0449 03       		.byte	0x3
 895 044a 00       		.byte	0
 896 044b 12       		.uleb128 0x12
 897 044c 10       		.byte	0x10
 898 044d 0B       		.byte	0xb
 899 044e 4C01     		.2byte	0x14c
 900 0450 88040000 		.4byte	0x488
 901 0454 09       		.uleb128 0x9
 902 0455 AC000000 		.4byte	.LASF70
 903 0459 0B       		.byte	0xb
 904 045a 4E01     		.2byte	0x14e
 905 045c 26040000 		.4byte	0x426
ARM GAS  /tmp/ccI2ASm7.s 			page 17


 906 0460 00       		.byte	0
 907 0461 08       		.uleb128 0x8
 908 0462 435200   		.ascii	"CR\000"
 909 0465 0B       		.byte	0xb
 910 0466 4F01     		.2byte	0x14f
 911 0468 26040000 		.4byte	0x426
 912 046c 04       		.byte	0x4
 913 046d 09       		.uleb128 0x9
 914 046e E5030000 		.4byte	.LASF71
 915 0472 0B       		.byte	0xb
 916 0473 5001     		.2byte	0x150
 917 0475 26040000 		.4byte	0x426
 918 0479 08       		.byte	0x8
 919 047a 09       		.uleb128 0x9
 920 047b D9020000 		.4byte	.LASF72
 921 047f 0B       		.byte	0xb
 922 0480 5101     		.2byte	0x151
 923 0482 26040000 		.4byte	0x426
 924 0486 0C       		.byte	0xc
 925 0487 00       		.byte	0
 926 0488 13       		.uleb128 0x13
 927 0489 DD040000 		.4byte	.LASF73
 928 048d 0B       		.byte	0xb
 929 048e 5201     		.2byte	0x152
 930 0490 4B040000 		.4byte	0x44b
 931 0494 12       		.uleb128 0x12
 932 0495 88       		.byte	0x88
 933 0496 0B       		.byte	0xb
 934 0497 6602     		.2byte	0x266
 935 0499 23060000 		.4byte	0x623
 936 049d 08       		.uleb128 0x8
 937 049e 435200   		.ascii	"CR\000"
 938 04a1 0B       		.byte	0xb
 939 04a2 6802     		.2byte	0x268
 940 04a4 26040000 		.4byte	0x426
 941 04a8 00       		.byte	0
 942 04a9 09       		.uleb128 0x9
 943 04aa 0B020000 		.4byte	.LASF74
 944 04ae 0B       		.byte	0xb
 945 04af 6902     		.2byte	0x269
 946 04b1 26040000 		.4byte	0x426
 947 04b5 04       		.byte	0x4
 948 04b6 09       		.uleb128 0x9
 949 04b7 99060000 		.4byte	.LASF75
 950 04bb 0B       		.byte	0xb
 951 04bc 6A02     		.2byte	0x26a
 952 04be 26040000 		.4byte	0x426
 953 04c2 08       		.byte	0x8
 954 04c3 08       		.uleb128 0x8
 955 04c4 43495200 		.ascii	"CIR\000"
 956 04c8 0B       		.byte	0xb
 957 04c9 6B02     		.2byte	0x26b
 958 04cb 26040000 		.4byte	0x426
 959 04cf 0C       		.byte	0xc
 960 04d0 09       		.uleb128 0x9
 961 04d1 49010000 		.4byte	.LASF76
 962 04d5 0B       		.byte	0xb
ARM GAS  /tmp/ccI2ASm7.s 			page 18


 963 04d6 6C02     		.2byte	0x26c
 964 04d8 26040000 		.4byte	0x426
 965 04dc 10       		.byte	0x10
 966 04dd 09       		.uleb128 0x9
 967 04de A5050000 		.4byte	.LASF77
 968 04e2 0B       		.byte	0xb
 969 04e3 6D02     		.2byte	0x26d
 970 04e5 26040000 		.4byte	0x426
 971 04e9 14       		.byte	0x14
 972 04ea 09       		.uleb128 0x9
 973 04eb C7020000 		.4byte	.LASF78
 974 04ef 0B       		.byte	0xb
 975 04f0 6E02     		.2byte	0x26e
 976 04f2 26040000 		.4byte	0x426
 977 04f6 18       		.byte	0x18
 978 04f7 09       		.uleb128 0x9
 979 04f8 F4030000 		.4byte	.LASF79
 980 04fc 0B       		.byte	0xb
 981 04fd 6F02     		.2byte	0x26f
 982 04ff AD000000 		.4byte	0xad
 983 0503 1C       		.byte	0x1c
 984 0504 09       		.uleb128 0x9
 985 0505 C9030000 		.4byte	.LASF80
 986 0509 0B       		.byte	0xb
 987 050a 7002     		.2byte	0x270
 988 050c 26040000 		.4byte	0x426
 989 0510 20       		.byte	0x20
 990 0511 09       		.uleb128 0x9
 991 0512 CA010000 		.4byte	.LASF81
 992 0516 0B       		.byte	0xb
 993 0517 7102     		.2byte	0x271
 994 0519 26040000 		.4byte	0x426
 995 051d 24       		.byte	0x24
 996 051e 09       		.uleb128 0x9
 997 051f FE030000 		.4byte	.LASF82
 998 0523 0B       		.byte	0xb
 999 0524 7202     		.2byte	0x272
 1000 0526 2B040000 		.4byte	0x42b
 1001 052a 28       		.byte	0x28
 1002 052b 09       		.uleb128 0x9
 1003 052c 91060000 		.4byte	.LASF83
 1004 0530 0B       		.byte	0xb
 1005 0531 7302     		.2byte	0x273
 1006 0533 26040000 		.4byte	0x426
 1007 0537 30       		.byte	0x30
 1008 0538 09       		.uleb128 0x9
 1009 0539 0F060000 		.4byte	.LASF84
 1010 053d 0B       		.byte	0xb
 1011 053e 7402     		.2byte	0x274
 1012 0540 26040000 		.4byte	0x426
 1013 0544 34       		.byte	0x34
 1014 0545 09       		.uleb128 0x9
 1015 0546 A1030000 		.4byte	.LASF85
 1016 054a 0B       		.byte	0xb
 1017 054b 7502     		.2byte	0x275
 1018 054d 26040000 		.4byte	0x426
 1019 0551 38       		.byte	0x38
ARM GAS  /tmp/ccI2ASm7.s 			page 19


 1020 0552 09       		.uleb128 0x9
 1021 0553 08040000 		.4byte	.LASF86
 1022 0557 0B       		.byte	0xb
 1023 0558 7602     		.2byte	0x276
 1024 055a AD000000 		.4byte	0xad
 1025 055e 3C       		.byte	0x3c
 1026 055f 09       		.uleb128 0x9
 1027 0560 FE050000 		.4byte	.LASF87
 1028 0564 0B       		.byte	0xb
 1029 0565 7702     		.2byte	0x277
 1030 0567 26040000 		.4byte	0x426
 1031 056b 40       		.byte	0x40
 1032 056c 09       		.uleb128 0x9
 1033 056d B2040000 		.4byte	.LASF88
 1034 0571 0B       		.byte	0xb
 1035 0572 7802     		.2byte	0x278
 1036 0574 26040000 		.4byte	0x426
 1037 0578 44       		.byte	0x44
 1038 0579 09       		.uleb128 0x9
 1039 057a 12040000 		.4byte	.LASF89
 1040 057e 0B       		.byte	0xb
 1041 057f 7902     		.2byte	0x279
 1042 0581 2B040000 		.4byte	0x42b
 1043 0585 48       		.byte	0x48
 1044 0586 09       		.uleb128 0x9
 1045 0587 1C010000 		.4byte	.LASF90
 1046 058b 0B       		.byte	0xb
 1047 058c 7A02     		.2byte	0x27a
 1048 058e 26040000 		.4byte	0x426
 1049 0592 50       		.byte	0x50
 1050 0593 09       		.uleb128 0x9
 1051 0594 A9030000 		.4byte	.LASF91
 1052 0598 0B       		.byte	0xb
 1053 0599 7B02     		.2byte	0x27b
 1054 059b 26040000 		.4byte	0x426
 1055 059f 54       		.byte	0x54
 1056 05a0 09       		.uleb128 0x9
 1057 05a1 A1040000 		.4byte	.LASF92
 1058 05a5 0B       		.byte	0xb
 1059 05a6 7C02     		.2byte	0x27c
 1060 05a8 26040000 		.4byte	0x426
 1061 05ac 58       		.byte	0x58
 1062 05ad 09       		.uleb128 0x9
 1063 05ae 1C040000 		.4byte	.LASF93
 1064 05b2 0B       		.byte	0xb
 1065 05b3 7D02     		.2byte	0x27d
 1066 05b5 AD000000 		.4byte	0xad
 1067 05b9 5C       		.byte	0x5c
 1068 05ba 09       		.uleb128 0x9
 1069 05bb D3010000 		.4byte	.LASF94
 1070 05bf 0B       		.byte	0xb
 1071 05c0 7E02     		.2byte	0x27e
 1072 05c2 26040000 		.4byte	0x426
 1073 05c6 60       		.byte	0x60
 1074 05c7 09       		.uleb128 0x9
 1075 05c8 F3020000 		.4byte	.LASF95
 1076 05cc 0B       		.byte	0xb
ARM GAS  /tmp/ccI2ASm7.s 			page 20


 1077 05cd 7F02     		.2byte	0x27f
 1078 05cf 26040000 		.4byte	0x426
 1079 05d3 64       		.byte	0x64
 1080 05d4 09       		.uleb128 0x9
 1081 05d5 26040000 		.4byte	.LASF96
 1082 05d9 0B       		.byte	0xb
 1083 05da 8002     		.2byte	0x280
 1084 05dc 2B040000 		.4byte	0x42b
 1085 05e0 68       		.byte	0x68
 1086 05e1 09       		.uleb128 0x9
 1087 05e2 67060000 		.4byte	.LASF97
 1088 05e6 0B       		.byte	0xb
 1089 05e7 8102     		.2byte	0x281
 1090 05e9 26040000 		.4byte	0x426
 1091 05ed 70       		.byte	0x70
 1092 05ee 08       		.uleb128 0x8
 1093 05ef 43535200 		.ascii	"CSR\000"
 1094 05f3 0B       		.byte	0xb
 1095 05f4 8202     		.2byte	0x282
 1096 05f6 26040000 		.4byte	0x426
 1097 05fa 74       		.byte	0x74
 1098 05fb 09       		.uleb128 0x9
 1099 05fc 30040000 		.4byte	.LASF98
 1100 0600 0B       		.byte	0xb
 1101 0601 8302     		.2byte	0x283
 1102 0603 2B040000 		.4byte	0x42b
 1103 0607 78       		.byte	0x78
 1104 0608 09       		.uleb128 0x9
 1105 0609 45060000 		.4byte	.LASF99
 1106 060d 0B       		.byte	0xb
 1107 060e 8402     		.2byte	0x284
 1108 0610 26040000 		.4byte	0x426
 1109 0614 80       		.byte	0x80
 1110 0615 09       		.uleb128 0x9
 1111 0616 B6020000 		.4byte	.LASF100
 1112 061a 0B       		.byte	0xb
 1113 061b 8502     		.2byte	0x285
 1114 061d 26040000 		.4byte	0x426
 1115 0621 84       		.byte	0x84
 1116 0622 00       		.byte	0
 1117 0623 13       		.uleb128 0x13
 1118 0624 90020000 		.4byte	.LASF101
 1119 0628 0B       		.byte	0xb
 1120 0629 8702     		.2byte	0x287
 1121 062b 94040000 		.4byte	0x494
 1122 062f 04       		.uleb128 0x4
 1123 0630 1E020000 		.4byte	.LASF102
 1124 0634 0C       		.byte	0xc
 1125 0635 65       		.byte	0x65
 1126 0636 F7020000 		.4byte	0x2f7
 1127 063a 04       		.uleb128 0x4
 1128 063b 21030000 		.4byte	.LASF103
 1129 063f 0C       		.byte	0xc
 1130 0640 6D       		.byte	0x6d
 1131 0641 B8000000 		.4byte	0xb8
 1132 0645 05       		.uleb128 0x5
 1133 0646 57020000 		.4byte	.LASF104
ARM GAS  /tmp/ccI2ASm7.s 			page 21


 1134 064a 04       		.byte	0x4
 1135 064b 0C       		.byte	0xc
 1136 064c 89       		.byte	0x89
 1137 064d 5D060000 		.4byte	0x65d
 1138 0651 07       		.uleb128 0x7
 1139 0652 737000   		.ascii	"sp\000"
 1140 0655 0C       		.byte	0xc
 1141 0656 8A       		.byte	0x8a
 1142 0657 D9060000 		.4byte	0x6d9
 1143 065b 00       		.byte	0
 1144 065c 00       		.byte	0
 1145 065d 0B       		.uleb128 0xb
 1146 065e 70000000 		.4byte	.LASF105
 1147 0662 24       		.byte	0x24
 1148 0663 01       		.byte	0x1
 1149 0664 5901     		.2byte	0x159
 1150 0666 D9060000 		.4byte	0x6d9
 1151 066a 08       		.uleb128 0x8
 1152 066b 723400   		.ascii	"r4\000"
 1153 066e 01       		.byte	0x1
 1154 066f 6C01     		.2byte	0x16c
 1155 0671 2F060000 		.4byte	0x62f
 1156 0675 00       		.byte	0
 1157 0676 08       		.uleb128 0x8
 1158 0677 723500   		.ascii	"r5\000"
 1159 067a 01       		.byte	0x1
 1160 067b 6D01     		.2byte	0x16d
 1161 067d 2F060000 		.4byte	0x62f
 1162 0681 04       		.byte	0x4
 1163 0682 08       		.uleb128 0x8
 1164 0683 723600   		.ascii	"r6\000"
 1165 0686 01       		.byte	0x1
 1166 0687 6E01     		.2byte	0x16e
 1167 0689 2F060000 		.4byte	0x62f
 1168 068d 08       		.byte	0x8
 1169 068e 08       		.uleb128 0x8
 1170 068f 723700   		.ascii	"r7\000"
 1171 0692 01       		.byte	0x1
 1172 0693 6F01     		.2byte	0x16f
 1173 0695 2F060000 		.4byte	0x62f
 1174 0699 0C       		.byte	0xc
 1175 069a 08       		.uleb128 0x8
 1176 069b 723800   		.ascii	"r8\000"
 1177 069e 01       		.byte	0x1
 1178 069f 7001     		.2byte	0x170
 1179 06a1 2F060000 		.4byte	0x62f
 1180 06a5 10       		.byte	0x10
 1181 06a6 08       		.uleb128 0x8
 1182 06a7 723900   		.ascii	"r9\000"
 1183 06aa 01       		.byte	0x1
 1184 06ab 7101     		.2byte	0x171
 1185 06ad 2F060000 		.4byte	0x62f
 1186 06b1 14       		.byte	0x14
 1187 06b2 08       		.uleb128 0x8
 1188 06b3 72313000 		.ascii	"r10\000"
 1189 06b7 01       		.byte	0x1
 1190 06b8 7201     		.2byte	0x172
ARM GAS  /tmp/ccI2ASm7.s 			page 22


 1191 06ba 2F060000 		.4byte	0x62f
 1192 06be 18       		.byte	0x18
 1193 06bf 08       		.uleb128 0x8
 1194 06c0 72313100 		.ascii	"r11\000"
 1195 06c4 01       		.byte	0x1
 1196 06c5 7301     		.2byte	0x173
 1197 06c7 2F060000 		.4byte	0x62f
 1198 06cb 1C       		.byte	0x1c
 1199 06cc 08       		.uleb128 0x8
 1200 06cd 6C7200   		.ascii	"lr\000"
 1201 06d0 01       		.byte	0x1
 1202 06d1 7401     		.2byte	0x174
 1203 06d3 2F060000 		.4byte	0x62f
 1204 06d7 20       		.byte	0x20
 1205 06d8 00       		.byte	0
 1206 06d9 0A       		.uleb128 0xa
 1207 06da 04       		.byte	0x4
 1208 06db 5D060000 		.4byte	0x65d
 1209 06df 12       		.uleb128 0x12
 1210 06e0 60       		.byte	0x60
 1211 06e1 0D       		.byte	0xd
 1212 06e2 A101     		.2byte	0x1a1
 1213 06e4 EB070000 		.4byte	0x7eb
 1214 06e8 08       		.uleb128 0x8
 1215 06e9 43523100 		.ascii	"CR1\000"
 1216 06ed 0D       		.byte	0xd
 1217 06ee A201     		.2byte	0x1a2
 1218 06f0 26040000 		.4byte	0x426
 1219 06f4 00       		.byte	0
 1220 06f5 08       		.uleb128 0x8
 1221 06f6 43523200 		.ascii	"CR2\000"
 1222 06fa 0D       		.byte	0xd
 1223 06fb A301     		.2byte	0x1a3
 1224 06fd 26040000 		.4byte	0x426
 1225 0701 04       		.byte	0x4
 1226 0702 09       		.uleb128 0x9
 1227 0703 A7020000 		.4byte	.LASF106
 1228 0707 0D       		.byte	0xd
 1229 0708 A401     		.2byte	0x1a4
 1230 070a 26040000 		.4byte	0x426
 1231 070e 08       		.byte	0x8
 1232 070f 09       		.uleb128 0x9
 1233 0710 0D000000 		.4byte	.LASF107
 1234 0714 0D       		.byte	0xd
 1235 0715 A501     		.2byte	0x1a5
 1236 0717 26040000 		.4byte	0x426
 1237 071b 0C       		.byte	0xc
 1238 071c 08       		.uleb128 0x8
 1239 071d 535200   		.ascii	"SR\000"
 1240 0720 0D       		.byte	0xd
 1241 0721 A601     		.2byte	0x1a6
 1242 0723 26040000 		.4byte	0x426
 1243 0727 10       		.byte	0x10
 1244 0728 08       		.uleb128 0x8
 1245 0729 45475200 		.ascii	"EGR\000"
 1246 072d 0D       		.byte	0xd
 1247 072e A701     		.2byte	0x1a7
ARM GAS  /tmp/ccI2ASm7.s 			page 23


 1248 0730 26040000 		.4byte	0x426
 1249 0734 14       		.byte	0x14
 1250 0735 09       		.uleb128 0x9
 1251 0736 2B010000 		.4byte	.LASF108
 1252 073a 0D       		.byte	0xd
 1253 073b A801     		.2byte	0x1a8
 1254 073d 26040000 		.4byte	0x426
 1255 0741 18       		.byte	0x18
 1256 0742 09       		.uleb128 0x9
 1257 0743 31010000 		.4byte	.LASF109
 1258 0747 0D       		.byte	0xd
 1259 0748 A901     		.2byte	0x1a9
 1260 074a 26040000 		.4byte	0x426
 1261 074e 1C       		.byte	0x1c
 1262 074f 09       		.uleb128 0x9
 1263 0750 EB010000 		.4byte	.LASF110
 1264 0754 0D       		.byte	0xd
 1265 0755 AA01     		.2byte	0x1aa
 1266 0757 26040000 		.4byte	0x426
 1267 075b 20       		.byte	0x20
 1268 075c 08       		.uleb128 0x8
 1269 075d 434E5400 		.ascii	"CNT\000"
 1270 0761 0D       		.byte	0xd
 1271 0762 AB01     		.2byte	0x1ab
 1272 0764 26040000 		.4byte	0x426
 1273 0768 24       		.byte	0x24
 1274 0769 08       		.uleb128 0x8
 1275 076a 50534300 		.ascii	"PSC\000"
 1276 076e 0D       		.byte	0xd
 1277 076f AC01     		.2byte	0x1ac
 1278 0771 26040000 		.4byte	0x426
 1279 0775 28       		.byte	0x28
 1280 0776 08       		.uleb128 0x8
 1281 0777 41525200 		.ascii	"ARR\000"
 1282 077b 0D       		.byte	0xd
 1283 077c AD01     		.2byte	0x1ad
 1284 077e 26040000 		.4byte	0x426
 1285 0782 2C       		.byte	0x2c
 1286 0783 08       		.uleb128 0x8
 1287 0784 52435200 		.ascii	"RCR\000"
 1288 0788 0D       		.byte	0xd
 1289 0789 AE01     		.2byte	0x1ae
 1290 078b 26040000 		.4byte	0x426
 1291 078f 30       		.byte	0x30
 1292 0790 08       		.uleb128 0x8
 1293 0791 43435200 		.ascii	"CCR\000"
 1294 0795 0D       		.byte	0xd
 1295 0796 AF01     		.2byte	0x1af
 1296 0798 EB070000 		.4byte	0x7eb
 1297 079c 34       		.byte	0x34
 1298 079d 09       		.uleb128 0x9
 1299 079e 06010000 		.4byte	.LASF111
 1300 07a2 0D       		.byte	0xd
 1301 07a3 B001     		.2byte	0x1b0
 1302 07a5 26040000 		.4byte	0x426
 1303 07a9 44       		.byte	0x44
 1304 07aa 08       		.uleb128 0x8
ARM GAS  /tmp/ccI2ASm7.s 			page 24


 1305 07ab 44435200 		.ascii	"DCR\000"
 1306 07af 0D       		.byte	0xd
 1307 07b0 B101     		.2byte	0x1b1
 1308 07b2 26040000 		.4byte	0x426
 1309 07b6 48       		.byte	0x48
 1310 07b7 09       		.uleb128 0x9
 1311 07b8 A0050000 		.4byte	.LASF112
 1312 07bc 0D       		.byte	0xd
 1313 07bd B201     		.2byte	0x1b2
 1314 07bf 26040000 		.4byte	0x426
 1315 07c3 4C       		.byte	0x4c
 1316 07c4 08       		.uleb128 0x8
 1317 07c5 4F5200   		.ascii	"OR\000"
 1318 07c8 0D       		.byte	0xd
 1319 07c9 B301     		.2byte	0x1b3
 1320 07cb 26040000 		.4byte	0x426
 1321 07cf 50       		.byte	0x50
 1322 07d0 09       		.uleb128 0x9
 1323 07d1 37010000 		.4byte	.LASF113
 1324 07d5 0D       		.byte	0xd
 1325 07d6 B401     		.2byte	0x1b4
 1326 07d8 26040000 		.4byte	0x426
 1327 07dc 54       		.byte	0x54
 1328 07dd 09       		.uleb128 0x9
 1329 07de D8040000 		.4byte	.LASF114
 1330 07e2 0D       		.byte	0xd
 1331 07e3 B501     		.2byte	0x1b5
 1332 07e5 F0070000 		.4byte	0x7f0
 1333 07e9 58       		.byte	0x58
 1334 07ea 00       		.byte	0
 1335 07eb 0F       		.uleb128 0xf
 1336 07ec 3B040000 		.4byte	0x43b
 1337 07f0 0F       		.uleb128 0xf
 1338 07f1 2B040000 		.4byte	0x42b
 1339 07f5 13       		.uleb128 0x13
 1340 07f6 5B060000 		.4byte	.LASF115
 1341 07fa 0D       		.byte	0xd
 1342 07fb B601     		.2byte	0x1b6
 1343 07fd DF060000 		.4byte	0x6df
 1344 0801 14       		.uleb128 0x14
 1345 0802 04       		.byte	0x4
 1346 0803 0E       		.byte	0xe
 1347 0804 38       		.byte	0x38
 1348 0805 16080000 		.4byte	0x816
 1349 0809 06       		.uleb128 0x6
 1350 080a F7050000 		.4byte	.LASF116
 1351 080e 0E       		.byte	0xe
 1352 080f 3C       		.byte	0x3c
 1353 0810 C3000000 		.4byte	0xc3
 1354 0814 00       		.byte	0
 1355 0815 00       		.byte	0
 1356 0816 04       		.uleb128 0x4
 1357 0817 B3030000 		.4byte	.LASF117
 1358 081b 0E       		.byte	0xe
 1359 081c 3D       		.byte	0x3d
 1360 081d 01080000 		.4byte	0x801
 1361 0821 15       		.uleb128 0x15
ARM GAS  /tmp/ccI2ASm7.s 			page 25


 1362 0822 04       		.byte	0x4
 1363 0823 0A       		.byte	0xa
 1364 0824 D2       		.byte	0xd2
 1365 0825 84080000 		.4byte	0x884
 1366 0829 16       		.uleb128 0x16
 1367 082a 23000000 		.4byte	.LASF118
 1368 082e 0A       		.byte	0xa
 1369 082f D9       		.byte	0xd9
 1370 0830 FA000000 		.4byte	0xfa
 1371 0834 16       		.uleb128 0x16
 1372 0835 B3000000 		.4byte	.LASF119
 1373 0839 0A       		.byte	0xa
 1374 083a E0       		.byte	0xe0
 1375 083b FA000000 		.4byte	0xfa
 1376 083f 16       		.uleb128 0x16
 1377 0840 EC020000 		.4byte	.LASF120
 1378 0844 0A       		.byte	0xa
 1379 0845 E7       		.byte	0xe7
 1380 0846 F7020000 		.4byte	0x2f7
 1381 084a 16       		.uleb128 0x16
 1382 084b 12000000 		.4byte	.LASF121
 1383 084f 0A       		.byte	0xa
 1384 0850 EE       		.byte	0xee
 1385 0851 84080000 		.4byte	0x884
 1386 0855 16       		.uleb128 0x16
 1387 0856 C7000000 		.4byte	.LASF122
 1388 085a 0A       		.byte	0xa
 1389 085b F3       		.byte	0xf3
 1390 085c FA000000 		.4byte	0xfa
 1391 0860 16       		.uleb128 0x16
 1392 0861 77020000 		.4byte	.LASF123
 1393 0865 0A       		.byte	0xa
 1394 0866 FC       		.byte	0xfc
 1395 0867 AF080000 		.4byte	0x8af
 1396 086b 17       		.uleb128 0x17
 1397 086c F5040000 		.4byte	.LASF124
 1398 0870 0A       		.byte	0xa
 1399 0871 0501     		.2byte	0x105
 1400 0873 E6080000 		.4byte	0x8e6
 1401 0877 17       		.uleb128 0x17
 1402 0878 AB040000 		.4byte	.LASF125
 1403 087c 0A       		.byte	0xa
 1404 087d 0D01     		.2byte	0x10d
 1405 087f 05010000 		.4byte	0x105
 1406 0883 00       		.byte	0
 1407 0884 0A       		.uleb128 0xa
 1408 0885 04       		.byte	0x4
 1409 0886 0F020000 		.4byte	0x20f
 1410 088a 05       		.uleb128 0x5
 1411 088b CB040000 		.4byte	.LASF126
 1412 088f 0C       		.byte	0xc
 1413 0890 0F       		.byte	0xf
 1414 0891 34       		.byte	0x34
 1415 0892 AF080000 		.4byte	0x8af
 1416 0896 06       		.uleb128 0x6
 1417 0897 FE010000 		.4byte	.LASF27
 1418 089b 0F       		.byte	0xf
ARM GAS  /tmp/ccI2ASm7.s 			page 26


 1419 089c 35       		.byte	0x35
 1420 089d 44020000 		.4byte	0x244
 1421 08a1 00       		.byte	0
 1422 08a2 07       		.uleb128 0x7
 1423 08a3 636E7400 		.ascii	"cnt\000"
 1424 08a7 0F       		.byte	0xf
 1425 08a8 37       		.byte	0x37
 1426 08a9 10010000 		.4byte	0x110
 1427 08ad 08       		.byte	0x8
 1428 08ae 00       		.byte	0
 1429 08af 0A       		.uleb128 0xa
 1430 08b0 04       		.byte	0x4
 1431 08b1 8A080000 		.4byte	0x88a
 1432 08b5 05       		.uleb128 0x5
 1433 08b6 06060000 		.4byte	.LASF127
 1434 08ba 10       		.byte	0x10
 1435 08bb 10       		.byte	0x10
 1436 08bc 39       		.byte	0x39
 1437 08bd E6080000 		.4byte	0x8e6
 1438 08c1 06       		.uleb128 0x6
 1439 08c2 FE010000 		.4byte	.LASF27
 1440 08c6 10       		.byte	0x10
 1441 08c7 3A       		.byte	0x3a
 1442 08c8 44020000 		.4byte	0x244
 1443 08cc 00       		.byte	0
 1444 08cd 06       		.uleb128 0x6
 1445 08ce 0C050000 		.4byte	.LASF128
 1446 08d2 10       		.byte	0x10
 1447 08d3 3C       		.byte	0x3c
 1448 08d4 1A020000 		.4byte	0x21a
 1449 08d8 08       		.byte	0x8
 1450 08d9 06       		.uleb128 0x6
 1451 08da 18000000 		.4byte	.LASF46
 1452 08de 10       		.byte	0x10
 1453 08df 3E       		.byte	0x3e
 1454 08e0 1A090000 		.4byte	0x91a
 1455 08e4 0C       		.byte	0xc
 1456 08e5 00       		.byte	0
 1457 08e6 0A       		.uleb128 0xa
 1458 08e7 04       		.byte	0x4
 1459 08e8 B5080000 		.4byte	0x8b5
 1460 08ec 0A       		.uleb128 0xa
 1461 08ed 04       		.byte	0x4
 1462 08ee F2080000 		.4byte	0x8f2
 1463 08f2 18       		.uleb128 0x18
 1464 08f3 F7080000 		.4byte	0x8f7
 1465 08f7 03       		.uleb128 0x3
 1466 08f8 01       		.byte	0x1
 1467 08f9 08       		.byte	0x8
 1468 08fa 95050000 		.4byte	.LASF129
 1469 08fe 0A       		.uleb128 0xa
 1470 08ff 04       		.byte	0x4
 1471 0900 3A060000 		.4byte	0x63a
 1472 0904 0A       		.uleb128 0xa
 1473 0905 04       		.byte	0x4
 1474 0906 F9020000 		.4byte	0x2f9
 1475 090a 0F       		.uleb128 0xf
ARM GAS  /tmp/ccI2ASm7.s 			page 27


 1476 090b EC080000 		.4byte	0x8ec
 1477 090f 04       		.uleb128 0x4
 1478 0910 49020000 		.4byte	.LASF130
 1479 0914 10       		.byte	0x10
 1480 0915 34       		.byte	0x34
 1481 0916 B5080000 		.4byte	0x8b5
 1482 091a 0A       		.uleb128 0xa
 1483 091b 04       		.byte	0x4
 1484 091c 0F090000 		.4byte	0x90f
 1485 0920 03       		.uleb128 0x3
 1486 0921 01       		.byte	0x1
 1487 0922 02       		.byte	0x2
 1488 0923 65040000 		.4byte	.LASF131
 1489 0927 19       		.uleb128 0x19
 1490 0928 DF050000 		.4byte	.LASF147
 1491 092c 02       		.byte	0x2
 1492 092d 0601     		.2byte	0x106
 1493 092f 03       		.byte	0x3
 1494 0930 41090000 		.4byte	0x941
 1495 0934 1A       		.uleb128 0x1a
 1496 0935 51020000 		.4byte	.LASF148
 1497 0939 02       		.byte	0x2
 1498 093a 0601     		.2byte	0x106
 1499 093c AD000000 		.4byte	0xad
 1500 0940 00       		.byte	0
 1501 0941 1B       		.uleb128 0x1b
 1502 0942 8B000000 		.4byte	.LASF132
 1503 0946 01       		.byte	0x1
 1504 0947 5202     		.2byte	0x252
 1505 0949 00000000 		.4byte	.LFB127
 1506 094d 10000000 		.4byte	.LFE127-.LFB127
 1507 0951 01       		.uleb128 0x1
 1508 0952 9C       		.byte	0x9c
 1509 0953 71090000 		.4byte	0x971
 1510 0957 1C       		.uleb128 0x1c
 1511 0958 27090000 		.4byte	0x927
 1512 095c 06000000 		.4byte	.LBB6
 1513 0960 06000000 		.4byte	.LBE6-.LBB6
 1514 0964 01       		.byte	0x1
 1515 0965 5A02     		.2byte	0x25a
 1516 0967 1D       		.uleb128 0x1d
 1517 0968 34090000 		.4byte	0x934
 1518 096c 02       		.uleb128 0x2
 1519 096d 91       		.byte	0x91
 1520 096e 7C       		.sleb128 -4
 1521 096f 00       		.byte	0
 1522 0970 00       		.byte	0
 1523 0971 1B       		.uleb128 0x1b
 1524 0972 5B010000 		.4byte	.LASF133
 1525 0976 01       		.byte	0x1
 1526 0977 6A02     		.2byte	0x26a
 1527 0979 10000000 		.4byte	.LFB128
 1528 097d 10000000 		.4byte	.LFE128-.LFB128
 1529 0981 01       		.uleb128 0x1
 1530 0982 9C       		.byte	0x9c
 1531 0983 A1090000 		.4byte	0x9a1
 1532 0987 1C       		.uleb128 0x1c
ARM GAS  /tmp/ccI2ASm7.s 			page 28


 1533 0988 27090000 		.4byte	0x927
 1534 098c 16000000 		.4byte	.LBB8
 1535 0990 06000000 		.4byte	.LBE8-.LBB8
 1536 0994 01       		.byte	0x1
 1537 0995 6D02     		.2byte	0x26d
 1538 0997 1D       		.uleb128 0x1d
 1539 0998 34090000 		.4byte	0x934
 1540 099c 02       		.uleb128 0x2
 1541 099d 91       		.byte	0x91
 1542 099e 7C       		.sleb128 -4
 1543 099f 00       		.byte	0
 1544 09a0 00       		.byte	0
 1545 09a1 1E       		.uleb128 0x1e
 1546 09a2 32060000 		.4byte	.LASF134
 1547 09a6 01       		.byte	0x1
 1548 09a7 7902     		.2byte	0x279
 1549 09a9 20000000 		.4byte	.LFB129
 1550 09ad 08000000 		.4byte	.LFE129-.LFB129
 1551 09b1 01       		.uleb128 0x1
 1552 09b2 9C       		.byte	0x9c
 1553 09b3 1E       		.uleb128 0x1e
 1554 09b4 AE050000 		.4byte	.LASF135
 1555 09b8 01       		.byte	0x1
 1556 09b9 8402     		.2byte	0x284
 1557 09bb 30000000 		.4byte	.LFB130
 1558 09bf 08000000 		.4byte	.LFE130-.LFB130
 1559 09c3 01       		.uleb128 0x1
 1560 09c4 9C       		.byte	0x9c
 1561 09c5 1E       		.uleb128 0x1e
 1562 09c6 80060000 		.4byte	.LASF136
 1563 09ca 03       		.byte	0x3
 1564 09cb 9E01     		.2byte	0x19e
 1565 09cd 40000000 		.4byte	.LFB169
 1566 09d1 08000000 		.4byte	.LFE169-.LFB169
 1567 09d5 01       		.uleb128 0x1
 1568 09d6 9C       		.byte	0x9c
 1569 09d7 1E       		.uleb128 0x1e
 1570 09d8 42040000 		.4byte	.LASF137
 1571 09dc 03       		.byte	0x3
 1572 09dd B201     		.2byte	0x1b2
 1573 09df 50000000 		.4byte	.LFB170
 1574 09e3 08000000 		.4byte	.LFE170-.LFB170
 1575 09e7 01       		.uleb128 0x1
 1576 09e8 9C       		.byte	0x9c
 1577 09e9 1E       		.uleb128 0x1e
 1578 09ea 2E020000 		.4byte	.LASF138
 1579 09ee 04       		.byte	0x4
 1580 09ef 0102     		.2byte	0x201
 1581 09f1 60000000 		.4byte	.LFB254
 1582 09f5 08000000 		.4byte	.LFE254-.LFB254
 1583 09f9 01       		.uleb128 0x1
 1584 09fa 9C       		.byte	0x9c
 1585 09fb 1E       		.uleb128 0x1e
 1586 09fc E5000000 		.4byte	.LASF139
 1587 0a00 04       		.byte	0x4
 1588 0a01 0C02     		.2byte	0x20c
 1589 0a03 70000000 		.4byte	.LFB255
ARM GAS  /tmp/ccI2ASm7.s 			page 29


 1590 0a07 08000000 		.4byte	.LFE255-.LFB255
 1591 0a0b 01       		.uleb128 0x1
 1592 0a0c 9C       		.byte	0x9c
 1593 0a0d 1E       		.uleb128 0x1e
 1594 0a0e 2C030000 		.4byte	.LASF140
 1595 0a12 04       		.byte	0x4
 1596 0a13 4702     		.2byte	0x247
 1597 0a15 80000000 		.4byte	.LFB259
 1598 0a19 08000000 		.4byte	.LFE259-.LFB259
 1599 0a1d 01       		.uleb128 0x1
 1600 0a1e 9C       		.byte	0x9c
 1601 0a1f 1F       		.uleb128 0x1f
 1602 0a20 52010000 		.4byte	.LASF141
 1603 0a24 05       		.byte	0x5
 1604 0a25 EF       		.byte	0xef
 1605 0a26 90000000 		.4byte	.LFB279
 1606 0a2a 2A000000 		.4byte	.LFE279-.LFB279
 1607 0a2e 01       		.uleb128 0x1
 1608 0a2f 9C       		.byte	0x9c
 1609 0a30 20       		.uleb128 0x20
 1610 0a31 FA000000 		.4byte	.LASF142
 1611 0a35 05       		.byte	0x5
 1612 0a36 0B01     		.2byte	0x10b
 1613 0a38 C0000000 		.4byte	.LFB280
 1614 0a3c 70000000 		.4byte	.LFE280-.LFB280
 1615 0a40 01       		.uleb128 0x1
 1616 0a41 9C       		.byte	0x9c
 1617 0a42 21       		.uleb128 0x21
 1618 0a43 81040000 		.4byte	.LASF143
 1619 0a47 11       		.byte	0x11
 1620 0a48 4407     		.2byte	0x744
 1621 0a4a 4E0A0000 		.4byte	0xa4e
 1622 0a4e 0F       		.uleb128 0xf
 1623 0a4f A2000000 		.4byte	0xa2
 1624 0a53 22       		.uleb128 0x22
 1625 0a54 636800   		.ascii	"ch\000"
 1626 0a57 0A       		.byte	0xa
 1627 0a58 D201     		.2byte	0x1d2
 1628 0a5a C6030000 		.4byte	0x3c6
 1629 0a5e 00       		.byte	0
 1630              		.section	.debug_abbrev,"",%progbits
 1631              	.Ldebug_abbrev0:
 1632 0000 01       		.uleb128 0x1
 1633 0001 11       		.uleb128 0x11
 1634 0002 01       		.byte	0x1
 1635 0003 25       		.uleb128 0x25
 1636 0004 0E       		.uleb128 0xe
 1637 0005 13       		.uleb128 0x13
 1638 0006 0B       		.uleb128 0xb
 1639 0007 03       		.uleb128 0x3
 1640 0008 0E       		.uleb128 0xe
 1641 0009 1B       		.uleb128 0x1b
 1642 000a 0E       		.uleb128 0xe
 1643 000b 11       		.uleb128 0x11
 1644 000c 01       		.uleb128 0x1
 1645 000d 12       		.uleb128 0x12
 1646 000e 06       		.uleb128 0x6
ARM GAS  /tmp/ccI2ASm7.s 			page 30


 1647 000f 10       		.uleb128 0x10
 1648 0010 17       		.uleb128 0x17
 1649 0011 00       		.byte	0
 1650 0012 00       		.byte	0
 1651 0013 02       		.uleb128 0x2
 1652 0014 24       		.uleb128 0x24
 1653 0015 00       		.byte	0
 1654 0016 0B       		.uleb128 0xb
 1655 0017 0B       		.uleb128 0xb
 1656 0018 3E       		.uleb128 0x3e
 1657 0019 0B       		.uleb128 0xb
 1658 001a 03       		.uleb128 0x3
 1659 001b 08       		.uleb128 0x8
 1660 001c 00       		.byte	0
 1661 001d 00       		.byte	0
 1662 001e 03       		.uleb128 0x3
 1663 001f 24       		.uleb128 0x24
 1664 0020 00       		.byte	0
 1665 0021 0B       		.uleb128 0xb
 1666 0022 0B       		.uleb128 0xb
 1667 0023 3E       		.uleb128 0x3e
 1668 0024 0B       		.uleb128 0xb
 1669 0025 03       		.uleb128 0x3
 1670 0026 0E       		.uleb128 0xe
 1671 0027 00       		.byte	0
 1672 0028 00       		.byte	0
 1673 0029 04       		.uleb128 0x4
 1674 002a 16       		.uleb128 0x16
 1675 002b 00       		.byte	0
 1676 002c 03       		.uleb128 0x3
 1677 002d 0E       		.uleb128 0xe
 1678 002e 3A       		.uleb128 0x3a
 1679 002f 0B       		.uleb128 0xb
 1680 0030 3B       		.uleb128 0x3b
 1681 0031 0B       		.uleb128 0xb
 1682 0032 49       		.uleb128 0x49
 1683 0033 13       		.uleb128 0x13
 1684 0034 00       		.byte	0
 1685 0035 00       		.byte	0
 1686 0036 05       		.uleb128 0x5
 1687 0037 13       		.uleb128 0x13
 1688 0038 01       		.byte	0x1
 1689 0039 03       		.uleb128 0x3
 1690 003a 0E       		.uleb128 0xe
 1691 003b 0B       		.uleb128 0xb
 1692 003c 0B       		.uleb128 0xb
 1693 003d 3A       		.uleb128 0x3a
 1694 003e 0B       		.uleb128 0xb
 1695 003f 3B       		.uleb128 0x3b
 1696 0040 0B       		.uleb128 0xb
 1697 0041 01       		.uleb128 0x1
 1698 0042 13       		.uleb128 0x13
 1699 0043 00       		.byte	0
 1700 0044 00       		.byte	0
 1701 0045 06       		.uleb128 0x6
 1702 0046 0D       		.uleb128 0xd
 1703 0047 00       		.byte	0
ARM GAS  /tmp/ccI2ASm7.s 			page 31


 1704 0048 03       		.uleb128 0x3
 1705 0049 0E       		.uleb128 0xe
 1706 004a 3A       		.uleb128 0x3a
 1707 004b 0B       		.uleb128 0xb
 1708 004c 3B       		.uleb128 0x3b
 1709 004d 0B       		.uleb128 0xb
 1710 004e 49       		.uleb128 0x49
 1711 004f 13       		.uleb128 0x13
 1712 0050 38       		.uleb128 0x38
 1713 0051 0B       		.uleb128 0xb
 1714 0052 00       		.byte	0
 1715 0053 00       		.byte	0
 1716 0054 07       		.uleb128 0x7
 1717 0055 0D       		.uleb128 0xd
 1718 0056 00       		.byte	0
 1719 0057 03       		.uleb128 0x3
 1720 0058 08       		.uleb128 0x8
 1721 0059 3A       		.uleb128 0x3a
 1722 005a 0B       		.uleb128 0xb
 1723 005b 3B       		.uleb128 0x3b
 1724 005c 0B       		.uleb128 0xb
 1725 005d 49       		.uleb128 0x49
 1726 005e 13       		.uleb128 0x13
 1727 005f 38       		.uleb128 0x38
 1728 0060 0B       		.uleb128 0xb
 1729 0061 00       		.byte	0
 1730 0062 00       		.byte	0
 1731 0063 08       		.uleb128 0x8
 1732 0064 0D       		.uleb128 0xd
 1733 0065 00       		.byte	0
 1734 0066 03       		.uleb128 0x3
 1735 0067 08       		.uleb128 0x8
 1736 0068 3A       		.uleb128 0x3a
 1737 0069 0B       		.uleb128 0xb
 1738 006a 3B       		.uleb128 0x3b
 1739 006b 05       		.uleb128 0x5
 1740 006c 49       		.uleb128 0x49
 1741 006d 13       		.uleb128 0x13
 1742 006e 38       		.uleb128 0x38
 1743 006f 0B       		.uleb128 0xb
 1744 0070 00       		.byte	0
 1745 0071 00       		.byte	0
 1746 0072 09       		.uleb128 0x9
 1747 0073 0D       		.uleb128 0xd
 1748 0074 00       		.byte	0
 1749 0075 03       		.uleb128 0x3
 1750 0076 0E       		.uleb128 0xe
 1751 0077 3A       		.uleb128 0x3a
 1752 0078 0B       		.uleb128 0xb
 1753 0079 3B       		.uleb128 0x3b
 1754 007a 05       		.uleb128 0x5
 1755 007b 49       		.uleb128 0x49
 1756 007c 13       		.uleb128 0x13
 1757 007d 38       		.uleb128 0x38
 1758 007e 0B       		.uleb128 0xb
 1759 007f 00       		.byte	0
 1760 0080 00       		.byte	0
ARM GAS  /tmp/ccI2ASm7.s 			page 32


 1761 0081 0A       		.uleb128 0xa
 1762 0082 0F       		.uleb128 0xf
 1763 0083 00       		.byte	0
 1764 0084 0B       		.uleb128 0xb
 1765 0085 0B       		.uleb128 0xb
 1766 0086 49       		.uleb128 0x49
 1767 0087 13       		.uleb128 0x13
 1768 0088 00       		.byte	0
 1769 0089 00       		.byte	0
 1770 008a 0B       		.uleb128 0xb
 1771 008b 13       		.uleb128 0x13
 1772 008c 01       		.byte	0x1
 1773 008d 03       		.uleb128 0x3
 1774 008e 0E       		.uleb128 0xe
 1775 008f 0B       		.uleb128 0xb
 1776 0090 0B       		.uleb128 0xb
 1777 0091 3A       		.uleb128 0x3a
 1778 0092 0B       		.uleb128 0xb
 1779 0093 3B       		.uleb128 0x3b
 1780 0094 05       		.uleb128 0x5
 1781 0095 01       		.uleb128 0x1
 1782 0096 13       		.uleb128 0x13
 1783 0097 00       		.byte	0
 1784 0098 00       		.byte	0
 1785 0099 0C       		.uleb128 0xc
 1786 009a 15       		.uleb128 0x15
 1787 009b 01       		.byte	0x1
 1788 009c 27       		.uleb128 0x27
 1789 009d 19       		.uleb128 0x19
 1790 009e 01       		.uleb128 0x1
 1791 009f 13       		.uleb128 0x13
 1792 00a0 00       		.byte	0
 1793 00a1 00       		.byte	0
 1794 00a2 0D       		.uleb128 0xd
 1795 00a3 05       		.uleb128 0x5
 1796 00a4 00       		.byte	0
 1797 00a5 49       		.uleb128 0x49
 1798 00a6 13       		.uleb128 0x13
 1799 00a7 00       		.byte	0
 1800 00a8 00       		.byte	0
 1801 00a9 0E       		.uleb128 0xe
 1802 00aa 0F       		.uleb128 0xf
 1803 00ab 00       		.byte	0
 1804 00ac 0B       		.uleb128 0xb
 1805 00ad 0B       		.uleb128 0xb
 1806 00ae 00       		.byte	0
 1807 00af 00       		.byte	0
 1808 00b0 0F       		.uleb128 0xf
 1809 00b1 35       		.uleb128 0x35
 1810 00b2 00       		.byte	0
 1811 00b3 49       		.uleb128 0x49
 1812 00b4 13       		.uleb128 0x13
 1813 00b5 00       		.byte	0
 1814 00b6 00       		.byte	0
 1815 00b7 10       		.uleb128 0x10
 1816 00b8 01       		.uleb128 0x1
 1817 00b9 01       		.byte	0x1
ARM GAS  /tmp/ccI2ASm7.s 			page 33


 1818 00ba 49       		.uleb128 0x49
 1819 00bb 13       		.uleb128 0x13
 1820 00bc 01       		.uleb128 0x1
 1821 00bd 13       		.uleb128 0x13
 1822 00be 00       		.byte	0
 1823 00bf 00       		.byte	0
 1824 00c0 11       		.uleb128 0x11
 1825 00c1 21       		.uleb128 0x21
 1826 00c2 00       		.byte	0
 1827 00c3 49       		.uleb128 0x49
 1828 00c4 13       		.uleb128 0x13
 1829 00c5 2F       		.uleb128 0x2f
 1830 00c6 0B       		.uleb128 0xb
 1831 00c7 00       		.byte	0
 1832 00c8 00       		.byte	0
 1833 00c9 12       		.uleb128 0x12
 1834 00ca 13       		.uleb128 0x13
 1835 00cb 01       		.byte	0x1
 1836 00cc 0B       		.uleb128 0xb
 1837 00cd 0B       		.uleb128 0xb
 1838 00ce 3A       		.uleb128 0x3a
 1839 00cf 0B       		.uleb128 0xb
 1840 00d0 3B       		.uleb128 0x3b
 1841 00d1 05       		.uleb128 0x5
 1842 00d2 01       		.uleb128 0x1
 1843 00d3 13       		.uleb128 0x13
 1844 00d4 00       		.byte	0
 1845 00d5 00       		.byte	0
 1846 00d6 13       		.uleb128 0x13
 1847 00d7 16       		.uleb128 0x16
 1848 00d8 00       		.byte	0
 1849 00d9 03       		.uleb128 0x3
 1850 00da 0E       		.uleb128 0xe
 1851 00db 3A       		.uleb128 0x3a
 1852 00dc 0B       		.uleb128 0xb
 1853 00dd 3B       		.uleb128 0x3b
 1854 00de 05       		.uleb128 0x5
 1855 00df 49       		.uleb128 0x49
 1856 00e0 13       		.uleb128 0x13
 1857 00e1 00       		.byte	0
 1858 00e2 00       		.byte	0
 1859 00e3 14       		.uleb128 0x14
 1860 00e4 13       		.uleb128 0x13
 1861 00e5 01       		.byte	0x1
 1862 00e6 0B       		.uleb128 0xb
 1863 00e7 0B       		.uleb128 0xb
 1864 00e8 3A       		.uleb128 0x3a
 1865 00e9 0B       		.uleb128 0xb
 1866 00ea 3B       		.uleb128 0x3b
 1867 00eb 0B       		.uleb128 0xb
 1868 00ec 01       		.uleb128 0x1
 1869 00ed 13       		.uleb128 0x13
 1870 00ee 00       		.byte	0
 1871 00ef 00       		.byte	0
 1872 00f0 15       		.uleb128 0x15
 1873 00f1 17       		.uleb128 0x17
 1874 00f2 01       		.byte	0x1
ARM GAS  /tmp/ccI2ASm7.s 			page 34


 1875 00f3 0B       		.uleb128 0xb
 1876 00f4 0B       		.uleb128 0xb
 1877 00f5 3A       		.uleb128 0x3a
 1878 00f6 0B       		.uleb128 0xb
 1879 00f7 3B       		.uleb128 0x3b
 1880 00f8 0B       		.uleb128 0xb
 1881 00f9 01       		.uleb128 0x1
 1882 00fa 13       		.uleb128 0x13
 1883 00fb 00       		.byte	0
 1884 00fc 00       		.byte	0
 1885 00fd 16       		.uleb128 0x16
 1886 00fe 0D       		.uleb128 0xd
 1887 00ff 00       		.byte	0
 1888 0100 03       		.uleb128 0x3
 1889 0101 0E       		.uleb128 0xe
 1890 0102 3A       		.uleb128 0x3a
 1891 0103 0B       		.uleb128 0xb
 1892 0104 3B       		.uleb128 0x3b
 1893 0105 0B       		.uleb128 0xb
 1894 0106 49       		.uleb128 0x49
 1895 0107 13       		.uleb128 0x13
 1896 0108 00       		.byte	0
 1897 0109 00       		.byte	0
 1898 010a 17       		.uleb128 0x17
 1899 010b 0D       		.uleb128 0xd
 1900 010c 00       		.byte	0
 1901 010d 03       		.uleb128 0x3
 1902 010e 0E       		.uleb128 0xe
 1903 010f 3A       		.uleb128 0x3a
 1904 0110 0B       		.uleb128 0xb
 1905 0111 3B       		.uleb128 0x3b
 1906 0112 05       		.uleb128 0x5
 1907 0113 49       		.uleb128 0x49
 1908 0114 13       		.uleb128 0x13
 1909 0115 00       		.byte	0
 1910 0116 00       		.byte	0
 1911 0117 18       		.uleb128 0x18
 1912 0118 26       		.uleb128 0x26
 1913 0119 00       		.byte	0
 1914 011a 49       		.uleb128 0x49
 1915 011b 13       		.uleb128 0x13
 1916 011c 00       		.byte	0
 1917 011d 00       		.byte	0
 1918 011e 19       		.uleb128 0x19
 1919 011f 2E       		.uleb128 0x2e
 1920 0120 01       		.byte	0x1
 1921 0121 03       		.uleb128 0x3
 1922 0122 0E       		.uleb128 0xe
 1923 0123 3A       		.uleb128 0x3a
 1924 0124 0B       		.uleb128 0xb
 1925 0125 3B       		.uleb128 0x3b
 1926 0126 05       		.uleb128 0x5
 1927 0127 27       		.uleb128 0x27
 1928 0128 19       		.uleb128 0x19
 1929 0129 20       		.uleb128 0x20
 1930 012a 0B       		.uleb128 0xb
 1931 012b 01       		.uleb128 0x1
ARM GAS  /tmp/ccI2ASm7.s 			page 35


 1932 012c 13       		.uleb128 0x13
 1933 012d 00       		.byte	0
 1934 012e 00       		.byte	0
 1935 012f 1A       		.uleb128 0x1a
 1936 0130 05       		.uleb128 0x5
 1937 0131 00       		.byte	0
 1938 0132 03       		.uleb128 0x3
 1939 0133 0E       		.uleb128 0xe
 1940 0134 3A       		.uleb128 0x3a
 1941 0135 0B       		.uleb128 0xb
 1942 0136 3B       		.uleb128 0x3b
 1943 0137 05       		.uleb128 0x5
 1944 0138 49       		.uleb128 0x49
 1945 0139 13       		.uleb128 0x13
 1946 013a 00       		.byte	0
 1947 013b 00       		.byte	0
 1948 013c 1B       		.uleb128 0x1b
 1949 013d 2E       		.uleb128 0x2e
 1950 013e 01       		.byte	0x1
 1951 013f 03       		.uleb128 0x3
 1952 0140 0E       		.uleb128 0xe
 1953 0141 3A       		.uleb128 0x3a
 1954 0142 0B       		.uleb128 0xb
 1955 0143 3B       		.uleb128 0x3b
 1956 0144 05       		.uleb128 0x5
 1957 0145 27       		.uleb128 0x27
 1958 0146 19       		.uleb128 0x19
 1959 0147 11       		.uleb128 0x11
 1960 0148 01       		.uleb128 0x1
 1961 0149 12       		.uleb128 0x12
 1962 014a 06       		.uleb128 0x6
 1963 014b 40       		.uleb128 0x40
 1964 014c 18       		.uleb128 0x18
 1965 014d 9742     		.uleb128 0x2117
 1966 014f 19       		.uleb128 0x19
 1967 0150 01       		.uleb128 0x1
 1968 0151 13       		.uleb128 0x13
 1969 0152 00       		.byte	0
 1970 0153 00       		.byte	0
 1971 0154 1C       		.uleb128 0x1c
 1972 0155 1D       		.uleb128 0x1d
 1973 0156 01       		.byte	0x1
 1974 0157 31       		.uleb128 0x31
 1975 0158 13       		.uleb128 0x13
 1976 0159 11       		.uleb128 0x11
 1977 015a 01       		.uleb128 0x1
 1978 015b 12       		.uleb128 0x12
 1979 015c 06       		.uleb128 0x6
 1980 015d 58       		.uleb128 0x58
 1981 015e 0B       		.uleb128 0xb
 1982 015f 59       		.uleb128 0x59
 1983 0160 05       		.uleb128 0x5
 1984 0161 00       		.byte	0
 1985 0162 00       		.byte	0
 1986 0163 1D       		.uleb128 0x1d
 1987 0164 05       		.uleb128 0x5
 1988 0165 00       		.byte	0
ARM GAS  /tmp/ccI2ASm7.s 			page 36


 1989 0166 31       		.uleb128 0x31
 1990 0167 13       		.uleb128 0x13
 1991 0168 02       		.uleb128 0x2
 1992 0169 18       		.uleb128 0x18
 1993 016a 00       		.byte	0
 1994 016b 00       		.byte	0
 1995 016c 1E       		.uleb128 0x1e
 1996 016d 2E       		.uleb128 0x2e
 1997 016e 00       		.byte	0
 1998 016f 03       		.uleb128 0x3
 1999 0170 0E       		.uleb128 0xe
 2000 0171 3A       		.uleb128 0x3a
 2001 0172 0B       		.uleb128 0xb
 2002 0173 3B       		.uleb128 0x3b
 2003 0174 05       		.uleb128 0x5
 2004 0175 27       		.uleb128 0x27
 2005 0176 19       		.uleb128 0x19
 2006 0177 11       		.uleb128 0x11
 2007 0178 01       		.uleb128 0x1
 2008 0179 12       		.uleb128 0x12
 2009 017a 06       		.uleb128 0x6
 2010 017b 40       		.uleb128 0x40
 2011 017c 18       		.uleb128 0x18
 2012 017d 9642     		.uleb128 0x2116
 2013 017f 19       		.uleb128 0x19
 2014 0180 00       		.byte	0
 2015 0181 00       		.byte	0
 2016 0182 1F       		.uleb128 0x1f
 2017 0183 2E       		.uleb128 0x2e
 2018 0184 00       		.byte	0
 2019 0185 3F       		.uleb128 0x3f
 2020 0186 19       		.uleb128 0x19
 2021 0187 03       		.uleb128 0x3
 2022 0188 0E       		.uleb128 0xe
 2023 0189 3A       		.uleb128 0x3a
 2024 018a 0B       		.uleb128 0xb
 2025 018b 3B       		.uleb128 0x3b
 2026 018c 0B       		.uleb128 0xb
 2027 018d 27       		.uleb128 0x27
 2028 018e 19       		.uleb128 0x19
 2029 018f 11       		.uleb128 0x11
 2030 0190 01       		.uleb128 0x1
 2031 0191 12       		.uleb128 0x12
 2032 0192 06       		.uleb128 0x6
 2033 0193 40       		.uleb128 0x40
 2034 0194 18       		.uleb128 0x18
 2035 0195 9642     		.uleb128 0x2116
 2036 0197 19       		.uleb128 0x19
 2037 0198 00       		.byte	0
 2038 0199 00       		.byte	0
 2039 019a 20       		.uleb128 0x20
 2040 019b 2E       		.uleb128 0x2e
 2041 019c 00       		.byte	0
 2042 019d 3F       		.uleb128 0x3f
 2043 019e 19       		.uleb128 0x19
 2044 019f 03       		.uleb128 0x3
 2045 01a0 0E       		.uleb128 0xe
ARM GAS  /tmp/ccI2ASm7.s 			page 37


 2046 01a1 3A       		.uleb128 0x3a
 2047 01a2 0B       		.uleb128 0xb
 2048 01a3 3B       		.uleb128 0x3b
 2049 01a4 05       		.uleb128 0x5
 2050 01a5 27       		.uleb128 0x27
 2051 01a6 19       		.uleb128 0x19
 2052 01a7 11       		.uleb128 0x11
 2053 01a8 01       		.uleb128 0x1
 2054 01a9 12       		.uleb128 0x12
 2055 01aa 06       		.uleb128 0x6
 2056 01ab 40       		.uleb128 0x40
 2057 01ac 18       		.uleb128 0x18
 2058 01ad 9642     		.uleb128 0x2116
 2059 01af 19       		.uleb128 0x19
 2060 01b0 00       		.byte	0
 2061 01b1 00       		.byte	0
 2062 01b2 21       		.uleb128 0x21
 2063 01b3 34       		.uleb128 0x34
 2064 01b4 00       		.byte	0
 2065 01b5 03       		.uleb128 0x3
 2066 01b6 0E       		.uleb128 0xe
 2067 01b7 3A       		.uleb128 0x3a
 2068 01b8 0B       		.uleb128 0xb
 2069 01b9 3B       		.uleb128 0x3b
 2070 01ba 05       		.uleb128 0x5
 2071 01bb 49       		.uleb128 0x49
 2072 01bc 13       		.uleb128 0x13
 2073 01bd 3F       		.uleb128 0x3f
 2074 01be 19       		.uleb128 0x19
 2075 01bf 3C       		.uleb128 0x3c
 2076 01c0 19       		.uleb128 0x19
 2077 01c1 00       		.byte	0
 2078 01c2 00       		.byte	0
 2079 01c3 22       		.uleb128 0x22
 2080 01c4 34       		.uleb128 0x34
 2081 01c5 00       		.byte	0
 2082 01c6 03       		.uleb128 0x3
 2083 01c7 08       		.uleb128 0x8
 2084 01c8 3A       		.uleb128 0x3a
 2085 01c9 0B       		.uleb128 0xb
 2086 01ca 3B       		.uleb128 0x3b
 2087 01cb 05       		.uleb128 0x5
 2088 01cc 49       		.uleb128 0x49
 2089 01cd 13       		.uleb128 0x13
 2090 01ce 3F       		.uleb128 0x3f
 2091 01cf 19       		.uleb128 0x19
 2092 01d0 3C       		.uleb128 0x3c
 2093 01d1 19       		.uleb128 0x19
 2094 01d2 00       		.byte	0
 2095 01d3 00       		.byte	0
 2096 01d4 00       		.byte	0
 2097              		.section	.debug_aranges,"",%progbits
 2098 0000 1C000000 		.4byte	0x1c
 2099 0004 0200     		.2byte	0x2
 2100 0006 00000000 		.4byte	.Ldebug_info0
 2101 000a 04       		.byte	0x4
 2102 000b 00       		.byte	0
ARM GAS  /tmp/ccI2ASm7.s 			page 38


 2103 000c 0000     		.2byte	0
 2104 000e 0000     		.2byte	0
 2105 0010 00000000 		.4byte	.Ltext0
 2106 0014 30010000 		.4byte	.Letext0-.Ltext0
 2107 0018 00000000 		.4byte	0
 2108 001c 00000000 		.4byte	0
 2109              		.section	.debug_line,"",%progbits
 2110              	.Ldebug_line0:
 2111 0000 91020000 		.section	.debug_str,"MS",%progbits,1
 2111      02002102 
 2111      00000201 
 2111      FB0E0D00 
 2111      01010101 
 2112              	.LASF50:
 2113 0000 72656164 		.ascii	"ready_list_t\000"
 2113      795F6C69 
 2113      73745F74 
 2113      00
 2114              	.LASF107:
 2115 000d 44494552 		.ascii	"DIER\000"
 2115      00
 2116              	.LASF121:
 2117 0012 77747472 		.ascii	"wttrp\000"
 2117      7000
 2118              	.LASF46:
 2119 0018 6E657874 		.ascii	"next\000"
 2119      00
 2120              	.LASF56:
 2121 001d 64656C74 		.ascii	"delta\000"
 2121      6100
 2122              	.LASF118:
 2123 0023 7264796D 		.ascii	"rdymsg\000"
 2123      736700
 2124              	.LASF16:
 2125 002a 75696E74 		.ascii	"uint64_t\000"
 2125      36345F74 
 2125      00
 2126              	.LASF5:
 2127 0033 5F5F7569 		.ascii	"__uint8_t\000"
 2127      6E74385F 
 2127      7400
 2128              	.LASF145:
 2129 003d 2E2E2F2E 		.ascii	"../../../os/hal/ports/STM32/LLD/TIMv1/hal_st_lld.c\000"
 2129      2E2F2E2E 
 2129      2F6F732F 
 2129      68616C2F 
 2129      706F7274 
 2130              	.LASF105:
 2131 0070 706F7274 		.ascii	"port_intctx\000"
 2131      5F696E74 
 2131      63747800 
 2132              	.LASF61:
 2133 007c 73797374 		.ascii	"system_debug_t\000"
 2133      656D5F64 
 2133      65627567 
 2133      5F7400
 2134              	.LASF132:
ARM GAS  /tmp/ccI2ASm7.s 			page 39


 2135 008b 706F7274 		.ascii	"port_lock\000"
 2135      5F6C6F63 
 2135      6B00
 2136              	.LASF12:
 2137 0095 6C6F6E67 		.ascii	"long long unsigned int\000"
 2137      206C6F6E 
 2137      6720756E 
 2137      7369676E 
 2137      65642069 
 2138              	.LASF70:
 2139 00ac 4944434F 		.ascii	"IDCODE\000"
 2139      444500
 2140              	.LASF119:
 2141 00b3 65786974 		.ascii	"exitcode\000"
 2141      636F6465 
 2141      00
 2142              	.LASF68:
 2143 00bc 6D61696E 		.ascii	"mainthread\000"
 2143      74687265 
 2143      616400
 2144              	.LASF122:
 2145 00c7 73656E74 		.ascii	"sentmsg\000"
 2145      6D736700 
 2146              	.LASF58:
 2147 00cf 76697274 		.ascii	"virtual_timers_list_t\000"
 2147      75616C5F 
 2147      74696D65 
 2147      72735F6C 
 2147      6973745F 
 2148              	.LASF139:
 2149 00e5 6F73616C 		.ascii	"osalSysUnlockFromISR\000"
 2149      53797355 
 2149      6E6C6F63 
 2149      6B46726F 
 2149      6D495352 
 2150              	.LASF142:
 2151 00fa 73745F6C 		.ascii	"st_lld_init\000"
 2151      6C645F69 
 2151      6E697400 
 2152              	.LASF111:
 2153 0106 42445452 		.ascii	"BDTR\000"
 2153      00
 2154              	.LASF48:
 2155 010b 63685F74 		.ascii	"ch_threads_queue\000"
 2155      68726561 
 2155      64735F71 
 2155      75657565 
 2155      00
 2156              	.LASF90:
 2157 011c 41484231 		.ascii	"AHB1LPENR\000"
 2157      4C50454E 
 2157      5200
 2158              	.LASF35:
 2159 0126 72656673 		.ascii	"refs\000"
 2159      00
 2160              	.LASF108:
 2161 012b 43434D52 		.ascii	"CCMR1\000"
ARM GAS  /tmp/ccI2ASm7.s 			page 40


 2161      3100
 2162              	.LASF109:
 2163 0131 43434D52 		.ascii	"CCMR2\000"
 2163      3200
 2164              	.LASF113:
 2165 0137 43434D52 		.ascii	"CCMR3\000"
 2165      3300
 2166              	.LASF1:
 2167 013d 7369676E 		.ascii	"signed char\000"
 2167      65642063 
 2167      68617200 
 2168              	.LASF76:
 2169 0149 41484231 		.ascii	"AHB1RSTR\000"
 2169      52535452 
 2169      00
 2170              	.LASF141:
 2171 0152 56656374 		.ascii	"VectorB0\000"
 2171      6F724230 
 2171      00
 2172              	.LASF133:
 2173 015b 706F7274 		.ascii	"port_unlock\000"
 2173      5F756E6C 
 2173      6F636B00 
 2174              	.LASF37:
 2175 0167 6D736771 		.ascii	"msgqueue\000"
 2175      75657565 
 2175      00
 2176              	.LASF33:
 2177 0170 73746174 		.ascii	"state\000"
 2177      6500
 2178              	.LASF65:
 2179 0176 63685F73 		.ascii	"ch_system\000"
 2179      79737465 
 2179      6D00
 2180              	.LASF7:
 2181 0180 6C6F6E67 		.ascii	"long int\000"
 2181      20696E74 
 2181      00
 2182              	.LASF146:
 2183 0189 2F686F6D 		.ascii	"/home/declan/ChibiOS2/ChibiOS/demos/STM32/RT-STM32F"
 2183      652F6465 
 2183      636C616E 
 2183      2F436869 
 2183      62694F53 
 2184 01bc 3430372D 		.ascii	"407-DISCOVERY\000"
 2184      44495343 
 2184      4F564552 
 2184      5900
 2185              	.LASF81:
 2186 01ca 41504232 		.ascii	"APB2RSTR\000"
 2186      52535452 
 2186      00
 2187              	.LASF94:
 2188 01d3 41504231 		.ascii	"APB1LPENR\000"
 2188      4C50454E 
 2188      5200
 2189              	.LASF19:
ARM GAS  /tmp/ccI2ASm7.s 			page 41


 2190 01dd 74737461 		.ascii	"tstate_t\000"
 2190      74655F74 
 2190      00
 2191              	.LASF57:
 2192 01e6 66756E63 		.ascii	"func\000"
 2192      00
 2193              	.LASF110:
 2194 01eb 43434552 		.ascii	"CCER\000"
 2194      00
 2195              	.LASF10:
 2196 01f0 6C6F6E67 		.ascii	"long long int\000"
 2196      206C6F6E 
 2196      6720696E 
 2196      7400
 2197              	.LASF27:
 2198 01fe 71756575 		.ascii	"queue\000"
 2198      6500
 2199              	.LASF32:
 2200 0204 77616261 		.ascii	"wabase\000"
 2200      736500
 2201              	.LASF74:
 2202 020b 504C4C43 		.ascii	"PLLCFGR\000"
 2202      46475200 
 2203              	.LASF8:
 2204 0213 5F5F7569 		.ascii	"__uint32_t\000"
 2204      6E743332 
 2204      5F7400
 2205              	.LASF102:
 2206 021e 72656761 		.ascii	"regarm_t\000"
 2206      726D5F74 
 2206      00
 2207              	.LASF67:
 2208 0227 76746C69 		.ascii	"vtlist\000"
 2208      737400
 2209              	.LASF138:
 2210 022e 6F73616C 		.ascii	"osalSysLockFromISR\000"
 2210      5379734C 
 2210      6F636B46 
 2210      726F6D49 
 2210      535200
 2211              	.LASF36:
 2212 0241 77616974 		.ascii	"waiting\000"
 2212      696E6700 
 2213              	.LASF130:
 2214 0249 6D757465 		.ascii	"mutex_t\000"
 2214      785F7400 
 2215              	.LASF148:
 2216 0251 76616C75 		.ascii	"value\000"
 2216      6500
 2217              	.LASF104:
 2218 0257 706F7274 		.ascii	"port_context\000"
 2218      5F636F6E 
 2218      74657874 
 2218      00
 2219              	.LASF24:
 2220 0264 636E745F 		.ascii	"cnt_t\000"
 2220      7400
ARM GAS  /tmp/ccI2ASm7.s 			page 42


 2221              	.LASF0:
 2222 026a 756E7369 		.ascii	"unsigned int\000"
 2222      676E6564 
 2222      20696E74 
 2222      00
 2223              	.LASF123:
 2224 0277 77747365 		.ascii	"wtsemp\000"
 2224      6D7000
 2225              	.LASF9:
 2226 027e 6C6F6E67 		.ascii	"long unsigned int\000"
 2226      20756E73 
 2226      69676E65 
 2226      6420696E 
 2226      7400
 2227              	.LASF101:
 2228 0290 5243435F 		.ascii	"RCC_TypeDef\000"
 2228      54797065 
 2228      44656600 
 2229              	.LASF31:
 2230 029c 6E616D65 		.ascii	"name\000"
 2230      00
 2231              	.LASF41:
 2232 02a1 6D706F6F 		.ascii	"mpool\000"
 2232      6C00
 2233              	.LASF106:
 2234 02a7 534D4352 		.ascii	"SMCR\000"
 2234      00
 2235              	.LASF44:
 2236 02ac 63685F74 		.ascii	"ch_thread\000"
 2236      68726561 
 2236      6400
 2237              	.LASF100:
 2238 02b6 504C4C49 		.ascii	"PLLI2SCFGR\000"
 2238      32534346 
 2238      475200
 2239              	.LASF22:
 2240 02c1 6D73675F 		.ascii	"msg_t\000"
 2240      7400
 2241              	.LASF78:
 2242 02c7 41484233 		.ascii	"AHB3RSTR\000"
 2242      52535452 
 2242      00
 2243              	.LASF38:
 2244 02d0 6570656E 		.ascii	"epending\000"
 2244      64696E67 
 2244      00
 2245              	.LASF72:
 2246 02d9 41504232 		.ascii	"APB2FZ\000"
 2246      465A00
 2247              	.LASF64:
 2248 02e0 63685F73 		.ascii	"ch_system_t\000"
 2248      79737465 
 2248      6D5F7400 
 2249              	.LASF120:
 2250 02ec 77746F62 		.ascii	"wtobjp\000"
 2250      6A7000
 2251              	.LASF95:
ARM GAS  /tmp/ccI2ASm7.s 			page 43


 2252 02f3 41504232 		.ascii	"APB2LPENR\000"
 2252      4C50454E 
 2252      5200
 2253              	.LASF51:
 2254 02fd 63685F72 		.ascii	"ch_ready_list\000"
 2254      65616479 
 2254      5F6C6973 
 2254      7400
 2255              	.LASF23:
 2256 030b 6576656E 		.ascii	"eventmask_t\000"
 2256      746D6173 
 2256      6B5F7400 
 2257              	.LASF6:
 2258 0317 5F5F696E 		.ascii	"__int32_t\000"
 2258      7433325F 
 2258      7400
 2259              	.LASF103:
 2260 0321 73746B61 		.ascii	"stkalign_t\000"
 2260      6C69676E 
 2260      5F7400
 2261              	.LASF140:
 2262 032c 6F73616C 		.ascii	"osalOsTimerHandlerI\000"
 2262      4F735469 
 2262      6D657248 
 2262      616E646C 
 2262      65724900 
 2263              	.LASF29:
 2264 0340 6E657765 		.ascii	"newer\000"
 2264      7200
 2265              	.LASF43:
 2266 0346 74687265 		.ascii	"threads_list_t\000"
 2266      6164735F 
 2266      6C697374 
 2266      5F7400
 2267              	.LASF54:
 2268 0355 76697274 		.ascii	"virtual_timer_t\000"
 2268      75616C5F 
 2268      74696D65 
 2268      725F7400 
 2269              	.LASF40:
 2270 0365 7265616C 		.ascii	"realprio\000"
 2270      7072696F 
 2270      00
 2271              	.LASF69:
 2272 036e 73697A65 		.ascii	"sizetype\000"
 2272      74797065 
 2272      00
 2273              	.LASF42:
 2274 0377 74687265 		.ascii	"thread_reference_t\000"
 2274      61645F72 
 2274      65666572 
 2274      656E6365 
 2274      5F7400
 2275              	.LASF59:
 2276 038a 63685F76 		.ascii	"ch_virtual_timers_list\000"
 2276      69727475 
 2276      616C5F74 
ARM GAS  /tmp/ccI2ASm7.s 			page 44


 2276      696D6572 
 2276      735F6C69 
 2277              	.LASF85:
 2278 03a1 41484233 		.ascii	"AHB3ENR\000"
 2278      454E5200 
 2279              	.LASF91:
 2280 03a9 41484232 		.ascii	"AHB2LPENR\000"
 2280      4C50454E 
 2280      5200
 2281              	.LASF117:
 2282 03b3 746D5F63 		.ascii	"tm_calibration_t\000"
 2282      616C6962 
 2282      72617469 
 2282      6F6E5F74 
 2282      00
 2283              	.LASF28:
 2284 03c4 7072696F 		.ascii	"prio\000"
 2284      00
 2285              	.LASF80:
 2286 03c9 41504231 		.ascii	"APB1RSTR\000"
 2286      52535452 
 2286      00
 2287              	.LASF52:
 2288 03d2 63757272 		.ascii	"current\000"
 2288      656E7400 
 2289              	.LASF11:
 2290 03da 5F5F7569 		.ascii	"__uint64_t\000"
 2290      6E743634 
 2290      5F7400
 2291              	.LASF71:
 2292 03e5 41504231 		.ascii	"APB1FZ\000"
 2292      465A00
 2293              	.LASF20:
 2294 03ec 74726566 		.ascii	"trefs_t\000"
 2294      735F7400 
 2295              	.LASF79:
 2296 03f4 52455345 		.ascii	"RESERVED0\000"
 2296      52564544 
 2296      3000
 2297              	.LASF82:
 2298 03fe 52455345 		.ascii	"RESERVED1\000"
 2298      52564544 
 2298      3100
 2299              	.LASF86:
 2300 0408 52455345 		.ascii	"RESERVED2\000"
 2300      52564544 
 2300      3200
 2301              	.LASF89:
 2302 0412 52455345 		.ascii	"RESERVED3\000"
 2302      52564544 
 2302      3300
 2303              	.LASF93:
 2304 041c 52455345 		.ascii	"RESERVED4\000"
 2304      52564544 
 2304      3400
 2305              	.LASF96:
 2306 0426 52455345 		.ascii	"RESERVED5\000"
ARM GAS  /tmp/ccI2ASm7.s 			page 45


 2306      52564544 
 2306      3500
 2307              	.LASF98:
 2308 0430 52455345 		.ascii	"RESERVED6\000"
 2308      52564544 
 2308      3600
 2309              	.LASF21:
 2310 043a 74707269 		.ascii	"tprio_t\000"
 2310      6F5F7400 
 2311              	.LASF137:
 2312 0442 63685379 		.ascii	"chSysUnlockFromISR\000"
 2312      73556E6C 
 2312      6F636B46 
 2312      726F6D49 
 2312      535200
 2313              	.LASF62:
 2314 0455 63685F73 		.ascii	"ch_system_debug\000"
 2314      79737465 
 2314      6D5F6465 
 2314      62756700 
 2315              	.LASF131:
 2316 0465 5F426F6F 		.ascii	"_Bool\000"
 2316      6C00
 2317              	.LASF14:
 2318 046b 696E7433 		.ascii	"int32_t\000"
 2318      325F7400 
 2319              	.LASF2:
 2320 0473 756E7369 		.ascii	"unsigned char\000"
 2320      676E6564 
 2320      20636861 
 2320      7200
 2321              	.LASF143:
 2322 0481 49544D5F 		.ascii	"ITM_RxBuffer\000"
 2322      52784275 
 2322      66666572 
 2322      00
 2323              	.LASF3:
 2324 048e 73686F72 		.ascii	"short int\000"
 2324      7420696E 
 2324      7400
 2325              	.LASF60:
 2326 0498 6C617374 		.ascii	"lasttime\000"
 2326      74696D65 
 2326      00
 2327              	.LASF92:
 2328 04a1 41484233 		.ascii	"AHB3LPENR\000"
 2328      4C50454E 
 2328      5200
 2329              	.LASF125:
 2330 04ab 65776D61 		.ascii	"ewmask\000"
 2330      736B00
 2331              	.LASF88:
 2332 04b2 41504232 		.ascii	"APB2ENR\000"
 2332      454E5200 
 2333              	.LASF55:
 2334 04ba 63685F76 		.ascii	"ch_virtual_timer\000"
 2334      69727475 
ARM GAS  /tmp/ccI2ASm7.s 			page 46


 2334      616C5F74 
 2334      696D6572 
 2334      00
 2335              	.LASF126:
 2336 04cb 63685F73 		.ascii	"ch_semaphore\000"
 2336      656D6170 
 2336      686F7265 
 2336      00
 2337              	.LASF114:
 2338 04d8 43435852 		.ascii	"CCXR\000"
 2338      00
 2339              	.LASF73:
 2340 04dd 4442474D 		.ascii	"DBGMCU_TypeDef\000"
 2340      43555F54 
 2340      79706544 
 2340      656600
 2341              	.LASF15:
 2342 04ec 75696E74 		.ascii	"uint32_t\000"
 2342      33325F74 
 2342      00
 2343              	.LASF124:
 2344 04f5 77746D74 		.ascii	"wtmtxp\000"
 2344      787000
 2345              	.LASF45:
 2346 04fc 63685F74 		.ascii	"ch_threads_list\000"
 2346      68726561 
 2346      64735F6C 
 2346      69737400 
 2347              	.LASF128:
 2348 050c 6F776E65 		.ascii	"owner\000"
 2348      7200
 2349              	.LASF144:
 2350 0512 474E5520 		.ascii	"GNU C 4.9.3 20150529 (prerelease) -mcpu=cortex-m4 -"
 2350      4320342E 
 2350      392E3320 
 2350      32303135 
 2350      30353239 
 2351 0545 6D6E6F2D 		.ascii	"mno-thumb-interwork -mthumb -ggdb -O0 -fomit-frame-"
 2351      7468756D 
 2351      622D696E 
 2351      74657277 
 2351      6F726B20 
 2352 0578 706F696E 		.ascii	"pointer -falign-functions=16\000"
 2352      74657220 
 2352      2D66616C 
 2352      69676E2D 
 2352      66756E63 
 2353              	.LASF129:
 2354 0595 63686172 		.ascii	"char\000"
 2354      00
 2355              	.LASF30:
 2356 059a 6F6C6465 		.ascii	"older\000"
 2356      7200
 2357              	.LASF112:
 2358 05a0 444D4152 		.ascii	"DMAR\000"
 2358      00
 2359              	.LASF77:
ARM GAS  /tmp/ccI2ASm7.s 			page 47


 2360 05a5 41484232 		.ascii	"AHB2RSTR\000"
 2360      52535452 
 2360      00
 2361              	.LASF135:
 2362 05ae 706F7274 		.ascii	"port_unlock_from_isr\000"
 2362      5F756E6C 
 2362      6F636B5F 
 2362      66726F6D 
 2362      5F697372 
 2363              	.LASF26:
 2364 05c3 74687265 		.ascii	"thread_t\000"
 2364      61645F74 
 2364      00
 2365              	.LASF25:
 2366 05cc 73797374 		.ascii	"systime_t\000"
 2366      696D655F 
 2366      7400
 2367              	.LASF53:
 2368 05d6 76746675 		.ascii	"vtfunc_t\000"
 2368      6E635F74 
 2368      00
 2369              	.LASF147:
 2370 05df 5F5F7365 		.ascii	"__set_BASEPRI\000"
 2370      745F4241 
 2370      53455052 
 2370      4900
 2371              	.LASF63:
 2372 05ed 70616E69 		.ascii	"panic_msg\000"
 2372      635F6D73 
 2372      6700
 2373              	.LASF116:
 2374 05f7 6F666673 		.ascii	"offset\000"
 2374      657400
 2375              	.LASF87:
 2376 05fe 41504231 		.ascii	"APB1ENR\000"
 2376      454E5200 
 2377              	.LASF127:
 2378 0606 63685F6D 		.ascii	"ch_mutex\000"
 2378      75746578 
 2378      00
 2379              	.LASF84:
 2380 060f 41484232 		.ascii	"AHB2ENR\000"
 2380      454E5200 
 2381              	.LASF4:
 2382 0617 73686F72 		.ascii	"short unsigned int\000"
 2382      7420756E 
 2382      7369676E 
 2382      65642069 
 2382      6E7400
 2383              	.LASF17:
 2384 062a 7274636E 		.ascii	"rtcnt_t\000"
 2384      745F7400 
 2385              	.LASF134:
 2386 0632 706F7274 		.ascii	"port_lock_from_isr\000"
 2386      5F6C6F63 
 2386      6B5F6672 
 2386      6F6D5F69 
ARM GAS  /tmp/ccI2ASm7.s 			page 48


 2386      737200
 2387              	.LASF99:
 2388 0645 53534347 		.ascii	"SSCGR\000"
 2388      5200
 2389              	.LASF47:
 2390 064b 74687265 		.ascii	"threads_queue_t\000"
 2390      6164735F 
 2390      71756575 
 2390      655F7400 
 2391              	.LASF115:
 2392 065b 73746D33 		.ascii	"stm32_tim_t\000"
 2392      325F7469 
 2392      6D5F7400 
 2393              	.LASF97:
 2394 0667 42444352 		.ascii	"BDCR\000"
 2394      00
 2395              	.LASF66:
 2396 066c 726C6973 		.ascii	"rlist\000"
 2396      7400
 2397              	.LASF13:
 2398 0672 75696E74 		.ascii	"uint8_t\000"
 2398      385F7400 
 2399              	.LASF34:
 2400 067a 666C6167 		.ascii	"flags\000"
 2400      7300
 2401              	.LASF136:
 2402 0680 63685379 		.ascii	"chSysLockFromISR\000"
 2402      734C6F63 
 2402      6B46726F 
 2402      6D495352 
 2402      00
 2403              	.LASF83:
 2404 0691 41484231 		.ascii	"AHB1ENR\000"
 2404      454E5200 
 2405              	.LASF75:
 2406 0699 43464752 		.ascii	"CFGR\000"
 2406      00
 2407              	.LASF18:
 2408 069e 746D6F64 		.ascii	"tmode_t\000"
 2408      655F7400 
 2409              	.LASF49:
 2410 06a6 70726576 		.ascii	"prev\000"
 2410      00
 2411              	.LASF39:
 2412 06ab 6D74786C 		.ascii	"mtxlist\000"
 2412      69737400 
 2413              		.ident	"GCC: (15:4.9.3+svn231177-1) 4.9.3 20150529 (prerelease)"
ARM GAS  /tmp/ccI2ASm7.s 			page 49


DEFINED SYMBOLS
                            *ABS*:0000000000000000 hal_st_lld.c
     /tmp/ccI2ASm7.s:18     .text:0000000000000000 $t
     /tmp/ccI2ASm7.s:23     .text:0000000000000000 port_lock
     /tmp/ccI2ASm7.s:59     .text:0000000000000010 port_unlock
     /tmp/ccI2ASm7.s:93     .text:0000000000000020 port_lock_from_isr
     /tmp/ccI2ASm7.s:115    .text:0000000000000030 port_unlock_from_isr
     /tmp/ccI2ASm7.s:137    .text:0000000000000040 chSysLockFromISR
     /tmp/ccI2ASm7.s:160    .text:0000000000000050 chSysUnlockFromISR
     /tmp/ccI2ASm7.s:182    .text:0000000000000060 osalSysLockFromISR
     /tmp/ccI2ASm7.s:205    .text:0000000000000070 osalSysUnlockFromISR
     /tmp/ccI2ASm7.s:227    .text:0000000000000080 osalOsTimerHandlerI
     /tmp/ccI2ASm7.s:250    .text:0000000000000090 VectorB0
     /tmp/ccI2ASm7.s:291    .text:00000000000000c0 st_lld_init
     /tmp/ccI2ASm7.s:354    .text:0000000000000128 $d
                     .debug_frame:0000000000000010 $d

UNDEFINED SYMBOLS
chSysTimerHandlerI
_port_irq_epilogue
nvicEnableVector
