ARM GAS  /tmp/ccAQWfNC.s 			page 1


   1              		.syntax unified
   2              		.cpu cortex-m4
   3              		.fpu softvfp
   4              		.eabi_attribute 20, 1
   5              		.eabi_attribute 21, 1
   6              		.eabi_attribute 23, 3
   7              		.eabi_attribute 24, 1
   8              		.eabi_attribute 25, 1
   9              		.eabi_attribute 26, 1
  10              		.eabi_attribute 30, 6
  11              		.eabi_attribute 34, 1
  12              		.eabi_attribute 18, 4
  13              		.thumb
  14              		.file	"hal_lld.c"
  15              		.text
  16              	.Ltext0:
  17              		.cfi_sections	.debug_frame
  18              		.global	SystemCoreClock
  19              		.data
  20              		.align	2
  21              		.type	SystemCoreClock, %object
  22              		.size	SystemCoreClock, 4
  23              	SystemCoreClock:
  24 0000 007A030A 		.word	168000000
  25              		.text
  26              		.align	2
  27              		.p2align 4,,15
  28              		.thumb
  29              		.thumb_func
  30              		.type	hal_lld_backup_domain_init, %function
  31              	hal_lld_backup_domain_init:
  32              	.LFB279:
  33              		.file 1 "../../../os/hal/ports/STM32/STM32F4xx/hal_lld.c"
  34              		.loc 1 54 0
  35              		.cfi_startproc
  36              		@ args = 0, pretend = 0, frame = 0
  37              		@ frame_needed = 0, uses_anonymous_args = 0
  38              		@ link register save eliminated.
  39              		.loc 1 57 0
  40 0000 0D4A     		ldr	r2, .L3
  41 0002 0D4B     		ldr	r3, .L3
  42 0004 1B68     		ldr	r3, [r3]
  43 0006 43F48073 		orr	r3, r3, #256
  44 000a 1360     		str	r3, [r2]
  45              		.loc 1 60 0
  46 000c 0B4B     		ldr	r3, .L3+4
  47 000e 1B6F     		ldr	r3, [r3, #112]
  48 0010 03F44073 		and	r3, r3, #768
  49 0014 B3F5007F 		cmp	r3, #512
  50 0018 06D0     		beq	.L2
  51              		.loc 1 62 0
  52 001a 084B     		ldr	r3, .L3+4
  53 001c 4FF48032 		mov	r2, #65536
  54 0020 1A67     		str	r2, [r3, #112]
  55              		.loc 1 63 0
  56 0022 064B     		ldr	r3, .L3+4
  57 0024 0022     		movs	r2, #0
ARM GAS  /tmp/ccAQWfNC.s 			page 2


  58 0026 1A67     		str	r2, [r3, #112]
  59              	.L2:
  60              		.loc 1 97 0
  61 0028 034A     		ldr	r2, .L3
  62 002a 034B     		ldr	r3, .L3
  63 002c 5B68     		ldr	r3, [r3, #4]
  64 002e 23F40073 		bic	r3, r3, #512
  65 0032 5360     		str	r3, [r2, #4]
  66              		.loc 1 99 0
  67 0034 7047     		bx	lr
  68              	.L4:
  69 0036 00BF     		.align	2
  70              	.L3:
  71 0038 00700040 		.word	1073770496
  72 003c 00380240 		.word	1073887232
  73              		.cfi_endproc
  74              	.LFE279:
  75              		.size	hal_lld_backup_domain_init, .-hal_lld_backup_domain_init
  76              		.align	2
  77              		.p2align 4,,15
  78              		.global	hal_lld_init
  79              		.thumb
  80              		.thumb_func
  81              		.type	hal_lld_init, %function
  82              	hal_lld_init:
  83              	.LFB280:
  84              		.loc 1 114 0
  85              		.cfi_startproc
  86              		@ args = 0, pretend = 0, frame = 0
  87              		@ frame_needed = 0, uses_anonymous_args = 0
  88 0040 08B5     		push	{r3, lr}
  89              		.cfi_def_cfa_offset 8
  90              		.cfi_offset 3, -8
  91              		.cfi_offset 14, -4
  92              		.loc 1 119 0
  93 0042 174B     		ldr	r3, .L6
  94 0044 1B69     		ldr	r3, [r3, #16]
  95 0046 164B     		ldr	r3, .L6
  96 0048 4FF0FF32 		mov	r2, #-1
  97 004c 1A61     		str	r2, [r3, #16]
  98 004e 144B     		ldr	r3, .L6
  99 0050 0022     		movs	r2, #0
 100 0052 1A61     		str	r2, [r3, #16]
 101              		.loc 1 121 0
 102 0054 124B     		ldr	r3, .L6
 103 0056 5B69     		ldr	r3, [r3, #20]
 104 0058 114B     		ldr	r3, .L6
 105 005a 4FF0FF32 		mov	r2, #-1
 106 005e 5A61     		str	r2, [r3, #20]
 107 0060 0F4B     		ldr	r3, .L6
 108 0062 0022     		movs	r2, #0
 109 0064 5A61     		str	r2, [r3, #20]
 110              		.loc 1 123 0
 111 0066 0E4A     		ldr	r2, .L6
 112 0068 0D4B     		ldr	r3, .L6
 113 006a 1B6A     		ldr	r3, [r3, #32]
 114 006c 63F08053 		orn	r3, r3, #268435456
ARM GAS  /tmp/ccAQWfNC.s 			page 3


 115 0070 1362     		str	r3, [r2, #32]
 116 0072 0B4B     		ldr	r3, .L6
 117 0074 0022     		movs	r2, #0
 118 0076 1A62     		str	r2, [r3, #32]
 119              		.loc 1 124 0
 120 0078 094B     		ldr	r3, .L6
 121 007a 5B6A     		ldr	r3, [r3, #36]
 122 007c 084B     		ldr	r3, .L6
 123 007e 4FF0FF32 		mov	r2, #-1
 124 0082 5A62     		str	r2, [r3, #36]
 125 0084 064B     		ldr	r3, .L6
 126 0086 0022     		movs	r2, #0
 127 0088 5A62     		str	r2, [r3, #36]
 128              		.loc 1 127 0
 129 008a 054A     		ldr	r2, .L6
 130 008c 044B     		ldr	r3, .L6
 131 008e 1B6C     		ldr	r3, [r3, #64]
 132 0090 43F08053 		orr	r3, r3, #268435456
 133 0094 1364     		str	r3, [r2, #64]
 134              		.loc 1 130 0
 135 0096 FFF7B3FF 		bl	hal_lld_backup_domain_init
 136              		.loc 1 133 0
 137 009a FFF7FEFF 		bl	dmaInit
 138              		.loc 1 140 0
 139 009e 08BD     		pop	{r3, pc}
 140              	.L7:
 141              		.align	2
 142              	.L6:
 143 00a0 00380240 		.word	1073887232
 144              		.cfi_endproc
 145              	.LFE280:
 146              		.size	hal_lld_init, .-hal_lld_init
 147              		.align	2
 148 00a4 AFF30080 		.p2align 4,,15
 148      AFF30080 
 148      AFF30080 
 149              		.global	stm32_clock_init
 150              		.thumb
 151              		.thumb_func
 152              		.type	stm32_clock_init, %function
 153              	stm32_clock_init:
 154              	.LFB281:
 155              		.loc 1 149 0
 156              		.cfi_startproc
 157              		@ args = 0, pretend = 0, frame = 0
 158              		@ frame_needed = 0, uses_anonymous_args = 0
 159              		@ link register save eliminated.
 160              		.loc 1 156 0
 161 00b0 474B     		ldr	r3, .L18
 162 00b2 4FF08052 		mov	r2, #268435456
 163 00b6 1A64     		str	r2, [r3, #64]
 164              		.loc 1 161 0
 165 00b8 464B     		ldr	r3, .L18+4
 166 00ba 4FF44042 		mov	r2, #49152
 167 00be 1A60     		str	r2, [r3]
 168              		.loc 1 168 0
 169 00c0 434A     		ldr	r2, .L18
ARM GAS  /tmp/ccAQWfNC.s 			page 4


 170 00c2 434B     		ldr	r3, .L18
 171 00c4 1B68     		ldr	r3, [r3]
 172 00c6 43F00103 		orr	r3, r3, #1
 173 00ca 1360     		str	r3, [r2]
 174              		.loc 1 169 0
 175 00cc 00BF     		nop
 176              	.L9:
 177              		.loc 1 169 0 is_stmt 0 discriminator 1
 178 00ce 404B     		ldr	r3, .L18
 179 00d0 1B68     		ldr	r3, [r3]
 180 00d2 03F00203 		and	r3, r3, #2
 181 00d6 002B     		cmp	r3, #0
 182 00d8 F9D0     		beq	.L9
 183              		.loc 1 175 0 is_stmt 1
 184 00da 3D4A     		ldr	r2, .L18
 185 00dc 3C4B     		ldr	r3, .L18
 186 00de 9B68     		ldr	r3, [r3, #8]
 187 00e0 23F00303 		bic	r3, r3, #3
 188 00e4 9360     		str	r3, [r2, #8]
 189              		.loc 1 176 0
 190 00e6 3A4A     		ldr	r2, .L18
 191 00e8 394B     		ldr	r3, .L18
 192 00ea 9B68     		ldr	r3, [r3, #8]
 193 00ec 9360     		str	r3, [r2, #8]
 194              		.loc 1 177 0
 195 00ee 00BF     		nop
 196              	.L10:
 197              		.loc 1 177 0 is_stmt 0 discriminator 1
 198 00f0 374B     		ldr	r3, .L18
 199 00f2 9B68     		ldr	r3, [r3, #8]
 200 00f4 03F00C03 		and	r3, r3, #12
 201 00f8 002B     		cmp	r3, #0
 202 00fa F9D1     		bne	.L10
 203              		.loc 1 181 0 is_stmt 1
 204 00fc 344A     		ldr	r2, .L18
 205 00fe 344B     		ldr	r3, .L18
 206 0100 1B68     		ldr	r3, [r3]
 207 0102 03F0F903 		and	r3, r3, #249
 208 0106 1360     		str	r3, [r2]
 209              		.loc 1 182 0
 210 0108 314B     		ldr	r3, .L18
 211 010a 0022     		movs	r2, #0
 212 010c 9A60     		str	r2, [r3, #8]
 213              		.loc 1 191 0
 214 010e 304A     		ldr	r2, .L18
 215 0110 2F4B     		ldr	r3, .L18
 216 0112 1B68     		ldr	r3, [r3]
 217 0114 43F48033 		orr	r3, r3, #65536
 218 0118 1360     		str	r3, [r2]
 219              		.loc 1 193 0
 220 011a 00BF     		nop
 221              	.L11:
 222              		.loc 1 193 0 is_stmt 0 discriminator 1
 223 011c 2C4B     		ldr	r3, .L18
 224 011e 1B68     		ldr	r3, [r3]
 225 0120 03F40033 		and	r3, r3, #131072
 226 0124 002B     		cmp	r3, #0
ARM GAS  /tmp/ccAQWfNC.s 			page 5


 227 0126 F9D0     		beq	.L11
 228              		.loc 1 199 0 is_stmt 1
 229 0128 294A     		ldr	r2, .L18
 230 012a 294B     		ldr	r3, .L18
 231 012c 5B6F     		ldr	r3, [r3, #116]
 232 012e 43F00103 		orr	r3, r3, #1
 233 0132 5367     		str	r3, [r2, #116]
 234              		.loc 1 200 0
 235 0134 00BF     		nop
 236              	.L12:
 237              		.loc 1 200 0 is_stmt 0 discriminator 1
 238 0136 264B     		ldr	r3, .L18
 239 0138 5B6F     		ldr	r3, [r3, #116]
 240 013a 03F00203 		and	r3, r3, #2
 241 013e 002B     		cmp	r3, #0
 242 0140 F9D0     		beq	.L12
 243              		.loc 1 206 0 is_stmt 1
 244 0142 234B     		ldr	r3, .L18
 245 0144 244A     		ldr	r2, .L18+8
 246 0146 5A60     		str	r2, [r3, #4]
 247              		.loc 1 208 0
 248 0148 214A     		ldr	r2, .L18
 249 014a 214B     		ldr	r3, .L18
 250 014c 1B68     		ldr	r3, [r3]
 251 014e 43F08073 		orr	r3, r3, #16777216
 252 0152 1360     		str	r3, [r2]
 253              		.loc 1 212 0
 254 0154 00BF     		nop
 255              	.L13:
 256              		.loc 1 212 0 is_stmt 0 discriminator 1
 257 0156 1F4B     		ldr	r3, .L18+4
 258 0158 5B68     		ldr	r3, [r3, #4]
 259 015a 03F48043 		and	r3, r3, #16384
 260 015e 002B     		cmp	r3, #0
 261 0160 F9D0     		beq	.L13
 262              		.loc 1 228 0 is_stmt 1
 263 0162 00BF     		nop
 264              	.L14:
 265              		.loc 1 228 0 is_stmt 0 discriminator 1
 266 0164 1A4B     		ldr	r3, .L18
 267 0166 1B68     		ldr	r3, [r3]
 268 0168 03F00073 		and	r3, r3, #33554432
 269 016c 002B     		cmp	r3, #0
 270 016e F9D0     		beq	.L14
 271              		.loc 1 255 0 is_stmt 1
 272 0170 174B     		ldr	r3, .L18
 273 0172 1A4A     		ldr	r2, .L18+12
 274 0174 9A60     		str	r2, [r3, #8]
 275              		.loc 1 299 0
 276 0176 1A4B     		ldr	r3, .L18+16
 277 0178 1B68     		ldr	r3, [r3]
 278 017a 1A4A     		ldr	r2, .L18+20
 279 017c 9342     		cmp	r3, r2
 280 017e 09D1     		bne	.L15
 281              		.loc 1 299 0 is_stmt 0 discriminator 1
 282 0180 194B     		ldr	r3, .L18+24
 283 0182 1B68     		ldr	r3, [r3]
ARM GAS  /tmp/ccAQWfNC.s 			page 6


 284 0184 194A     		ldr	r2, .L18+28
 285 0186 9342     		cmp	r3, r2
 286 0188 04D1     		bne	.L15
 287              		.loc 1 300 0 is_stmt 1
 288 018a 194B     		ldr	r3, .L18+32
 289 018c 40F20512 		movw	r2, #261
 290 0190 1A60     		str	r2, [r3]
 291 0192 03E0     		b	.L16
 292              	.L15:
 293              		.loc 1 302 0
 294 0194 164B     		ldr	r3, .L18+32
 295 0196 40F20572 		movw	r2, #1797
 296 019a 1A60     		str	r2, [r3]
 297              	.L16:
 298              		.loc 1 311 0
 299 019c 0C4A     		ldr	r2, .L18
 300 019e 0C4B     		ldr	r3, .L18
 301 01a0 9B68     		ldr	r3, [r3, #8]
 302 01a2 43F00203 		orr	r3, r3, #2
 303 01a6 9360     		str	r3, [r2, #8]
 304              		.loc 1 312 0
 305 01a8 00BF     		nop
 306              	.L17:
 307              		.loc 1 312 0 is_stmt 0 discriminator 1
 308 01aa 094B     		ldr	r3, .L18
 309 01ac 9B68     		ldr	r3, [r3, #8]
 310 01ae 03F00C03 		and	r3, r3, #12
 311 01b2 082B     		cmp	r3, #8
 312 01b4 F9D1     		bne	.L17
 313              		.loc 1 319 0 is_stmt 1
 314 01b6 064A     		ldr	r2, .L18
 315 01b8 054B     		ldr	r3, .L18
 316 01ba 5B6C     		ldr	r3, [r3, #68]
 317 01bc 43F48043 		orr	r3, r3, #16384
 318 01c0 5364     		str	r3, [r2, #68]
 319 01c2 034A     		ldr	r2, .L18
 320 01c4 024B     		ldr	r3, .L18
 321 01c6 5B6E     		ldr	r3, [r3, #100]
 322 01c8 43F48043 		orr	r3, r3, #16384
 323 01cc 5366     		str	r3, [r2, #100]
 324              		.loc 1 320 0
 325 01ce 7047     		bx	lr
 326              	.L19:
 327              		.align	2
 328              	.L18:
 329 01d0 00380240 		.word	1073887232
 330 01d4 00700040 		.word	1073770496
 331 01d8 08544007 		.word	121656328
 332 01dc 00948838 		.word	948474880
 333 01e0 002004E0 		.word	-536600576
 334 01e4 11640020 		.word	536896529
 335 01e8 00ED00E0 		.word	-536810240
 336 01ec 41C20F41 		.word	1091551809
 337 01f0 003C0240 		.word	1073888256
 338              		.cfi_endproc
 339              	.LFE281:
 340              		.size	stm32_clock_init, .-stm32_clock_init
ARM GAS  /tmp/ccAQWfNC.s 			page 7


 341              	.Letext0:
 342              		.file 2 "/usr/include/newlib/machine/_default_types.h"
 343              		.file 3 "/usr/include/newlib/sys/_stdint.h"
 344              		.file 4 "../../../os/common/ports/ARMCMx/compilers/GCC/chtypes.h"
 345              		.file 5 "../../../os/rt/include/chsystypes.h"
 346              		.file 6 "../../../os/rt/include/chschd.h"
 347              		.file 7 "../../../os/common/ext/CMSIS/include/core_cm4.h"
 348              		.file 8 "../../../os/common/ext/CMSIS/ST/STM32F4xx/stm32f407xx.h"
 349              		.file 9 "../../../os/common/ports/ARMCMx/chcore.h"
 350              		.file 10 "../../../os/common/ports/ARMCMx/chcore_v7m.h"
 351              		.file 11 "../../../os/rt/include/chtm.h"
 352              		.file 12 "../../../os/rt/include/chsem.h"
 353              		.file 13 "../../../os/rt/include/chmtx.h"
 354              		.section	.debug_info,"",%progbits
 355              	.Ldebug_info0:
 356 0000 6F0A0000 		.4byte	0xa6f
 357 0004 0400     		.2byte	0x4
 358 0006 00000000 		.4byte	.Ldebug_abbrev0
 359 000a 04       		.byte	0x4
 360 000b 01       		.uleb128 0x1
 361 000c 19050000 		.4byte	.LASF147
 362 0010 01       		.byte	0x1
 363 0011 5D020000 		.4byte	.LASF148
 364 0015 52010000 		.4byte	.LASF149
 365 0019 00000000 		.4byte	.Ltext0
 366 001d F4010000 		.4byte	.Letext0-.Ltext0
 367 0021 00000000 		.4byte	.Ldebug_line0
 368 0025 02       		.uleb128 0x2
 369 0026 04       		.byte	0x4
 370 0027 05       		.byte	0x5
 371 0028 696E7400 		.ascii	"int\000"
 372 002c 03       		.uleb128 0x3
 373 002d 04       		.byte	0x4
 374 002e 07       		.byte	0x7
 375 002f 27020000 		.4byte	.LASF0
 376 0033 03       		.uleb128 0x3
 377 0034 01       		.byte	0x1
 378 0035 06       		.byte	0x6
 379 0036 EE000000 		.4byte	.LASF1
 380 003a 04       		.uleb128 0x4
 381 003b 29000000 		.4byte	.LASF5
 382 003f 02       		.byte	0x2
 383 0040 1D       		.byte	0x1d
 384 0041 45000000 		.4byte	0x45
 385 0045 03       		.uleb128 0x3
 386 0046 01       		.byte	0x1
 387 0047 08       		.byte	0x8
 388 0048 6B040000 		.4byte	.LASF2
 389 004c 03       		.uleb128 0x3
 390 004d 02       		.byte	0x2
 391 004e 05       		.byte	0x5
 392 004f 8C040000 		.4byte	.LASF3
 393 0053 03       		.uleb128 0x3
 394 0054 02       		.byte	0x2
 395 0055 07       		.byte	0x7
 396 0056 F2050000 		.4byte	.LASF4
 397 005a 04       		.uleb128 0x4
ARM GAS  /tmp/ccAQWfNC.s 			page 8


 398 005b 16030000 		.4byte	.LASF6
 399 005f 02       		.byte	0x2
 400 0060 3F       		.byte	0x3f
 401 0061 65000000 		.4byte	0x65
 402 0065 03       		.uleb128 0x3
 403 0066 04       		.byte	0x4
 404 0067 05       		.byte	0x5
 405 0068 49010000 		.4byte	.LASF7
 406 006c 04       		.uleb128 0x4
 407 006d D1010000 		.4byte	.LASF8
 408 0071 02       		.byte	0x2
 409 0072 41       		.byte	0x41
 410 0073 77000000 		.4byte	0x77
 411 0077 03       		.uleb128 0x3
 412 0078 04       		.byte	0x4
 413 0079 07       		.byte	0x7
 414 007a 4B020000 		.4byte	.LASF9
 415 007e 03       		.uleb128 0x3
 416 007f 08       		.byte	0x8
 417 0080 05       		.byte	0x5
 418 0081 E0000000 		.4byte	.LASF10
 419 0085 04       		.uleb128 0x4
 420 0086 E5030000 		.4byte	.LASF11
 421 008a 02       		.byte	0x2
 422 008b 5B       		.byte	0x5b
 423 008c 90000000 		.4byte	0x90
 424 0090 03       		.uleb128 0x3
 425 0091 08       		.byte	0x8
 426 0092 07       		.byte	0x7
 427 0093 60000000 		.4byte	.LASF12
 428 0097 04       		.uleb128 0x4
 429 0098 49060000 		.4byte	.LASF13
 430 009c 03       		.byte	0x3
 431 009d 14       		.byte	0x14
 432 009e 3A000000 		.4byte	0x3a
 433 00a2 04       		.uleb128 0x4
 434 00a3 63040000 		.4byte	.LASF14
 435 00a7 03       		.byte	0x3
 436 00a8 1F       		.byte	0x1f
 437 00a9 5A000000 		.4byte	0x5a
 438 00ad 04       		.uleb128 0x4
 439 00ae EE040000 		.4byte	.LASF15
 440 00b2 03       		.byte	0x3
 441 00b3 20       		.byte	0x20
 442 00b4 6C000000 		.4byte	0x6c
 443 00b8 04       		.uleb128 0x4
 444 00b9 20000000 		.4byte	.LASF16
 445 00bd 03       		.byte	0x3
 446 00be 26       		.byte	0x26
 447 00bf 85000000 		.4byte	0x85
 448 00c3 04       		.uleb128 0x4
 449 00c4 12060000 		.4byte	.LASF17
 450 00c8 04       		.byte	0x4
 451 00c9 39       		.byte	0x39
 452 00ca AD000000 		.4byte	0xad
 453 00ce 04       		.uleb128 0x4
 454 00cf EA020000 		.4byte	.LASF18
ARM GAS  /tmp/ccAQWfNC.s 			page 9


 455 00d3 04       		.byte	0x4
 456 00d4 3C       		.byte	0x3c
 457 00d5 97000000 		.4byte	0x97
 458 00d9 04       		.uleb128 0x4
 459 00da A6010000 		.4byte	.LASF19
 460 00de 04       		.byte	0x4
 461 00df 3D       		.byte	0x3d
 462 00e0 97000000 		.4byte	0x97
 463 00e4 04       		.uleb128 0x4
 464 00e5 F7030000 		.4byte	.LASF20
 465 00e9 04       		.byte	0x4
 466 00ea 3E       		.byte	0x3e
 467 00eb 97000000 		.4byte	0x97
 468 00ef 04       		.uleb128 0x4
 469 00f0 45040000 		.4byte	.LASF21
 470 00f4 04       		.byte	0x4
 471 00f5 40       		.byte	0x40
 472 00f6 AD000000 		.4byte	0xad
 473 00fa 04       		.uleb128 0x4
 474 00fb BD020000 		.4byte	.LASF22
 475 00ff 04       		.byte	0x4
 476 0100 41       		.byte	0x41
 477 0101 A2000000 		.4byte	0xa2
 478 0105 04       		.uleb128 0x4
 479 0106 0A030000 		.4byte	.LASF23
 480 010a 04       		.byte	0x4
 481 010b 43       		.byte	0x43
 482 010c AD000000 		.4byte	0xad
 483 0110 04       		.uleb128 0x4
 484 0111 21020000 		.4byte	.LASF24
 485 0115 04       		.byte	0x4
 486 0116 45       		.byte	0x45
 487 0117 A2000000 		.4byte	0xa2
 488 011b 04       		.uleb128 0x4
 489 011c BE050000 		.4byte	.LASF25
 490 0120 05       		.byte	0x5
 491 0121 33       		.byte	0x33
 492 0122 AD000000 		.4byte	0xad
 493 0126 04       		.uleb128 0x4
 494 0127 B5050000 		.4byte	.LASF26
 495 012b 05       		.byte	0x5
 496 012c 3F       		.byte	0x3f
 497 012d 31010000 		.4byte	0x131
 498 0131 05       		.uleb128 0x5
 499 0132 A3020000 		.4byte	.LASF44
 500 0136 44       		.byte	0x44
 501 0137 06       		.byte	0x6
 502 0138 9A       		.byte	0x9a
 503 0139 0F020000 		.4byte	0x20f
 504 013d 06       		.uleb128 0x6
 505 013e BC010000 		.4byte	.LASF27
 506 0142 06       		.byte	0x6
 507 0143 9B       		.byte	0x9b
 508 0144 44020000 		.4byte	0x244
 509 0148 00       		.byte	0
 510 0149 06       		.uleb128 0x6
 511 014a CF030000 		.4byte	.LASF28
ARM GAS  /tmp/ccAQWfNC.s 			page 10


 512 014e 06       		.byte	0x6
 513 014f 9C       		.byte	0x9c
 514 0150 EF000000 		.4byte	0xef
 515 0154 08       		.byte	0x8
 516 0155 07       		.uleb128 0x7
 517 0156 63747800 		.ascii	"ctx\000"
 518 015a 06       		.byte	0x6
 519 015b 9D       		.byte	0x9d
 520 015c 52080000 		.4byte	0x852
 521 0160 0C       		.byte	0xc
 522 0161 06       		.uleb128 0x6
 523 0162 2B030000 		.4byte	.LASF29
 524 0166 06       		.byte	0x6
 525 0167 9F       		.byte	0x9f
 526 0168 1A020000 		.4byte	0x21a
 527 016c 10       		.byte	0x10
 528 016d 06       		.uleb128 0x6
 529 016e A1050000 		.4byte	.LASF30
 530 0172 06       		.byte	0x6
 531 0173 A0       		.byte	0xa0
 532 0174 1A020000 		.4byte	0x21a
 533 0178 14       		.byte	0x14
 534 0179 06       		.uleb128 0x6
 535 017a 8D020000 		.4byte	.LASF31
 536 017e 06       		.byte	0x6
 537 017f A7       		.byte	0xa7
 538 0180 D7090000 		.4byte	0x9d7
 539 0184 18       		.byte	0x18
 540 0185 06       		.uleb128 0x6
 541 0186 C2010000 		.4byte	.LASF32
 542 018a 06       		.byte	0x6
 543 018b B0       		.byte	0xb0
 544 018c E9090000 		.4byte	0x9e9
 545 0190 1C       		.byte	0x1c
 546 0191 06       		.uleb128 0x6
 547 0192 39010000 		.4byte	.LASF33
 548 0196 06       		.byte	0x6
 549 0197 B5       		.byte	0xb5
 550 0198 D9000000 		.4byte	0xd9
 551 019c 20       		.byte	0x20
 552 019d 06       		.uleb128 0x6
 553 019e 51060000 		.4byte	.LASF34
 554 01a2 06       		.byte	0x6
 555 01a3 B9       		.byte	0xb9
 556 01a4 CE000000 		.4byte	0xce
 557 01a8 21       		.byte	0x21
 558 01a9 06       		.uleb128 0x6
 559 01aa D6000000 		.4byte	.LASF35
 560 01ae 06       		.byte	0x6
 561 01af BE       		.byte	0xbe
 562 01b0 E4000000 		.4byte	0xe4
 563 01b4 22       		.byte	0x22
 564 01b5 08       		.uleb128 0x8
 565 01b6 7500     		.ascii	"u\000"
 566 01b8 06       		.byte	0x6
 567 01b9 0F01     		.2byte	0x10f
 568 01bb 0C090000 		.4byte	0x90c
ARM GAS  /tmp/ccAQWfNC.s 			page 11


 569 01bf 24       		.byte	0x24
 570 01c0 09       		.uleb128 0x9
 571 01c1 F3010000 		.4byte	.LASF36
 572 01c5 06       		.byte	0x6
 573 01c6 1401     		.2byte	0x114
 574 01c8 20020000 		.4byte	0x220
 575 01cc 28       		.byte	0x28
 576 01cd 09       		.uleb128 0x9
 577 01ce 24010000 		.4byte	.LASF37
 578 01d2 06       		.byte	0x6
 579 01d3 1A01     		.2byte	0x11a
 580 01d5 44020000 		.4byte	0x244
 581 01d9 2C       		.byte	0x2c
 582 01da 09       		.uleb128 0x9
 583 01db CE020000 		.4byte	.LASF38
 584 01df 06       		.byte	0x6
 585 01e0 2001     		.2byte	0x120
 586 01e2 05010000 		.4byte	0x105
 587 01e6 34       		.byte	0x34
 588 01e7 09       		.uleb128 0x9
 589 01e8 76060000 		.4byte	.LASF39
 590 01ec 06       		.byte	0x6
 591 01ed 2701     		.2byte	0x127
 592 01ef D1090000 		.4byte	0x9d1
 593 01f3 38       		.byte	0x38
 594 01f4 09       		.uleb128 0x9
 595 01f5 50030000 		.4byte	.LASF40
 596 01f9 06       		.byte	0x6
 597 01fa 2B01     		.2byte	0x12b
 598 01fc EF000000 		.4byte	0xef
 599 0200 3C       		.byte	0x3c
 600 0201 09       		.uleb128 0x9
 601 0202 9D020000 		.4byte	.LASF41
 602 0206 06       		.byte	0x6
 603 0207 3201     		.2byte	0x132
 604 0209 F7020000 		.4byte	0x2f7
 605 020d 40       		.byte	0x40
 606 020e 00       		.byte	0
 607 020f 04       		.uleb128 0x4
 608 0210 62030000 		.4byte	.LASF42
 609 0214 05       		.byte	0x5
 610 0215 44       		.byte	0x44
 611 0216 1A020000 		.4byte	0x21a
 612 021a 0A       		.uleb128 0xa
 613 021b 04       		.byte	0x4
 614 021c 26010000 		.4byte	0x126
 615 0220 04       		.uleb128 0x4
 616 0221 31030000 		.4byte	.LASF43
 617 0225 05       		.byte	0x5
 618 0226 49       		.byte	0x49
 619 0227 2B020000 		.4byte	0x22b
 620 022b 05       		.uleb128 0x5
 621 022c 03050000 		.4byte	.LASF45
 622 0230 04       		.byte	0x4
 623 0231 06       		.byte	0x6
 624 0232 88       		.byte	0x88
 625 0233 44020000 		.4byte	0x244
ARM GAS  /tmp/ccAQWfNC.s 			page 12


 626 0237 06       		.uleb128 0x6
 627 0238 B6000000 		.4byte	.LASF46
 628 023c 06       		.byte	0x6
 629 023d 89       		.byte	0x89
 630 023e 1A020000 		.4byte	0x21a
 631 0242 00       		.byte	0
 632 0243 00       		.byte	0
 633 0244 04       		.uleb128 0x4
 634 0245 20060000 		.4byte	.LASF47
 635 0249 05       		.byte	0x5
 636 024a 50       		.byte	0x50
 637 024b 4F020000 		.4byte	0x24f
 638 024f 05       		.uleb128 0x5
 639 0250 BB000000 		.4byte	.LASF48
 640 0254 08       		.byte	0x8
 641 0255 06       		.byte	0x6
 642 0256 8F       		.byte	0x8f
 643 0257 74020000 		.4byte	0x274
 644 025b 06       		.uleb128 0x6
 645 025c B6000000 		.4byte	.LASF46
 646 0260 06       		.byte	0x6
 647 0261 90       		.byte	0x90
 648 0262 1A020000 		.4byte	0x21a
 649 0266 00       		.byte	0
 650 0267 06       		.uleb128 0x6
 651 0268 33000000 		.4byte	.LASF49
 652 026c 06       		.byte	0x6
 653 026d 91       		.byte	0x91
 654 026e 1A020000 		.4byte	0x21a
 655 0272 04       		.byte	0x4
 656 0273 00       		.byte	0
 657 0274 04       		.uleb128 0x4
 658 0275 00000000 		.4byte	.LASF50
 659 0279 05       		.byte	0x5
 660 027a 57       		.byte	0x57
 661 027b 7F020000 		.4byte	0x27f
 662 027f 0B       		.uleb128 0xb
 663 0280 FC020000 		.4byte	.LASF51
 664 0284 1C       		.byte	0x1c
 665 0285 06       		.byte	0x6
 666 0286 6A01     		.2byte	0x16a
 667 0288 DB020000 		.4byte	0x2db
 668 028c 09       		.uleb128 0x9
 669 028d BC010000 		.4byte	.LASF27
 670 0291 06       		.byte	0x6
 671 0292 6B01     		.2byte	0x16b
 672 0294 44020000 		.4byte	0x244
 673 0298 00       		.byte	0
 674 0299 09       		.uleb128 0x9
 675 029a CF030000 		.4byte	.LASF28
 676 029e 06       		.byte	0x6
 677 029f 6C01     		.2byte	0x16c
 678 02a1 EF000000 		.4byte	0xef
 679 02a5 08       		.byte	0x8
 680 02a6 08       		.uleb128 0x8
 681 02a7 63747800 		.ascii	"ctx\000"
 682 02ab 06       		.byte	0x6
ARM GAS  /tmp/ccAQWfNC.s 			page 13


 683 02ac 6E01     		.2byte	0x16e
 684 02ae 52080000 		.4byte	0x852
 685 02b2 0C       		.byte	0xc
 686 02b3 09       		.uleb128 0x9
 687 02b4 2B030000 		.4byte	.LASF29
 688 02b8 06       		.byte	0x6
 689 02b9 7101     		.2byte	0x171
 690 02bb 1A020000 		.4byte	0x21a
 691 02bf 10       		.byte	0x10
 692 02c0 09       		.uleb128 0x9
 693 02c1 A1050000 		.4byte	.LASF30
 694 02c5 06       		.byte	0x6
 695 02c6 7201     		.2byte	0x172
 696 02c8 1A020000 		.4byte	0x21a
 697 02cc 14       		.byte	0x14
 698 02cd 09       		.uleb128 0x9
 699 02ce DD030000 		.4byte	.LASF52
 700 02d2 06       		.byte	0x6
 701 02d3 7501     		.2byte	0x175
 702 02d5 1A020000 		.4byte	0x21a
 703 02d9 18       		.byte	0x18
 704 02da 00       		.byte	0
 705 02db 04       		.uleb128 0x4
 706 02dc C8050000 		.4byte	.LASF53
 707 02e0 05       		.byte	0x5
 708 02e1 5C       		.byte	0x5c
 709 02e2 E6020000 		.4byte	0x2e6
 710 02e6 0A       		.uleb128 0xa
 711 02e7 04       		.byte	0x4
 712 02e8 EC020000 		.4byte	0x2ec
 713 02ec 0C       		.uleb128 0xc
 714 02ed F7020000 		.4byte	0x2f7
 715 02f1 0D       		.uleb128 0xd
 716 02f2 F7020000 		.4byte	0x2f7
 717 02f6 00       		.byte	0
 718 02f7 0E       		.uleb128 0xe
 719 02f8 04       		.byte	0x4
 720 02f9 04       		.uleb128 0x4
 721 02fa 40030000 		.4byte	.LASF54
 722 02fe 05       		.byte	0x5
 723 02ff 61       		.byte	0x61
 724 0300 04030000 		.4byte	0x304
 725 0304 0B       		.uleb128 0xb
 726 0305 C1040000 		.4byte	.LASF55
 727 0309 14       		.byte	0x14
 728 030a 06       		.byte	0x6
 729 030b 4501     		.2byte	0x145
 730 030d 53030000 		.4byte	0x353
 731 0311 09       		.uleb128 0x9
 732 0312 B6000000 		.4byte	.LASF46
 733 0316 06       		.byte	0x6
 734 0317 4601     		.2byte	0x146
 735 0319 EF090000 		.4byte	0x9ef
 736 031d 00       		.byte	0
 737 031e 09       		.uleb128 0x9
 738 031f 33000000 		.4byte	.LASF49
 739 0323 06       		.byte	0x6
ARM GAS  /tmp/ccAQWfNC.s 			page 14


 740 0324 4701     		.2byte	0x147
 741 0326 EF090000 		.4byte	0x9ef
 742 032a 04       		.byte	0x4
 743 032b 09       		.uleb128 0x9
 744 032c 13000000 		.4byte	.LASF56
 745 0330 06       		.byte	0x6
 746 0331 4801     		.2byte	0x148
 747 0333 1B010000 		.4byte	0x11b
 748 0337 08       		.byte	0x8
 749 0338 09       		.uleb128 0x9
 750 0339 AF010000 		.4byte	.LASF57
 751 033d 06       		.byte	0x6
 752 033e 4901     		.2byte	0x149
 753 0340 DB020000 		.4byte	0x2db
 754 0344 0C       		.byte	0xc
 755 0345 08       		.uleb128 0x8
 756 0346 70617200 		.ascii	"par\000"
 757 034a 06       		.byte	0x6
 758 034b 4B01     		.2byte	0x14b
 759 034d F7020000 		.4byte	0x2f7
 760 0351 10       		.byte	0x10
 761 0352 00       		.byte	0
 762 0353 04       		.uleb128 0x4
 763 0354 9A000000 		.4byte	.LASF58
 764 0358 05       		.byte	0x5
 765 0359 66       		.byte	0x66
 766 035a 5E030000 		.4byte	0x35e
 767 035e 0B       		.uleb128 0xb
 768 035f 75030000 		.4byte	.LASF59
 769 0363 10       		.byte	0x10
 770 0364 06       		.byte	0x6
 771 0365 5501     		.2byte	0x155
 772 0367 A0030000 		.4byte	0x3a0
 773 036b 09       		.uleb128 0x9
 774 036c B6000000 		.4byte	.LASF46
 775 0370 06       		.byte	0x6
 776 0371 5601     		.2byte	0x156
 777 0373 EF090000 		.4byte	0x9ef
 778 0377 00       		.byte	0
 779 0378 09       		.uleb128 0x9
 780 0379 33000000 		.4byte	.LASF49
 781 037d 06       		.byte	0x6
 782 037e 5801     		.2byte	0x158
 783 0380 EF090000 		.4byte	0x9ef
 784 0384 04       		.byte	0x4
 785 0385 09       		.uleb128 0x9
 786 0386 13000000 		.4byte	.LASF56
 787 038a 06       		.byte	0x6
 788 038b 5A01     		.2byte	0x15a
 789 038d 1B010000 		.4byte	0x11b
 790 0391 08       		.byte	0x8
 791 0392 09       		.uleb128 0x9
 792 0393 96040000 		.4byte	.LASF60
 793 0397 06       		.byte	0x6
 794 0398 6201     		.2byte	0x162
 795 039a 1B010000 		.4byte	0x11b
 796 039e 0C       		.byte	0xc
ARM GAS  /tmp/ccAQWfNC.s 			page 15


 797 039f 00       		.byte	0
 798 03a0 04       		.uleb128 0x4
 799 03a1 44000000 		.4byte	.LASF61
 800 03a5 05       		.byte	0x5
 801 03a6 6B       		.byte	0x6b
 802 03a7 AB030000 		.4byte	0x3ab
 803 03ab 0B       		.uleb128 0xb
 804 03ac 4D040000 		.4byte	.LASF62
 805 03b0 04       		.byte	0x4
 806 03b1 06       		.byte	0x6
 807 03b2 7C01     		.2byte	0x17c
 808 03b4 C6030000 		.4byte	0x3c6
 809 03b8 09       		.uleb128 0x9
 810 03b9 D1050000 		.4byte	.LASF63
 811 03bd 06       		.byte	0x6
 812 03be 8401     		.2byte	0x184
 813 03c0 F5090000 		.4byte	0x9f5
 814 03c4 00       		.byte	0
 815 03c5 00       		.byte	0
 816 03c6 04       		.uleb128 0x4
 817 03c7 DE020000 		.4byte	.LASF64
 818 03cb 05       		.byte	0x5
 819 03cc 70       		.byte	0x70
 820 03cd D1030000 		.4byte	0x3d1
 821 03d1 0B       		.uleb128 0xb
 822 03d2 3F010000 		.4byte	.LASF65
 823 03d6 78       		.byte	0x78
 824 03d7 06       		.byte	0x6
 825 03d8 9C01     		.2byte	0x19c
 826 03da 1F040000 		.4byte	0x41f
 827 03de 09       		.uleb128 0x9
 828 03df 43060000 		.4byte	.LASF66
 829 03e3 06       		.byte	0x6
 830 03e4 A001     		.2byte	0x1a0
 831 03e6 74020000 		.4byte	0x274
 832 03ea 00       		.byte	0
 833 03eb 09       		.uleb128 0x9
 834 03ec 11010000 		.4byte	.LASF67
 835 03f0 06       		.byte	0x6
 836 03f1 A401     		.2byte	0x1a4
 837 03f3 53030000 		.4byte	0x353
 838 03f7 1C       		.byte	0x1c
 839 03f8 08       		.uleb128 0x8
 840 03f9 64626700 		.ascii	"dbg\000"
 841 03fd 06       		.byte	0x6
 842 03fe A801     		.2byte	0x1a8
 843 0400 A0030000 		.4byte	0x3a0
 844 0404 2C       		.byte	0x2c
 845 0405 09       		.uleb128 0x9
 846 0406 87000000 		.4byte	.LASF68
 847 040a 06       		.byte	0x6
 848 040b AC01     		.2byte	0x1ac
 849 040d 26010000 		.4byte	0x126
 850 0411 30       		.byte	0x30
 851 0412 08       		.uleb128 0x8
 852 0413 746D00   		.ascii	"tm\000"
 853 0416 06       		.byte	0x6
ARM GAS  /tmp/ccAQWfNC.s 			page 16


 854 0417 B101     		.2byte	0x1b1
 855 0419 01090000 		.4byte	0x901
 856 041d 74       		.byte	0x74
 857 041e 00       		.byte	0
 858 041f 03       		.uleb128 0x3
 859 0420 04       		.byte	0x4
 860 0421 07       		.byte	0x7
 861 0422 59030000 		.4byte	.LASF69
 862 0426 0F       		.uleb128 0xf
 863 0427 AD000000 		.4byte	0xad
 864 042b 10       		.uleb128 0x10
 865 042c 8C       		.byte	0x8c
 866 042d 07       		.byte	0x7
 867 042e E501     		.2byte	0x1e5
 868 0430 46050000 		.4byte	0x546
 869 0434 09       		.uleb128 0x9
 870 0435 B0000000 		.4byte	.LASF70
 871 0439 07       		.byte	0x7
 872 043a E701     		.2byte	0x1e7
 873 043c 46050000 		.4byte	0x546
 874 0440 00       		.byte	0
 875 0441 09       		.uleb128 0x9
 876 0442 B8020000 		.4byte	.LASF71
 877 0446 07       		.byte	0x7
 878 0447 E801     		.2byte	0x1e8
 879 0449 26040000 		.4byte	0x426
 880 044d 04       		.byte	0x4
 881 044e 09       		.uleb128 0x9
 882 044f 92020000 		.4byte	.LASF72
 883 0453 07       		.byte	0x7
 884 0454 E901     		.2byte	0x1e9
 885 0456 26040000 		.4byte	0x426
 886 045a 08       		.byte	0x8
 887 045b 09       		.uleb128 0x9
 888 045c C3020000 		.4byte	.LASF73
 889 0460 07       		.byte	0x7
 890 0461 EA01     		.2byte	0x1ea
 891 0463 26040000 		.4byte	0x426
 892 0467 0C       		.byte	0xc
 893 0468 08       		.uleb128 0x8
 894 0469 53435200 		.ascii	"SCR\000"
 895 046d 07       		.byte	0x7
 896 046e EB01     		.2byte	0x1eb
 897 0470 26040000 		.4byte	0x426
 898 0474 10       		.byte	0x10
 899 0475 08       		.uleb128 0x8
 900 0476 43435200 		.ascii	"CCR\000"
 901 047a 07       		.byte	0x7
 902 047b EC01     		.2byte	0x1ec
 903 047d 26040000 		.4byte	0x426
 904 0481 14       		.byte	0x14
 905 0482 08       		.uleb128 0x8
 906 0483 53485000 		.ascii	"SHP\000"
 907 0487 07       		.byte	0x7
 908 0488 ED01     		.2byte	0x1ed
 909 048a 5B050000 		.4byte	0x55b
 910 048e 18       		.byte	0x18
ARM GAS  /tmp/ccAQWfNC.s 			page 17


 911 048f 09       		.uleb128 0x9
 912 0490 79040000 		.4byte	.LASF74
 913 0494 07       		.byte	0x7
 914 0495 EE01     		.2byte	0x1ee
 915 0497 26040000 		.4byte	0x426
 916 049b 24       		.byte	0x24
 917 049c 09       		.uleb128 0x9
 918 049d 8C030000 		.4byte	.LASF75
 919 04a1 07       		.byte	0x7
 920 04a2 EF01     		.2byte	0x1ef
 921 04a4 26040000 		.4byte	0x426
 922 04a8 28       		.byte	0x28
 923 04a9 09       		.uleb128 0x9
 924 04aa 71060000 		.4byte	.LASF76
 925 04ae 07       		.byte	0x7
 926 04af F001     		.2byte	0x1f0
 927 04b1 26040000 		.4byte	0x426
 928 04b5 2C       		.byte	0x2c
 929 04b6 09       		.uleb128 0x9
 930 04b7 C9020000 		.4byte	.LASF77
 931 04bb 07       		.byte	0x7
 932 04bc F101     		.2byte	0x1f1
 933 04be 26040000 		.4byte	0x426
 934 04c2 30       		.byte	0x30
 935 04c3 09       		.uleb128 0x9
 936 04c4 97020000 		.4byte	.LASF78
 937 04c8 07       		.byte	0x7
 938 04c9 F201     		.2byte	0x1f2
 939 04cb 26040000 		.4byte	0x426
 940 04cf 34       		.byte	0x34
 941 04d0 09       		.uleb128 0x9
 942 04d1 A7050000 		.4byte	.LASF79
 943 04d5 07       		.byte	0x7
 944 04d6 F301     		.2byte	0x1f3
 945 04d8 26040000 		.4byte	0x426
 946 04dc 38       		.byte	0x38
 947 04dd 09       		.uleb128 0x9
 948 04de FE040000 		.4byte	.LASF80
 949 04e2 07       		.byte	0x7
 950 04e3 F401     		.2byte	0x1f4
 951 04e5 26040000 		.4byte	0x426
 952 04e9 3C       		.byte	0x3c
 953 04ea 08       		.uleb128 0x8
 954 04eb 50465200 		.ascii	"PFR\000"
 955 04ef 07       		.byte	0x7
 956 04f0 F501     		.2byte	0x1f5
 957 04f2 70050000 		.4byte	0x570
 958 04f6 40       		.byte	0x40
 959 04f7 08       		.uleb128 0x8
 960 04f8 44465200 		.ascii	"DFR\000"
 961 04fc 07       		.byte	0x7
 962 04fd F601     		.2byte	0x1f6
 963 04ff 46050000 		.4byte	0x546
 964 0503 48       		.byte	0x48
 965 0504 08       		.uleb128 0x8
 966 0505 41445200 		.ascii	"ADR\000"
 967 0509 07       		.byte	0x7
ARM GAS  /tmp/ccAQWfNC.s 			page 18


 968 050a F701     		.2byte	0x1f7
 969 050c 46050000 		.4byte	0x546
 970 0510 4C       		.byte	0x4c
 971 0511 09       		.uleb128 0x9
 972 0512 3E060000 		.4byte	.LASF81
 973 0516 07       		.byte	0x7
 974 0517 F801     		.2byte	0x1f8
 975 0519 8A050000 		.4byte	0x58a
 976 051d 50       		.byte	0x50
 977 051e 09       		.uleb128 0x9
 978 051f DB000000 		.4byte	.LASF82
 979 0523 07       		.byte	0x7
 980 0524 F901     		.2byte	0x1f9
 981 0526 A4050000 		.4byte	0x5a4
 982 052a 60       		.byte	0x60
 983 052b 09       		.uleb128 0x9
 984 052c FF030000 		.4byte	.LASF83
 985 0530 07       		.byte	0x7
 986 0531 FA01     		.2byte	0x1fa
 987 0533 94050000 		.4byte	0x594
 988 0537 74       		.byte	0x74
 989 0538 09       		.uleb128 0x9
 990 0539 6B060000 		.4byte	.LASF84
 991 053d 07       		.byte	0x7
 992 053e FB01     		.2byte	0x1fb
 993 0540 26040000 		.4byte	0x426
 994 0544 88       		.byte	0x88
 995 0545 00       		.byte	0
 996 0546 11       		.uleb128 0x11
 997 0547 26040000 		.4byte	0x426
 998 054b 12       		.uleb128 0x12
 999 054c 97000000 		.4byte	0x97
 1000 0550 5B050000 		.4byte	0x55b
 1001 0554 13       		.uleb128 0x13
 1002 0555 1F040000 		.4byte	0x41f
 1003 0559 0B       		.byte	0xb
 1004 055a 00       		.byte	0
 1005 055b 0F       		.uleb128 0xf
 1006 055c 4B050000 		.4byte	0x54b
 1007 0560 12       		.uleb128 0x12
 1008 0561 AD000000 		.4byte	0xad
 1009 0565 70050000 		.4byte	0x570
 1010 0569 13       		.uleb128 0x13
 1011 056a 1F040000 		.4byte	0x41f
 1012 056e 01       		.byte	0x1
 1013 056f 00       		.byte	0
 1014 0570 11       		.uleb128 0x11
 1015 0571 75050000 		.4byte	0x575
 1016 0575 0F       		.uleb128 0xf
 1017 0576 60050000 		.4byte	0x560
 1018 057a 12       		.uleb128 0x12
 1019 057b AD000000 		.4byte	0xad
 1020 057f 8A050000 		.4byte	0x58a
 1021 0583 13       		.uleb128 0x13
 1022 0584 1F040000 		.4byte	0x41f
 1023 0588 03       		.byte	0x3
 1024 0589 00       		.byte	0
ARM GAS  /tmp/ccAQWfNC.s 			page 19


 1025 058a 11       		.uleb128 0x11
 1026 058b 8F050000 		.4byte	0x58f
 1027 058f 0F       		.uleb128 0xf
 1028 0590 7A050000 		.4byte	0x57a
 1029 0594 12       		.uleb128 0x12
 1030 0595 AD000000 		.4byte	0xad
 1031 0599 A4050000 		.4byte	0x5a4
 1032 059d 13       		.uleb128 0x13
 1033 059e 1F040000 		.4byte	0x41f
 1034 05a2 04       		.byte	0x4
 1035 05a3 00       		.byte	0
 1036 05a4 11       		.uleb128 0x11
 1037 05a5 A9050000 		.4byte	0x5a9
 1038 05a9 0F       		.uleb128 0xf
 1039 05aa 94050000 		.4byte	0x594
 1040 05ae 14       		.uleb128 0x14
 1041 05af E5010000 		.4byte	.LASF85
 1042 05b3 07       		.byte	0x7
 1043 05b4 FC01     		.2byte	0x1fc
 1044 05b6 2B040000 		.4byte	0x42b
 1045 05ba 10       		.uleb128 0x10
 1046 05bb 10       		.byte	0x10
 1047 05bc 08       		.byte	0x8
 1048 05bd 4C01     		.2byte	0x14c
 1049 05bf F7050000 		.4byte	0x5f7
 1050 05c3 09       		.uleb128 0x9
 1051 05c4 77000000 		.4byte	.LASF86
 1052 05c8 08       		.byte	0x8
 1053 05c9 4E01     		.2byte	0x14e
 1054 05cb 26040000 		.4byte	0x426
 1055 05cf 00       		.byte	0
 1056 05d0 08       		.uleb128 0x8
 1057 05d1 435200   		.ascii	"CR\000"
 1058 05d4 08       		.byte	0x8
 1059 05d5 4F01     		.2byte	0x14f
 1060 05d7 26040000 		.4byte	0x426
 1061 05db 04       		.byte	0x4
 1062 05dc 09       		.uleb128 0x9
 1063 05dd F0030000 		.4byte	.LASF87
 1064 05e1 08       		.byte	0x8
 1065 05e2 5001     		.2byte	0x150
 1066 05e4 26040000 		.4byte	0x426
 1067 05e8 08       		.byte	0x8
 1068 05e9 09       		.uleb128 0x9
 1069 05ea D7020000 		.4byte	.LASF88
 1070 05ee 08       		.byte	0x8
 1071 05ef 5101     		.2byte	0x151
 1072 05f1 26040000 		.4byte	0x426
 1073 05f5 0C       		.byte	0xc
 1074 05f6 00       		.byte	0
 1075 05f7 14       		.uleb128 0x14
 1076 05f8 DF040000 		.4byte	.LASF89
 1077 05fc 08       		.byte	0x8
 1078 05fd 5201     		.2byte	0x152
 1079 05ff BA050000 		.4byte	0x5ba
 1080 0603 10       		.uleb128 0x10
 1081 0604 1C       		.byte	0x1c
ARM GAS  /tmp/ccAQWfNC.s 			page 20


 1082 0605 08       		.byte	0x8
 1083 0606 DA01     		.2byte	0x1da
 1084 0608 66060000 		.4byte	0x666
 1085 060c 08       		.uleb128 0x8
 1086 060d 41435200 		.ascii	"ACR\000"
 1087 0611 08       		.byte	0x8
 1088 0612 DC01     		.2byte	0x1dc
 1089 0614 26040000 		.4byte	0x426
 1090 0618 00       		.byte	0
 1091 0619 09       		.uleb128 0x9
 1092 061a EE010000 		.4byte	.LASF90
 1093 061e 08       		.byte	0x8
 1094 061f DD01     		.2byte	0x1dd
 1095 0621 26040000 		.4byte	0x426
 1096 0625 04       		.byte	0x4
 1097 0626 09       		.uleb128 0x9
 1098 0627 B4010000 		.4byte	.LASF91
 1099 062b 08       		.byte	0x8
 1100 062c DE01     		.2byte	0x1de
 1101 062e 26040000 		.4byte	0x426
 1102 0632 08       		.byte	0x8
 1103 0633 08       		.uleb128 0x8
 1104 0634 535200   		.ascii	"SR\000"
 1105 0637 08       		.byte	0x8
 1106 0638 DF01     		.2byte	0x1df
 1107 063a 26040000 		.4byte	0x426
 1108 063e 0C       		.byte	0xc
 1109 063f 08       		.uleb128 0x8
 1110 0640 435200   		.ascii	"CR\000"
 1111 0643 08       		.byte	0x8
 1112 0644 E001     		.2byte	0x1e0
 1113 0646 26040000 		.4byte	0x426
 1114 064a 10       		.byte	0x10
 1115 064b 09       		.uleb128 0x9
 1116 064c 53000000 		.4byte	.LASF92
 1117 0650 08       		.byte	0x8
 1118 0651 E101     		.2byte	0x1e1
 1119 0653 26040000 		.4byte	0x426
 1120 0657 14       		.byte	0x14
 1121 0658 09       		.uleb128 0x9
 1122 0659 59000000 		.4byte	.LASF93
 1123 065d 08       		.byte	0x8
 1124 065e E201     		.2byte	0x1e2
 1125 0660 26040000 		.4byte	0x426
 1126 0664 18       		.byte	0x18
 1127 0665 00       		.byte	0
 1128 0666 14       		.uleb128 0x14
 1129 0667 03010000 		.4byte	.LASF94
 1130 066b 08       		.byte	0x8
 1131 066c E301     		.2byte	0x1e3
 1132 066e 03060000 		.4byte	0x603
 1133 0672 10       		.uleb128 0x10
 1134 0673 08       		.byte	0x8
 1135 0674 08       		.byte	0x8
 1136 0675 5C02     		.2byte	0x25c
 1137 0677 95060000 		.4byte	0x695
 1138 067b 08       		.uleb128 0x8
ARM GAS  /tmp/ccAQWfNC.s 			page 21


 1139 067c 435200   		.ascii	"CR\000"
 1140 067f 08       		.byte	0x8
 1141 0680 5E02     		.2byte	0x25e
 1142 0682 26040000 		.4byte	0x426
 1143 0686 00       		.byte	0
 1144 0687 08       		.uleb128 0x8
 1145 0688 43535200 		.ascii	"CSR\000"
 1146 068c 08       		.byte	0x8
 1147 068d 5F02     		.2byte	0x25f
 1148 068f 26040000 		.4byte	0x426
 1149 0693 04       		.byte	0x4
 1150 0694 00       		.byte	0
 1151 0695 14       		.uleb128 0x14
 1152 0696 18010000 		.4byte	.LASF95
 1153 069a 08       		.byte	0x8
 1154 069b 6002     		.2byte	0x260
 1155 069d 72060000 		.4byte	0x672
 1156 06a1 10       		.uleb128 0x10
 1157 06a2 88       		.byte	0x88
 1158 06a3 08       		.byte	0x8
 1159 06a4 6602     		.2byte	0x266
 1160 06a6 30080000 		.4byte	0x830
 1161 06aa 08       		.uleb128 0x8
 1162 06ab 435200   		.ascii	"CR\000"
 1163 06ae 08       		.byte	0x8
 1164 06af 6802     		.2byte	0x268
 1165 06b1 26040000 		.4byte	0x426
 1166 06b5 00       		.byte	0
 1167 06b6 09       		.uleb128 0x9
 1168 06b7 C9010000 		.4byte	.LASF96
 1169 06bb 08       		.byte	0x8
 1170 06bc 6902     		.2byte	0x269
 1171 06be 26040000 		.4byte	0x426
 1172 06c2 04       		.byte	0x4
 1173 06c3 09       		.uleb128 0x9
 1174 06c4 66060000 		.4byte	.LASF97
 1175 06c8 08       		.byte	0x8
 1176 06c9 6A02     		.2byte	0x26a
 1177 06cb 26040000 		.4byte	0x426
 1178 06cf 08       		.byte	0x8
 1179 06d0 08       		.uleb128 0x8
 1180 06d1 43495200 		.ascii	"CIR\000"
 1181 06d5 08       		.byte	0x8
 1182 06d6 6B02     		.2byte	0x26b
 1183 06d8 26040000 		.4byte	0x426
 1184 06dc 0C       		.byte	0xc
 1185 06dd 09       		.uleb128 0x9
 1186 06de FA000000 		.4byte	.LASF98
 1187 06e2 08       		.byte	0x8
 1188 06e3 6C02     		.2byte	0x26c
 1189 06e5 26040000 		.4byte	0x426
 1190 06e9 10       		.byte	0x10
 1191 06ea 09       		.uleb128 0x9
 1192 06eb AC050000 		.4byte	.LASF99
 1193 06ef 08       		.byte	0x8
 1194 06f0 6D02     		.2byte	0x26d
 1195 06f2 26040000 		.4byte	0x426
ARM GAS  /tmp/ccAQWfNC.s 			page 22


 1196 06f6 14       		.byte	0x14
 1197 06f7 09       		.uleb128 0x9
 1198 06f8 B8040000 		.4byte	.LASF100
 1199 06fc 08       		.byte	0x8
 1200 06fd 6E02     		.2byte	0x26e
 1201 06ff 26040000 		.4byte	0x426
 1202 0703 18       		.byte	0x18
 1203 0704 09       		.uleb128 0x9
 1204 0705 FF030000 		.4byte	.LASF83
 1205 0709 08       		.byte	0x8
 1206 070a 6F02     		.2byte	0x26f
 1207 070c AD000000 		.4byte	0xad
 1208 0710 1C       		.byte	0x1c
 1209 0711 09       		.uleb128 0x9
 1210 0712 D4030000 		.4byte	.LASF101
 1211 0716 08       		.byte	0x8
 1212 0717 7002     		.2byte	0x270
 1213 0719 26040000 		.4byte	0x426
 1214 071d 20       		.byte	0x20
 1215 071e 09       		.uleb128 0x9
 1216 071f 93010000 		.4byte	.LASF102
 1217 0723 08       		.byte	0x8
 1218 0724 7102     		.2byte	0x271
 1219 0726 26040000 		.4byte	0x426
 1220 072a 24       		.byte	0x24
 1221 072b 09       		.uleb128 0x9
 1222 072c 09040000 		.4byte	.LASF103
 1223 0730 08       		.byte	0x8
 1224 0731 7202     		.2byte	0x272
 1225 0733 60050000 		.4byte	0x560
 1226 0737 28       		.byte	0x28
 1227 0738 09       		.uleb128 0x9
 1228 0739 5E060000 		.4byte	.LASF104
 1229 073d 08       		.byte	0x8
 1230 073e 7302     		.2byte	0x273
 1231 0740 26040000 		.4byte	0x426
 1232 0744 30       		.byte	0x30
 1233 0745 09       		.uleb128 0x9
 1234 0746 EA050000 		.4byte	.LASF105
 1235 074a 08       		.byte	0x8
 1236 074b 7402     		.2byte	0x274
 1237 074d 26040000 		.4byte	0x426
 1238 0751 34       		.byte	0x34
 1239 0752 09       		.uleb128 0x9
 1240 0753 91030000 		.4byte	.LASF106
 1241 0757 08       		.byte	0x8
 1242 0758 7502     		.2byte	0x275
 1243 075a 26040000 		.4byte	0x426
 1244 075e 38       		.byte	0x38
 1245 075f 09       		.uleb128 0x9
 1246 0760 13040000 		.4byte	.LASF107
 1247 0764 08       		.byte	0x8
 1248 0765 7602     		.2byte	0x276
 1249 0767 AD000000 		.4byte	0xad
 1250 076b 3C       		.byte	0x3c
 1251 076c 09       		.uleb128 0x9
 1252 076d E2050000 		.4byte	.LASF108
ARM GAS  /tmp/ccAQWfNC.s 			page 23


 1253 0771 08       		.byte	0x8
 1254 0772 7702     		.2byte	0x277
 1255 0774 26040000 		.4byte	0x426
 1256 0778 40       		.byte	0x40
 1257 0779 09       		.uleb128 0x9
 1258 077a B0040000 		.4byte	.LASF109
 1259 077e 08       		.byte	0x8
 1260 077f 7802     		.2byte	0x278
 1261 0781 26040000 		.4byte	0x426
 1262 0785 44       		.byte	0x44
 1263 0786 09       		.uleb128 0x9
 1264 0787 1D040000 		.4byte	.LASF110
 1265 078b 08       		.byte	0x8
 1266 078c 7902     		.2byte	0x279
 1267 078e 60050000 		.4byte	0x560
 1268 0792 48       		.byte	0x48
 1269 0793 09       		.uleb128 0x9
 1270 0794 CC000000 		.4byte	.LASF111
 1271 0798 08       		.byte	0x8
 1272 0799 7A02     		.2byte	0x27a
 1273 079b 26040000 		.4byte	0x426
 1274 079f 50       		.byte	0x50
 1275 07a0 09       		.uleb128 0x9
 1276 07a1 B4030000 		.4byte	.LASF112
 1277 07a5 08       		.byte	0x8
 1278 07a6 7B02     		.2byte	0x27b
 1279 07a8 26040000 		.4byte	0x426
 1280 07ac 54       		.byte	0x54
 1281 07ad 09       		.uleb128 0x9
 1282 07ae 9F040000 		.4byte	.LASF113
 1283 07b2 08       		.byte	0x8
 1284 07b3 7C02     		.2byte	0x27c
 1285 07b5 26040000 		.4byte	0x426
 1286 07b9 58       		.byte	0x58
 1287 07ba 09       		.uleb128 0x9
 1288 07bb 27040000 		.4byte	.LASF114
 1289 07bf 08       		.byte	0x8
 1290 07c0 7D02     		.2byte	0x27d
 1291 07c2 AD000000 		.4byte	0xad
 1292 07c6 5C       		.byte	0x5c
 1293 07c7 09       		.uleb128 0x9
 1294 07c8 9C010000 		.4byte	.LASF115
 1295 07cc 08       		.byte	0x8
 1296 07cd 7E02     		.2byte	0x27e
 1297 07cf 26040000 		.4byte	0x426
 1298 07d3 60       		.byte	0x60
 1299 07d4 09       		.uleb128 0x9
 1300 07d5 F2020000 		.4byte	.LASF116
 1301 07d9 08       		.byte	0x8
 1302 07da 7F02     		.2byte	0x27f
 1303 07dc 26040000 		.4byte	0x426
 1304 07e0 64       		.byte	0x64
 1305 07e1 09       		.uleb128 0x9
 1306 07e2 31040000 		.4byte	.LASF117
 1307 07e6 08       		.byte	0x8
 1308 07e7 8002     		.2byte	0x280
 1309 07e9 60050000 		.4byte	0x560
ARM GAS  /tmp/ccAQWfNC.s 			page 24


 1310 07ed 68       		.byte	0x68
 1311 07ee 09       		.uleb128 0x9
 1312 07ef 39060000 		.4byte	.LASF118
 1313 07f3 08       		.byte	0x8
 1314 07f4 8102     		.2byte	0x281
 1315 07f6 26040000 		.4byte	0x426
 1316 07fa 70       		.byte	0x70
 1317 07fb 08       		.uleb128 0x8
 1318 07fc 43535200 		.ascii	"CSR\000"
 1319 0800 08       		.byte	0x8
 1320 0801 8202     		.2byte	0x282
 1321 0803 26040000 		.4byte	0x426
 1322 0807 74       		.byte	0x74
 1323 0808 09       		.uleb128 0x9
 1324 0809 3B040000 		.4byte	.LASF119
 1325 080d 08       		.byte	0x8
 1326 080e 8302     		.2byte	0x283
 1327 0810 60050000 		.4byte	0x560
 1328 0814 78       		.byte	0x78
 1329 0815 09       		.uleb128 0x9
 1330 0816 1A060000 		.4byte	.LASF120
 1331 081a 08       		.byte	0x8
 1332 081b 8402     		.2byte	0x284
 1333 081d 26040000 		.4byte	0x426
 1334 0821 80       		.byte	0x80
 1335 0822 09       		.uleb128 0x9
 1336 0823 AD020000 		.4byte	.LASF121
 1337 0827 08       		.byte	0x8
 1338 0828 8502     		.2byte	0x285
 1339 082a 26040000 		.4byte	0x426
 1340 082e 84       		.byte	0x84
 1341 082f 00       		.byte	0
 1342 0830 14       		.uleb128 0x14
 1343 0831 2D010000 		.4byte	.LASF122
 1344 0835 08       		.byte	0x8
 1345 0836 8702     		.2byte	0x287
 1346 0838 A1060000 		.4byte	0x6a1
 1347 083c 04       		.uleb128 0x4
 1348 083d DC010000 		.4byte	.LASF123
 1349 0841 09       		.byte	0x9
 1350 0842 65       		.byte	0x65
 1351 0843 F7020000 		.4byte	0x2f7
 1352 0847 04       		.uleb128 0x4
 1353 0848 20030000 		.4byte	.LASF124
 1354 084c 09       		.byte	0x9
 1355 084d 6D       		.byte	0x6d
 1356 084e B8000000 		.4byte	0xb8
 1357 0852 05       		.uleb128 0x5
 1358 0853 14020000 		.4byte	.LASF125
 1359 0857 04       		.byte	0x4
 1360 0858 09       		.byte	0x9
 1361 0859 89       		.byte	0x89
 1362 085a 6A080000 		.4byte	0x86a
 1363 085e 07       		.uleb128 0x7
 1364 085f 737000   		.ascii	"sp\000"
 1365 0862 09       		.byte	0x9
 1366 0863 8A       		.byte	0x8a
ARM GAS  /tmp/ccAQWfNC.s 			page 25


 1367 0864 E6080000 		.4byte	0x8e6
 1368 0868 00       		.byte	0
 1369 0869 00       		.byte	0
 1370 086a 0B       		.uleb128 0xb
 1371 086b 38000000 		.4byte	.LASF126
 1372 086f 24       		.byte	0x24
 1373 0870 0A       		.byte	0xa
 1374 0871 5901     		.2byte	0x159
 1375 0873 E6080000 		.4byte	0x8e6
 1376 0877 08       		.uleb128 0x8
 1377 0878 723400   		.ascii	"r4\000"
 1378 087b 0A       		.byte	0xa
 1379 087c 6C01     		.2byte	0x16c
 1380 087e 3C080000 		.4byte	0x83c
 1381 0882 00       		.byte	0
 1382 0883 08       		.uleb128 0x8
 1383 0884 723500   		.ascii	"r5\000"
 1384 0887 0A       		.byte	0xa
 1385 0888 6D01     		.2byte	0x16d
 1386 088a 3C080000 		.4byte	0x83c
 1387 088e 04       		.byte	0x4
 1388 088f 08       		.uleb128 0x8
 1389 0890 723600   		.ascii	"r6\000"
 1390 0893 0A       		.byte	0xa
 1391 0894 6E01     		.2byte	0x16e
 1392 0896 3C080000 		.4byte	0x83c
 1393 089a 08       		.byte	0x8
 1394 089b 08       		.uleb128 0x8
 1395 089c 723700   		.ascii	"r7\000"
 1396 089f 0A       		.byte	0xa
 1397 08a0 6F01     		.2byte	0x16f
 1398 08a2 3C080000 		.4byte	0x83c
 1399 08a6 0C       		.byte	0xc
 1400 08a7 08       		.uleb128 0x8
 1401 08a8 723800   		.ascii	"r8\000"
 1402 08ab 0A       		.byte	0xa
 1403 08ac 7001     		.2byte	0x170
 1404 08ae 3C080000 		.4byte	0x83c
 1405 08b2 10       		.byte	0x10
 1406 08b3 08       		.uleb128 0x8
 1407 08b4 723900   		.ascii	"r9\000"
 1408 08b7 0A       		.byte	0xa
 1409 08b8 7101     		.2byte	0x171
 1410 08ba 3C080000 		.4byte	0x83c
 1411 08be 14       		.byte	0x14
 1412 08bf 08       		.uleb128 0x8
 1413 08c0 72313000 		.ascii	"r10\000"
 1414 08c4 0A       		.byte	0xa
 1415 08c5 7201     		.2byte	0x172
 1416 08c7 3C080000 		.4byte	0x83c
 1417 08cb 18       		.byte	0x18
 1418 08cc 08       		.uleb128 0x8
 1419 08cd 72313100 		.ascii	"r11\000"
 1420 08d1 0A       		.byte	0xa
 1421 08d2 7301     		.2byte	0x173
 1422 08d4 3C080000 		.4byte	0x83c
 1423 08d8 1C       		.byte	0x1c
ARM GAS  /tmp/ccAQWfNC.s 			page 26


 1424 08d9 08       		.uleb128 0x8
 1425 08da 6C7200   		.ascii	"lr\000"
 1426 08dd 0A       		.byte	0xa
 1427 08de 7401     		.2byte	0x174
 1428 08e0 3C080000 		.4byte	0x83c
 1429 08e4 20       		.byte	0x20
 1430 08e5 00       		.byte	0
 1431 08e6 0A       		.uleb128 0xa
 1432 08e7 04       		.byte	0x4
 1433 08e8 6A080000 		.4byte	0x86a
 1434 08ec 15       		.uleb128 0x15
 1435 08ed 04       		.byte	0x4
 1436 08ee 0B       		.byte	0xb
 1437 08ef 38       		.byte	0x38
 1438 08f0 01090000 		.4byte	0x901
 1439 08f4 06       		.uleb128 0x6
 1440 08f5 DB050000 		.4byte	.LASF127
 1441 08f9 0B       		.byte	0xb
 1442 08fa 3C       		.byte	0x3c
 1443 08fb C3000000 		.4byte	0xc3
 1444 08ff 00       		.byte	0
 1445 0900 00       		.byte	0
 1446 0901 04       		.uleb128 0x4
 1447 0902 BE030000 		.4byte	.LASF128
 1448 0906 0B       		.byte	0xb
 1449 0907 3D       		.byte	0x3d
 1450 0908 EC080000 		.4byte	0x8ec
 1451 090c 16       		.uleb128 0x16
 1452 090d 04       		.byte	0x4
 1453 090e 06       		.byte	0x6
 1454 090f D2       		.byte	0xd2
 1455 0910 6F090000 		.4byte	0x96f
 1456 0914 17       		.uleb128 0x17
 1457 0915 19000000 		.4byte	.LASF129
 1458 0919 06       		.byte	0x6
 1459 091a D9       		.byte	0xd9
 1460 091b FA000000 		.4byte	0xfa
 1461 091f 17       		.uleb128 0x17
 1462 0920 7E000000 		.4byte	.LASF130
 1463 0924 06       		.byte	0x6
 1464 0925 E0       		.byte	0xe0
 1465 0926 FA000000 		.4byte	0xfa
 1466 092a 17       		.uleb128 0x17
 1467 092b 57060000 		.4byte	.LASF131
 1468 092f 06       		.byte	0x6
 1469 0930 E7       		.byte	0xe7
 1470 0931 F7020000 		.4byte	0x2f7
 1471 0935 17       		.uleb128 0x17
 1472 0936 0D000000 		.4byte	.LASF132
 1473 093a 06       		.byte	0x6
 1474 093b EE       		.byte	0xee
 1475 093c 6F090000 		.4byte	0x96f
 1476 0940 17       		.uleb128 0x17
 1477 0941 92000000 		.4byte	.LASF133
 1478 0945 06       		.byte	0x6
 1479 0946 F3       		.byte	0xf3
 1480 0947 FA000000 		.4byte	0xfa
ARM GAS  /tmp/ccAQWfNC.s 			page 27


 1481 094b 17       		.uleb128 0x17
 1482 094c 44020000 		.4byte	.LASF134
 1483 0950 06       		.byte	0x6
 1484 0951 FC       		.byte	0xfc
 1485 0952 9A090000 		.4byte	0x99a
 1486 0956 18       		.uleb128 0x18
 1487 0957 F7040000 		.4byte	.LASF135
 1488 095b 06       		.byte	0x6
 1489 095c 0501     		.2byte	0x105
 1490 095e D1090000 		.4byte	0x9d1
 1491 0962 18       		.uleb128 0x18
 1492 0963 A9040000 		.4byte	.LASF136
 1493 0967 06       		.byte	0x6
 1494 0968 0D01     		.2byte	0x10d
 1495 096a 05010000 		.4byte	0x105
 1496 096e 00       		.byte	0
 1497 096f 0A       		.uleb128 0xa
 1498 0970 04       		.byte	0x4
 1499 0971 0F020000 		.4byte	0x20f
 1500 0975 05       		.uleb128 0x5
 1501 0976 D2040000 		.4byte	.LASF137
 1502 097a 0C       		.byte	0xc
 1503 097b 0C       		.byte	0xc
 1504 097c 34       		.byte	0x34
 1505 097d 9A090000 		.4byte	0x99a
 1506 0981 06       		.uleb128 0x6
 1507 0982 BC010000 		.4byte	.LASF27
 1508 0986 0C       		.byte	0xc
 1509 0987 35       		.byte	0x35
 1510 0988 44020000 		.4byte	0x244
 1511 098c 00       		.byte	0
 1512 098d 07       		.uleb128 0x7
 1513 098e 636E7400 		.ascii	"cnt\000"
 1514 0992 0C       		.byte	0xc
 1515 0993 37       		.byte	0x37
 1516 0994 10010000 		.4byte	0x110
 1517 0998 08       		.byte	0x8
 1518 0999 00       		.byte	0
 1519 099a 0A       		.uleb128 0xa
 1520 099b 04       		.byte	0x4
 1521 099c 75090000 		.4byte	0x975
 1522 09a0 05       		.uleb128 0x5
 1523 09a1 30060000 		.4byte	.LASF138
 1524 09a5 10       		.byte	0x10
 1525 09a6 0D       		.byte	0xd
 1526 09a7 39       		.byte	0x39
 1527 09a8 D1090000 		.4byte	0x9d1
 1528 09ac 06       		.uleb128 0x6
 1529 09ad BC010000 		.4byte	.LASF27
 1530 09b1 0D       		.byte	0xd
 1531 09b2 3A       		.byte	0x3a
 1532 09b3 44020000 		.4byte	0x244
 1533 09b7 00       		.byte	0
 1534 09b8 06       		.uleb128 0x6
 1535 09b9 13050000 		.4byte	.LASF139
 1536 09bd 0D       		.byte	0xd
 1537 09be 3C       		.byte	0x3c
ARM GAS  /tmp/ccAQWfNC.s 			page 28


 1538 09bf 1A020000 		.4byte	0x21a
 1539 09c3 08       		.byte	0x8
 1540 09c4 06       		.uleb128 0x6
 1541 09c5 B6000000 		.4byte	.LASF46
 1542 09c9 0D       		.byte	0xd
 1543 09ca 3E       		.byte	0x3e
 1544 09cb 050A0000 		.4byte	0xa05
 1545 09cf 0C       		.byte	0xc
 1546 09d0 00       		.byte	0
 1547 09d1 0A       		.uleb128 0xa
 1548 09d2 04       		.byte	0x4
 1549 09d3 A0090000 		.4byte	0x9a0
 1550 09d7 0A       		.uleb128 0xa
 1551 09d8 04       		.byte	0x4
 1552 09d9 DD090000 		.4byte	0x9dd
 1553 09dd 11       		.uleb128 0x11
 1554 09de E2090000 		.4byte	0x9e2
 1555 09e2 03       		.uleb128 0x3
 1556 09e3 01       		.byte	0x1
 1557 09e4 08       		.byte	0x8
 1558 09e5 9C050000 		.4byte	.LASF140
 1559 09e9 0A       		.uleb128 0xa
 1560 09ea 04       		.byte	0x4
 1561 09eb 47080000 		.4byte	0x847
 1562 09ef 0A       		.uleb128 0xa
 1563 09f0 04       		.byte	0x4
 1564 09f1 F9020000 		.4byte	0x2f9
 1565 09f5 0F       		.uleb128 0xf
 1566 09f6 D7090000 		.4byte	0x9d7
 1567 09fa 04       		.uleb128 0x4
 1568 09fb 0C020000 		.4byte	.LASF141
 1569 09ff 0D       		.byte	0xd
 1570 0a00 34       		.byte	0x34
 1571 0a01 A0090000 		.4byte	0x9a0
 1572 0a05 0A       		.uleb128 0xa
 1573 0a06 04       		.byte	0x4
 1574 0a07 FA090000 		.4byte	0x9fa
 1575 0a0b 03       		.uleb128 0x3
 1576 0a0c 01       		.byte	0x1
 1577 0a0d 02       		.byte	0x2
 1578 0a0e 5D040000 		.4byte	.LASF142
 1579 0a12 19       		.uleb128 0x19
 1580 0a13 99030000 		.4byte	.LASF150
 1581 0a17 01       		.byte	0x1
 1582 0a18 36       		.byte	0x36
 1583 0a19 00000000 		.4byte	.LFB279
 1584 0a1d 40000000 		.4byte	.LFE279-.LFB279
 1585 0a21 01       		.uleb128 0x1
 1586 0a22 9C       		.byte	0x9c
 1587 0a23 1A       		.uleb128 0x1a
 1588 0a24 05060000 		.4byte	.LASF143
 1589 0a28 01       		.byte	0x1
 1590 0a29 72       		.byte	0x72
 1591 0a2a 40000000 		.4byte	.LFB280
 1592 0a2e 64000000 		.4byte	.LFE280-.LFB280
 1593 0a32 01       		.uleb128 0x1
 1594 0a33 9C       		.byte	0x9c
ARM GAS  /tmp/ccAQWfNC.s 			page 29


 1595 0a34 1B       		.uleb128 0x1b
 1596 0a35 FB010000 		.4byte	.LASF144
 1597 0a39 01       		.byte	0x1
 1598 0a3a 95       		.byte	0x95
 1599 0a3b B0000000 		.4byte	.LFB281
 1600 0a3f 44010000 		.4byte	.LFE281-.LFB281
 1601 0a43 01       		.uleb128 0x1
 1602 0a44 9C       		.byte	0x9c
 1603 0a45 1C       		.uleb128 0x1c
 1604 0a46 7F040000 		.4byte	.LASF145
 1605 0a4a 07       		.byte	0x7
 1606 0a4b 4407     		.2byte	0x744
 1607 0a4d 510A0000 		.4byte	0xa51
 1608 0a51 0F       		.uleb128 0xf
 1609 0a52 A2000000 		.4byte	0xa2
 1610 0a56 1D       		.uleb128 0x1d
 1611 0a57 34020000 		.4byte	.LASF146
 1612 0a5b 01       		.byte	0x1
 1613 0a5c 27       		.byte	0x27
 1614 0a5d AD000000 		.4byte	0xad
 1615 0a61 05       		.uleb128 0x5
 1616 0a62 03       		.byte	0x3
 1617 0a63 00000000 		.4byte	SystemCoreClock
 1618 0a67 1E       		.uleb128 0x1e
 1619 0a68 636800   		.ascii	"ch\000"
 1620 0a6b 06       		.byte	0x6
 1621 0a6c D201     		.2byte	0x1d2
 1622 0a6e C6030000 		.4byte	0x3c6
 1623 0a72 00       		.byte	0
 1624              		.section	.debug_abbrev,"",%progbits
 1625              	.Ldebug_abbrev0:
 1626 0000 01       		.uleb128 0x1
 1627 0001 11       		.uleb128 0x11
 1628 0002 01       		.byte	0x1
 1629 0003 25       		.uleb128 0x25
 1630 0004 0E       		.uleb128 0xe
 1631 0005 13       		.uleb128 0x13
 1632 0006 0B       		.uleb128 0xb
 1633 0007 03       		.uleb128 0x3
 1634 0008 0E       		.uleb128 0xe
 1635 0009 1B       		.uleb128 0x1b
 1636 000a 0E       		.uleb128 0xe
 1637 000b 11       		.uleb128 0x11
 1638 000c 01       		.uleb128 0x1
 1639 000d 12       		.uleb128 0x12
 1640 000e 06       		.uleb128 0x6
 1641 000f 10       		.uleb128 0x10
 1642 0010 17       		.uleb128 0x17
 1643 0011 00       		.byte	0
 1644 0012 00       		.byte	0
 1645 0013 02       		.uleb128 0x2
 1646 0014 24       		.uleb128 0x24
 1647 0015 00       		.byte	0
 1648 0016 0B       		.uleb128 0xb
 1649 0017 0B       		.uleb128 0xb
 1650 0018 3E       		.uleb128 0x3e
 1651 0019 0B       		.uleb128 0xb
ARM GAS  /tmp/ccAQWfNC.s 			page 30


 1652 001a 03       		.uleb128 0x3
 1653 001b 08       		.uleb128 0x8
 1654 001c 00       		.byte	0
 1655 001d 00       		.byte	0
 1656 001e 03       		.uleb128 0x3
 1657 001f 24       		.uleb128 0x24
 1658 0020 00       		.byte	0
 1659 0021 0B       		.uleb128 0xb
 1660 0022 0B       		.uleb128 0xb
 1661 0023 3E       		.uleb128 0x3e
 1662 0024 0B       		.uleb128 0xb
 1663 0025 03       		.uleb128 0x3
 1664 0026 0E       		.uleb128 0xe
 1665 0027 00       		.byte	0
 1666 0028 00       		.byte	0
 1667 0029 04       		.uleb128 0x4
 1668 002a 16       		.uleb128 0x16
 1669 002b 00       		.byte	0
 1670 002c 03       		.uleb128 0x3
 1671 002d 0E       		.uleb128 0xe
 1672 002e 3A       		.uleb128 0x3a
 1673 002f 0B       		.uleb128 0xb
 1674 0030 3B       		.uleb128 0x3b
 1675 0031 0B       		.uleb128 0xb
 1676 0032 49       		.uleb128 0x49
 1677 0033 13       		.uleb128 0x13
 1678 0034 00       		.byte	0
 1679 0035 00       		.byte	0
 1680 0036 05       		.uleb128 0x5
 1681 0037 13       		.uleb128 0x13
 1682 0038 01       		.byte	0x1
 1683 0039 03       		.uleb128 0x3
 1684 003a 0E       		.uleb128 0xe
 1685 003b 0B       		.uleb128 0xb
 1686 003c 0B       		.uleb128 0xb
 1687 003d 3A       		.uleb128 0x3a
 1688 003e 0B       		.uleb128 0xb
 1689 003f 3B       		.uleb128 0x3b
 1690 0040 0B       		.uleb128 0xb
 1691 0041 01       		.uleb128 0x1
 1692 0042 13       		.uleb128 0x13
 1693 0043 00       		.byte	0
 1694 0044 00       		.byte	0
 1695 0045 06       		.uleb128 0x6
 1696 0046 0D       		.uleb128 0xd
 1697 0047 00       		.byte	0
 1698 0048 03       		.uleb128 0x3
 1699 0049 0E       		.uleb128 0xe
 1700 004a 3A       		.uleb128 0x3a
 1701 004b 0B       		.uleb128 0xb
 1702 004c 3B       		.uleb128 0x3b
 1703 004d 0B       		.uleb128 0xb
 1704 004e 49       		.uleb128 0x49
 1705 004f 13       		.uleb128 0x13
 1706 0050 38       		.uleb128 0x38
 1707 0051 0B       		.uleb128 0xb
 1708 0052 00       		.byte	0
ARM GAS  /tmp/ccAQWfNC.s 			page 31


 1709 0053 00       		.byte	0
 1710 0054 07       		.uleb128 0x7
 1711 0055 0D       		.uleb128 0xd
 1712 0056 00       		.byte	0
 1713 0057 03       		.uleb128 0x3
 1714 0058 08       		.uleb128 0x8
 1715 0059 3A       		.uleb128 0x3a
 1716 005a 0B       		.uleb128 0xb
 1717 005b 3B       		.uleb128 0x3b
 1718 005c 0B       		.uleb128 0xb
 1719 005d 49       		.uleb128 0x49
 1720 005e 13       		.uleb128 0x13
 1721 005f 38       		.uleb128 0x38
 1722 0060 0B       		.uleb128 0xb
 1723 0061 00       		.byte	0
 1724 0062 00       		.byte	0
 1725 0063 08       		.uleb128 0x8
 1726 0064 0D       		.uleb128 0xd
 1727 0065 00       		.byte	0
 1728 0066 03       		.uleb128 0x3
 1729 0067 08       		.uleb128 0x8
 1730 0068 3A       		.uleb128 0x3a
 1731 0069 0B       		.uleb128 0xb
 1732 006a 3B       		.uleb128 0x3b
 1733 006b 05       		.uleb128 0x5
 1734 006c 49       		.uleb128 0x49
 1735 006d 13       		.uleb128 0x13
 1736 006e 38       		.uleb128 0x38
 1737 006f 0B       		.uleb128 0xb
 1738 0070 00       		.byte	0
 1739 0071 00       		.byte	0
 1740 0072 09       		.uleb128 0x9
 1741 0073 0D       		.uleb128 0xd
 1742 0074 00       		.byte	0
 1743 0075 03       		.uleb128 0x3
 1744 0076 0E       		.uleb128 0xe
 1745 0077 3A       		.uleb128 0x3a
 1746 0078 0B       		.uleb128 0xb
 1747 0079 3B       		.uleb128 0x3b
 1748 007a 05       		.uleb128 0x5
 1749 007b 49       		.uleb128 0x49
 1750 007c 13       		.uleb128 0x13
 1751 007d 38       		.uleb128 0x38
 1752 007e 0B       		.uleb128 0xb
 1753 007f 00       		.byte	0
 1754 0080 00       		.byte	0
 1755 0081 0A       		.uleb128 0xa
 1756 0082 0F       		.uleb128 0xf
 1757 0083 00       		.byte	0
 1758 0084 0B       		.uleb128 0xb
 1759 0085 0B       		.uleb128 0xb
 1760 0086 49       		.uleb128 0x49
 1761 0087 13       		.uleb128 0x13
 1762 0088 00       		.byte	0
 1763 0089 00       		.byte	0
 1764 008a 0B       		.uleb128 0xb
 1765 008b 13       		.uleb128 0x13
ARM GAS  /tmp/ccAQWfNC.s 			page 32


 1766 008c 01       		.byte	0x1
 1767 008d 03       		.uleb128 0x3
 1768 008e 0E       		.uleb128 0xe
 1769 008f 0B       		.uleb128 0xb
 1770 0090 0B       		.uleb128 0xb
 1771 0091 3A       		.uleb128 0x3a
 1772 0092 0B       		.uleb128 0xb
 1773 0093 3B       		.uleb128 0x3b
 1774 0094 05       		.uleb128 0x5
 1775 0095 01       		.uleb128 0x1
 1776 0096 13       		.uleb128 0x13
 1777 0097 00       		.byte	0
 1778 0098 00       		.byte	0
 1779 0099 0C       		.uleb128 0xc
 1780 009a 15       		.uleb128 0x15
 1781 009b 01       		.byte	0x1
 1782 009c 27       		.uleb128 0x27
 1783 009d 19       		.uleb128 0x19
 1784 009e 01       		.uleb128 0x1
 1785 009f 13       		.uleb128 0x13
 1786 00a0 00       		.byte	0
 1787 00a1 00       		.byte	0
 1788 00a2 0D       		.uleb128 0xd
 1789 00a3 05       		.uleb128 0x5
 1790 00a4 00       		.byte	0
 1791 00a5 49       		.uleb128 0x49
 1792 00a6 13       		.uleb128 0x13
 1793 00a7 00       		.byte	0
 1794 00a8 00       		.byte	0
 1795 00a9 0E       		.uleb128 0xe
 1796 00aa 0F       		.uleb128 0xf
 1797 00ab 00       		.byte	0
 1798 00ac 0B       		.uleb128 0xb
 1799 00ad 0B       		.uleb128 0xb
 1800 00ae 00       		.byte	0
 1801 00af 00       		.byte	0
 1802 00b0 0F       		.uleb128 0xf
 1803 00b1 35       		.uleb128 0x35
 1804 00b2 00       		.byte	0
 1805 00b3 49       		.uleb128 0x49
 1806 00b4 13       		.uleb128 0x13
 1807 00b5 00       		.byte	0
 1808 00b6 00       		.byte	0
 1809 00b7 10       		.uleb128 0x10
 1810 00b8 13       		.uleb128 0x13
 1811 00b9 01       		.byte	0x1
 1812 00ba 0B       		.uleb128 0xb
 1813 00bb 0B       		.uleb128 0xb
 1814 00bc 3A       		.uleb128 0x3a
 1815 00bd 0B       		.uleb128 0xb
 1816 00be 3B       		.uleb128 0x3b
 1817 00bf 05       		.uleb128 0x5
 1818 00c0 01       		.uleb128 0x1
 1819 00c1 13       		.uleb128 0x13
 1820 00c2 00       		.byte	0
 1821 00c3 00       		.byte	0
 1822 00c4 11       		.uleb128 0x11
ARM GAS  /tmp/ccAQWfNC.s 			page 33


 1823 00c5 26       		.uleb128 0x26
 1824 00c6 00       		.byte	0
 1825 00c7 49       		.uleb128 0x49
 1826 00c8 13       		.uleb128 0x13
 1827 00c9 00       		.byte	0
 1828 00ca 00       		.byte	0
 1829 00cb 12       		.uleb128 0x12
 1830 00cc 01       		.uleb128 0x1
 1831 00cd 01       		.byte	0x1
 1832 00ce 49       		.uleb128 0x49
 1833 00cf 13       		.uleb128 0x13
 1834 00d0 01       		.uleb128 0x1
 1835 00d1 13       		.uleb128 0x13
 1836 00d2 00       		.byte	0
 1837 00d3 00       		.byte	0
 1838 00d4 13       		.uleb128 0x13
 1839 00d5 21       		.uleb128 0x21
 1840 00d6 00       		.byte	0
 1841 00d7 49       		.uleb128 0x49
 1842 00d8 13       		.uleb128 0x13
 1843 00d9 2F       		.uleb128 0x2f
 1844 00da 0B       		.uleb128 0xb
 1845 00db 00       		.byte	0
 1846 00dc 00       		.byte	0
 1847 00dd 14       		.uleb128 0x14
 1848 00de 16       		.uleb128 0x16
 1849 00df 00       		.byte	0
 1850 00e0 03       		.uleb128 0x3
 1851 00e1 0E       		.uleb128 0xe
 1852 00e2 3A       		.uleb128 0x3a
 1853 00e3 0B       		.uleb128 0xb
 1854 00e4 3B       		.uleb128 0x3b
 1855 00e5 05       		.uleb128 0x5
 1856 00e6 49       		.uleb128 0x49
 1857 00e7 13       		.uleb128 0x13
 1858 00e8 00       		.byte	0
 1859 00e9 00       		.byte	0
 1860 00ea 15       		.uleb128 0x15
 1861 00eb 13       		.uleb128 0x13
 1862 00ec 01       		.byte	0x1
 1863 00ed 0B       		.uleb128 0xb
 1864 00ee 0B       		.uleb128 0xb
 1865 00ef 3A       		.uleb128 0x3a
 1866 00f0 0B       		.uleb128 0xb
 1867 00f1 3B       		.uleb128 0x3b
 1868 00f2 0B       		.uleb128 0xb
 1869 00f3 01       		.uleb128 0x1
 1870 00f4 13       		.uleb128 0x13
 1871 00f5 00       		.byte	0
 1872 00f6 00       		.byte	0
 1873 00f7 16       		.uleb128 0x16
 1874 00f8 17       		.uleb128 0x17
 1875 00f9 01       		.byte	0x1
 1876 00fa 0B       		.uleb128 0xb
 1877 00fb 0B       		.uleb128 0xb
 1878 00fc 3A       		.uleb128 0x3a
 1879 00fd 0B       		.uleb128 0xb
ARM GAS  /tmp/ccAQWfNC.s 			page 34


 1880 00fe 3B       		.uleb128 0x3b
 1881 00ff 0B       		.uleb128 0xb
 1882 0100 01       		.uleb128 0x1
 1883 0101 13       		.uleb128 0x13
 1884 0102 00       		.byte	0
 1885 0103 00       		.byte	0
 1886 0104 17       		.uleb128 0x17
 1887 0105 0D       		.uleb128 0xd
 1888 0106 00       		.byte	0
 1889 0107 03       		.uleb128 0x3
 1890 0108 0E       		.uleb128 0xe
 1891 0109 3A       		.uleb128 0x3a
 1892 010a 0B       		.uleb128 0xb
 1893 010b 3B       		.uleb128 0x3b
 1894 010c 0B       		.uleb128 0xb
 1895 010d 49       		.uleb128 0x49
 1896 010e 13       		.uleb128 0x13
 1897 010f 00       		.byte	0
 1898 0110 00       		.byte	0
 1899 0111 18       		.uleb128 0x18
 1900 0112 0D       		.uleb128 0xd
 1901 0113 00       		.byte	0
 1902 0114 03       		.uleb128 0x3
 1903 0115 0E       		.uleb128 0xe
 1904 0116 3A       		.uleb128 0x3a
 1905 0117 0B       		.uleb128 0xb
 1906 0118 3B       		.uleb128 0x3b
 1907 0119 05       		.uleb128 0x5
 1908 011a 49       		.uleb128 0x49
 1909 011b 13       		.uleb128 0x13
 1910 011c 00       		.byte	0
 1911 011d 00       		.byte	0
 1912 011e 19       		.uleb128 0x19
 1913 011f 2E       		.uleb128 0x2e
 1914 0120 00       		.byte	0
 1915 0121 03       		.uleb128 0x3
 1916 0122 0E       		.uleb128 0xe
 1917 0123 3A       		.uleb128 0x3a
 1918 0124 0B       		.uleb128 0xb
 1919 0125 3B       		.uleb128 0x3b
 1920 0126 0B       		.uleb128 0xb
 1921 0127 27       		.uleb128 0x27
 1922 0128 19       		.uleb128 0x19
 1923 0129 11       		.uleb128 0x11
 1924 012a 01       		.uleb128 0x1
 1925 012b 12       		.uleb128 0x12
 1926 012c 06       		.uleb128 0x6
 1927 012d 40       		.uleb128 0x40
 1928 012e 18       		.uleb128 0x18
 1929 012f 9742     		.uleb128 0x2117
 1930 0131 19       		.uleb128 0x19
 1931 0132 00       		.byte	0
 1932 0133 00       		.byte	0
 1933 0134 1A       		.uleb128 0x1a
 1934 0135 2E       		.uleb128 0x2e
 1935 0136 00       		.byte	0
 1936 0137 3F       		.uleb128 0x3f
ARM GAS  /tmp/ccAQWfNC.s 			page 35


 1937 0138 19       		.uleb128 0x19
 1938 0139 03       		.uleb128 0x3
 1939 013a 0E       		.uleb128 0xe
 1940 013b 3A       		.uleb128 0x3a
 1941 013c 0B       		.uleb128 0xb
 1942 013d 3B       		.uleb128 0x3b
 1943 013e 0B       		.uleb128 0xb
 1944 013f 27       		.uleb128 0x27
 1945 0140 19       		.uleb128 0x19
 1946 0141 11       		.uleb128 0x11
 1947 0142 01       		.uleb128 0x1
 1948 0143 12       		.uleb128 0x12
 1949 0144 06       		.uleb128 0x6
 1950 0145 40       		.uleb128 0x40
 1951 0146 18       		.uleb128 0x18
 1952 0147 9642     		.uleb128 0x2116
 1953 0149 19       		.uleb128 0x19
 1954 014a 00       		.byte	0
 1955 014b 00       		.byte	0
 1956 014c 1B       		.uleb128 0x1b
 1957 014d 2E       		.uleb128 0x2e
 1958 014e 00       		.byte	0
 1959 014f 3F       		.uleb128 0x3f
 1960 0150 19       		.uleb128 0x19
 1961 0151 03       		.uleb128 0x3
 1962 0152 0E       		.uleb128 0xe
 1963 0153 3A       		.uleb128 0x3a
 1964 0154 0B       		.uleb128 0xb
 1965 0155 3B       		.uleb128 0x3b
 1966 0156 0B       		.uleb128 0xb
 1967 0157 27       		.uleb128 0x27
 1968 0158 19       		.uleb128 0x19
 1969 0159 11       		.uleb128 0x11
 1970 015a 01       		.uleb128 0x1
 1971 015b 12       		.uleb128 0x12
 1972 015c 06       		.uleb128 0x6
 1973 015d 40       		.uleb128 0x40
 1974 015e 18       		.uleb128 0x18
 1975 015f 9742     		.uleb128 0x2117
 1976 0161 19       		.uleb128 0x19
 1977 0162 00       		.byte	0
 1978 0163 00       		.byte	0
 1979 0164 1C       		.uleb128 0x1c
 1980 0165 34       		.uleb128 0x34
 1981 0166 00       		.byte	0
 1982 0167 03       		.uleb128 0x3
 1983 0168 0E       		.uleb128 0xe
 1984 0169 3A       		.uleb128 0x3a
 1985 016a 0B       		.uleb128 0xb
 1986 016b 3B       		.uleb128 0x3b
 1987 016c 05       		.uleb128 0x5
 1988 016d 49       		.uleb128 0x49
 1989 016e 13       		.uleb128 0x13
 1990 016f 3F       		.uleb128 0x3f
 1991 0170 19       		.uleb128 0x19
 1992 0171 3C       		.uleb128 0x3c
 1993 0172 19       		.uleb128 0x19
ARM GAS  /tmp/ccAQWfNC.s 			page 36


 1994 0173 00       		.byte	0
 1995 0174 00       		.byte	0
 1996 0175 1D       		.uleb128 0x1d
 1997 0176 34       		.uleb128 0x34
 1998 0177 00       		.byte	0
 1999 0178 03       		.uleb128 0x3
 2000 0179 0E       		.uleb128 0xe
 2001 017a 3A       		.uleb128 0x3a
 2002 017b 0B       		.uleb128 0xb
 2003 017c 3B       		.uleb128 0x3b
 2004 017d 0B       		.uleb128 0xb
 2005 017e 49       		.uleb128 0x49
 2006 017f 13       		.uleb128 0x13
 2007 0180 3F       		.uleb128 0x3f
 2008 0181 19       		.uleb128 0x19
 2009 0182 02       		.uleb128 0x2
 2010 0183 18       		.uleb128 0x18
 2011 0184 00       		.byte	0
 2012 0185 00       		.byte	0
 2013 0186 1E       		.uleb128 0x1e
 2014 0187 34       		.uleb128 0x34
 2015 0188 00       		.byte	0
 2016 0189 03       		.uleb128 0x3
 2017 018a 08       		.uleb128 0x8
 2018 018b 3A       		.uleb128 0x3a
 2019 018c 0B       		.uleb128 0xb
 2020 018d 3B       		.uleb128 0x3b
 2021 018e 05       		.uleb128 0x5
 2022 018f 49       		.uleb128 0x49
 2023 0190 13       		.uleb128 0x13
 2024 0191 3F       		.uleb128 0x3f
 2025 0192 19       		.uleb128 0x19
 2026 0193 3C       		.uleb128 0x3c
 2027 0194 19       		.uleb128 0x19
 2028 0195 00       		.byte	0
 2029 0196 00       		.byte	0
 2030 0197 00       		.byte	0
 2031              		.section	.debug_aranges,"",%progbits
 2032 0000 1C000000 		.4byte	0x1c
 2033 0004 0200     		.2byte	0x2
 2034 0006 00000000 		.4byte	.Ldebug_info0
 2035 000a 04       		.byte	0x4
 2036 000b 00       		.byte	0
 2037 000c 0000     		.2byte	0
 2038 000e 0000     		.2byte	0
 2039 0010 00000000 		.4byte	.Ltext0
 2040 0014 F4010000 		.4byte	.Letext0-.Ltext0
 2041 0018 00000000 		.4byte	0
 2042 001c 00000000 		.4byte	0
 2043              		.section	.debug_line,"",%progbits
 2044              	.Ldebug_line0:
 2045 0000 59020000 		.section	.debug_str,"MS",%progbits,1
 2045      0200D301 
 2045      00000201 
 2045      FB0E0D00 
 2045      01010101 
 2046              	.LASF50:
ARM GAS  /tmp/ccAQWfNC.s 			page 37


 2047 0000 72656164 		.ascii	"ready_list_t\000"
 2047      795F6C69 
 2047      73745F74 
 2047      00
 2048              	.LASF132:
 2049 000d 77747472 		.ascii	"wttrp\000"
 2049      7000
 2050              	.LASF56:
 2051 0013 64656C74 		.ascii	"delta\000"
 2051      6100
 2052              	.LASF129:
 2053 0019 7264796D 		.ascii	"rdymsg\000"
 2053      736700
 2054              	.LASF16:
 2055 0020 75696E74 		.ascii	"uint64_t\000"
 2055      36345F74 
 2055      00
 2056              	.LASF5:
 2057 0029 5F5F7569 		.ascii	"__uint8_t\000"
 2057      6E74385F 
 2057      7400
 2058              	.LASF49:
 2059 0033 70726576 		.ascii	"prev\000"
 2059      00
 2060              	.LASF126:
 2061 0038 706F7274 		.ascii	"port_intctx\000"
 2061      5F696E74 
 2061      63747800 
 2062              	.LASF61:
 2063 0044 73797374 		.ascii	"system_debug_t\000"
 2063      656D5F64 
 2063      65627567 
 2063      5F7400
 2064              	.LASF92:
 2065 0053 4F505443 		.ascii	"OPTCR\000"
 2065      5200
 2066              	.LASF93:
 2067 0059 4F505443 		.ascii	"OPTCR1\000"
 2067      523100
 2068              	.LASF12:
 2069 0060 6C6F6E67 		.ascii	"long long unsigned int\000"
 2069      206C6F6E 
 2069      6720756E 
 2069      7369676E 
 2069      65642069 
 2070              	.LASF86:
 2071 0077 4944434F 		.ascii	"IDCODE\000"
 2071      444500
 2072              	.LASF130:
 2073 007e 65786974 		.ascii	"exitcode\000"
 2073      636F6465 
 2073      00
 2074              	.LASF68:
 2075 0087 6D61696E 		.ascii	"mainthread\000"
 2075      74687265 
 2075      616400
 2076              	.LASF133:
ARM GAS  /tmp/ccAQWfNC.s 			page 38


 2077 0092 73656E74 		.ascii	"sentmsg\000"
 2077      6D736700 
 2078              	.LASF58:
 2079 009a 76697274 		.ascii	"virtual_timers_list_t\000"
 2079      75616C5F 
 2079      74696D65 
 2079      72735F6C 
 2079      6973745F 
 2080              	.LASF70:
 2081 00b0 43505549 		.ascii	"CPUID\000"
 2081      4400
 2082              	.LASF46:
 2083 00b6 6E657874 		.ascii	"next\000"
 2083      00
 2084              	.LASF48:
 2085 00bb 63685F74 		.ascii	"ch_threads_queue\000"
 2085      68726561 
 2085      64735F71 
 2085      75657565 
 2085      00
 2086              	.LASF111:
 2087 00cc 41484231 		.ascii	"AHB1LPENR\000"
 2087      4C50454E 
 2087      5200
 2088              	.LASF35:
 2089 00d6 72656673 		.ascii	"refs\000"
 2089      00
 2090              	.LASF82:
 2091 00db 49534152 		.ascii	"ISAR\000"
 2091      00
 2092              	.LASF10:
 2093 00e0 6C6F6E67 		.ascii	"long long int\000"
 2093      206C6F6E 
 2093      6720696E 
 2093      7400
 2094              	.LASF1:
 2095 00ee 7369676E 		.ascii	"signed char\000"
 2095      65642063 
 2095      68617200 
 2096              	.LASF98:
 2097 00fa 41484231 		.ascii	"AHB1RSTR\000"
 2097      52535452 
 2097      00
 2098              	.LASF94:
 2099 0103 464C4153 		.ascii	"FLASH_TypeDef\000"
 2099      485F5479 
 2099      70654465 
 2099      6600
 2100              	.LASF67:
 2101 0111 76746C69 		.ascii	"vtlist\000"
 2101      737400
 2102              	.LASF95:
 2103 0118 5057525F 		.ascii	"PWR_TypeDef\000"
 2103      54797065 
 2103      44656600 
 2104              	.LASF37:
 2105 0124 6D736771 		.ascii	"msgqueue\000"
ARM GAS  /tmp/ccAQWfNC.s 			page 39


 2105      75657565 
 2105      00
 2106              	.LASF122:
 2107 012d 5243435F 		.ascii	"RCC_TypeDef\000"
 2107      54797065 
 2107      44656600 
 2108              	.LASF33:
 2109 0139 73746174 		.ascii	"state\000"
 2109      6500
 2110              	.LASF65:
 2111 013f 63685F73 		.ascii	"ch_system\000"
 2111      79737465 
 2111      6D00
 2112              	.LASF7:
 2113 0149 6C6F6E67 		.ascii	"long int\000"
 2113      20696E74 
 2113      00
 2114              	.LASF149:
 2115 0152 2F686F6D 		.ascii	"/home/declan/ChibiOS2/ChibiOS/demos/STM32/RT-STM32F"
 2115      652F6465 
 2115      636C616E 
 2115      2F436869 
 2115      62694F53 
 2116 0185 3430372D 		.ascii	"407-DISCOVERY\000"
 2116      44495343 
 2116      4F564552 
 2116      5900
 2117              	.LASF102:
 2118 0193 41504232 		.ascii	"APB2RSTR\000"
 2118      52535452 
 2118      00
 2119              	.LASF115:
 2120 019c 41504231 		.ascii	"APB1LPENR\000"
 2120      4C50454E 
 2120      5200
 2121              	.LASF19:
 2122 01a6 74737461 		.ascii	"tstate_t\000"
 2122      74655F74 
 2122      00
 2123              	.LASF57:
 2124 01af 66756E63 		.ascii	"func\000"
 2124      00
 2125              	.LASF91:
 2126 01b4 4F50544B 		.ascii	"OPTKEYR\000"
 2126      45595200 
 2127              	.LASF27:
 2128 01bc 71756575 		.ascii	"queue\000"
 2128      6500
 2129              	.LASF32:
 2130 01c2 77616261 		.ascii	"wabase\000"
 2130      736500
 2131              	.LASF96:
 2132 01c9 504C4C43 		.ascii	"PLLCFGR\000"
 2132      46475200 
 2133              	.LASF8:
 2134 01d1 5F5F7569 		.ascii	"__uint32_t\000"
 2134      6E743332 
ARM GAS  /tmp/ccAQWfNC.s 			page 40


 2134      5F7400
 2135              	.LASF123:
 2136 01dc 72656761 		.ascii	"regarm_t\000"
 2136      726D5F74 
 2136      00
 2137              	.LASF85:
 2138 01e5 5343425F 		.ascii	"SCB_Type\000"
 2138      54797065 
 2138      00
 2139              	.LASF90:
 2140 01ee 4B455952 		.ascii	"KEYR\000"
 2140      00
 2141              	.LASF36:
 2142 01f3 77616974 		.ascii	"waiting\000"
 2142      696E6700 
 2143              	.LASF144:
 2144 01fb 73746D33 		.ascii	"stm32_clock_init\000"
 2144      325F636C 
 2144      6F636B5F 
 2144      696E6974 
 2144      00
 2145              	.LASF141:
 2146 020c 6D757465 		.ascii	"mutex_t\000"
 2146      785F7400 
 2147              	.LASF125:
 2148 0214 706F7274 		.ascii	"port_context\000"
 2148      5F636F6E 
 2148      74657874 
 2148      00
 2149              	.LASF24:
 2150 0221 636E745F 		.ascii	"cnt_t\000"
 2150      7400
 2151              	.LASF0:
 2152 0227 756E7369 		.ascii	"unsigned int\000"
 2152      676E6564 
 2152      20696E74 
 2152      00
 2153              	.LASF146:
 2154 0234 53797374 		.ascii	"SystemCoreClock\000"
 2154      656D436F 
 2154      7265436C 
 2154      6F636B00 
 2155              	.LASF134:
 2156 0244 77747365 		.ascii	"wtsemp\000"
 2156      6D7000
 2157              	.LASF9:
 2158 024b 6C6F6E67 		.ascii	"long unsigned int\000"
 2158      20756E73 
 2158      69676E65 
 2158      6420696E 
 2158      7400
 2159              	.LASF148:
 2160 025d 2E2E2F2E 		.ascii	"../../../os/hal/ports/STM32/STM32F4xx/hal_lld.c\000"
 2160      2E2F2E2E 
 2160      2F6F732F 
 2160      68616C2F 
 2160      706F7274 
ARM GAS  /tmp/ccAQWfNC.s 			page 41


 2161              	.LASF31:
 2162 028d 6E616D65 		.ascii	"name\000"
 2162      00
 2163              	.LASF72:
 2164 0292 56544F52 		.ascii	"VTOR\000"
 2164      00
 2165              	.LASF78:
 2166 0297 4D4D4641 		.ascii	"MMFAR\000"
 2166      5200
 2167              	.LASF41:
 2168 029d 6D706F6F 		.ascii	"mpool\000"
 2168      6C00
 2169              	.LASF44:
 2170 02a3 63685F74 		.ascii	"ch_thread\000"
 2170      68726561 
 2170      6400
 2171              	.LASF121:
 2172 02ad 504C4C49 		.ascii	"PLLI2SCFGR\000"
 2172      32534346 
 2172      475200
 2173              	.LASF71:
 2174 02b8 49435352 		.ascii	"ICSR\000"
 2174      00
 2175              	.LASF22:
 2176 02bd 6D73675F 		.ascii	"msg_t\000"
 2176      7400
 2177              	.LASF73:
 2178 02c3 41495243 		.ascii	"AIRCR\000"
 2178      5200
 2179              	.LASF77:
 2180 02c9 44465352 		.ascii	"DFSR\000"
 2180      00
 2181              	.LASF38:
 2182 02ce 6570656E 		.ascii	"epending\000"
 2182      64696E67 
 2182      00
 2183              	.LASF88:
 2184 02d7 41504232 		.ascii	"APB2FZ\000"
 2184      465A00
 2185              	.LASF64:
 2186 02de 63685F73 		.ascii	"ch_system_t\000"
 2186      79737465 
 2186      6D5F7400 
 2187              	.LASF18:
 2188 02ea 746D6F64 		.ascii	"tmode_t\000"
 2188      655F7400 
 2189              	.LASF116:
 2190 02f2 41504232 		.ascii	"APB2LPENR\000"
 2190      4C50454E 
 2190      5200
 2191              	.LASF51:
 2192 02fc 63685F72 		.ascii	"ch_ready_list\000"
 2192      65616479 
 2192      5F6C6973 
 2192      7400
 2193              	.LASF23:
 2194 030a 6576656E 		.ascii	"eventmask_t\000"
ARM GAS  /tmp/ccAQWfNC.s 			page 42


 2194      746D6173 
 2194      6B5F7400 
 2195              	.LASF6:
 2196 0316 5F5F696E 		.ascii	"__int32_t\000"
 2196      7433325F 
 2196      7400
 2197              	.LASF124:
 2198 0320 73746B61 		.ascii	"stkalign_t\000"
 2198      6C69676E 
 2198      5F7400
 2199              	.LASF29:
 2200 032b 6E657765 		.ascii	"newer\000"
 2200      7200
 2201              	.LASF43:
 2202 0331 74687265 		.ascii	"threads_list_t\000"
 2202      6164735F 
 2202      6C697374 
 2202      5F7400
 2203              	.LASF54:
 2204 0340 76697274 		.ascii	"virtual_timer_t\000"
 2204      75616C5F 
 2204      74696D65 
 2204      725F7400 
 2205              	.LASF40:
 2206 0350 7265616C 		.ascii	"realprio\000"
 2206      7072696F 
 2206      00
 2207              	.LASF69:
 2208 0359 73697A65 		.ascii	"sizetype\000"
 2208      74797065 
 2208      00
 2209              	.LASF42:
 2210 0362 74687265 		.ascii	"thread_reference_t\000"
 2210      61645F72 
 2210      65666572 
 2210      656E6365 
 2210      5F7400
 2211              	.LASF59:
 2212 0375 63685F76 		.ascii	"ch_virtual_timers_list\000"
 2212      69727475 
 2212      616C5F74 
 2212      696D6572 
 2212      735F6C69 
 2213              	.LASF75:
 2214 038c 43465352 		.ascii	"CFSR\000"
 2214      00
 2215              	.LASF106:
 2216 0391 41484233 		.ascii	"AHB3ENR\000"
 2216      454E5200 
 2217              	.LASF150:
 2218 0399 68616C5F 		.ascii	"hal_lld_backup_domain_init\000"
 2218      6C6C645F 
 2218      6261636B 
 2218      75705F64 
 2218      6F6D6169 
 2219              	.LASF112:
 2220 03b4 41484232 		.ascii	"AHB2LPENR\000"
ARM GAS  /tmp/ccAQWfNC.s 			page 43


 2220      4C50454E 
 2220      5200
 2221              	.LASF128:
 2222 03be 746D5F63 		.ascii	"tm_calibration_t\000"
 2222      616C6962 
 2222      72617469 
 2222      6F6E5F74 
 2222      00
 2223              	.LASF28:
 2224 03cf 7072696F 		.ascii	"prio\000"
 2224      00
 2225              	.LASF101:
 2226 03d4 41504231 		.ascii	"APB1RSTR\000"
 2226      52535452 
 2226      00
 2227              	.LASF52:
 2228 03dd 63757272 		.ascii	"current\000"
 2228      656E7400 
 2229              	.LASF11:
 2230 03e5 5F5F7569 		.ascii	"__uint64_t\000"
 2230      6E743634 
 2230      5F7400
 2231              	.LASF87:
 2232 03f0 41504231 		.ascii	"APB1FZ\000"
 2232      465A00
 2233              	.LASF20:
 2234 03f7 74726566 		.ascii	"trefs_t\000"
 2234      735F7400 
 2235              	.LASF83:
 2236 03ff 52455345 		.ascii	"RESERVED0\000"
 2236      52564544 
 2236      3000
 2237              	.LASF103:
 2238 0409 52455345 		.ascii	"RESERVED1\000"
 2238      52564544 
 2238      3100
 2239              	.LASF107:
 2240 0413 52455345 		.ascii	"RESERVED2\000"
 2240      52564544 
 2240      3200
 2241              	.LASF110:
 2242 041d 52455345 		.ascii	"RESERVED3\000"
 2242      52564544 
 2242      3300
 2243              	.LASF114:
 2244 0427 52455345 		.ascii	"RESERVED4\000"
 2244      52564544 
 2244      3400
 2245              	.LASF117:
 2246 0431 52455345 		.ascii	"RESERVED5\000"
 2246      52564544 
 2246      3500
 2247              	.LASF119:
 2248 043b 52455345 		.ascii	"RESERVED6\000"
 2248      52564544 
 2248      3600
 2249              	.LASF21:
ARM GAS  /tmp/ccAQWfNC.s 			page 44


 2250 0445 74707269 		.ascii	"tprio_t\000"
 2250      6F5F7400 
 2251              	.LASF62:
 2252 044d 63685F73 		.ascii	"ch_system_debug\000"
 2252      79737465 
 2252      6D5F6465 
 2252      62756700 
 2253              	.LASF142:
 2254 045d 5F426F6F 		.ascii	"_Bool\000"
 2254      6C00
 2255              	.LASF14:
 2256 0463 696E7433 		.ascii	"int32_t\000"
 2256      325F7400 
 2257              	.LASF2:
 2258 046b 756E7369 		.ascii	"unsigned char\000"
 2258      676E6564 
 2258      20636861 
 2258      7200
 2259              	.LASF74:
 2260 0479 53484353 		.ascii	"SHCSR\000"
 2260      5200
 2261              	.LASF145:
 2262 047f 49544D5F 		.ascii	"ITM_RxBuffer\000"
 2262      52784275 
 2262      66666572 
 2262      00
 2263              	.LASF3:
 2264 048c 73686F72 		.ascii	"short int\000"
 2264      7420696E 
 2264      7400
 2265              	.LASF60:
 2266 0496 6C617374 		.ascii	"lasttime\000"
 2266      74696D65 
 2266      00
 2267              	.LASF113:
 2268 049f 41484233 		.ascii	"AHB3LPENR\000"
 2268      4C50454E 
 2268      5200
 2269              	.LASF136:
 2270 04a9 65776D61 		.ascii	"ewmask\000"
 2270      736B00
 2271              	.LASF109:
 2272 04b0 41504232 		.ascii	"APB2ENR\000"
 2272      454E5200 
 2273              	.LASF100:
 2274 04b8 41484233 		.ascii	"AHB3RSTR\000"
 2274      52535452 
 2274      00
 2275              	.LASF55:
 2276 04c1 63685F76 		.ascii	"ch_virtual_timer\000"
 2276      69727475 
 2276      616C5F74 
 2276      696D6572 
 2276      00
 2277              	.LASF137:
 2278 04d2 63685F73 		.ascii	"ch_semaphore\000"
 2278      656D6170 
ARM GAS  /tmp/ccAQWfNC.s 			page 45


 2278      686F7265 
 2278      00
 2279              	.LASF89:
 2280 04df 4442474D 		.ascii	"DBGMCU_TypeDef\000"
 2280      43555F54 
 2280      79706544 
 2280      656600
 2281              	.LASF15:
 2282 04ee 75696E74 		.ascii	"uint32_t\000"
 2282      33325F74 
 2282      00
 2283              	.LASF135:
 2284 04f7 77746D74 		.ascii	"wtmtxp\000"
 2284      787000
 2285              	.LASF80:
 2286 04fe 41465352 		.ascii	"AFSR\000"
 2286      00
 2287              	.LASF45:
 2288 0503 63685F74 		.ascii	"ch_threads_list\000"
 2288      68726561 
 2288      64735F6C 
 2288      69737400 
 2289              	.LASF139:
 2290 0513 6F776E65 		.ascii	"owner\000"
 2290      7200
 2291              	.LASF147:
 2292 0519 474E5520 		.ascii	"GNU C 4.9.3 20150529 (prerelease) -mcpu=cortex-m4 -"
 2292      4320342E 
 2292      392E3320 
 2292      32303135 
 2292      30353239 
 2293 054c 6D6E6F2D 		.ascii	"mno-thumb-interwork -mthumb -ggdb -O0 -fomit-frame-"
 2293      7468756D 
 2293      622D696E 
 2293      74657277 
 2293      6F726B20 
 2294 057f 706F696E 		.ascii	"pointer -falign-functions=16\000"
 2294      74657220 
 2294      2D66616C 
 2294      69676E2D 
 2294      66756E63 
 2295              	.LASF140:
 2296 059c 63686172 		.ascii	"char\000"
 2296      00
 2297              	.LASF30:
 2298 05a1 6F6C6465 		.ascii	"older\000"
 2298      7200
 2299              	.LASF79:
 2300 05a7 42464152 		.ascii	"BFAR\000"
 2300      00
 2301              	.LASF99:
 2302 05ac 41484232 		.ascii	"AHB2RSTR\000"
 2302      52535452 
 2302      00
 2303              	.LASF26:
 2304 05b5 74687265 		.ascii	"thread_t\000"
 2304      61645F74 
ARM GAS  /tmp/ccAQWfNC.s 			page 46


 2304      00
 2305              	.LASF25:
 2306 05be 73797374 		.ascii	"systime_t\000"
 2306      696D655F 
 2306      7400
 2307              	.LASF53:
 2308 05c8 76746675 		.ascii	"vtfunc_t\000"
 2308      6E635F74 
 2308      00
 2309              	.LASF63:
 2310 05d1 70616E69 		.ascii	"panic_msg\000"
 2310      635F6D73 
 2310      6700
 2311              	.LASF127:
 2312 05db 6F666673 		.ascii	"offset\000"
 2312      657400
 2313              	.LASF108:
 2314 05e2 41504231 		.ascii	"APB1ENR\000"
 2314      454E5200 
 2315              	.LASF105:
 2316 05ea 41484232 		.ascii	"AHB2ENR\000"
 2316      454E5200 
 2317              	.LASF4:
 2318 05f2 73686F72 		.ascii	"short unsigned int\000"
 2318      7420756E 
 2318      7369676E 
 2318      65642069 
 2318      6E7400
 2319              	.LASF143:
 2320 0605 68616C5F 		.ascii	"hal_lld_init\000"
 2320      6C6C645F 
 2320      696E6974 
 2320      00
 2321              	.LASF17:
 2322 0612 7274636E 		.ascii	"rtcnt_t\000"
 2322      745F7400 
 2323              	.LASF120:
 2324 061a 53534347 		.ascii	"SSCGR\000"
 2324      5200
 2325              	.LASF47:
 2326 0620 74687265 		.ascii	"threads_queue_t\000"
 2326      6164735F 
 2326      71756575 
 2326      655F7400 
 2327              	.LASF138:
 2328 0630 63685F6D 		.ascii	"ch_mutex\000"
 2328      75746578 
 2328      00
 2329              	.LASF118:
 2330 0639 42444352 		.ascii	"BDCR\000"
 2330      00
 2331              	.LASF81:
 2332 063e 4D4D4652 		.ascii	"MMFR\000"
 2332      00
 2333              	.LASF66:
 2334 0643 726C6973 		.ascii	"rlist\000"
 2334      7400
ARM GAS  /tmp/ccAQWfNC.s 			page 47


 2335              	.LASF13:
 2336 0649 75696E74 		.ascii	"uint8_t\000"
 2336      385F7400 
 2337              	.LASF34:
 2338 0651 666C6167 		.ascii	"flags\000"
 2338      7300
 2339              	.LASF131:
 2340 0657 77746F62 		.ascii	"wtobjp\000"
 2340      6A7000
 2341              	.LASF104:
 2342 065e 41484231 		.ascii	"AHB1ENR\000"
 2342      454E5200 
 2343              	.LASF97:
 2344 0666 43464752 		.ascii	"CFGR\000"
 2344      00
 2345              	.LASF84:
 2346 066b 43504143 		.ascii	"CPACR\000"
 2346      5200
 2347              	.LASF76:
 2348 0671 48465352 		.ascii	"HFSR\000"
 2348      00
 2349              	.LASF39:
 2350 0676 6D74786C 		.ascii	"mtxlist\000"
 2350      69737400 
 2351              		.ident	"GCC: (15:4.9.3+svn231177-1) 4.9.3 20150529 (prerelease)"
ARM GAS  /tmp/ccAQWfNC.s 			page 48


DEFINED SYMBOLS
                            *ABS*:0000000000000000 hal_lld.c
     /tmp/ccAQWfNC.s:23     .data:0000000000000000 SystemCoreClock
     /tmp/ccAQWfNC.s:20     .data:0000000000000000 $d
     /tmp/ccAQWfNC.s:26     .text:0000000000000000 $t
     /tmp/ccAQWfNC.s:31     .text:0000000000000000 hal_lld_backup_domain_init
     /tmp/ccAQWfNC.s:71     .text:0000000000000038 $d
     /tmp/ccAQWfNC.s:76     .text:0000000000000040 $t
     /tmp/ccAQWfNC.s:82     .text:0000000000000040 hal_lld_init
     /tmp/ccAQWfNC.s:143    .text:00000000000000a0 $d
     /tmp/ccAQWfNC.s:147    .text:00000000000000a4 $t
     /tmp/ccAQWfNC.s:153    .text:00000000000000b0 stm32_clock_init
     /tmp/ccAQWfNC.s:329    .text:00000000000001d0 $d
                     .debug_frame:0000000000000010 $d

UNDEFINED SYMBOLS
dmaInit
