ARM GAS  /tmp/ccSWt7KR.s 			page 1


   1              		.syntax unified
   2              		.cpu cortex-m4
   3              		.fpu softvfp
   4              		.eabi_attribute 20, 1
   5              		.eabi_attribute 21, 1
   6              		.eabi_attribute 23, 3
   7              		.eabi_attribute 24, 1
   8              		.eabi_attribute 25, 1
   9              		.eabi_attribute 26, 1
  10              		.eabi_attribute 30, 6
  11              		.eabi_attribute 34, 1
  12              		.eabi_attribute 18, 4
  13              		.thumb
  14              		.file	"main.c"
  15              		.text
  16              	.Ltext0:
  17              		.cfi_sections	.debug_frame
  18              		.section	.rodata
  19              		.type	BW_XL_400, %object
  20              		.size	BW_XL_400, 1
  21              	BW_XL_400:
  22 0000 00       		.space	1
  23              		.type	BW_XL_200, %object
  24              		.size	BW_XL_200, 1
  25              	BW_XL_200:
  26 0001 01       		.byte	1
  27              		.type	BW_XL_100, %object
  28              		.size	BW_XL_100, 1
  29              	BW_XL_100:
  30 0002 02       		.byte	2
  31              		.type	BW_XL_50, %object
  32              		.size	BW_XL_50, 1
  33              	BW_XL_50:
  34 0003 03       		.byte	3
  35              		.type	FS_XL_2, %object
  36              		.size	FS_XL_2, 1
  37              	FS_XL_2:
  38 0004 00       		.space	1
  39              		.type	FS_XL_4, %object
  40              		.size	FS_XL_4, 1
  41              	FS_XL_4:
  42 0005 08       		.byte	8
  43              		.type	FS_XL_8, %object
  44              		.size	FS_XL_8, 1
  45              	FS_XL_8:
  46 0006 0C       		.byte	12
  47              		.type	FS_XL_16, %object
  48              		.size	FS_XL_16, 1
  49              	FS_XL_16:
  50 0007 04       		.byte	4
  51              		.type	ODR_XL_POWERDOWN, %object
  52              		.size	ODR_XL_POWERDOWN, 1
  53              	ODR_XL_POWERDOWN:
  54 0008 00       		.space	1
  55              		.type	ODR_XL_12_5, %object
  56              		.size	ODR_XL_12_5, 1
  57              	ODR_XL_12_5:
ARM GAS  /tmp/ccSWt7KR.s 			page 2


  58 0009 10       		.byte	16
  59              		.type	ODR_XL_26, %object
  60              		.size	ODR_XL_26, 1
  61              	ODR_XL_26:
  62 000a 20       		.byte	32
  63              		.type	ODR_XL_52, %object
  64              		.size	ODR_XL_52, 1
  65              	ODR_XL_52:
  66 000b 30       		.byte	48
  67              		.type	ODR_XL_104, %object
  68              		.size	ODR_XL_104, 1
  69              	ODR_XL_104:
  70 000c 40       		.byte	64
  71              		.type	ODR_XL_208, %object
  72              		.size	ODR_XL_208, 1
  73              	ODR_XL_208:
  74 000d 50       		.byte	80
  75              		.type	ODR_XL_416, %object
  76              		.size	ODR_XL_416, 1
  77              	ODR_XL_416:
  78 000e 60       		.byte	96
  79              		.type	ODR_XL_833, %object
  80              		.size	ODR_XL_833, 1
  81              	ODR_XL_833:
  82 000f 70       		.byte	112
  83              		.type	ODR_XL_1_66k, %object
  84              		.size	ODR_XL_1_66k, 1
  85              	ODR_XL_1_66k:
  86 0010 80       		.byte	-128
  87              		.type	ODR_XL_3_33k, %object
  88              		.size	ODR_XL_3_33k, 1
  89              	ODR_XL_3_33k:
  90 0011 90       		.byte	-112
  91              		.type	ODR_XL_6_66k, %object
  92              		.size	ODR_XL_6_66k, 1
  93              	ODR_XL_6_66k:
  94 0012 A0       		.byte	-96
  95 0013 00       		.align	2
  96              	.LC0:
  97 0014 25642C20 		.ascii	"%d, %d, %d \015\012\000"
  97      25642C20 
  97      2564200D 
  97      0A00
  98              		.text
  99              		.align	2
 100              		.p2align 4,,15
 101              		.global	main
 102              		.thumb
 103              		.thumb_func
 104              		.type	main, %function
 105              	main:
 106              	.LFB279:
 107              		.file 1 "main.c"
 108              		.loc 1 30 0
 109              		.cfi_startproc
 110              		@ args = 0, pretend = 0, frame = 8
 111              		@ frame_needed = 0, uses_anonymous_args = 0
ARM GAS  /tmp/ccSWt7KR.s 			page 3


 112 0000 10B5     		push	{r4, lr}
 113              		.cfi_def_cfa_offset 8
 114              		.cfi_offset 4, -8
 115              		.cfi_offset 14, -4
 116 0002 84B0     		sub	sp, sp, #16
 117              		.cfi_def_cfa_offset 24
 118              		.loc 1 39 0
 119 0004 FFF7FEFF 		bl	halInit
 120              		.loc 1 40 0
 121 0008 FFF7FEFF 		bl	chSysInit
 122              	.L2:
 123              		.loc 1 46 0 discriminator 1
 124 000c FFF7FEFF 		bl	AccelerometerInit
 125              		.loc 1 47 0 discriminator 1
 126 0010 0322     		movs	r2, #3
 127 0012 0023     		movs	r3, #0
 128 0014 1343     		orrs	r3, r3, r2
 129 0016 DBB2     		uxtb	r3, r3
 130 0018 4022     		movs	r2, #64
 131 001a 1343     		orrs	r3, r3, r2
 132 001c DBB2     		uxtb	r3, r3
 133 001e 1846     		mov	r0, r3
 134 0020 FFF7FEFF 		bl	AccelerometerConfig
 135              		.loc 1 48 0 discriminator 1
 136 0024 02AB     		add	r3, sp, #8
 137 0026 1846     		mov	r0, r3
 138 0028 FFF7FEFF 		bl	AccelerometerGetValues
 139              		.loc 1 52 0 discriminator 1
 140 002c BDF80830 		ldrh	r3, [sp, #8]
 141 0030 1AB2     		sxth	r2, r3
 142 0032 BDF80A30 		ldrh	r3, [sp, #10]
 143 0036 1CB2     		sxth	r4, r3
 144 0038 BDF80C30 		ldrh	r3, [sp, #12]
 145 003c 1BB2     		sxth	r3, r3
 146 003e 0093     		str	r3, [sp]
 147 0040 0448     		ldr	r0, .L3
 148 0042 0549     		ldr	r1, .L3+4
 149 0044 2346     		mov	r3, r4
 150 0046 FFF7FEFF 		bl	chprintf
 151              		.loc 1 53 0 discriminator 1
 152 004a 4FF47A70 		mov	r0, #1000
 153 004e FFF7FEFF 		bl	chThdSleep
 154              		.loc 1 55 0 discriminator 1
 155 0052 DBE7     		b	.L2
 156              	.L4:
 157              		.align	2
 158              	.L3:
 159 0054 00000000 		.word	SD3
 160 0058 14000000 		.word	.LC0
 161              		.cfi_endproc
 162              	.LFE279:
 163              		.size	main, .-main
 164              	.Letext0:
 165              		.file 2 "/usr/lib/gcc/arm-none-eabi/4.9.3/include/stddef.h"
 166              		.file 3 "/usr/include/newlib/machine/_default_types.h"
 167              		.file 4 "/usr/include/newlib/sys/_stdint.h"
 168              		.file 5 "../../../os/common/ports/ARMCMx/compilers/GCC/chtypes.h"
ARM GAS  /tmp/ccSWt7KR.s 			page 4


 169              		.file 6 "../../../os/rt/include/chsystypes.h"
 170              		.file 7 "../../../os/rt/include/chschd.h"
 171              		.file 8 "../../../os/common/ext/CMSIS/ST/STM32F4xx/stm32f407xx.h"
 172              		.file 9 "../../../os/common/ports/ARMCMx/chcore.h"
 173              		.file 10 "../../../os/common/ports/ARMCMx/chcore_v7m.h"
 174              		.file 11 "../../../os/rt/include/chtm.h"
 175              		.file 12 "../../../os/rt/include/chsem.h"
 176              		.file 13 "../../../os/rt/include/chmtx.h"
 177              		.file 14 "../../../os/rt/include/chevents.h"
 178              		.file 15 "../../../os/hal/include/hal_streams.h"
 179              		.file 16 "../../../os/hal/include/hal_queues.h"
 180              		.file 17 "../../../os/hal/ports/STM32/LLD/GPIOv2/hal_pal_lld.h"
 181              		.file 18 "../../../os/hal/include/hal_serial.h"
 182              		.file 19 "Accelerometer.h"
 183              		.file 20 "../../../os/hal/ports/STM32/LLD/USARTv1/hal_serial_lld.h"
 184              		.file 21 "../../../os/common/ext/CMSIS/include/core_cm4.h"
 185              		.section	.debug_info,"",%progbits
 186              	.Ldebug_info0:
 187 0000 070D0000 		.4byte	0xd07
 188 0004 0400     		.2byte	0x4
 189 0006 00000000 		.4byte	.Ldebug_abbrev0
 190 000a 04       		.byte	0x4
 191 000b 01       		.uleb128 0x1
 192 000c 52050000 		.4byte	.LASF168
 193 0010 01       		.byte	0x1
 194 0011 7B060000 		.4byte	.LASF169
 195 0015 64020000 		.4byte	.LASF170
 196 0019 00000000 		.4byte	.Ltext0
 197 001d 5C000000 		.4byte	.Letext0-.Ltext0
 198 0021 00000000 		.4byte	.Ldebug_line0
 199 0025 02       		.uleb128 0x2
 200 0026 04       		.byte	0x4
 201 0027 05       		.byte	0x5
 202 0028 696E7400 		.ascii	"int\000"
 203 002c 03       		.uleb128 0x3
 204 002d 1C000000 		.4byte	.LASF2
 205 0031 02       		.byte	0x2
 206 0032 D4       		.byte	0xd4
 207 0033 37000000 		.4byte	0x37
 208 0037 04       		.uleb128 0x4
 209 0038 04       		.byte	0x4
 210 0039 07       		.byte	0x7
 211 003a 26020000 		.4byte	.LASF0
 212 003e 04       		.uleb128 0x4
 213 003f 01       		.byte	0x1
 214 0040 06       		.byte	0x6
 215 0041 14010000 		.4byte	.LASF1
 216 0045 03       		.uleb128 0x3
 217 0046 39000000 		.4byte	.LASF3
 218 004a 03       		.byte	0x3
 219 004b 1D       		.byte	0x1d
 220 004c 50000000 		.4byte	0x50
 221 0050 04       		.uleb128 0x4
 222 0051 01       		.byte	0x1
 223 0052 08       		.byte	0x8
 224 0053 5A040000 		.4byte	.LASF4
 225 0057 03       		.uleb128 0x3
ARM GAS  /tmp/ccSWt7KR.s 			page 5


 226 0058 E0060000 		.4byte	.LASF5
 227 005c 03       		.byte	0x3
 228 005d 29       		.byte	0x29
 229 005e 62000000 		.4byte	0x62
 230 0062 04       		.uleb128 0x4
 231 0063 02       		.byte	0x2
 232 0064 05       		.byte	0x5
 233 0065 3B030000 		.4byte	.LASF6
 234 0069 03       		.uleb128 0x3
 235 006a E5050000 		.4byte	.LASF7
 236 006e 03       		.byte	0x3
 237 006f 2B       		.byte	0x2b
 238 0070 74000000 		.4byte	0x74
 239 0074 04       		.uleb128 0x4
 240 0075 02       		.byte	0x2
 241 0076 07       		.byte	0x7
 242 0077 39060000 		.4byte	.LASF8
 243 007b 03       		.uleb128 0x3
 244 007c 45030000 		.4byte	.LASF9
 245 0080 03       		.byte	0x3
 246 0081 3F       		.byte	0x3f
 247 0082 86000000 		.4byte	0x86
 248 0086 04       		.uleb128 0x4
 249 0087 04       		.byte	0x4
 250 0088 05       		.byte	0x5
 251 0089 5F010000 		.4byte	.LASF10
 252 008d 03       		.uleb128 0x3
 253 008e AC010000 		.4byte	.LASF11
 254 0092 03       		.byte	0x3
 255 0093 41       		.byte	0x41
 256 0094 98000000 		.4byte	0x98
 257 0098 04       		.uleb128 0x4
 258 0099 04       		.byte	0x4
 259 009a 07       		.byte	0x7
 260 009b 40050000 		.4byte	.LASF12
 261 009f 04       		.uleb128 0x4
 262 00a0 08       		.byte	0x8
 263 00a1 05       		.byte	0x5
 264 00a2 06010000 		.4byte	.LASF13
 265 00a6 03       		.uleb128 0x3
 266 00a7 FF030000 		.4byte	.LASF14
 267 00ab 03       		.byte	0x3
 268 00ac 5B       		.byte	0x5b
 269 00ad B1000000 		.4byte	0xb1
 270 00b1 04       		.uleb128 0x4
 271 00b2 08       		.byte	0x8
 272 00b3 07       		.byte	0x7
 273 00b4 6B000000 		.4byte	.LASF15
 274 00b8 03       		.uleb128 0x3
 275 00b9 BA060000 		.4byte	.LASF16
 276 00bd 04       		.byte	0x4
 277 00be 14       		.byte	0x14
 278 00bf 45000000 		.4byte	0x45
 279 00c3 03       		.uleb128 0x3
 280 00c4 44040000 		.4byte	.LASF17
 281 00c8 04       		.byte	0x4
 282 00c9 19       		.byte	0x19
ARM GAS  /tmp/ccSWt7KR.s 			page 6


 283 00ca 57000000 		.4byte	0x57
 284 00ce 03       		.uleb128 0x3
 285 00cf 33020000 		.4byte	.LASF18
 286 00d3 04       		.byte	0x4
 287 00d4 1A       		.byte	0x1a
 288 00d5 69000000 		.4byte	0x69
 289 00d9 03       		.uleb128 0x3
 290 00da 52040000 		.4byte	.LASF19
 291 00de 04       		.byte	0x4
 292 00df 1F       		.byte	0x1f
 293 00e0 7B000000 		.4byte	0x7b
 294 00e4 03       		.uleb128 0x3
 295 00e5 23070000 		.4byte	.LASF20
 296 00e9 04       		.byte	0x4
 297 00ea 20       		.byte	0x20
 298 00eb 8D000000 		.4byte	0x8d
 299 00ef 03       		.uleb128 0x3
 300 00f0 30000000 		.4byte	.LASF21
 301 00f4 04       		.byte	0x4
 302 00f5 26       		.byte	0x26
 303 00f6 A6000000 		.4byte	0xa6
 304 00fa 03       		.uleb128 0x3
 305 00fb 5D060000 		.4byte	.LASF22
 306 00ff 05       		.byte	0x5
 307 0100 39       		.byte	0x39
 308 0101 E4000000 		.4byte	0xe4
 309 0105 03       		.uleb128 0x3
 310 0106 19030000 		.4byte	.LASF23
 311 010a 05       		.byte	0x5
 312 010b 3C       		.byte	0x3c
 313 010c B8000000 		.4byte	0xb8
 314 0110 03       		.uleb128 0x3
 315 0111 75010000 		.4byte	.LASF24
 316 0115 05       		.byte	0x5
 317 0116 3D       		.byte	0x3d
 318 0117 B8000000 		.4byte	0xb8
 319 011b 03       		.uleb128 0x3
 320 011c 14040000 		.4byte	.LASF25
 321 0120 05       		.byte	0x5
 322 0121 3E       		.byte	0x3e
 323 0122 B8000000 		.4byte	0xb8
 324 0126 03       		.uleb128 0x3
 325 0127 34040000 		.4byte	.LASF26
 326 012b 05       		.byte	0x5
 327 012c 40       		.byte	0x40
 328 012d E4000000 		.4byte	0xe4
 329 0131 03       		.uleb128 0x3
 330 0132 E9020000 		.4byte	.LASF27
 331 0136 05       		.byte	0x5
 332 0137 41       		.byte	0x41
 333 0138 D9000000 		.4byte	0xd9
 334 013c 03       		.uleb128 0x3
 335 013d 2F030000 		.4byte	.LASF28
 336 0141 05       		.byte	0x5
 337 0142 43       		.byte	0x43
 338 0143 E4000000 		.4byte	0xe4
 339 0147 03       		.uleb128 0x3
ARM GAS  /tmp/ccSWt7KR.s 			page 7


 340 0148 6E060000 		.4byte	.LASF29
 341 014c 05       		.byte	0x5
 342 014d 44       		.byte	0x44
 343 014e E4000000 		.4byte	0xe4
 344 0152 03       		.uleb128 0x3
 345 0153 1A020000 		.4byte	.LASF30
 346 0157 05       		.byte	0x5
 347 0158 45       		.byte	0x45
 348 0159 D9000000 		.4byte	0xd9
 349 015d 03       		.uleb128 0x3
 350 015e F9050000 		.4byte	.LASF31
 351 0162 06       		.byte	0x6
 352 0163 33       		.byte	0x33
 353 0164 E4000000 		.4byte	0xe4
 354 0168 03       		.uleb128 0x3
 355 0169 F0050000 		.4byte	.LASF32
 356 016d 06       		.byte	0x6
 357 016e 3F       		.byte	0x3f
 358 016f 73010000 		.4byte	0x173
 359 0173 05       		.uleb128 0x5
 360 0174 D4020000 		.4byte	.LASF50
 361 0178 44       		.byte	0x44
 362 0179 07       		.byte	0x7
 363 017a 9A       		.byte	0x9a
 364 017b 51020000 		.4byte	0x251
 365 017f 06       		.uleb128 0x6
 366 0180 AF020000 		.4byte	.LASF33
 367 0184 07       		.byte	0x7
 368 0185 9B       		.byte	0x9b
 369 0186 86020000 		.4byte	0x286
 370 018a 00       		.byte	0
 371 018b 06       		.uleb128 0x6
 372 018c F2030000 		.4byte	.LASF34
 373 0190 07       		.byte	0x7
 374 0191 9C       		.byte	0x9c
 375 0192 26010000 		.4byte	0x126
 376 0196 08       		.byte	0x8
 377 0197 07       		.uleb128 0x7
 378 0198 63747800 		.ascii	"ctx\000"
 379 019c 07       		.byte	0x7
 380 019d 9D       		.byte	0x9d
 381 019e F2040000 		.4byte	0x4f2
 382 01a2 0C       		.byte	0xc
 383 01a3 06       		.uleb128 0x6
 384 01a4 64030000 		.4byte	.LASF35
 385 01a8 07       		.byte	0x7
 386 01a9 9F       		.byte	0x9f
 387 01aa 5C020000 		.4byte	0x25c
 388 01ae 10       		.byte	0x10
 389 01af 06       		.uleb128 0x6
 390 01b0 DF050000 		.4byte	.LASF36
 391 01b4 07       		.byte	0x7
 392 01b5 A0       		.byte	0xa0
 393 01b6 5C020000 		.4byte	0x25c
 394 01ba 14       		.byte	0x14
 395 01bb 06       		.uleb128 0x6
 396 01bc AA020000 		.4byte	.LASF37
ARM GAS  /tmp/ccSWt7KR.s 			page 8


 397 01c0 07       		.byte	0x7
 398 01c1 A7       		.byte	0xa7
 399 01c2 77060000 		.4byte	0x677
 400 01c6 18       		.byte	0x18
 401 01c7 06       		.uleb128 0x6
 402 01c8 49010000 		.4byte	.LASF38
 403 01cc 07       		.byte	0x7
 404 01cd B0       		.byte	0xb0
 405 01ce 89060000 		.4byte	0x689
 406 01d2 1C       		.byte	0x1c
 407 01d3 06       		.uleb128 0x6
 408 01d4 50010000 		.4byte	.LASF39
 409 01d8 07       		.byte	0x7
 410 01d9 B5       		.byte	0xb5
 411 01da 10010000 		.4byte	0x110
 412 01de 20       		.byte	0x20
 413 01df 06       		.uleb128 0x6
 414 01e0 C2060000 		.4byte	.LASF40
 415 01e4 07       		.byte	0x7
 416 01e5 B9       		.byte	0xb9
 417 01e6 05010000 		.4byte	0x105
 418 01ea 21       		.byte	0x21
 419 01eb 06       		.uleb128 0x6
 420 01ec F7000000 		.4byte	.LASF41
 421 01f0 07       		.byte	0x7
 422 01f1 BE       		.byte	0xbe
 423 01f2 1B010000 		.4byte	0x11b
 424 01f6 22       		.byte	0x22
 425 01f7 08       		.uleb128 0x8
 426 01f8 7500     		.ascii	"u\000"
 427 01fa 07       		.byte	0x7
 428 01fb 0F01     		.2byte	0x10f
 429 01fd AC050000 		.4byte	0x5ac
 430 0201 24       		.byte	0x24
 431 0202 09       		.uleb128 0x9
 432 0203 D9010000 		.4byte	.LASF42
 433 0207 07       		.byte	0x7
 434 0208 1401     		.2byte	0x114
 435 020a 62020000 		.4byte	0x262
 436 020e 28       		.byte	0x28
 437 020f 09       		.uleb128 0x9
 438 0210 40010000 		.4byte	.LASF43
 439 0214 07       		.byte	0x7
 440 0215 1A01     		.2byte	0x11a
 441 0217 86020000 		.4byte	0x286
 442 021b 2C       		.byte	0x2c
 443 021c 09       		.uleb128 0x9
 444 021d EF020000 		.4byte	.LASF44
 445 0221 07       		.byte	0x7
 446 0222 2001     		.2byte	0x120
 447 0224 3C010000 		.4byte	0x13c
 448 0228 34       		.byte	0x34
 449 0229 09       		.uleb128 0x9
 450 022a 1B070000 		.4byte	.LASF45
 451 022e 07       		.byte	0x7
 452 022f 2701     		.2byte	0x127
 453 0231 71060000 		.4byte	0x671
ARM GAS  /tmp/ccSWt7KR.s 			page 9


 454 0235 38       		.byte	0x38
 455 0236 09       		.uleb128 0x9
 456 0237 37050000 		.4byte	.LASF46
 457 023b 07       		.byte	0x7
 458 023c 2B01     		.2byte	0x12b
 459 023e 26010000 		.4byte	0x126
 460 0242 3C       		.byte	0x3c
 461 0243 09       		.uleb128 0x9
 462 0244 B5020000 		.4byte	.LASF47
 463 0248 07       		.byte	0x7
 464 0249 3201     		.2byte	0x132
 465 024b 39030000 		.4byte	0x339
 466 024f 40       		.byte	0x40
 467 0250 00       		.byte	0
 468 0251 03       		.uleb128 0x3
 469 0252 95030000 		.4byte	.LASF48
 470 0256 06       		.byte	0x6
 471 0257 44       		.byte	0x44
 472 0258 5C020000 		.4byte	0x25c
 473 025c 0A       		.uleb128 0xa
 474 025d 04       		.byte	0x4
 475 025e 68010000 		.4byte	0x168
 476 0262 03       		.uleb128 0x3
 477 0263 07070000 		.4byte	.LASF49
 478 0267 06       		.byte	0x6
 479 0268 49       		.byte	0x49
 480 0269 6D020000 		.4byte	0x26d
 481 026d 05       		.uleb128 0x5
 482 026e 14050000 		.4byte	.LASF51
 483 0272 04       		.byte	0x4
 484 0273 07       		.byte	0x7
 485 0274 88       		.byte	0x88
 486 0275 86020000 		.4byte	0x286
 487 0279 06       		.uleb128 0x6
 488 027a CE000000 		.4byte	.LASF52
 489 027e 07       		.byte	0x7
 490 027f 89       		.byte	0x89
 491 0280 5C020000 		.4byte	0x25c
 492 0284 00       		.byte	0
 493 0285 00       		.byte	0
 494 0286 03       		.uleb128 0x3
 495 0287 BC040000 		.4byte	.LASF53
 496 028b 06       		.byte	0x6
 497 028c 50       		.byte	0x50
 498 028d 91020000 		.4byte	0x291
 499 0291 05       		.uleb128 0x5
 500 0292 D3000000 		.4byte	.LASF54
 501 0296 08       		.byte	0x8
 502 0297 07       		.byte	0x7
 503 0298 8F       		.byte	0x8f
 504 0299 B6020000 		.4byte	0x2b6
 505 029d 06       		.uleb128 0x6
 506 029e CE000000 		.4byte	.LASF52
 507 02a2 07       		.byte	0x7
 508 02a3 90       		.byte	0x90
 509 02a4 5C020000 		.4byte	0x25c
 510 02a8 00       		.byte	0
ARM GAS  /tmp/ccSWt7KR.s 			page 10


 511 02a9 06       		.uleb128 0x6
 512 02aa 00000000 		.4byte	.LASF55
 513 02ae 07       		.byte	0x7
 514 02af 91       		.byte	0x91
 515 02b0 5C020000 		.4byte	0x25c
 516 02b4 04       		.byte	0x4
 517 02b5 00       		.byte	0
 518 02b6 03       		.uleb128 0x3
 519 02b7 05000000 		.4byte	.LASF56
 520 02bb 06       		.byte	0x6
 521 02bc 57       		.byte	0x57
 522 02bd C1020000 		.4byte	0x2c1
 523 02c1 0B       		.uleb128 0xb
 524 02c2 21030000 		.4byte	.LASF57
 525 02c6 1C       		.byte	0x1c
 526 02c7 07       		.byte	0x7
 527 02c8 6A01     		.2byte	0x16a
 528 02ca 1D030000 		.4byte	0x31d
 529 02ce 09       		.uleb128 0x9
 530 02cf AF020000 		.4byte	.LASF33
 531 02d3 07       		.byte	0x7
 532 02d4 6B01     		.2byte	0x16b
 533 02d6 86020000 		.4byte	0x286
 534 02da 00       		.byte	0
 535 02db 09       		.uleb128 0x9
 536 02dc F2030000 		.4byte	.LASF34
 537 02e0 07       		.byte	0x7
 538 02e1 6C01     		.2byte	0x16c
 539 02e3 26010000 		.4byte	0x126
 540 02e7 08       		.byte	0x8
 541 02e8 08       		.uleb128 0x8
 542 02e9 63747800 		.ascii	"ctx\000"
 543 02ed 07       		.byte	0x7
 544 02ee 6E01     		.2byte	0x16e
 545 02f0 F2040000 		.4byte	0x4f2
 546 02f4 0C       		.byte	0xc
 547 02f5 09       		.uleb128 0x9
 548 02f6 64030000 		.4byte	.LASF35
 549 02fa 07       		.byte	0x7
 550 02fb 7101     		.2byte	0x171
 551 02fd 5C020000 		.4byte	0x25c
 552 0301 10       		.byte	0x10
 553 0302 09       		.uleb128 0x9
 554 0303 DF050000 		.4byte	.LASF36
 555 0307 07       		.byte	0x7
 556 0308 7201     		.2byte	0x172
 557 030a 5C020000 		.4byte	0x25c
 558 030e 14       		.byte	0x14
 559 030f 09       		.uleb128 0x9
 560 0310 F7030000 		.4byte	.LASF58
 561 0314 07       		.byte	0x7
 562 0315 7501     		.2byte	0x175
 563 0317 5C020000 		.4byte	0x25c
 564 031b 18       		.byte	0x18
 565 031c 00       		.byte	0
 566 031d 03       		.uleb128 0x3
 567 031e 03060000 		.4byte	.LASF59
ARM GAS  /tmp/ccSWt7KR.s 			page 11


 568 0322 06       		.byte	0x6
 569 0323 5C       		.byte	0x5c
 570 0324 28030000 		.4byte	0x328
 571 0328 0A       		.uleb128 0xa
 572 0329 04       		.byte	0x4
 573 032a 2E030000 		.4byte	0x32e
 574 032e 0C       		.uleb128 0xc
 575 032f 39030000 		.4byte	0x339
 576 0333 0D       		.uleb128 0xd
 577 0334 39030000 		.4byte	0x339
 578 0338 00       		.byte	0
 579 0339 0E       		.uleb128 0xe
 580 033a 04       		.byte	0x4
 581 033b 03       		.uleb128 0x3
 582 033c 1C040000 		.4byte	.LASF60
 583 0340 06       		.byte	0x6
 584 0341 61       		.byte	0x61
 585 0342 46030000 		.4byte	0x346
 586 0346 0B       		.uleb128 0xb
 587 0347 4C060000 		.4byte	.LASF61
 588 034b 14       		.byte	0x14
 589 034c 07       		.byte	0x7
 590 034d 4501     		.2byte	0x145
 591 034f 95030000 		.4byte	0x395
 592 0353 09       		.uleb128 0x9
 593 0354 CE000000 		.4byte	.LASF52
 594 0358 07       		.byte	0x7
 595 0359 4601     		.2byte	0x146
 596 035b 8F060000 		.4byte	0x68f
 597 035f 00       		.byte	0
 598 0360 09       		.uleb128 0x9
 599 0361 00000000 		.4byte	.LASF55
 600 0365 07       		.byte	0x7
 601 0366 4701     		.2byte	0x147
 602 0368 8F060000 		.4byte	0x68f
 603 036c 04       		.byte	0x4
 604 036d 09       		.uleb128 0x9
 605 036e 23000000 		.4byte	.LASF62
 606 0372 07       		.byte	0x7
 607 0373 4801     		.2byte	0x148
 608 0375 5D010000 		.4byte	0x15d
 609 0379 08       		.byte	0x8
 610 037a 09       		.uleb128 0x9
 611 037b 88010000 		.4byte	.LASF63
 612 037f 07       		.byte	0x7
 613 0380 4901     		.2byte	0x149
 614 0382 1D030000 		.4byte	0x31d
 615 0386 0C       		.byte	0xc
 616 0387 08       		.uleb128 0x8
 617 0388 70617200 		.ascii	"par\000"
 618 038c 07       		.byte	0x7
 619 038d 4B01     		.2byte	0x14b
 620 038f 39030000 		.4byte	0x339
 621 0393 10       		.byte	0x10
 622 0394 00       		.byte	0
 623 0395 03       		.uleb128 0x3
 624 0396 A0000000 		.4byte	.LASF64
ARM GAS  /tmp/ccSWt7KR.s 			page 12


 625 039a 06       		.byte	0x6
 626 039b 66       		.byte	0x66
 627 039c A0030000 		.4byte	0x3a0
 628 03a0 0B       		.uleb128 0xb
 629 03a1 B1030000 		.4byte	.LASF65
 630 03a5 10       		.byte	0x10
 631 03a6 07       		.byte	0x7
 632 03a7 5501     		.2byte	0x155
 633 03a9 E2030000 		.4byte	0x3e2
 634 03ad 09       		.uleb128 0x9
 635 03ae CE000000 		.4byte	.LASF52
 636 03b2 07       		.byte	0x7
 637 03b3 5601     		.2byte	0x156
 638 03b5 8F060000 		.4byte	0x68f
 639 03b9 00       		.byte	0
 640 03ba 09       		.uleb128 0x9
 641 03bb 00000000 		.4byte	.LASF55
 642 03bf 07       		.byte	0x7
 643 03c0 5801     		.2byte	0x158
 644 03c2 8F060000 		.4byte	0x68f
 645 03c6 04       		.byte	0x4
 646 03c7 09       		.uleb128 0x9
 647 03c8 23000000 		.4byte	.LASF62
 648 03cc 07       		.byte	0x7
 649 03cd 5A01     		.2byte	0x15a
 650 03cf 5D010000 		.4byte	0x15d
 651 03d3 08       		.byte	0x8
 652 03d4 09       		.uleb128 0x9
 653 03d5 72040000 		.4byte	.LASF66
 654 03d9 07       		.byte	0x7
 655 03da 6201     		.2byte	0x162
 656 03dc 5D010000 		.4byte	0x15d
 657 03e0 0C       		.byte	0xc
 658 03e1 00       		.byte	0
 659 03e2 03       		.uleb128 0x3
 660 03e3 56000000 		.4byte	.LASF67
 661 03e7 06       		.byte	0x6
 662 03e8 6B       		.byte	0x6b
 663 03e9 ED030000 		.4byte	0x3ed
 664 03ed 0B       		.uleb128 0xb
 665 03ee C9010000 		.4byte	.LASF68
 666 03f2 04       		.byte	0x4
 667 03f3 07       		.byte	0x7
 668 03f4 7C01     		.2byte	0x17c
 669 03f6 08040000 		.4byte	0x408
 670 03fa 09       		.uleb128 0x9
 671 03fb 17060000 		.4byte	.LASF69
 672 03ff 07       		.byte	0x7
 673 0400 8401     		.2byte	0x184
 674 0402 95060000 		.4byte	0x695
 675 0406 00       		.byte	0
 676 0407 00       		.byte	0
 677 0408 03       		.uleb128 0x3
 678 0409 F8020000 		.4byte	.LASF70
 679 040d 06       		.byte	0x6
 680 040e 70       		.byte	0x70
 681 040f 13040000 		.4byte	0x413
ARM GAS  /tmp/ccSWt7KR.s 			page 13


 682 0413 0B       		.uleb128 0xb
 683 0414 A6040000 		.4byte	.LASF71
 684 0418 78       		.byte	0x78
 685 0419 07       		.byte	0x7
 686 041a 9C01     		.2byte	0x19c
 687 041c 61040000 		.4byte	0x461
 688 0420 09       		.uleb128 0x9
 689 0421 A7060000 		.4byte	.LASF72
 690 0425 07       		.byte	0x7
 691 0426 A001     		.2byte	0x1a0
 692 0428 B6020000 		.4byte	0x2b6
 693 042c 00       		.byte	0
 694 042d 09       		.uleb128 0x9
 695 042e 39010000 		.4byte	.LASF73
 696 0432 07       		.byte	0x7
 697 0433 A401     		.2byte	0x1a4
 698 0435 95030000 		.4byte	0x395
 699 0439 1C       		.byte	0x1c
 700 043a 08       		.uleb128 0x8
 701 043b 64626700 		.ascii	"dbg\000"
 702 043f 07       		.byte	0x7
 703 0440 A801     		.2byte	0x1a8
 704 0442 E2030000 		.4byte	0x3e2
 705 0446 2C       		.byte	0x2c
 706 0447 09       		.uleb128 0x9
 707 0448 DE020000 		.4byte	.LASF74
 708 044c 07       		.byte	0x7
 709 044d AC01     		.2byte	0x1ac
 710 044f 68010000 		.4byte	0x168
 711 0453 30       		.byte	0x30
 712 0454 08       		.uleb128 0x8
 713 0455 746D00   		.ascii	"tm\000"
 714 0458 07       		.byte	0x7
 715 0459 B101     		.2byte	0x1b1
 716 045b A1050000 		.4byte	0x5a1
 717 045f 74       		.byte	0x74
 718 0460 00       		.byte	0
 719 0461 04       		.uleb128 0x4
 720 0462 04       		.byte	0x4
 721 0463 07       		.byte	0x7
 722 0464 8C030000 		.4byte	.LASF75
 723 0468 0F       		.uleb128 0xf
 724 0469 E4000000 		.4byte	0xe4
 725 046d 10       		.uleb128 0x10
 726 046e 1C       		.byte	0x1c
 727 046f 08       		.byte	0x8
 728 0470 0803     		.2byte	0x308
 729 0472 D0040000 		.4byte	0x4d0
 730 0476 08       		.uleb128 0x8
 731 0477 535200   		.ascii	"SR\000"
 732 047a 08       		.byte	0x8
 733 047b 0A03     		.2byte	0x30a
 734 047d 68040000 		.4byte	0x468
 735 0481 00       		.byte	0
 736 0482 08       		.uleb128 0x8
 737 0483 445200   		.ascii	"DR\000"
 738 0486 08       		.byte	0x8
ARM GAS  /tmp/ccSWt7KR.s 			page 14


 739 0487 0B03     		.2byte	0x30b
 740 0489 68040000 		.4byte	0x468
 741 048d 04       		.byte	0x4
 742 048e 08       		.uleb128 0x8
 743 048f 42525200 		.ascii	"BRR\000"
 744 0493 08       		.byte	0x8
 745 0494 0C03     		.2byte	0x30c
 746 0496 68040000 		.4byte	0x468
 747 049a 08       		.byte	0x8
 748 049b 08       		.uleb128 0x8
 749 049c 43523100 		.ascii	"CR1\000"
 750 04a0 08       		.byte	0x8
 751 04a1 0D03     		.2byte	0x30d
 752 04a3 68040000 		.4byte	0x468
 753 04a7 0C       		.byte	0xc
 754 04a8 08       		.uleb128 0x8
 755 04a9 43523200 		.ascii	"CR2\000"
 756 04ad 08       		.byte	0x8
 757 04ae 0E03     		.2byte	0x30e
 758 04b0 68040000 		.4byte	0x468
 759 04b4 10       		.byte	0x10
 760 04b5 08       		.uleb128 0x8
 761 04b6 43523300 		.ascii	"CR3\000"
 762 04ba 08       		.byte	0x8
 763 04bb 0F03     		.2byte	0x30f
 764 04bd 68040000 		.4byte	0x468
 765 04c1 14       		.byte	0x14
 766 04c2 09       		.uleb128 0x9
 767 04c3 25010000 		.4byte	.LASF76
 768 04c7 08       		.byte	0x8
 769 04c8 1003     		.2byte	0x310
 770 04ca 68040000 		.4byte	0x468
 771 04ce 18       		.byte	0x18
 772 04cf 00       		.byte	0
 773 04d0 11       		.uleb128 0x11
 774 04d1 04030000 		.4byte	.LASF77
 775 04d5 08       		.byte	0x8
 776 04d6 1103     		.2byte	0x311
 777 04d8 6D040000 		.4byte	0x46d
 778 04dc 03       		.uleb128 0x3
 779 04dd B7010000 		.4byte	.LASF78
 780 04e1 09       		.byte	0x9
 781 04e2 65       		.byte	0x65
 782 04e3 39030000 		.4byte	0x339
 783 04e7 03       		.uleb128 0x3
 784 04e8 59030000 		.4byte	.LASF79
 785 04ec 09       		.byte	0x9
 786 04ed 6D       		.byte	0x6d
 787 04ee EF000000 		.4byte	0xef
 788 04f2 05       		.uleb128 0x5
 789 04f3 D4030000 		.4byte	.LASF80
 790 04f7 04       		.byte	0x4
 791 04f8 09       		.byte	0x9
 792 04f9 89       		.byte	0x89
 793 04fa 0A050000 		.4byte	0x50a
 794 04fe 07       		.uleb128 0x7
 795 04ff 737000   		.ascii	"sp\000"
ARM GAS  /tmp/ccSWt7KR.s 			page 15


 796 0502 09       		.byte	0x9
 797 0503 8A       		.byte	0x8a
 798 0504 86050000 		.4byte	0x586
 799 0508 00       		.byte	0
 800 0509 00       		.byte	0
 801 050a 0B       		.uleb128 0xb
 802 050b 4A000000 		.4byte	.LASF81
 803 050f 24       		.byte	0x24
 804 0510 0A       		.byte	0xa
 805 0511 5901     		.2byte	0x159
 806 0513 86050000 		.4byte	0x586
 807 0517 08       		.uleb128 0x8
 808 0518 723400   		.ascii	"r4\000"
 809 051b 0A       		.byte	0xa
 810 051c 6C01     		.2byte	0x16c
 811 051e DC040000 		.4byte	0x4dc
 812 0522 00       		.byte	0
 813 0523 08       		.uleb128 0x8
 814 0524 723500   		.ascii	"r5\000"
 815 0527 0A       		.byte	0xa
 816 0528 6D01     		.2byte	0x16d
 817 052a DC040000 		.4byte	0x4dc
 818 052e 04       		.byte	0x4
 819 052f 08       		.uleb128 0x8
 820 0530 723600   		.ascii	"r6\000"
 821 0533 0A       		.byte	0xa
 822 0534 6E01     		.2byte	0x16e
 823 0536 DC040000 		.4byte	0x4dc
 824 053a 08       		.byte	0x8
 825 053b 08       		.uleb128 0x8
 826 053c 723700   		.ascii	"r7\000"
 827 053f 0A       		.byte	0xa
 828 0540 6F01     		.2byte	0x16f
 829 0542 DC040000 		.4byte	0x4dc
 830 0546 0C       		.byte	0xc
 831 0547 08       		.uleb128 0x8
 832 0548 723800   		.ascii	"r8\000"
 833 054b 0A       		.byte	0xa
 834 054c 7001     		.2byte	0x170
 835 054e DC040000 		.4byte	0x4dc
 836 0552 10       		.byte	0x10
 837 0553 08       		.uleb128 0x8
 838 0554 723900   		.ascii	"r9\000"
 839 0557 0A       		.byte	0xa
 840 0558 7101     		.2byte	0x171
 841 055a DC040000 		.4byte	0x4dc
 842 055e 14       		.byte	0x14
 843 055f 08       		.uleb128 0x8
 844 0560 72313000 		.ascii	"r10\000"
 845 0564 0A       		.byte	0xa
 846 0565 7201     		.2byte	0x172
 847 0567 DC040000 		.4byte	0x4dc
 848 056b 18       		.byte	0x18
 849 056c 08       		.uleb128 0x8
 850 056d 72313100 		.ascii	"r11\000"
 851 0571 0A       		.byte	0xa
 852 0572 7301     		.2byte	0x173
ARM GAS  /tmp/ccSWt7KR.s 			page 16


 853 0574 DC040000 		.4byte	0x4dc
 854 0578 1C       		.byte	0x1c
 855 0579 08       		.uleb128 0x8
 856 057a 6C7200   		.ascii	"lr\000"
 857 057d 0A       		.byte	0xa
 858 057e 7401     		.2byte	0x174
 859 0580 DC040000 		.4byte	0x4dc
 860 0584 20       		.byte	0x20
 861 0585 00       		.byte	0
 862 0586 0A       		.uleb128 0xa
 863 0587 04       		.byte	0x4
 864 0588 0A050000 		.4byte	0x50a
 865 058c 12       		.uleb128 0x12
 866 058d 04       		.byte	0x4
 867 058e 0B       		.byte	0xb
 868 058f 38       		.byte	0x38
 869 0590 A1050000 		.4byte	0x5a1
 870 0594 06       		.uleb128 0x6
 871 0595 21060000 		.4byte	.LASF82
 872 0599 0B       		.byte	0xb
 873 059a 3C       		.byte	0x3c
 874 059b FA000000 		.4byte	0xfa
 875 059f 00       		.byte	0
 876 05a0 00       		.byte	0
 877 05a1 03       		.uleb128 0x3
 878 05a2 E1030000 		.4byte	.LASF83
 879 05a6 0B       		.byte	0xb
 880 05a7 3D       		.byte	0x3d
 881 05a8 8C050000 		.4byte	0x58c
 882 05ac 13       		.uleb128 0x13
 883 05ad 04       		.byte	0x4
 884 05ae 07       		.byte	0x7
 885 05af D2       		.byte	0xd2
 886 05b0 0F060000 		.4byte	0x60f
 887 05b4 14       		.uleb128 0x14
 888 05b5 29000000 		.4byte	.LASF84
 889 05b9 07       		.byte	0x7
 890 05ba D9       		.byte	0xd9
 891 05bb 31010000 		.4byte	0x131
 892 05bf 14       		.uleb128 0x14
 893 05c0 88000000 		.4byte	.LASF85
 894 05c4 07       		.byte	0x7
 895 05c5 E0       		.byte	0xe0
 896 05c6 31010000 		.4byte	0x131
 897 05ca 14       		.uleb128 0x14
 898 05cb EA060000 		.4byte	.LASF86
 899 05cf 07       		.byte	0x7
 900 05d0 E7       		.byte	0xe7
 901 05d1 39030000 		.4byte	0x339
 902 05d5 14       		.uleb128 0x14
 903 05d6 CE030000 		.4byte	.LASF87
 904 05da 07       		.byte	0x7
 905 05db EE       		.byte	0xee
 906 05dc 0F060000 		.4byte	0x60f
 907 05e0 14       		.uleb128 0x14
 908 05e1 98000000 		.4byte	.LASF88
 909 05e5 07       		.byte	0x7
ARM GAS  /tmp/ccSWt7KR.s 			page 17


 910 05e6 F3       		.byte	0xf3
 911 05e7 31010000 		.4byte	0x131
 912 05eb 14       		.uleb128 0x14
 913 05ec 4C020000 		.4byte	.LASF89
 914 05f0 07       		.byte	0x7
 915 05f1 FC       		.byte	0xfc
 916 05f2 3A060000 		.4byte	0x63a
 917 05f6 15       		.uleb128 0x15
 918 05f7 F9040000 		.4byte	.LASF90
 919 05fb 07       		.byte	0x7
 920 05fc 0501     		.2byte	0x105
 921 05fe 71060000 		.4byte	0x671
 922 0602 15       		.uleb128 0x15
 923 0603 80040000 		.4byte	.LASF91
 924 0607 07       		.byte	0x7
 925 0608 0D01     		.2byte	0x10d
 926 060a 3C010000 		.4byte	0x13c
 927 060e 00       		.byte	0
 928 060f 0A       		.uleb128 0xa
 929 0610 04       		.byte	0x4
 930 0611 51020000 		.4byte	0x251
 931 0615 05       		.uleb128 0x5
 932 0616 D1040000 		.4byte	.LASF92
 933 061a 0C       		.byte	0xc
 934 061b 0C       		.byte	0xc
 935 061c 34       		.byte	0x34
 936 061d 3A060000 		.4byte	0x63a
 937 0621 06       		.uleb128 0x6
 938 0622 AF020000 		.4byte	.LASF33
 939 0626 0C       		.byte	0xc
 940 0627 35       		.byte	0x35
 941 0628 86020000 		.4byte	0x286
 942 062c 00       		.byte	0
 943 062d 07       		.uleb128 0x7
 944 062e 636E7400 		.ascii	"cnt\000"
 945 0632 0C       		.byte	0xc
 946 0633 37       		.byte	0x37
 947 0634 52010000 		.4byte	0x152
 948 0638 08       		.byte	0x8
 949 0639 00       		.byte	0
 950 063a 0A       		.uleb128 0xa
 951 063b 04       		.byte	0x4
 952 063c 15060000 		.4byte	0x615
 953 0640 05       		.uleb128 0x5
 954 0641 95060000 		.4byte	.LASF93
 955 0645 10       		.byte	0x10
 956 0646 0D       		.byte	0xd
 957 0647 39       		.byte	0x39
 958 0648 71060000 		.4byte	0x671
 959 064c 06       		.uleb128 0x6
 960 064d AF020000 		.4byte	.LASF33
 961 0651 0D       		.byte	0xd
 962 0652 3A       		.byte	0x3a
 963 0653 86020000 		.4byte	0x286
 964 0657 00       		.byte	0
 965 0658 06       		.uleb128 0x6
 966 0659 24050000 		.4byte	.LASF94
ARM GAS  /tmp/ccSWt7KR.s 			page 18


 967 065d 0D       		.byte	0xd
 968 065e 3C       		.byte	0x3c
 969 065f 5C020000 		.4byte	0x25c
 970 0663 08       		.byte	0x8
 971 0664 06       		.uleb128 0x6
 972 0665 CE000000 		.4byte	.LASF52
 973 0669 0D       		.byte	0xd
 974 066a 3E       		.byte	0x3e
 975 066b A5060000 		.4byte	0x6a5
 976 066f 0C       		.byte	0xc
 977 0670 00       		.byte	0
 978 0671 0A       		.uleb128 0xa
 979 0672 04       		.byte	0x4
 980 0673 40060000 		.4byte	0x640
 981 0677 0A       		.uleb128 0xa
 982 0678 04       		.byte	0x4
 983 0679 7D060000 		.4byte	0x67d
 984 067d 16       		.uleb128 0x16
 985 067e 82060000 		.4byte	0x682
 986 0682 04       		.uleb128 0x4
 987 0683 01       		.byte	0x1
 988 0684 08       		.byte	0x8
 989 0685 DA050000 		.4byte	.LASF95
 990 0689 0A       		.uleb128 0xa
 991 068a 04       		.byte	0x4
 992 068b E7040000 		.4byte	0x4e7
 993 068f 0A       		.uleb128 0xa
 994 0690 04       		.byte	0x4
 995 0691 3B030000 		.4byte	0x33b
 996 0695 0F       		.uleb128 0xf
 997 0696 77060000 		.4byte	0x677
 998 069a 03       		.uleb128 0x3
 999 069b EE010000 		.4byte	.LASF96
 1000 069f 0D       		.byte	0xd
 1001 06a0 34       		.byte	0x34
 1002 06a1 40060000 		.4byte	0x640
 1003 06a5 0A       		.uleb128 0xa
 1004 06a6 04       		.byte	0x4
 1005 06a7 9A060000 		.4byte	0x69a
 1006 06ab 03       		.uleb128 0x3
 1007 06ac 28060000 		.4byte	.LASF97
 1008 06b0 0E       		.byte	0xe
 1009 06b1 34       		.byte	0x34
 1010 06b2 B6060000 		.4byte	0x6b6
 1011 06b6 05       		.uleb128 0x5
 1012 06b7 2C070000 		.4byte	.LASF98
 1013 06bb 14       		.byte	0x14
 1014 06bc 0E       		.byte	0xe
 1015 06bd 39       		.byte	0x39
 1016 06be FF060000 		.4byte	0x6ff
 1017 06c2 06       		.uleb128 0x6
 1018 06c3 CE000000 		.4byte	.LASF52
 1019 06c7 0E       		.byte	0xe
 1020 06c8 3A       		.byte	0x3a
 1021 06c9 FF060000 		.4byte	0x6ff
 1022 06cd 00       		.byte	0
 1023 06ce 06       		.uleb128 0x6
ARM GAS  /tmp/ccSWt7KR.s 			page 19


 1024 06cf A8030000 		.4byte	.LASF99
 1025 06d3 0E       		.byte	0xe
 1026 06d4 3D       		.byte	0x3d
 1027 06d5 5C020000 		.4byte	0x25c
 1028 06d9 04       		.byte	0x4
 1029 06da 06       		.uleb128 0x6
 1030 06db E8040000 		.4byte	.LASF100
 1031 06df 0E       		.byte	0xe
 1032 06e0 3F       		.byte	0x3f
 1033 06e1 3C010000 		.4byte	0x13c
 1034 06e5 08       		.byte	0x8
 1035 06e6 06       		.uleb128 0x6
 1036 06e7 C2060000 		.4byte	.LASF40
 1037 06eb 0E       		.byte	0xe
 1038 06ec 41       		.byte	0x41
 1039 06ed 47010000 		.4byte	0x147
 1040 06f1 0C       		.byte	0xc
 1041 06f2 06       		.uleb128 0x6
 1042 06f3 9D010000 		.4byte	.LASF101
 1043 06f7 0E       		.byte	0xe
 1044 06f8 43       		.byte	0x43
 1045 06f9 47010000 		.4byte	0x147
 1046 06fd 10       		.byte	0x10
 1047 06fe 00       		.byte	0
 1048 06ff 0A       		.uleb128 0xa
 1049 0700 04       		.byte	0x4
 1050 0701 AB060000 		.4byte	0x6ab
 1051 0705 05       		.uleb128 0x5
 1052 0706 AD060000 		.4byte	.LASF102
 1053 070a 04       		.byte	0x4
 1054 070b 0E       		.byte	0xe
 1055 070c 4A       		.byte	0x4a
 1056 070d 1E070000 		.4byte	0x71e
 1057 0711 06       		.uleb128 0x6
 1058 0712 CE000000 		.4byte	.LASF52
 1059 0716 0E       		.byte	0xe
 1060 0717 4B       		.byte	0x4b
 1061 0718 FF060000 		.4byte	0x6ff
 1062 071c 00       		.byte	0
 1063 071d 00       		.byte	0
 1064 071e 03       		.uleb128 0x3
 1065 071f 0B020000 		.4byte	.LASF103
 1066 0723 0E       		.byte	0xe
 1067 0724 4E       		.byte	0x4e
 1068 0725 05070000 		.4byte	0x705
 1069 0729 04       		.uleb128 0x4
 1070 072a 01       		.byte	0x1
 1071 072b 02       		.byte	0x2
 1072 072c 4C040000 		.4byte	.LASF104
 1073 0730 0A       		.uleb128 0xa
 1074 0731 04       		.byte	0x4
 1075 0732 B8000000 		.4byte	0xb8
 1076 0736 05       		.uleb128 0x5
 1077 0737 8E040000 		.4byte	.LASF105
 1078 073b 10       		.byte	0x10
 1079 073c 0F       		.byte	0xf
 1080 073d 46       		.byte	0x46
ARM GAS  /tmp/ccSWt7KR.s 			page 20


 1081 073e 73070000 		.4byte	0x773
 1082 0742 06       		.uleb128 0x6
 1083 0743 6A030000 		.4byte	.LASF106
 1084 0747 0F       		.byte	0xf
 1085 0748 47       		.byte	0x47
 1086 0749 97070000 		.4byte	0x797
 1087 074d 00       		.byte	0
 1088 074e 06       		.uleb128 0x6
 1089 074f D5050000 		.4byte	.LASF107
 1090 0753 0F       		.byte	0xf
 1091 0754 47       		.byte	0x47
 1092 0755 B6070000 		.4byte	0x7b6
 1093 0759 04       		.byte	0x4
 1094 075a 07       		.uleb128 0x7
 1095 075b 70757400 		.ascii	"put\000"
 1096 075f 0F       		.byte	0xf
 1097 0760 47       		.byte	0x47
 1098 0761 D0070000 		.4byte	0x7d0
 1099 0765 08       		.byte	0x8
 1100 0766 07       		.uleb128 0x7
 1101 0767 67657400 		.ascii	"get\000"
 1102 076b 0F       		.byte	0xf
 1103 076c 47       		.byte	0x47
 1104 076d E5070000 		.4byte	0x7e5
 1105 0771 0C       		.byte	0xc
 1106 0772 00       		.byte	0
 1107 0773 17       		.uleb128 0x17
 1108 0774 2C000000 		.4byte	0x2c
 1109 0778 8C070000 		.4byte	0x78c
 1110 077c 0D       		.uleb128 0xd
 1111 077d 39030000 		.4byte	0x339
 1112 0781 0D       		.uleb128 0xd
 1113 0782 8C070000 		.4byte	0x78c
 1114 0786 0D       		.uleb128 0xd
 1115 0787 2C000000 		.4byte	0x2c
 1116 078b 00       		.byte	0
 1117 078c 0A       		.uleb128 0xa
 1118 078d 04       		.byte	0x4
 1119 078e 92070000 		.4byte	0x792
 1120 0792 16       		.uleb128 0x16
 1121 0793 B8000000 		.4byte	0xb8
 1122 0797 0A       		.uleb128 0xa
 1123 0798 04       		.byte	0x4
 1124 0799 73070000 		.4byte	0x773
 1125 079d 17       		.uleb128 0x17
 1126 079e 2C000000 		.4byte	0x2c
 1127 07a2 B6070000 		.4byte	0x7b6
 1128 07a6 0D       		.uleb128 0xd
 1129 07a7 39030000 		.4byte	0x339
 1130 07ab 0D       		.uleb128 0xd
 1131 07ac 30070000 		.4byte	0x730
 1132 07b0 0D       		.uleb128 0xd
 1133 07b1 2C000000 		.4byte	0x2c
 1134 07b5 00       		.byte	0
 1135 07b6 0A       		.uleb128 0xa
 1136 07b7 04       		.byte	0x4
 1137 07b8 9D070000 		.4byte	0x79d
ARM GAS  /tmp/ccSWt7KR.s 			page 21


 1138 07bc 17       		.uleb128 0x17
 1139 07bd 31010000 		.4byte	0x131
 1140 07c1 D0070000 		.4byte	0x7d0
 1141 07c5 0D       		.uleb128 0xd
 1142 07c6 39030000 		.4byte	0x339
 1143 07ca 0D       		.uleb128 0xd
 1144 07cb B8000000 		.4byte	0xb8
 1145 07cf 00       		.byte	0
 1146 07d0 0A       		.uleb128 0xa
 1147 07d1 04       		.byte	0x4
 1148 07d2 BC070000 		.4byte	0x7bc
 1149 07d6 17       		.uleb128 0x17
 1150 07d7 31010000 		.4byte	0x131
 1151 07db E5070000 		.4byte	0x7e5
 1152 07df 0D       		.uleb128 0xd
 1153 07e0 39030000 		.4byte	0x339
 1154 07e4 00       		.byte	0
 1155 07e5 0A       		.uleb128 0xa
 1156 07e6 04       		.byte	0x4
 1157 07e7 D6070000 		.4byte	0x7d6
 1158 07eb 12       		.uleb128 0x12
 1159 07ec 04       		.byte	0x4
 1160 07ed 0F       		.byte	0xf
 1161 07ee 4F       		.byte	0x4f
 1162 07ef 00080000 		.4byte	0x800
 1163 07f3 07       		.uleb128 0x7
 1164 07f4 766D7400 		.ascii	"vmt\000"
 1165 07f8 0F       		.byte	0xf
 1166 07f9 51       		.byte	0x51
 1167 07fa 00080000 		.4byte	0x800
 1168 07fe 00       		.byte	0
 1169 07ff 00       		.byte	0
 1170 0800 0A       		.uleb128 0xa
 1171 0801 04       		.byte	0x4
 1172 0802 06080000 		.4byte	0x806
 1173 0806 16       		.uleb128 0x16
 1174 0807 36070000 		.4byte	0x736
 1175 080b 03       		.uleb128 0x3
 1176 080c F6010000 		.4byte	.LASF108
 1177 0810 0F       		.byte	0xf
 1178 0811 53       		.byte	0x53
 1179 0812 EB070000 		.4byte	0x7eb
 1180 0816 17       		.uleb128 0x17
 1181 0817 31010000 		.4byte	0x131
 1182 081b 2F080000 		.4byte	0x82f
 1183 081f 0D       		.uleb128 0xd
 1184 0820 39030000 		.4byte	0x339
 1185 0824 0D       		.uleb128 0xd
 1186 0825 B8000000 		.4byte	0xb8
 1187 0829 0D       		.uleb128 0xd
 1188 082a 5D010000 		.4byte	0x15d
 1189 082e 00       		.byte	0
 1190 082f 0A       		.uleb128 0xa
 1191 0830 04       		.byte	0x4
 1192 0831 16080000 		.4byte	0x816
 1193 0835 17       		.uleb128 0x17
 1194 0836 31010000 		.4byte	0x131
ARM GAS  /tmp/ccSWt7KR.s 			page 22


 1195 083a 49080000 		.4byte	0x849
 1196 083e 0D       		.uleb128 0xd
 1197 083f 39030000 		.4byte	0x339
 1198 0843 0D       		.uleb128 0xd
 1199 0844 5D010000 		.4byte	0x15d
 1200 0848 00       		.byte	0
 1201 0849 0A       		.uleb128 0xa
 1202 084a 04       		.byte	0x4
 1203 084b 35080000 		.4byte	0x835
 1204 084f 17       		.uleb128 0x17
 1205 0850 2C000000 		.4byte	0x2c
 1206 0854 6D080000 		.4byte	0x86d
 1207 0858 0D       		.uleb128 0xd
 1208 0859 39030000 		.4byte	0x339
 1209 085d 0D       		.uleb128 0xd
 1210 085e 8C070000 		.4byte	0x78c
 1211 0862 0D       		.uleb128 0xd
 1212 0863 2C000000 		.4byte	0x2c
 1213 0867 0D       		.uleb128 0xd
 1214 0868 5D010000 		.4byte	0x15d
 1215 086c 00       		.byte	0
 1216 086d 0A       		.uleb128 0xa
 1217 086e 04       		.byte	0x4
 1218 086f 4F080000 		.4byte	0x84f
 1219 0873 17       		.uleb128 0x17
 1220 0874 2C000000 		.4byte	0x2c
 1221 0878 91080000 		.4byte	0x891
 1222 087c 0D       		.uleb128 0xd
 1223 087d 39030000 		.4byte	0x339
 1224 0881 0D       		.uleb128 0xd
 1225 0882 30070000 		.4byte	0x730
 1226 0886 0D       		.uleb128 0xd
 1227 0887 2C000000 		.4byte	0x2c
 1228 088b 0D       		.uleb128 0xd
 1229 088c 5D010000 		.4byte	0x15d
 1230 0890 00       		.byte	0
 1231 0891 0A       		.uleb128 0xa
 1232 0892 04       		.byte	0x4
 1233 0893 73080000 		.4byte	0x873
 1234 0897 0F       		.uleb128 0xf
 1235 0898 2C000000 		.4byte	0x2c
 1236 089c 03       		.uleb128 0x3
 1237 089d C3000000 		.4byte	.LASF109
 1238 08a1 10       		.byte	0x10
 1239 08a2 2A       		.byte	0x2a
 1240 08a3 A7080000 		.4byte	0x8a7
 1241 08a7 05       		.uleb128 0x5
 1242 08a8 83030000 		.4byte	.LASF110
 1243 08ac 24       		.byte	0x24
 1244 08ad 10       		.byte	0x10
 1245 08ae 3B       		.byte	0x3b
 1246 08af 14090000 		.4byte	0x914
 1247 08b3 06       		.uleb128 0x6
 1248 08b4 FC000000 		.4byte	.LASF111
 1249 08b8 10       		.byte	0x10
 1250 08b9 3C       		.byte	0x3c
 1251 08ba 86020000 		.4byte	0x286
ARM GAS  /tmp/ccSWt7KR.s 			page 23


 1252 08be 00       		.byte	0
 1253 08bf 06       		.uleb128 0x6
 1254 08c0 EF040000 		.4byte	.LASF112
 1255 08c4 10       		.byte	0x10
 1256 08c5 3D       		.byte	0x3d
 1257 08c6 97080000 		.4byte	0x897
 1258 08ca 08       		.byte	0x8
 1259 08cb 06       		.uleb128 0x6
 1260 08cc 8D010000 		.4byte	.LASF113
 1261 08d0 10       		.byte	0x10
 1262 08d1 3E       		.byte	0x3e
 1263 08d2 30070000 		.4byte	0x730
 1264 08d6 0C       		.byte	0xc
 1265 08d7 06       		.uleb128 0x6
 1266 08d8 8F060000 		.4byte	.LASF114
 1267 08dc 10       		.byte	0x10
 1268 08dd 3F       		.byte	0x3f
 1269 08de 30070000 		.4byte	0x730
 1270 08e2 10       		.byte	0x10
 1271 08e3 06       		.uleb128 0x6
 1272 08e4 C1020000 		.4byte	.LASF115
 1273 08e8 10       		.byte	0x10
 1274 08e9 41       		.byte	0x41
 1275 08ea 30070000 		.4byte	0x730
 1276 08ee 14       		.byte	0x14
 1277 08ef 06       		.uleb128 0x6
 1278 08f0 3C040000 		.4byte	.LASF116
 1279 08f4 10       		.byte	0x10
 1280 08f5 42       		.byte	0x42
 1281 08f6 30070000 		.4byte	0x730
 1282 08fa 18       		.byte	0x18
 1283 08fb 06       		.uleb128 0x6
 1284 08fc 9E060000 		.4byte	.LASF117
 1285 0900 10       		.byte	0x10
 1286 0901 43       		.byte	0x43
 1287 0902 14090000 		.4byte	0x914
 1288 0906 1C       		.byte	0x1c
 1289 0907 06       		.uleb128 0x6
 1290 0908 96010000 		.4byte	.LASF118
 1291 090c 10       		.byte	0x10
 1292 090d 44       		.byte	0x44
 1293 090e 39030000 		.4byte	0x339
 1294 0912 20       		.byte	0x20
 1295 0913 00       		.byte	0
 1296 0914 03       		.uleb128 0x3
 1297 0915 4F030000 		.4byte	.LASF119
 1298 0919 10       		.byte	0x10
 1299 091a 31       		.byte	0x31
 1300 091b 1F090000 		.4byte	0x91f
 1301 091f 0A       		.uleb128 0xa
 1302 0920 04       		.byte	0x4
 1303 0921 25090000 		.4byte	0x925
 1304 0925 0C       		.uleb128 0xc
 1305 0926 30090000 		.4byte	0x930
 1306 092a 0D       		.uleb128 0xd
 1307 092b 30090000 		.4byte	0x930
 1308 092f 00       		.byte	0
ARM GAS  /tmp/ccSWt7KR.s 			page 24


 1309 0930 0A       		.uleb128 0xa
 1310 0931 04       		.byte	0x4
 1311 0932 9C080000 		.4byte	0x89c
 1312 0936 03       		.uleb128 0x3
 1313 0937 70030000 		.4byte	.LASF120
 1314 093b 10       		.byte	0x10
 1315 093c 7A       		.byte	0x7a
 1316 093d 9C080000 		.4byte	0x89c
 1317 0941 03       		.uleb128 0x3
 1318 0942 2A010000 		.4byte	.LASF121
 1319 0946 10       		.byte	0x10
 1320 0947 CA       		.byte	0xca
 1321 0948 9C080000 		.4byte	0x89c
 1322 094c 12       		.uleb128 0x12
 1323 094d 04       		.byte	0x4
 1324 094e 11       		.byte	0x11
 1325 094f E7       		.byte	0xe7
 1326 0950 6D090000 		.4byte	0x96d
 1327 0954 07       		.uleb128 0x7
 1328 0955 73657400 		.ascii	"set\000"
 1329 0959 11       		.byte	0x11
 1330 095a E8       		.byte	0xe8
 1331 095b CE000000 		.4byte	0xce
 1332 095f 00       		.byte	0
 1333 0960 06       		.uleb128 0x6
 1334 0961 C8030000 		.4byte	.LASF122
 1335 0965 11       		.byte	0x11
 1336 0966 E9       		.byte	0xe9
 1337 0967 CE000000 		.4byte	0xce
 1338 096b 02       		.byte	0x2
 1339 096c 00       		.byte	0
 1340 096d 13       		.uleb128 0x13
 1341 096e 04       		.byte	0x4
 1342 096f 11       		.byte	0x11
 1343 0970 E5       		.byte	0xe5
 1344 0971 88090000 		.4byte	0x988
 1345 0975 18       		.uleb128 0x18
 1346 0976 5700     		.ascii	"W\000"
 1347 0978 11       		.byte	0x11
 1348 0979 E6       		.byte	0xe6
 1349 097a E4000000 		.4byte	0xe4
 1350 097e 18       		.uleb128 0x18
 1351 097f 4800     		.ascii	"H\000"
 1352 0981 11       		.byte	0x11
 1353 0982 EA       		.byte	0xea
 1354 0983 4C090000 		.4byte	0x94c
 1355 0987 00       		.byte	0
 1356 0988 12       		.uleb128 0x12
 1357 0989 2C       		.byte	0x2c
 1358 098a 11       		.byte	0x11
 1359 098b DD       		.byte	0xdd
 1360 098c 150A0000 		.4byte	0xa15
 1361 0990 06       		.uleb128 0x6
 1362 0991 65000000 		.4byte	.LASF123
 1363 0995 11       		.byte	0x11
 1364 0996 DF       		.byte	0xdf
 1365 0997 68040000 		.4byte	0x468
ARM GAS  /tmp/ccSWt7KR.s 			page 25


 1366 099b 00       		.byte	0
 1367 099c 06       		.uleb128 0x6
 1368 099d 43000000 		.4byte	.LASF124
 1369 09a1 11       		.byte	0x11
 1370 09a2 E0       		.byte	0xe0
 1371 09a3 68040000 		.4byte	0x468
 1372 09a7 04       		.byte	0x4
 1373 09a8 06       		.uleb128 0x6
 1374 09a9 A4010000 		.4byte	.LASF125
 1375 09ad 11       		.byte	0x11
 1376 09ae E1       		.byte	0xe1
 1377 09af 68040000 		.4byte	0x468
 1378 09b3 08       		.byte	0x8
 1379 09b4 06       		.uleb128 0x6
 1380 09b5 82000000 		.4byte	.LASF126
 1381 09b9 11       		.byte	0x11
 1382 09ba E2       		.byte	0xe2
 1383 09bb 68040000 		.4byte	0x468
 1384 09bf 0C       		.byte	0xc
 1385 09c0 07       		.uleb128 0x7
 1386 09c1 49445200 		.ascii	"IDR\000"
 1387 09c5 11       		.byte	0x11
 1388 09c6 E3       		.byte	0xe3
 1389 09c7 68040000 		.4byte	0x468
 1390 09cb 10       		.byte	0x10
 1391 09cc 07       		.uleb128 0x7
 1392 09cd 4F445200 		.ascii	"ODR\000"
 1393 09d1 11       		.byte	0x11
 1394 09d2 E4       		.byte	0xe4
 1395 09d3 68040000 		.4byte	0x468
 1396 09d7 14       		.byte	0x14
 1397 09d8 06       		.uleb128 0x6
 1398 09d9 20010000 		.4byte	.LASF127
 1399 09dd 11       		.byte	0x11
 1400 09de EB       		.byte	0xeb
 1401 09df 150A0000 		.4byte	0xa15
 1402 09e3 18       		.byte	0x18
 1403 09e4 06       		.uleb128 0x6
 1404 09e5 CC040000 		.4byte	.LASF128
 1405 09e9 11       		.byte	0x11
 1406 09ea EC       		.byte	0xec
 1407 09eb 68040000 		.4byte	0x468
 1408 09ef 1C       		.byte	0x1c
 1409 09f0 06       		.uleb128 0x6
 1410 09f1 0F040000 		.4byte	.LASF129
 1411 09f5 11       		.byte	0x11
 1412 09f6 ED       		.byte	0xed
 1413 09f7 68040000 		.4byte	0x468
 1414 09fb 20       		.byte	0x20
 1415 09fc 06       		.uleb128 0x6
 1416 09fd 0A040000 		.4byte	.LASF130
 1417 0a01 11       		.byte	0x11
 1418 0a02 EE       		.byte	0xee
 1419 0a03 68040000 		.4byte	0x468
 1420 0a07 24       		.byte	0x24
 1421 0a08 07       		.uleb128 0x7
 1422 0a09 42525200 		.ascii	"BRR\000"
ARM GAS  /tmp/ccSWt7KR.s 			page 26


 1423 0a0d 11       		.byte	0x11
 1424 0a0e EF       		.byte	0xef
 1425 0a0f 68040000 		.4byte	0x468
 1426 0a13 28       		.byte	0x28
 1427 0a14 00       		.byte	0
 1428 0a15 0F       		.uleb128 0xf
 1429 0a16 6D090000 		.4byte	0x96d
 1430 0a1a 03       		.uleb128 0x3
 1431 0a1b E1010000 		.4byte	.LASF131
 1432 0a1f 11       		.byte	0x11
 1433 0a20 F0       		.byte	0xf0
 1434 0a21 88090000 		.4byte	0x988
 1435 0a25 19       		.uleb128 0x19
 1436 0a26 01       		.byte	0x1
 1437 0a27 12       		.byte	0x12
 1438 0a28 58       		.byte	0x58
 1439 0a29 400A0000 		.4byte	0xa40
 1440 0a2d 1A       		.uleb128 0x1a
 1441 0a2e DE040000 		.4byte	.LASF132
 1442 0a32 00       		.sleb128 0
 1443 0a33 1A       		.uleb128 0x1a
 1444 0a34 2C040000 		.4byte	.LASF133
 1445 0a38 01       		.sleb128 1
 1446 0a39 1A       		.uleb128 0x1a
 1447 0a3a 65060000 		.4byte	.LASF134
 1448 0a3e 02       		.sleb128 2
 1449 0a3f 00       		.byte	0
 1450 0a40 03       		.uleb128 0x3
 1451 0a41 0A050000 		.4byte	.LASF135
 1452 0a45 12       		.byte	0x12
 1453 0a46 5C       		.byte	0x5c
 1454 0a47 250A0000 		.4byte	0xa25
 1455 0a4b 03       		.uleb128 0x3
 1456 0a4c 2A050000 		.4byte	.LASF136
 1457 0a50 12       		.byte	0x12
 1458 0a51 61       		.byte	0x61
 1459 0a52 560A0000 		.4byte	0xa56
 1460 0a56 05       		.uleb128 0x5
 1461 0a57 2A050000 		.4byte	.LASF136
 1462 0a5b 7C       		.byte	0x7c
 1463 0a5c 12       		.byte	0x12
 1464 0a5d 7B       		.byte	0x7b
 1465 0a5e CD0A0000 		.4byte	0xacd
 1466 0a62 07       		.uleb128 0x7
 1467 0a63 766D7400 		.ascii	"vmt\000"
 1468 0a67 12       		.byte	0x12
 1469 0a68 7D       		.byte	0x7d
 1470 0a69 3A0B0000 		.4byte	0xb3a
 1471 0a6d 00       		.byte	0
 1472 0a6e 06       		.uleb128 0x6
 1473 0a6f BB020000 		.4byte	.LASF137
 1474 0a73 12       		.byte	0x12
 1475 0a74 7E       		.byte	0x7e
 1476 0a75 1E070000 		.4byte	0x71e
 1477 0a79 04       		.byte	0x4
 1478 0a7a 06       		.uleb128 0x6
 1479 0a7b 50010000 		.4byte	.LASF39
ARM GAS  /tmp/ccSWt7KR.s 			page 27


 1480 0a7f 12       		.byte	0x12
 1481 0a80 7E       		.byte	0x7e
 1482 0a81 400A0000 		.4byte	0xa40
 1483 0a85 08       		.byte	0x8
 1484 0a86 06       		.uleb128 0x6
 1485 0a87 53020000 		.4byte	.LASF138
 1486 0a8b 12       		.byte	0x12
 1487 0a8c 7E       		.byte	0x7e
 1488 0a8d 36090000 		.4byte	0x936
 1489 0a91 0C       		.byte	0xc
 1490 0a92 06       		.uleb128 0x6
 1491 0a93 87040000 		.4byte	.LASF139
 1492 0a97 12       		.byte	0x12
 1493 0a98 7E       		.byte	0x7e
 1494 0a99 41090000 		.4byte	0x941
 1495 0a9d 30       		.byte	0x30
 1496 0a9e 07       		.uleb128 0x7
 1497 0a9f 696200   		.ascii	"ib\000"
 1498 0aa2 12       		.byte	0x12
 1499 0aa3 7E       		.byte	0x7e
 1500 0aa4 450B0000 		.4byte	0xb45
 1501 0aa8 54       		.byte	0x54
 1502 0aa9 07       		.uleb128 0x7
 1503 0aaa 6F6200   		.ascii	"ob\000"
 1504 0aad 12       		.byte	0x12
 1505 0aae 7E       		.byte	0x7e
 1506 0aaf 450B0000 		.4byte	0xb45
 1507 0ab3 64       		.byte	0x64
 1508 0ab4 06       		.uleb128 0x6
 1509 0ab5 20020000 		.4byte	.LASF140
 1510 0ab9 12       		.byte	0x12
 1511 0aba 7E       		.byte	0x7e
 1512 0abb 550B0000 		.4byte	0xb55
 1513 0abf 74       		.byte	0x74
 1514 0ac0 06       		.uleb128 0x6
 1515 0ac1 91000000 		.4byte	.LASF141
 1516 0ac5 12       		.byte	0x12
 1517 0ac6 7E       		.byte	0x7e
 1518 0ac7 B8000000 		.4byte	0xb8
 1519 0acb 78       		.byte	0x78
 1520 0acc 00       		.byte	0
 1521 0acd 05       		.uleb128 0x5
 1522 0ace 3C020000 		.4byte	.LASF142
 1523 0ad2 20       		.byte	0x20
 1524 0ad3 12       		.byte	0x12
 1525 0ad4 70       		.byte	0x70
 1526 0ad5 3A0B0000 		.4byte	0xb3a
 1527 0ad9 06       		.uleb128 0x6
 1528 0ada 6A030000 		.4byte	.LASF106
 1529 0ade 12       		.byte	0x12
 1530 0adf 71       		.byte	0x71
 1531 0ae0 97070000 		.4byte	0x797
 1532 0ae4 00       		.byte	0
 1533 0ae5 06       		.uleb128 0x6
 1534 0ae6 D5050000 		.4byte	.LASF107
 1535 0aea 12       		.byte	0x12
 1536 0aeb 71       		.byte	0x71
ARM GAS  /tmp/ccSWt7KR.s 			page 28


 1537 0aec B6070000 		.4byte	0x7b6
 1538 0af0 04       		.byte	0x4
 1539 0af1 07       		.uleb128 0x7
 1540 0af2 70757400 		.ascii	"put\000"
 1541 0af6 12       		.byte	0x12
 1542 0af7 71       		.byte	0x71
 1543 0af8 D0070000 		.4byte	0x7d0
 1544 0afc 08       		.byte	0x8
 1545 0afd 07       		.uleb128 0x7
 1546 0afe 67657400 		.ascii	"get\000"
 1547 0b02 12       		.byte	0x12
 1548 0b03 71       		.byte	0x71
 1549 0b04 E5070000 		.4byte	0x7e5
 1550 0b08 0C       		.byte	0xc
 1551 0b09 06       		.uleb128 0x6
 1552 0b0a 7E030000 		.4byte	.LASF143
 1553 0b0e 12       		.byte	0x12
 1554 0b0f 71       		.byte	0x71
 1555 0b10 2F080000 		.4byte	0x82f
 1556 0b14 10       		.byte	0x10
 1557 0b15 06       		.uleb128 0x6
 1558 0b16 A5020000 		.4byte	.LASF144
 1559 0b1a 12       		.byte	0x12
 1560 0b1b 71       		.byte	0x71
 1561 0b1c 49080000 		.4byte	0x849
 1562 0b20 14       		.byte	0x14
 1563 0b21 06       		.uleb128 0x6
 1564 0b22 12030000 		.4byte	.LASF145
 1565 0b26 12       		.byte	0x12
 1566 0b27 71       		.byte	0x71
 1567 0b28 6D080000 		.4byte	0x86d
 1568 0b2c 18       		.byte	0x18
 1569 0b2d 06       		.uleb128 0x6
 1570 0b2e F1000000 		.4byte	.LASF146
 1571 0b32 12       		.byte	0x12
 1572 0b33 71       		.byte	0x71
 1573 0b34 91080000 		.4byte	0x891
 1574 0b38 1C       		.byte	0x1c
 1575 0b39 00       		.byte	0
 1576 0b3a 0A       		.uleb128 0xa
 1577 0b3b 04       		.byte	0x4
 1578 0b3c 400B0000 		.4byte	0xb40
 1579 0b40 16       		.uleb128 0x16
 1580 0b41 CD0A0000 		.4byte	0xacd
 1581 0b45 1B       		.uleb128 0x1b
 1582 0b46 B8000000 		.4byte	0xb8
 1583 0b4a 550B0000 		.4byte	0xb55
 1584 0b4e 1C       		.uleb128 0x1c
 1585 0b4f 61040000 		.4byte	0x461
 1586 0b53 0F       		.byte	0xf
 1587 0b54 00       		.byte	0
 1588 0b55 0A       		.uleb128 0xa
 1589 0b56 04       		.byte	0x4
 1590 0b57 D0040000 		.4byte	0x4d0
 1591 0b5b 1D       		.uleb128 0x1d
 1592 0b5c 16070000 		.4byte	.LASF171
 1593 0b60 01       		.byte	0x1
ARM GAS  /tmp/ccSWt7KR.s 			page 29


 1594 0b61 1E       		.byte	0x1e
 1595 0b62 25000000 		.4byte	0x25
 1596 0b66 00000000 		.4byte	.LFB279
 1597 0b6a 5C000000 		.4byte	.LFE279-.LFB279
 1598 0b6e 01       		.uleb128 0x1
 1599 0b6f 9C       		.byte	0x9c
 1600 0b70 830B0000 		.4byte	0xb83
 1601 0b74 1E       		.uleb128 0x1e
 1602 0b75 7B040000 		.4byte	.LASF147
 1603 0b79 01       		.byte	0x1
 1604 0b7a 2A       		.byte	0x2a
 1605 0b7b 830B0000 		.4byte	0xb83
 1606 0b7f 02       		.uleb128 0x2
 1607 0b80 91       		.byte	0x91
 1608 0b81 70       		.sleb128 -16
 1609 0b82 00       		.byte	0
 1610 0b83 1B       		.uleb128 0x1b
 1611 0b84 C3000000 		.4byte	0xc3
 1612 0b88 930B0000 		.4byte	0xb93
 1613 0b8c 1C       		.uleb128 0x1c
 1614 0b8d 61040000 		.4byte	0x461
 1615 0b91 02       		.byte	0x2
 1616 0b92 00       		.byte	0
 1617 0b93 1E       		.uleb128 0x1e
 1618 0b94 68040000 		.4byte	.LASF148
 1619 0b98 13       		.byte	0x13
 1620 0b99 05       		.byte	0x5
 1621 0b9a 92070000 		.4byte	0x792
 1622 0b9e 05       		.uleb128 0x5
 1623 0b9f 03       		.byte	0x3
 1624 0ba0 00000000 		.4byte	BW_XL_400
 1625 0ba4 1E       		.uleb128 0x1e
 1626 0ba5 12000000 		.4byte	.LASF149
 1627 0ba9 13       		.byte	0x13
 1628 0baa 06       		.byte	0x6
 1629 0bab 92070000 		.4byte	0x792
 1630 0baf 05       		.uleb128 0x5
 1631 0bb0 03       		.byte	0x3
 1632 0bb1 01000000 		.4byte	BW_XL_200
 1633 0bb5 1E       		.uleb128 0x1e
 1634 0bb6 7E010000 		.4byte	.LASF150
 1635 0bba 13       		.byte	0x13
 1636 0bbb 07       		.byte	0x7
 1637 0bbc 92070000 		.4byte	0x792
 1638 0bc0 05       		.uleb128 0x5
 1639 0bc1 03       		.byte	0x3
 1640 0bc2 02000000 		.4byte	BW_XL_100
 1641 0bc6 1E       		.uleb128 0x1e
 1642 0bc7 C0010000 		.4byte	.LASF151
 1643 0bcb 13       		.byte	0x13
 1644 0bcc 08       		.byte	0x8
 1645 0bcd 92070000 		.4byte	0x792
 1646 0bd1 05       		.uleb128 0x5
 1647 0bd2 03       		.byte	0x3
 1648 0bd3 03000000 		.4byte	BW_XL_50
 1649 0bd7 1E       		.uleb128 0x1e
 1650 0bd8 C8060000 		.4byte	.LASF152
ARM GAS  /tmp/ccSWt7KR.s 			page 30


 1651 0bdc 13       		.byte	0x13
 1652 0bdd 0A       		.byte	0xa
 1653 0bde 92070000 		.4byte	0x792
 1654 0be2 05       		.uleb128 0x5
 1655 0be3 03       		.byte	0x3
 1656 0be4 04000000 		.4byte	FS_XL_2
 1657 0be8 1E       		.uleb128 0x1e
 1658 0be9 D0060000 		.4byte	.LASF153
 1659 0bed 13       		.byte	0x13
 1660 0bee 0B       		.byte	0xb
 1661 0bef 92070000 		.4byte	0x792
 1662 0bf3 05       		.uleb128 0x5
 1663 0bf4 03       		.byte	0x3
 1664 0bf5 05000000 		.4byte	FS_XL_4
 1665 0bf9 1E       		.uleb128 0x1e
 1666 0bfa D8060000 		.4byte	.LASF154
 1667 0bfe 13       		.byte	0x13
 1668 0bff 0C       		.byte	0xc
 1669 0c00 92070000 		.4byte	0x792
 1670 0c04 05       		.uleb128 0x5
 1671 0c05 03       		.byte	0x3
 1672 0c06 06000000 		.4byte	FS_XL_8
 1673 0c0a 1E       		.uleb128 0x1e
 1674 0c0b 56010000 		.4byte	.LASF155
 1675 0c0f 13       		.byte	0x13
 1676 0c10 0D       		.byte	0xd
 1677 0c11 92070000 		.4byte	0x792
 1678 0c15 05       		.uleb128 0x5
 1679 0c16 03       		.byte	0x3
 1680 0c17 07000000 		.4byte	FS_XL_16
 1681 0c1b 1E       		.uleb128 0x1e
 1682 0c1c 3B070000 		.4byte	.LASF156
 1683 0c20 13       		.byte	0x13
 1684 0c21 0F       		.byte	0xf
 1685 0c22 92070000 		.4byte	0x792
 1686 0c26 05       		.uleb128 0x5
 1687 0c27 03       		.byte	0x3
 1688 0c28 08000000 		.4byte	ODR_XL_POWERDOWN
 1689 0c2c 1E       		.uleb128 0x1e
 1690 0c2d B0040000 		.4byte	.LASF157
 1691 0c31 13       		.byte	0x13
 1692 0c32 10       		.byte	0x10
 1693 0c33 92070000 		.4byte	0x792
 1694 0c37 05       		.uleb128 0x5
 1695 0c38 03       		.byte	0x3
 1696 0c39 09000000 		.4byte	ODR_XL_12_5
 1697 0c3d 1E       		.uleb128 0x1e
 1698 0c3e 5A020000 		.4byte	.LASF158
 1699 0c42 13       		.byte	0x13
 1700 0c43 11       		.byte	0x11
 1701 0c44 92070000 		.4byte	0x792
 1702 0c48 05       		.uleb128 0x5
 1703 0c49 03       		.byte	0x3
 1704 0c4a 0A000000 		.4byte	ODR_XL_26
 1705 0c4e 1E       		.uleb128 0x1e
 1706 0c4f 00050000 		.4byte	.LASF159
 1707 0c53 13       		.byte	0x13
ARM GAS  /tmp/ccSWt7KR.s 			page 31


 1708 0c54 12       		.byte	0x12
 1709 0c55 92070000 		.4byte	0x792
 1710 0c59 05       		.uleb128 0x5
 1711 0c5a 03       		.byte	0x3
 1712 0c5b 0B000000 		.4byte	ODR_XL_52
 1713 0c5f 1E       		.uleb128 0x1e
 1714 0c60 0C060000 		.4byte	.LASF160
 1715 0c64 13       		.byte	0x13
 1716 0c65 13       		.byte	0x13
 1717 0c66 92070000 		.4byte	0x792
 1718 0c6a 05       		.uleb128 0x5
 1719 0c6b 03       		.byte	0x3
 1720 0c6c 0C000000 		.4byte	ODR_XL_104
 1721 0c70 1E       		.uleb128 0x1e
 1722 0c71 FC060000 		.4byte	.LASF161
 1723 0c75 13       		.byte	0x13
 1724 0c76 14       		.byte	0x14
 1725 0c77 92070000 		.4byte	0x792
 1726 0c7b 05       		.uleb128 0x5
 1727 0c7c 03       		.byte	0x3
 1728 0c7d 0D000000 		.4byte	ODR_XL_208
 1729 0c81 1E       		.uleb128 0x1e
 1730 0c82 C9020000 		.4byte	.LASF162
 1731 0c86 13       		.byte	0x13
 1732 0c87 15       		.byte	0x15
 1733 0c88 92070000 		.4byte	0x792
 1734 0c8c 05       		.uleb128 0x5
 1735 0c8d 03       		.byte	0x3
 1736 0c8e 0E000000 		.4byte	ODR_XL_416
 1737 0c92 1E       		.uleb128 0x1e
 1738 0c93 F1060000 		.4byte	.LASF163
 1739 0c97 13       		.byte	0x13
 1740 0c98 16       		.byte	0x16
 1741 0c99 92070000 		.4byte	0x792
 1742 0c9d 05       		.uleb128 0x5
 1743 0c9e 03       		.byte	0x3
 1744 0c9f 0F000000 		.4byte	ODR_XL_833
 1745 0ca3 1E       		.uleb128 0x1e
 1746 0ca4 68010000 		.4byte	.LASF164
 1747 0ca8 13       		.byte	0x13
 1748 0ca9 17       		.byte	0x17
 1749 0caa 92070000 		.4byte	0x792
 1750 0cae 05       		.uleb128 0x5
 1751 0caf 03       		.byte	0x3
 1752 0cb0 10000000 		.4byte	ODR_XL_1_66k
 1753 0cb4 1E       		.uleb128 0x1e
 1754 0cb5 E4000000 		.4byte	.LASF165
 1755 0cb9 13       		.byte	0x13
 1756 0cba 18       		.byte	0x18
 1757 0cbb 92070000 		.4byte	0x792
 1758 0cbf 05       		.uleb128 0x5
 1759 0cc0 03       		.byte	0x3
 1760 0cc1 11000000 		.4byte	ODR_XL_3_33k
 1761 0cc5 1E       		.uleb128 0x1e
 1762 0cc6 82060000 		.4byte	.LASF166
 1763 0cca 13       		.byte	0x13
 1764 0ccb 19       		.byte	0x19
ARM GAS  /tmp/ccSWt7KR.s 			page 32


 1765 0ccc 92070000 		.4byte	0x792
 1766 0cd0 05       		.uleb128 0x5
 1767 0cd1 03       		.byte	0x3
 1768 0cd2 12000000 		.4byte	ODR_XL_6_66k
 1769 0cd6 1F       		.uleb128 0x1f
 1770 0cd7 B6000000 		.4byte	.LASF167
 1771 0cdb 15       		.byte	0x15
 1772 0cdc 4407     		.2byte	0x744
 1773 0cde E20C0000 		.4byte	0xce2
 1774 0ce2 0F       		.uleb128 0xf
 1775 0ce3 D9000000 		.4byte	0xd9
 1776 0ce7 20       		.uleb128 0x20
 1777 0ce8 636800   		.ascii	"ch\000"
 1778 0ceb 07       		.byte	0x7
 1779 0cec D201     		.2byte	0x1d2
 1780 0cee 08040000 		.4byte	0x408
 1781 0cf2 20       		.uleb128 0x20
 1782 0cf3 53443200 		.ascii	"SD2\000"
 1783 0cf7 14       		.byte	0x14
 1784 0cf8 4701     		.2byte	0x147
 1785 0cfa 4B0A0000 		.4byte	0xa4b
 1786 0cfe 20       		.uleb128 0x20
 1787 0cff 53443300 		.ascii	"SD3\000"
 1788 0d03 14       		.byte	0x14
 1789 0d04 4A01     		.2byte	0x14a
 1790 0d06 4B0A0000 		.4byte	0xa4b
 1791 0d0a 00       		.byte	0
 1792              		.section	.debug_abbrev,"",%progbits
 1793              	.Ldebug_abbrev0:
 1794 0000 01       		.uleb128 0x1
 1795 0001 11       		.uleb128 0x11
 1796 0002 01       		.byte	0x1
 1797 0003 25       		.uleb128 0x25
 1798 0004 0E       		.uleb128 0xe
 1799 0005 13       		.uleb128 0x13
 1800 0006 0B       		.uleb128 0xb
 1801 0007 03       		.uleb128 0x3
 1802 0008 0E       		.uleb128 0xe
 1803 0009 1B       		.uleb128 0x1b
 1804 000a 0E       		.uleb128 0xe
 1805 000b 11       		.uleb128 0x11
 1806 000c 01       		.uleb128 0x1
 1807 000d 12       		.uleb128 0x12
 1808 000e 06       		.uleb128 0x6
 1809 000f 10       		.uleb128 0x10
 1810 0010 17       		.uleb128 0x17
 1811 0011 00       		.byte	0
 1812 0012 00       		.byte	0
 1813 0013 02       		.uleb128 0x2
 1814 0014 24       		.uleb128 0x24
 1815 0015 00       		.byte	0
 1816 0016 0B       		.uleb128 0xb
 1817 0017 0B       		.uleb128 0xb
 1818 0018 3E       		.uleb128 0x3e
 1819 0019 0B       		.uleb128 0xb
 1820 001a 03       		.uleb128 0x3
 1821 001b 08       		.uleb128 0x8
ARM GAS  /tmp/ccSWt7KR.s 			page 33


 1822 001c 00       		.byte	0
 1823 001d 00       		.byte	0
 1824 001e 03       		.uleb128 0x3
 1825 001f 16       		.uleb128 0x16
 1826 0020 00       		.byte	0
 1827 0021 03       		.uleb128 0x3
 1828 0022 0E       		.uleb128 0xe
 1829 0023 3A       		.uleb128 0x3a
 1830 0024 0B       		.uleb128 0xb
 1831 0025 3B       		.uleb128 0x3b
 1832 0026 0B       		.uleb128 0xb
 1833 0027 49       		.uleb128 0x49
 1834 0028 13       		.uleb128 0x13
 1835 0029 00       		.byte	0
 1836 002a 00       		.byte	0
 1837 002b 04       		.uleb128 0x4
 1838 002c 24       		.uleb128 0x24
 1839 002d 00       		.byte	0
 1840 002e 0B       		.uleb128 0xb
 1841 002f 0B       		.uleb128 0xb
 1842 0030 3E       		.uleb128 0x3e
 1843 0031 0B       		.uleb128 0xb
 1844 0032 03       		.uleb128 0x3
 1845 0033 0E       		.uleb128 0xe
 1846 0034 00       		.byte	0
 1847 0035 00       		.byte	0
 1848 0036 05       		.uleb128 0x5
 1849 0037 13       		.uleb128 0x13
 1850 0038 01       		.byte	0x1
 1851 0039 03       		.uleb128 0x3
 1852 003a 0E       		.uleb128 0xe
 1853 003b 0B       		.uleb128 0xb
 1854 003c 0B       		.uleb128 0xb
 1855 003d 3A       		.uleb128 0x3a
 1856 003e 0B       		.uleb128 0xb
 1857 003f 3B       		.uleb128 0x3b
 1858 0040 0B       		.uleb128 0xb
 1859 0041 01       		.uleb128 0x1
 1860 0042 13       		.uleb128 0x13
 1861 0043 00       		.byte	0
 1862 0044 00       		.byte	0
 1863 0045 06       		.uleb128 0x6
 1864 0046 0D       		.uleb128 0xd
 1865 0047 00       		.byte	0
 1866 0048 03       		.uleb128 0x3
 1867 0049 0E       		.uleb128 0xe
 1868 004a 3A       		.uleb128 0x3a
 1869 004b 0B       		.uleb128 0xb
 1870 004c 3B       		.uleb128 0x3b
 1871 004d 0B       		.uleb128 0xb
 1872 004e 49       		.uleb128 0x49
 1873 004f 13       		.uleb128 0x13
 1874 0050 38       		.uleb128 0x38
 1875 0051 0B       		.uleb128 0xb
 1876 0052 00       		.byte	0
 1877 0053 00       		.byte	0
 1878 0054 07       		.uleb128 0x7
ARM GAS  /tmp/ccSWt7KR.s 			page 34


 1879 0055 0D       		.uleb128 0xd
 1880 0056 00       		.byte	0
 1881 0057 03       		.uleb128 0x3
 1882 0058 08       		.uleb128 0x8
 1883 0059 3A       		.uleb128 0x3a
 1884 005a 0B       		.uleb128 0xb
 1885 005b 3B       		.uleb128 0x3b
 1886 005c 0B       		.uleb128 0xb
 1887 005d 49       		.uleb128 0x49
 1888 005e 13       		.uleb128 0x13
 1889 005f 38       		.uleb128 0x38
 1890 0060 0B       		.uleb128 0xb
 1891 0061 00       		.byte	0
 1892 0062 00       		.byte	0
 1893 0063 08       		.uleb128 0x8
 1894 0064 0D       		.uleb128 0xd
 1895 0065 00       		.byte	0
 1896 0066 03       		.uleb128 0x3
 1897 0067 08       		.uleb128 0x8
 1898 0068 3A       		.uleb128 0x3a
 1899 0069 0B       		.uleb128 0xb
 1900 006a 3B       		.uleb128 0x3b
 1901 006b 05       		.uleb128 0x5
 1902 006c 49       		.uleb128 0x49
 1903 006d 13       		.uleb128 0x13
 1904 006e 38       		.uleb128 0x38
 1905 006f 0B       		.uleb128 0xb
 1906 0070 00       		.byte	0
 1907 0071 00       		.byte	0
 1908 0072 09       		.uleb128 0x9
 1909 0073 0D       		.uleb128 0xd
 1910 0074 00       		.byte	0
 1911 0075 03       		.uleb128 0x3
 1912 0076 0E       		.uleb128 0xe
 1913 0077 3A       		.uleb128 0x3a
 1914 0078 0B       		.uleb128 0xb
 1915 0079 3B       		.uleb128 0x3b
 1916 007a 05       		.uleb128 0x5
 1917 007b 49       		.uleb128 0x49
 1918 007c 13       		.uleb128 0x13
 1919 007d 38       		.uleb128 0x38
 1920 007e 0B       		.uleb128 0xb
 1921 007f 00       		.byte	0
 1922 0080 00       		.byte	0
 1923 0081 0A       		.uleb128 0xa
 1924 0082 0F       		.uleb128 0xf
 1925 0083 00       		.byte	0
 1926 0084 0B       		.uleb128 0xb
 1927 0085 0B       		.uleb128 0xb
 1928 0086 49       		.uleb128 0x49
 1929 0087 13       		.uleb128 0x13
 1930 0088 00       		.byte	0
 1931 0089 00       		.byte	0
 1932 008a 0B       		.uleb128 0xb
 1933 008b 13       		.uleb128 0x13
 1934 008c 01       		.byte	0x1
 1935 008d 03       		.uleb128 0x3
ARM GAS  /tmp/ccSWt7KR.s 			page 35


 1936 008e 0E       		.uleb128 0xe
 1937 008f 0B       		.uleb128 0xb
 1938 0090 0B       		.uleb128 0xb
 1939 0091 3A       		.uleb128 0x3a
 1940 0092 0B       		.uleb128 0xb
 1941 0093 3B       		.uleb128 0x3b
 1942 0094 05       		.uleb128 0x5
 1943 0095 01       		.uleb128 0x1
 1944 0096 13       		.uleb128 0x13
 1945 0097 00       		.byte	0
 1946 0098 00       		.byte	0
 1947 0099 0C       		.uleb128 0xc
 1948 009a 15       		.uleb128 0x15
 1949 009b 01       		.byte	0x1
 1950 009c 27       		.uleb128 0x27
 1951 009d 19       		.uleb128 0x19
 1952 009e 01       		.uleb128 0x1
 1953 009f 13       		.uleb128 0x13
 1954 00a0 00       		.byte	0
 1955 00a1 00       		.byte	0
 1956 00a2 0D       		.uleb128 0xd
 1957 00a3 05       		.uleb128 0x5
 1958 00a4 00       		.byte	0
 1959 00a5 49       		.uleb128 0x49
 1960 00a6 13       		.uleb128 0x13
 1961 00a7 00       		.byte	0
 1962 00a8 00       		.byte	0
 1963 00a9 0E       		.uleb128 0xe
 1964 00aa 0F       		.uleb128 0xf
 1965 00ab 00       		.byte	0
 1966 00ac 0B       		.uleb128 0xb
 1967 00ad 0B       		.uleb128 0xb
 1968 00ae 00       		.byte	0
 1969 00af 00       		.byte	0
 1970 00b0 0F       		.uleb128 0xf
 1971 00b1 35       		.uleb128 0x35
 1972 00b2 00       		.byte	0
 1973 00b3 49       		.uleb128 0x49
 1974 00b4 13       		.uleb128 0x13
 1975 00b5 00       		.byte	0
 1976 00b6 00       		.byte	0
 1977 00b7 10       		.uleb128 0x10
 1978 00b8 13       		.uleb128 0x13
 1979 00b9 01       		.byte	0x1
 1980 00ba 0B       		.uleb128 0xb
 1981 00bb 0B       		.uleb128 0xb
 1982 00bc 3A       		.uleb128 0x3a
 1983 00bd 0B       		.uleb128 0xb
 1984 00be 3B       		.uleb128 0x3b
 1985 00bf 05       		.uleb128 0x5
 1986 00c0 01       		.uleb128 0x1
 1987 00c1 13       		.uleb128 0x13
 1988 00c2 00       		.byte	0
 1989 00c3 00       		.byte	0
 1990 00c4 11       		.uleb128 0x11
 1991 00c5 16       		.uleb128 0x16
 1992 00c6 00       		.byte	0
ARM GAS  /tmp/ccSWt7KR.s 			page 36


 1993 00c7 03       		.uleb128 0x3
 1994 00c8 0E       		.uleb128 0xe
 1995 00c9 3A       		.uleb128 0x3a
 1996 00ca 0B       		.uleb128 0xb
 1997 00cb 3B       		.uleb128 0x3b
 1998 00cc 05       		.uleb128 0x5
 1999 00cd 49       		.uleb128 0x49
 2000 00ce 13       		.uleb128 0x13
 2001 00cf 00       		.byte	0
 2002 00d0 00       		.byte	0
 2003 00d1 12       		.uleb128 0x12
 2004 00d2 13       		.uleb128 0x13
 2005 00d3 01       		.byte	0x1
 2006 00d4 0B       		.uleb128 0xb
 2007 00d5 0B       		.uleb128 0xb
 2008 00d6 3A       		.uleb128 0x3a
 2009 00d7 0B       		.uleb128 0xb
 2010 00d8 3B       		.uleb128 0x3b
 2011 00d9 0B       		.uleb128 0xb
 2012 00da 01       		.uleb128 0x1
 2013 00db 13       		.uleb128 0x13
 2014 00dc 00       		.byte	0
 2015 00dd 00       		.byte	0
 2016 00de 13       		.uleb128 0x13
 2017 00df 17       		.uleb128 0x17
 2018 00e0 01       		.byte	0x1
 2019 00e1 0B       		.uleb128 0xb
 2020 00e2 0B       		.uleb128 0xb
 2021 00e3 3A       		.uleb128 0x3a
 2022 00e4 0B       		.uleb128 0xb
 2023 00e5 3B       		.uleb128 0x3b
 2024 00e6 0B       		.uleb128 0xb
 2025 00e7 01       		.uleb128 0x1
 2026 00e8 13       		.uleb128 0x13
 2027 00e9 00       		.byte	0
 2028 00ea 00       		.byte	0
 2029 00eb 14       		.uleb128 0x14
 2030 00ec 0D       		.uleb128 0xd
 2031 00ed 00       		.byte	0
 2032 00ee 03       		.uleb128 0x3
 2033 00ef 0E       		.uleb128 0xe
 2034 00f0 3A       		.uleb128 0x3a
 2035 00f1 0B       		.uleb128 0xb
 2036 00f2 3B       		.uleb128 0x3b
 2037 00f3 0B       		.uleb128 0xb
 2038 00f4 49       		.uleb128 0x49
 2039 00f5 13       		.uleb128 0x13
 2040 00f6 00       		.byte	0
 2041 00f7 00       		.byte	0
 2042 00f8 15       		.uleb128 0x15
 2043 00f9 0D       		.uleb128 0xd
 2044 00fa 00       		.byte	0
 2045 00fb 03       		.uleb128 0x3
 2046 00fc 0E       		.uleb128 0xe
 2047 00fd 3A       		.uleb128 0x3a
 2048 00fe 0B       		.uleb128 0xb
 2049 00ff 3B       		.uleb128 0x3b
ARM GAS  /tmp/ccSWt7KR.s 			page 37


 2050 0100 05       		.uleb128 0x5
 2051 0101 49       		.uleb128 0x49
 2052 0102 13       		.uleb128 0x13
 2053 0103 00       		.byte	0
 2054 0104 00       		.byte	0
 2055 0105 16       		.uleb128 0x16
 2056 0106 26       		.uleb128 0x26
 2057 0107 00       		.byte	0
 2058 0108 49       		.uleb128 0x49
 2059 0109 13       		.uleb128 0x13
 2060 010a 00       		.byte	0
 2061 010b 00       		.byte	0
 2062 010c 17       		.uleb128 0x17
 2063 010d 15       		.uleb128 0x15
 2064 010e 01       		.byte	0x1
 2065 010f 27       		.uleb128 0x27
 2066 0110 19       		.uleb128 0x19
 2067 0111 49       		.uleb128 0x49
 2068 0112 13       		.uleb128 0x13
 2069 0113 01       		.uleb128 0x1
 2070 0114 13       		.uleb128 0x13
 2071 0115 00       		.byte	0
 2072 0116 00       		.byte	0
 2073 0117 18       		.uleb128 0x18
 2074 0118 0D       		.uleb128 0xd
 2075 0119 00       		.byte	0
 2076 011a 03       		.uleb128 0x3
 2077 011b 08       		.uleb128 0x8
 2078 011c 3A       		.uleb128 0x3a
 2079 011d 0B       		.uleb128 0xb
 2080 011e 3B       		.uleb128 0x3b
 2081 011f 0B       		.uleb128 0xb
 2082 0120 49       		.uleb128 0x49
 2083 0121 13       		.uleb128 0x13
 2084 0122 00       		.byte	0
 2085 0123 00       		.byte	0
 2086 0124 19       		.uleb128 0x19
 2087 0125 04       		.uleb128 0x4
 2088 0126 01       		.byte	0x1
 2089 0127 0B       		.uleb128 0xb
 2090 0128 0B       		.uleb128 0xb
 2091 0129 3A       		.uleb128 0x3a
 2092 012a 0B       		.uleb128 0xb
 2093 012b 3B       		.uleb128 0x3b
 2094 012c 0B       		.uleb128 0xb
 2095 012d 01       		.uleb128 0x1
 2096 012e 13       		.uleb128 0x13
 2097 012f 00       		.byte	0
 2098 0130 00       		.byte	0
 2099 0131 1A       		.uleb128 0x1a
 2100 0132 28       		.uleb128 0x28
 2101 0133 00       		.byte	0
 2102 0134 03       		.uleb128 0x3
 2103 0135 0E       		.uleb128 0xe
 2104 0136 1C       		.uleb128 0x1c
 2105 0137 0D       		.uleb128 0xd
 2106 0138 00       		.byte	0
ARM GAS  /tmp/ccSWt7KR.s 			page 38


 2107 0139 00       		.byte	0
 2108 013a 1B       		.uleb128 0x1b
 2109 013b 01       		.uleb128 0x1
 2110 013c 01       		.byte	0x1
 2111 013d 49       		.uleb128 0x49
 2112 013e 13       		.uleb128 0x13
 2113 013f 01       		.uleb128 0x1
 2114 0140 13       		.uleb128 0x13
 2115 0141 00       		.byte	0
 2116 0142 00       		.byte	0
 2117 0143 1C       		.uleb128 0x1c
 2118 0144 21       		.uleb128 0x21
 2119 0145 00       		.byte	0
 2120 0146 49       		.uleb128 0x49
 2121 0147 13       		.uleb128 0x13
 2122 0148 2F       		.uleb128 0x2f
 2123 0149 0B       		.uleb128 0xb
 2124 014a 00       		.byte	0
 2125 014b 00       		.byte	0
 2126 014c 1D       		.uleb128 0x1d
 2127 014d 2E       		.uleb128 0x2e
 2128 014e 01       		.byte	0x1
 2129 014f 3F       		.uleb128 0x3f
 2130 0150 19       		.uleb128 0x19
 2131 0151 03       		.uleb128 0x3
 2132 0152 0E       		.uleb128 0xe
 2133 0153 3A       		.uleb128 0x3a
 2134 0154 0B       		.uleb128 0xb
 2135 0155 3B       		.uleb128 0x3b
 2136 0156 0B       		.uleb128 0xb
 2137 0157 27       		.uleb128 0x27
 2138 0158 19       		.uleb128 0x19
 2139 0159 49       		.uleb128 0x49
 2140 015a 13       		.uleb128 0x13
 2141 015b 11       		.uleb128 0x11
 2142 015c 01       		.uleb128 0x1
 2143 015d 12       		.uleb128 0x12
 2144 015e 06       		.uleb128 0x6
 2145 015f 40       		.uleb128 0x40
 2146 0160 18       		.uleb128 0x18
 2147 0161 9642     		.uleb128 0x2116
 2148 0163 19       		.uleb128 0x19
 2149 0164 01       		.uleb128 0x1
 2150 0165 13       		.uleb128 0x13
 2151 0166 00       		.byte	0
 2152 0167 00       		.byte	0
 2153 0168 1E       		.uleb128 0x1e
 2154 0169 34       		.uleb128 0x34
 2155 016a 00       		.byte	0
 2156 016b 03       		.uleb128 0x3
 2157 016c 0E       		.uleb128 0xe
 2158 016d 3A       		.uleb128 0x3a
 2159 016e 0B       		.uleb128 0xb
 2160 016f 3B       		.uleb128 0x3b
 2161 0170 0B       		.uleb128 0xb
 2162 0171 49       		.uleb128 0x49
 2163 0172 13       		.uleb128 0x13
ARM GAS  /tmp/ccSWt7KR.s 			page 39


 2164 0173 02       		.uleb128 0x2
 2165 0174 18       		.uleb128 0x18
 2166 0175 00       		.byte	0
 2167 0176 00       		.byte	0
 2168 0177 1F       		.uleb128 0x1f
 2169 0178 34       		.uleb128 0x34
 2170 0179 00       		.byte	0
 2171 017a 03       		.uleb128 0x3
 2172 017b 0E       		.uleb128 0xe
 2173 017c 3A       		.uleb128 0x3a
 2174 017d 0B       		.uleb128 0xb
 2175 017e 3B       		.uleb128 0x3b
 2176 017f 05       		.uleb128 0x5
 2177 0180 49       		.uleb128 0x49
 2178 0181 13       		.uleb128 0x13
 2179 0182 3F       		.uleb128 0x3f
 2180 0183 19       		.uleb128 0x19
 2181 0184 3C       		.uleb128 0x3c
 2182 0185 19       		.uleb128 0x19
 2183 0186 00       		.byte	0
 2184 0187 00       		.byte	0
 2185 0188 20       		.uleb128 0x20
 2186 0189 34       		.uleb128 0x34
 2187 018a 00       		.byte	0
 2188 018b 03       		.uleb128 0x3
 2189 018c 08       		.uleb128 0x8
 2190 018d 3A       		.uleb128 0x3a
 2191 018e 0B       		.uleb128 0xb
 2192 018f 3B       		.uleb128 0x3b
 2193 0190 05       		.uleb128 0x5
 2194 0191 49       		.uleb128 0x49
 2195 0192 13       		.uleb128 0x13
 2196 0193 3F       		.uleb128 0x3f
 2197 0194 19       		.uleb128 0x19
 2198 0195 3C       		.uleb128 0x3c
 2199 0196 19       		.uleb128 0x19
 2200 0197 00       		.byte	0
 2201 0198 00       		.byte	0
 2202 0199 00       		.byte	0
 2203              		.section	.debug_aranges,"",%progbits
 2204 0000 1C000000 		.4byte	0x1c
 2205 0004 0200     		.2byte	0x2
 2206 0006 00000000 		.4byte	.Ldebug_info0
 2207 000a 04       		.byte	0x4
 2208 000b 00       		.byte	0
 2209 000c 0000     		.2byte	0
 2210 000e 0000     		.2byte	0
 2211 0010 00000000 		.4byte	.Ltext0
 2212 0014 5C000000 		.4byte	.Letext0-.Ltext0
 2213 0018 00000000 		.4byte	0
 2214 001c 00000000 		.4byte	0
 2215              		.section	.debug_line,"",%progbits
 2216              	.Ldebug_line0:
 2217 0000 F4020000 		.section	.debug_str,"MS",%progbits,1
 2217      0200BD02 
 2217      00000201 
 2217      FB0E0D00 
ARM GAS  /tmp/ccSWt7KR.s 			page 40


 2217      01010101 
 2218              	.LASF55:
 2219 0000 70726576 		.ascii	"prev\000"
 2219      00
 2220              	.LASF56:
 2221 0005 72656164 		.ascii	"ready_list_t\000"
 2221      795F6C69 
 2221      73745F74 
 2221      00
 2222              	.LASF149:
 2223 0012 42575F58 		.ascii	"BW_XL_200\000"
 2223      4C5F3230 
 2223      3000
 2224              	.LASF2:
 2225 001c 73697A65 		.ascii	"size_t\000"
 2225      5F7400
 2226              	.LASF62:
 2227 0023 64656C74 		.ascii	"delta\000"
 2227      6100
 2228              	.LASF84:
 2229 0029 7264796D 		.ascii	"rdymsg\000"
 2229      736700
 2230              	.LASF21:
 2231 0030 75696E74 		.ascii	"uint64_t\000"
 2231      36345F74 
 2231      00
 2232              	.LASF3:
 2233 0039 5F5F7569 		.ascii	"__uint8_t\000"
 2233      6E74385F 
 2233      7400
 2234              	.LASF124:
 2235 0043 4F545950 		.ascii	"OTYPER\000"
 2235      455200
 2236              	.LASF81:
 2237 004a 706F7274 		.ascii	"port_intctx\000"
 2237      5F696E74 
 2237      63747800 
 2238              	.LASF67:
 2239 0056 73797374 		.ascii	"system_debug_t\000"
 2239      656D5F64 
 2239      65627567 
 2239      5F7400
 2240              	.LASF123:
 2241 0065 4D4F4445 		.ascii	"MODER\000"
 2241      5200
 2242              	.LASF15:
 2243 006b 6C6F6E67 		.ascii	"long long unsigned int\000"
 2243      206C6F6E 
 2243      6720756E 
 2243      7369676E 
 2243      65642069 
 2244              	.LASF126:
 2245 0082 50555044 		.ascii	"PUPDR\000"
 2245      5200
 2246              	.LASF85:
 2247 0088 65786974 		.ascii	"exitcode\000"
 2247      636F6465 
ARM GAS  /tmp/ccSWt7KR.s 			page 41


 2247      00
 2248              	.LASF141:
 2249 0091 72786D61 		.ascii	"rxmask\000"
 2249      736B00
 2250              	.LASF88:
 2251 0098 73656E74 		.ascii	"sentmsg\000"
 2251      6D736700 
 2252              	.LASF64:
 2253 00a0 76697274 		.ascii	"virtual_timers_list_t\000"
 2253      75616C5F 
 2253      74696D65 
 2253      72735F6C 
 2253      6973745F 
 2254              	.LASF167:
 2255 00b6 49544D5F 		.ascii	"ITM_RxBuffer\000"
 2255      52784275 
 2255      66666572 
 2255      00
 2256              	.LASF109:
 2257 00c3 696F5F71 		.ascii	"io_queue_t\000"
 2257      75657565 
 2257      5F7400
 2258              	.LASF52:
 2259 00ce 6E657874 		.ascii	"next\000"
 2259      00
 2260              	.LASF54:
 2261 00d3 63685F74 		.ascii	"ch_threads_queue\000"
 2261      68726561 
 2261      64735F71 
 2261      75657565 
 2261      00
 2262              	.LASF165:
 2263 00e4 4F44525F 		.ascii	"ODR_XL_3_33k\000"
 2263      584C5F33 
 2263      5F33336B 
 2263      00
 2264              	.LASF146:
 2265 00f1 72656164 		.ascii	"readt\000"
 2265      7400
 2266              	.LASF41:
 2267 00f7 72656673 		.ascii	"refs\000"
 2267      00
 2268              	.LASF111:
 2269 00fc 715F7761 		.ascii	"q_waiting\000"
 2269      6974696E 
 2269      6700
 2270              	.LASF13:
 2271 0106 6C6F6E67 		.ascii	"long long int\000"
 2271      206C6F6E 
 2271      6720696E 
 2271      7400
 2272              	.LASF1:
 2273 0114 7369676E 		.ascii	"signed char\000"
 2273      65642063 
 2273      68617200 
 2274              	.LASF127:
 2275 0120 42535252 		.ascii	"BSRR\000"
ARM GAS  /tmp/ccSWt7KR.s 			page 42


 2275      00
 2276              	.LASF76:
 2277 0125 47545052 		.ascii	"GTPR\000"
 2277      00
 2278              	.LASF121:
 2279 012a 6F757470 		.ascii	"output_queue_t\000"
 2279      75745F71 
 2279      75657565 
 2279      5F7400
 2280              	.LASF73:
 2281 0139 76746C69 		.ascii	"vtlist\000"
 2281      737400
 2282              	.LASF43:
 2283 0140 6D736771 		.ascii	"msgqueue\000"
 2283      75657565 
 2283      00
 2284              	.LASF38:
 2285 0149 77616261 		.ascii	"wabase\000"
 2285      736500
 2286              	.LASF39:
 2287 0150 73746174 		.ascii	"state\000"
 2287      6500
 2288              	.LASF155:
 2289 0156 46535F58 		.ascii	"FS_XL_16\000"
 2289      4C5F3136 
 2289      00
 2290              	.LASF10:
 2291 015f 6C6F6E67 		.ascii	"long int\000"
 2291      20696E74 
 2291      00
 2292              	.LASF164:
 2293 0168 4F44525F 		.ascii	"ODR_XL_1_66k\000"
 2293      584C5F31 
 2293      5F36366B 
 2293      00
 2294              	.LASF24:
 2295 0175 74737461 		.ascii	"tstate_t\000"
 2295      74655F74 
 2295      00
 2296              	.LASF150:
 2297 017e 42575F58 		.ascii	"BW_XL_100\000"
 2297      4C5F3130 
 2297      3000
 2298              	.LASF63:
 2299 0188 66756E63 		.ascii	"func\000"
 2299      00
 2300              	.LASF113:
 2301 018d 715F6275 		.ascii	"q_buffer\000"
 2301      66666572 
 2301      00
 2302              	.LASF118:
 2303 0196 715F6C69 		.ascii	"q_link\000"
 2303      6E6B00
 2304              	.LASF101:
 2305 019d 77666C61 		.ascii	"wflags\000"
 2305      677300
 2306              	.LASF125:
ARM GAS  /tmp/ccSWt7KR.s 			page 43


 2307 01a4 4F535045 		.ascii	"OSPEEDR\000"
 2307      45445200 
 2308              	.LASF11:
 2309 01ac 5F5F7569 		.ascii	"__uint32_t\000"
 2309      6E743332 
 2309      5F7400
 2310              	.LASF78:
 2311 01b7 72656761 		.ascii	"regarm_t\000"
 2311      726D5F74 
 2311      00
 2312              	.LASF151:
 2313 01c0 42575F58 		.ascii	"BW_XL_50\000"
 2313      4C5F3530 
 2313      00
 2314              	.LASF68:
 2315 01c9 63685F73 		.ascii	"ch_system_debug\000"
 2315      79737465 
 2315      6D5F6465 
 2315      62756700 
 2316              	.LASF42:
 2317 01d9 77616974 		.ascii	"waiting\000"
 2317      696E6700 
 2318              	.LASF131:
 2319 01e1 73746D33 		.ascii	"stm32_gpio_t\000"
 2319      325F6770 
 2319      696F5F74 
 2319      00
 2320              	.LASF96:
 2321 01ee 6D757465 		.ascii	"mutex_t\000"
 2321      785F7400 
 2322              	.LASF108:
 2323 01f6 42617365 		.ascii	"BaseSequentialStream\000"
 2323      53657175 
 2323      656E7469 
 2323      616C5374 
 2323      7265616D 
 2324              	.LASF103:
 2325 020b 6576656E 		.ascii	"event_source_t\000"
 2325      745F736F 
 2325      75726365 
 2325      5F7400
 2326              	.LASF30:
 2327 021a 636E745F 		.ascii	"cnt_t\000"
 2327      7400
 2328              	.LASF140:
 2329 0220 75736172 		.ascii	"usart\000"
 2329      7400
 2330              	.LASF0:
 2331 0226 756E7369 		.ascii	"unsigned int\000"
 2331      676E6564 
 2331      20696E74 
 2331      00
 2332              	.LASF18:
 2333 0233 75696E74 		.ascii	"uint16_t\000"
 2333      31365F74 
 2333      00
 2334              	.LASF142:
ARM GAS  /tmp/ccSWt7KR.s 			page 44


 2335 023c 53657269 		.ascii	"SerialDriverVMT\000"
 2335      616C4472 
 2335      69766572 
 2335      564D5400 
 2336              	.LASF89:
 2337 024c 77747365 		.ascii	"wtsemp\000"
 2337      6D7000
 2338              	.LASF138:
 2339 0253 69717565 		.ascii	"iqueue\000"
 2339      756500
 2340              	.LASF158:
 2341 025a 4F44525F 		.ascii	"ODR_XL_26\000"
 2341      584C5F32 
 2341      3600
 2342              	.LASF170:
 2343 0264 2F686F6D 		.ascii	"/home/declan/ChibiOS2/ChibiOS/demos/STM32/RT-STM32F"
 2343      652F6465 
 2343      636C616E 
 2343      2F436869 
 2343      62694F53 
 2344 0297 3430372D 		.ascii	"407-DISCOVERY\000"
 2344      44495343 
 2344      4F564552 
 2344      5900
 2345              	.LASF144:
 2346 02a5 67657474 		.ascii	"gett\000"
 2346      00
 2347              	.LASF37:
 2348 02aa 6E616D65 		.ascii	"name\000"
 2348      00
 2349              	.LASF33:
 2350 02af 71756575 		.ascii	"queue\000"
 2350      6500
 2351              	.LASF47:
 2352 02b5 6D706F6F 		.ascii	"mpool\000"
 2352      6C00
 2353              	.LASF137:
 2354 02bb 6576656E 		.ascii	"event\000"
 2354      7400
 2355              	.LASF115:
 2356 02c1 715F7772 		.ascii	"q_wrptr\000"
 2356      70747200 
 2357              	.LASF162:
 2358 02c9 4F44525F 		.ascii	"ODR_XL_416\000"
 2358      584C5F34 
 2358      313600
 2359              	.LASF50:
 2360 02d4 63685F74 		.ascii	"ch_thread\000"
 2360      68726561 
 2360      6400
 2361              	.LASF74:
 2362 02de 6D61696E 		.ascii	"mainthread\000"
 2362      74687265 
 2362      616400
 2363              	.LASF27:
 2364 02e9 6D73675F 		.ascii	"msg_t\000"
 2364      7400
ARM GAS  /tmp/ccSWt7KR.s 			page 45


 2365              	.LASF44:
 2366 02ef 6570656E 		.ascii	"epending\000"
 2366      64696E67 
 2366      00
 2367              	.LASF70:
 2368 02f8 63685F73 		.ascii	"ch_system_t\000"
 2368      79737465 
 2368      6D5F7400 
 2369              	.LASF77:
 2370 0304 55534152 		.ascii	"USART_TypeDef\000"
 2370      545F5479 
 2370      70654465 
 2370      6600
 2371              	.LASF145:
 2372 0312 77726974 		.ascii	"writet\000"
 2372      657400
 2373              	.LASF23:
 2374 0319 746D6F64 		.ascii	"tmode_t\000"
 2374      655F7400 
 2375              	.LASF57:
 2376 0321 63685F72 		.ascii	"ch_ready_list\000"
 2376      65616479 
 2376      5F6C6973 
 2376      7400
 2377              	.LASF28:
 2378 032f 6576656E 		.ascii	"eventmask_t\000"
 2378      746D6173 
 2378      6B5F7400 
 2379              	.LASF6:
 2380 033b 73686F72 		.ascii	"short int\000"
 2380      7420696E 
 2380      7400
 2381              	.LASF9:
 2382 0345 5F5F696E 		.ascii	"__int32_t\000"
 2382      7433325F 
 2382      7400
 2383              	.LASF119:
 2384 034f 716E6F74 		.ascii	"qnotify_t\000"
 2384      6966795F 
 2384      7400
 2385              	.LASF79:
 2386 0359 73746B61 		.ascii	"stkalign_t\000"
 2386      6C69676E 
 2386      5F7400
 2387              	.LASF35:
 2388 0364 6E657765 		.ascii	"newer\000"
 2388      7200
 2389              	.LASF106:
 2390 036a 77726974 		.ascii	"write\000"
 2390      6500
 2391              	.LASF120:
 2392 0370 696E7075 		.ascii	"input_queue_t\000"
 2392      745F7175 
 2392      6575655F 
 2392      7400
 2393              	.LASF143:
 2394 037e 70757474 		.ascii	"putt\000"
ARM GAS  /tmp/ccSWt7KR.s 			page 46


 2394      00
 2395              	.LASF110:
 2396 0383 696F5F71 		.ascii	"io_queue\000"
 2396      75657565 
 2396      00
 2397              	.LASF75:
 2398 038c 73697A65 		.ascii	"sizetype\000"
 2398      74797065 
 2398      00
 2399              	.LASF48:
 2400 0395 74687265 		.ascii	"thread_reference_t\000"
 2400      61645F72 
 2400      65666572 
 2400      656E6365 
 2400      5F7400
 2401              	.LASF99:
 2402 03a8 6C697374 		.ascii	"listener\000"
 2402      656E6572 
 2402      00
 2403              	.LASF65:
 2404 03b1 63685F76 		.ascii	"ch_virtual_timers_list\000"
 2404      69727475 
 2404      616C5F74 
 2404      696D6572 
 2404      735F6C69 
 2405              	.LASF122:
 2406 03c8 636C6561 		.ascii	"clear\000"
 2406      7200
 2407              	.LASF87:
 2408 03ce 77747472 		.ascii	"wttrp\000"
 2408      7000
 2409              	.LASF80:
 2410 03d4 706F7274 		.ascii	"port_context\000"
 2410      5F636F6E 
 2410      74657874 
 2410      00
 2411              	.LASF83:
 2412 03e1 746D5F63 		.ascii	"tm_calibration_t\000"
 2412      616C6962 
 2412      72617469 
 2412      6F6E5F74 
 2412      00
 2413              	.LASF34:
 2414 03f2 7072696F 		.ascii	"prio\000"
 2414      00
 2415              	.LASF58:
 2416 03f7 63757272 		.ascii	"current\000"
 2416      656E7400 
 2417              	.LASF14:
 2418 03ff 5F5F7569 		.ascii	"__uint64_t\000"
 2418      6E743634 
 2418      5F7400
 2419              	.LASF130:
 2420 040a 41465248 		.ascii	"AFRH\000"
 2420      00
 2421              	.LASF129:
 2422 040f 4146524C 		.ascii	"AFRL\000"
ARM GAS  /tmp/ccSWt7KR.s 			page 47


 2422      00
 2423              	.LASF25:
 2424 0414 74726566 		.ascii	"trefs_t\000"
 2424      735F7400 
 2425              	.LASF60:
 2426 041c 76697274 		.ascii	"virtual_timer_t\000"
 2426      75616C5F 
 2426      74696D65 
 2426      725F7400 
 2427              	.LASF133:
 2428 042c 53445F53 		.ascii	"SD_STOP\000"
 2428      544F5000 
 2429              	.LASF26:
 2430 0434 74707269 		.ascii	"tprio_t\000"
 2430      6F5F7400 
 2431              	.LASF116:
 2432 043c 715F7264 		.ascii	"q_rdptr\000"
 2432      70747200 
 2433              	.LASF17:
 2434 0444 696E7431 		.ascii	"int16_t\000"
 2434      365F7400 
 2435              	.LASF104:
 2436 044c 5F426F6F 		.ascii	"_Bool\000"
 2436      6C00
 2437              	.LASF19:
 2438 0452 696E7433 		.ascii	"int32_t\000"
 2438      325F7400 
 2439              	.LASF4:
 2440 045a 756E7369 		.ascii	"unsigned char\000"
 2440      676E6564 
 2440      20636861 
 2440      7200
 2441              	.LASF148:
 2442 0468 42575F58 		.ascii	"BW_XL_400\000"
 2442      4C5F3430 
 2442      3000
 2443              	.LASF66:
 2444 0472 6C617374 		.ascii	"lasttime\000"
 2444      74696D65 
 2444      00
 2445              	.LASF147:
 2446 047b 62756666 		.ascii	"buff\000"
 2446      00
 2447              	.LASF91:
 2448 0480 65776D61 		.ascii	"ewmask\000"
 2448      736B00
 2449              	.LASF139:
 2450 0487 6F717565 		.ascii	"oqueue\000"
 2450      756500
 2451              	.LASF105:
 2452 048e 42617365 		.ascii	"BaseSequentialStreamVMT\000"
 2452      53657175 
 2452      656E7469 
 2452      616C5374 
 2452      7265616D 
 2453              	.LASF71:
 2454 04a6 63685F73 		.ascii	"ch_system\000"
ARM GAS  /tmp/ccSWt7KR.s 			page 48


 2454      79737465 
 2454      6D00
 2455              	.LASF157:
 2456 04b0 4F44525F 		.ascii	"ODR_XL_12_5\000"
 2456      584C5F31 
 2456      325F3500 
 2457              	.LASF53:
 2458 04bc 74687265 		.ascii	"threads_queue_t\000"
 2458      6164735F 
 2458      71756575 
 2458      655F7400 
 2459              	.LASF128:
 2460 04cc 4C434B52 		.ascii	"LCKR\000"
 2460      00
 2461              	.LASF92:
 2462 04d1 63685F73 		.ascii	"ch_semaphore\000"
 2462      656D6170 
 2462      686F7265 
 2462      00
 2463              	.LASF132:
 2464 04de 53445F55 		.ascii	"SD_UNINIT\000"
 2464      4E494E49 
 2464      5400
 2465              	.LASF100:
 2466 04e8 6576656E 		.ascii	"events\000"
 2466      747300
 2467              	.LASF112:
 2468 04ef 715F636F 		.ascii	"q_counter\000"
 2468      756E7465 
 2468      7200
 2469              	.LASF90:
 2470 04f9 77746D74 		.ascii	"wtmtxp\000"
 2470      787000
 2471              	.LASF159:
 2472 0500 4F44525F 		.ascii	"ODR_XL_52\000"
 2472      584C5F35 
 2472      3200
 2473              	.LASF135:
 2474 050a 73647374 		.ascii	"sdstate_t\000"
 2474      6174655F 
 2474      7400
 2475              	.LASF51:
 2476 0514 63685F74 		.ascii	"ch_threads_list\000"
 2476      68726561 
 2476      64735F6C 
 2476      69737400 
 2477              	.LASF94:
 2478 0524 6F776E65 		.ascii	"owner\000"
 2478      7200
 2479              	.LASF136:
 2480 052a 53657269 		.ascii	"SerialDriver\000"
 2480      616C4472 
 2480      69766572 
 2480      00
 2481              	.LASF46:
 2482 0537 7265616C 		.ascii	"realprio\000"
 2482      7072696F 
ARM GAS  /tmp/ccSWt7KR.s 			page 49


 2482      00
 2483              	.LASF12:
 2484 0540 6C6F6E67 		.ascii	"long unsigned int\000"
 2484      20756E73 
 2484      69676E65 
 2484      6420696E 
 2484      7400
 2485              	.LASF168:
 2486 0552 474E5520 		.ascii	"GNU C 4.9.3 20150529 (prerelease) -mcpu=cortex-m4 -"
 2486      4320342E 
 2486      392E3320 
 2486      32303135 
 2486      30353239 
 2487 0585 6D6E6F2D 		.ascii	"mno-thumb-interwork -mthumb -ggdb -O0 -fomit-frame-"
 2487      7468756D 
 2487      622D696E 
 2487      74657277 
 2487      6F726B20 
 2488 05b8 706F696E 		.ascii	"pointer -falign-functions=16\000"
 2488      74657220 
 2488      2D66616C 
 2488      69676E2D 
 2488      66756E63 
 2489              	.LASF107:
 2490 05d5 72656164 		.ascii	"read\000"
 2490      00
 2491              	.LASF95:
 2492 05da 63686172 		.ascii	"char\000"
 2492      00
 2493              	.LASF36:
 2494 05df 6F6C6465 		.ascii	"older\000"
 2494      7200
 2495              	.LASF7:
 2496 05e5 5F5F7569 		.ascii	"__uint16_t\000"
 2496      6E743136 
 2496      5F7400
 2497              	.LASF32:
 2498 05f0 74687265 		.ascii	"thread_t\000"
 2498      61645F74 
 2498      00
 2499              	.LASF31:
 2500 05f9 73797374 		.ascii	"systime_t\000"
 2500      696D655F 
 2500      7400
 2501              	.LASF59:
 2502 0603 76746675 		.ascii	"vtfunc_t\000"
 2502      6E635F74 
 2502      00
 2503              	.LASF160:
 2504 060c 4F44525F 		.ascii	"ODR_XL_104\000"
 2504      584C5F31 
 2504      303400
 2505              	.LASF69:
 2506 0617 70616E69 		.ascii	"panic_msg\000"
 2506      635F6D73 
 2506      6700
 2507              	.LASF82:
ARM GAS  /tmp/ccSWt7KR.s 			page 50


 2508 0621 6F666673 		.ascii	"offset\000"
 2508      657400
 2509              	.LASF97:
 2510 0628 6576656E 		.ascii	"event_listener_t\000"
 2510      745F6C69 
 2510      7374656E 
 2510      65725F74 
 2510      00
 2511              	.LASF8:
 2512 0639 73686F72 		.ascii	"short unsigned int\000"
 2512      7420756E 
 2512      7369676E 
 2512      65642069 
 2512      6E7400
 2513              	.LASF61:
 2514 064c 63685F76 		.ascii	"ch_virtual_timer\000"
 2514      69727475 
 2514      616C5F74 
 2514      696D6572 
 2514      00
 2515              	.LASF22:
 2516 065d 7274636E 		.ascii	"rtcnt_t\000"
 2516      745F7400 
 2517              	.LASF134:
 2518 0665 53445F52 		.ascii	"SD_READY\000"
 2518      45414459 
 2518      00
 2519              	.LASF29:
 2520 066e 6576656E 		.ascii	"eventflags_t\000"
 2520      74666C61 
 2520      67735F74 
 2520      00
 2521              	.LASF169:
 2522 067b 6D61696E 		.ascii	"main.c\000"
 2522      2E6300
 2523              	.LASF166:
 2524 0682 4F44525F 		.ascii	"ODR_XL_6_66k\000"
 2524      584C5F36 
 2524      5F36366B 
 2524      00
 2525              	.LASF114:
 2526 068f 715F746F 		.ascii	"q_top\000"
 2526      7000
 2527              	.LASF93:
 2528 0695 63685F6D 		.ascii	"ch_mutex\000"
 2528      75746578 
 2528      00
 2529              	.LASF117:
 2530 069e 715F6E6F 		.ascii	"q_notify\000"
 2530      74696679 
 2530      00
 2531              	.LASF72:
 2532 06a7 726C6973 		.ascii	"rlist\000"
 2532      7400
 2533              	.LASF102:
 2534 06ad 6576656E 		.ascii	"event_source\000"
 2534      745F736F 
ARM GAS  /tmp/ccSWt7KR.s 			page 51


 2534      75726365 
 2534      00
 2535              	.LASF16:
 2536 06ba 75696E74 		.ascii	"uint8_t\000"
 2536      385F7400 
 2537              	.LASF40:
 2538 06c2 666C6167 		.ascii	"flags\000"
 2538      7300
 2539              	.LASF152:
 2540 06c8 46535F58 		.ascii	"FS_XL_2\000"
 2540      4C5F3200 
 2541              	.LASF153:
 2542 06d0 46535F58 		.ascii	"FS_XL_4\000"
 2542      4C5F3400 
 2543              	.LASF154:
 2544 06d8 46535F58 		.ascii	"FS_XL_8\000"
 2544      4C5F3800 
 2545              	.LASF5:
 2546 06e0 5F5F696E 		.ascii	"__int16_t\000"
 2546      7431365F 
 2546      7400
 2547              	.LASF86:
 2548 06ea 77746F62 		.ascii	"wtobjp\000"
 2548      6A7000
 2549              	.LASF163:
 2550 06f1 4F44525F 		.ascii	"ODR_XL_833\000"
 2550      584C5F38 
 2550      333300
 2551              	.LASF161:
 2552 06fc 4F44525F 		.ascii	"ODR_XL_208\000"
 2552      584C5F32 
 2552      303800
 2553              	.LASF49:
 2554 0707 74687265 		.ascii	"threads_list_t\000"
 2554      6164735F 
 2554      6C697374 
 2554      5F7400
 2555              	.LASF171:
 2556 0716 6D61696E 		.ascii	"main\000"
 2556      00
 2557              	.LASF45:
 2558 071b 6D74786C 		.ascii	"mtxlist\000"
 2558      69737400 
 2559              	.LASF20:
 2560 0723 75696E74 		.ascii	"uint32_t\000"
 2560      33325F74 
 2560      00
 2561              	.LASF98:
 2562 072c 6576656E 		.ascii	"event_listener\000"
 2562      745F6C69 
 2562      7374656E 
 2562      657200
 2563              	.LASF156:
 2564 073b 4F44525F 		.ascii	"ODR_XL_POWERDOWN\000"
 2564      584C5F50 
 2564      4F574552 
 2564      444F574E 
ARM GAS  /tmp/ccSWt7KR.s 			page 52


 2564      00
 2565              		.ident	"GCC: (15:4.9.3+svn231177-1) 4.9.3 20150529 (prerelease)"
ARM GAS  /tmp/ccSWt7KR.s 			page 53


DEFINED SYMBOLS
                            *ABS*:0000000000000000 main.c
     /tmp/ccSWt7KR.s:21     .rodata:0000000000000000 BW_XL_400
     /tmp/ccSWt7KR.s:22     .rodata:0000000000000000 $d
     /tmp/ccSWt7KR.s:25     .rodata:0000000000000001 BW_XL_200
     /tmp/ccSWt7KR.s:29     .rodata:0000000000000002 BW_XL_100
     /tmp/ccSWt7KR.s:33     .rodata:0000000000000003 BW_XL_50
     /tmp/ccSWt7KR.s:37     .rodata:0000000000000004 FS_XL_2
     /tmp/ccSWt7KR.s:41     .rodata:0000000000000005 FS_XL_4
     /tmp/ccSWt7KR.s:45     .rodata:0000000000000006 FS_XL_8
     /tmp/ccSWt7KR.s:49     .rodata:0000000000000007 FS_XL_16
     /tmp/ccSWt7KR.s:53     .rodata:0000000000000008 ODR_XL_POWERDOWN
     /tmp/ccSWt7KR.s:57     .rodata:0000000000000009 ODR_XL_12_5
     /tmp/ccSWt7KR.s:61     .rodata:000000000000000a ODR_XL_26
     /tmp/ccSWt7KR.s:65     .rodata:000000000000000b ODR_XL_52
     /tmp/ccSWt7KR.s:69     .rodata:000000000000000c ODR_XL_104
     /tmp/ccSWt7KR.s:73     .rodata:000000000000000d ODR_XL_208
     /tmp/ccSWt7KR.s:77     .rodata:000000000000000e ODR_XL_416
     /tmp/ccSWt7KR.s:81     .rodata:000000000000000f ODR_XL_833
     /tmp/ccSWt7KR.s:85     .rodata:0000000000000010 ODR_XL_1_66k
     /tmp/ccSWt7KR.s:89     .rodata:0000000000000011 ODR_XL_3_33k
     /tmp/ccSWt7KR.s:93     .rodata:0000000000000012 ODR_XL_6_66k
     /tmp/ccSWt7KR.s:99     .text:0000000000000000 $t
     /tmp/ccSWt7KR.s:105    .text:0000000000000000 main
     /tmp/ccSWt7KR.s:159    .text:0000000000000054 $d
                     .debug_frame:0000000000000010 $d

UNDEFINED SYMBOLS
halInit
chSysInit
AccelerometerInit
AccelerometerConfig
AccelerometerGetValues
chprintf
chThdSleep
SD3
