ARM GAS  /tmp/ccQHN9mX.s 			page 1


   1              		.syntax unified
   2              		.cpu cortex-m4
   3              		.fpu softvfp
   4              		.eabi_attribute 20, 1
   5              		.eabi_attribute 21, 1
   6              		.eabi_attribute 23, 3
   7              		.eabi_attribute 24, 1
   8              		.eabi_attribute 25, 1
   9              		.eabi_attribute 26, 1
  10              		.eabi_attribute 30, 6
  11              		.eabi_attribute 34, 1
  12              		.eabi_attribute 18, 4
  13              		.thumb
  14              		.file	"vectors.c"
  15              		.text
  16              	.Ltext0:
  17              		.cfi_sections	.debug_frame
  18              		.align	2
  19              		.p2align 4,,15
  20              		.weak	_unhandled_exception
  21              		.thumb
  22              		.thumb_func
  23              		.type	_unhandled_exception, %function
  24              	_unhandled_exception:
  25              	.LFB123:
  26              		.file 1 "../../../os/common/startup/ARMCMx/compilers/GCC/vectors.c"
  27              		.loc 1 47 0
  28              		.cfi_startproc
  29              		@ args = 0, pretend = 0, frame = 0
  30              		@ frame_needed = 0, uses_anonymous_args = 0
  31              		@ link register save eliminated.
  32              	.L2:
  33              		.loc 1 51 0 discriminator 1
  34 0000 FEE7     		b	.L2
  35              		.cfi_endproc
  36              	.LFE123:
  37              		.size	_unhandled_exception, .-_unhandled_exception
  38              		.weak	NMI_Handler
  39              		.thumb_set NMI_Handler,_unhandled_exception
  40              		.weak	HardFault_Handler
  41              		.thumb_set HardFault_Handler,_unhandled_exception
  42              		.weak	MemManage_Handler
  43              		.thumb_set MemManage_Handler,_unhandled_exception
  44              		.weak	BusFault_Handler
  45              		.thumb_set BusFault_Handler,_unhandled_exception
  46              		.weak	UsageFault_Handler
  47              		.thumb_set UsageFault_Handler,_unhandled_exception
  48              		.weak	Vector1C
  49              		.thumb_set Vector1C,_unhandled_exception
  50              		.weak	Vector20
  51              		.thumb_set Vector20,_unhandled_exception
  52              		.weak	Vector24
  53              		.thumb_set Vector24,_unhandled_exception
  54              		.weak	Vector28
  55              		.thumb_set Vector28,_unhandled_exception
  56              		.weak	SVC_Handler
  57              		.thumb_set SVC_Handler,_unhandled_exception
ARM GAS  /tmp/ccQHN9mX.s 			page 2


  58              		.weak	DebugMon_Handler
  59              		.thumb_set DebugMon_Handler,_unhandled_exception
  60              		.weak	Vector34
  61              		.thumb_set Vector34,_unhandled_exception
  62              		.weak	PendSV_Handler
  63              		.thumb_set PendSV_Handler,_unhandled_exception
  64              		.weak	SysTick_Handler
  65              		.thumb_set SysTick_Handler,_unhandled_exception
  66              		.weak	Vector40
  67              		.thumb_set Vector40,_unhandled_exception
  68              		.weak	Vector44
  69              		.thumb_set Vector44,_unhandled_exception
  70              		.weak	Vector48
  71              		.thumb_set Vector48,_unhandled_exception
  72              		.weak	Vector4C
  73              		.thumb_set Vector4C,_unhandled_exception
  74              		.weak	Vector50
  75              		.thumb_set Vector50,_unhandled_exception
  76              		.weak	Vector54
  77              		.thumb_set Vector54,_unhandled_exception
  78              		.weak	Vector58
  79              		.thumb_set Vector58,_unhandled_exception
  80              		.weak	Vector5C
  81              		.thumb_set Vector5C,_unhandled_exception
  82              		.weak	Vector60
  83              		.thumb_set Vector60,_unhandled_exception
  84              		.weak	Vector64
  85              		.thumb_set Vector64,_unhandled_exception
  86              		.weak	Vector68
  87              		.thumb_set Vector68,_unhandled_exception
  88              		.weak	Vector6C
  89              		.thumb_set Vector6C,_unhandled_exception
  90              		.weak	Vector70
  91              		.thumb_set Vector70,_unhandled_exception
  92              		.weak	Vector74
  93              		.thumb_set Vector74,_unhandled_exception
  94              		.weak	Vector78
  95              		.thumb_set Vector78,_unhandled_exception
  96              		.weak	Vector7C
  97              		.thumb_set Vector7C,_unhandled_exception
  98              		.weak	Vector80
  99              		.thumb_set Vector80,_unhandled_exception
 100              		.weak	Vector84
 101              		.thumb_set Vector84,_unhandled_exception
 102              		.weak	Vector88
 103              		.thumb_set Vector88,_unhandled_exception
 104              		.weak	Vector8C
 105              		.thumb_set Vector8C,_unhandled_exception
 106              		.weak	Vector90
 107              		.thumb_set Vector90,_unhandled_exception
 108              		.weak	Vector94
 109              		.thumb_set Vector94,_unhandled_exception
 110              		.weak	Vector98
 111              		.thumb_set Vector98,_unhandled_exception
 112              		.weak	Vector9C
 113              		.thumb_set Vector9C,_unhandled_exception
 114              		.weak	VectorA0
ARM GAS  /tmp/ccQHN9mX.s 			page 3


 115              		.thumb_set VectorA0,_unhandled_exception
 116              		.weak	VectorA4
 117              		.thumb_set VectorA4,_unhandled_exception
 118              		.weak	VectorA8
 119              		.thumb_set VectorA8,_unhandled_exception
 120              		.weak	VectorAC
 121              		.thumb_set VectorAC,_unhandled_exception
 122              		.weak	VectorB0
 123              		.thumb_set VectorB0,_unhandled_exception
 124              		.weak	VectorB4
 125              		.thumb_set VectorB4,_unhandled_exception
 126              		.weak	VectorB8
 127              		.thumb_set VectorB8,_unhandled_exception
 128              		.weak	VectorBC
 129              		.thumb_set VectorBC,_unhandled_exception
 130              		.weak	VectorC0
 131              		.thumb_set VectorC0,_unhandled_exception
 132              		.weak	VectorC4
 133              		.thumb_set VectorC4,_unhandled_exception
 134              		.weak	VectorC8
 135              		.thumb_set VectorC8,_unhandled_exception
 136              		.weak	VectorCC
 137              		.thumb_set VectorCC,_unhandled_exception
 138              		.weak	VectorD0
 139              		.thumb_set VectorD0,_unhandled_exception
 140              		.weak	VectorD4
 141              		.thumb_set VectorD4,_unhandled_exception
 142              		.weak	VectorD8
 143              		.thumb_set VectorD8,_unhandled_exception
 144              		.weak	VectorDC
 145              		.thumb_set VectorDC,_unhandled_exception
 146              		.weak	VectorE0
 147              		.thumb_set VectorE0,_unhandled_exception
 148              		.weak	VectorE4
 149              		.thumb_set VectorE4,_unhandled_exception
 150              		.weak	VectorE8
 151              		.thumb_set VectorE8,_unhandled_exception
 152              		.weak	VectorEC
 153              		.thumb_set VectorEC,_unhandled_exception
 154              		.weak	VectorF0
 155              		.thumb_set VectorF0,_unhandled_exception
 156              		.weak	VectorF4
 157              		.thumb_set VectorF4,_unhandled_exception
 158              		.weak	VectorF8
 159              		.thumb_set VectorF8,_unhandled_exception
 160              		.weak	VectorFC
 161              		.thumb_set VectorFC,_unhandled_exception
 162              		.weak	Vector100
 163              		.thumb_set Vector100,_unhandled_exception
 164              		.weak	Vector104
 165              		.thumb_set Vector104,_unhandled_exception
 166              		.weak	Vector108
 167              		.thumb_set Vector108,_unhandled_exception
 168              		.weak	Vector10C
 169              		.thumb_set Vector10C,_unhandled_exception
 170              		.weak	Vector110
 171              		.thumb_set Vector110,_unhandled_exception
ARM GAS  /tmp/ccQHN9mX.s 			page 4


 172              		.weak	Vector114
 173              		.thumb_set Vector114,_unhandled_exception
 174              		.weak	Vector118
 175              		.thumb_set Vector118,_unhandled_exception
 176              		.weak	Vector11C
 177              		.thumb_set Vector11C,_unhandled_exception
 178              		.weak	Vector120
 179              		.thumb_set Vector120,_unhandled_exception
 180              		.weak	Vector124
 181              		.thumb_set Vector124,_unhandled_exception
 182              		.weak	Vector128
 183              		.thumb_set Vector128,_unhandled_exception
 184              		.weak	Vector12C
 185              		.thumb_set Vector12C,_unhandled_exception
 186              		.weak	Vector130
 187              		.thumb_set Vector130,_unhandled_exception
 188              		.weak	Vector134
 189              		.thumb_set Vector134,_unhandled_exception
 190              		.weak	Vector138
 191              		.thumb_set Vector138,_unhandled_exception
 192              		.weak	Vector13C
 193              		.thumb_set Vector13C,_unhandled_exception
 194              		.weak	Vector140
 195              		.thumb_set Vector140,_unhandled_exception
 196              		.weak	Vector144
 197              		.thumb_set Vector144,_unhandled_exception
 198              		.weak	Vector148
 199              		.thumb_set Vector148,_unhandled_exception
 200              		.weak	Vector14C
 201              		.thumb_set Vector14C,_unhandled_exception
 202              		.weak	Vector150
 203              		.thumb_set Vector150,_unhandled_exception
 204              		.weak	Vector154
 205              		.thumb_set Vector154,_unhandled_exception
 206              		.weak	Vector158
 207              		.thumb_set Vector158,_unhandled_exception
 208              		.weak	Vector15C
 209              		.thumb_set Vector15C,_unhandled_exception
 210              		.weak	Vector160
 211              		.thumb_set Vector160,_unhandled_exception
 212              		.weak	Vector164
 213              		.thumb_set Vector164,_unhandled_exception
 214              		.weak	Vector168
 215              		.thumb_set Vector168,_unhandled_exception
 216              		.weak	Vector16C
 217              		.thumb_set Vector16C,_unhandled_exception
 218              		.weak	Vector170
 219              		.thumb_set Vector170,_unhandled_exception
 220              		.weak	Vector174
 221              		.thumb_set Vector174,_unhandled_exception
 222              		.weak	Vector178
 223              		.thumb_set Vector178,_unhandled_exception
 224              		.weak	Vector17C
 225              		.thumb_set Vector17C,_unhandled_exception
 226              		.weak	Vector180
 227              		.thumb_set Vector180,_unhandled_exception
 228              		.weak	Vector184
ARM GAS  /tmp/ccQHN9mX.s 			page 5


 229              		.thumb_set Vector184,_unhandled_exception
 230              		.weak	Vector188
 231              		.thumb_set Vector188,_unhandled_exception
 232              		.weak	Vector18C
 233              		.thumb_set Vector18C,_unhandled_exception
 234              		.weak	Vector190
 235              		.thumb_set Vector190,_unhandled_exception
 236              		.weak	Vector194
 237              		.thumb_set Vector194,_unhandled_exception
 238              		.weak	Vector198
 239              		.thumb_set Vector198,_unhandled_exception
 240              		.weak	Vector19C
 241              		.thumb_set Vector19C,_unhandled_exception
 242              		.weak	Vector1A0
 243              		.thumb_set Vector1A0,_unhandled_exception
 244              		.weak	Vector1A4
 245              		.thumb_set Vector1A4,_unhandled_exception
 246              		.weak	Vector1A8
 247              		.thumb_set Vector1A8,_unhandled_exception
 248              		.weak	Vector1AC
 249              		.thumb_set Vector1AC,_unhandled_exception
 250              		.weak	Vector1B0
 251              		.thumb_set Vector1B0,_unhandled_exception
 252              		.weak	Vector1B4
 253              		.thumb_set Vector1B4,_unhandled_exception
 254              		.weak	Vector1B8
 255              		.thumb_set Vector1B8,_unhandled_exception
 256              		.weak	Vector1BC
 257              		.thumb_set Vector1BC,_unhandled_exception
 258              		.weak	Vector1C0
 259              		.thumb_set Vector1C0,_unhandled_exception
 260              		.weak	Vector1C4
 261              		.thumb_set Vector1C4,_unhandled_exception
 262              		.weak	Vector1C8
 263              		.thumb_set Vector1C8,_unhandled_exception
 264              		.weak	Vector1CC
 265              		.thumb_set Vector1CC,_unhandled_exception
 266              		.weak	Vector1D0
 267              		.thumb_set Vector1D0,_unhandled_exception
 268              		.weak	Vector1D4
 269              		.thumb_set Vector1D4,_unhandled_exception
 270              		.weak	Vector1D8
 271              		.thumb_set Vector1D8,_unhandled_exception
 272              		.weak	Vector1DC
 273              		.thumb_set Vector1DC,_unhandled_exception
 274              		.global	_vectors
 275              		.section	.vectors,"aw",%progbits
 276              		.align	7
 277              		.type	_vectors, %object
 278              		.size	_vectors, 480
 279              	_vectors:
 280 0000 00000000 		.word	__main_stack_end__
 281 0004 00000000 		.word	Reset_Handler
 282 0008 00000000 		.word	NMI_Handler
 283 000c 00000000 		.word	HardFault_Handler
 284 0010 00000000 		.word	MemManage_Handler
 285 0014 00000000 		.word	BusFault_Handler
ARM GAS  /tmp/ccQHN9mX.s 			page 6


 286 0018 00000000 		.word	UsageFault_Handler
 287 001c 00000000 		.word	Vector1C
 288 0020 00000000 		.word	Vector20
 289 0024 00000000 		.word	Vector24
 290 0028 00000000 		.word	Vector28
 291 002c 00000000 		.word	SVC_Handler
 292 0030 00000000 		.word	DebugMon_Handler
 293 0034 00000000 		.word	Vector34
 294 0038 00000000 		.word	PendSV_Handler
 295 003c 00000000 		.word	SysTick_Handler
 296 0040 00000000 		.word	Vector40
 297 0044 00000000 		.word	Vector44
 298 0048 00000000 		.word	Vector48
 299 004c 00000000 		.word	Vector4C
 300 0050 00000000 		.word	Vector50
 301 0054 00000000 		.word	Vector54
 302 0058 00000000 		.word	Vector58
 303 005c 00000000 		.word	Vector5C
 304 0060 00000000 		.word	Vector60
 305 0064 00000000 		.word	Vector64
 306 0068 00000000 		.word	Vector68
 307 006c 00000000 		.word	Vector6C
 308 0070 00000000 		.word	Vector70
 309 0074 00000000 		.word	Vector74
 310 0078 00000000 		.word	Vector78
 311 007c 00000000 		.word	Vector7C
 312 0080 00000000 		.word	Vector80
 313 0084 00000000 		.word	Vector84
 314 0088 00000000 		.word	Vector88
 315 008c 00000000 		.word	Vector8C
 316 0090 00000000 		.word	Vector90
 317 0094 00000000 		.word	Vector94
 318 0098 00000000 		.word	Vector98
 319 009c 00000000 		.word	Vector9C
 320 00a0 00000000 		.word	VectorA0
 321 00a4 00000000 		.word	VectorA4
 322 00a8 00000000 		.word	VectorA8
 323 00ac 00000000 		.word	VectorAC
 324 00b0 00000000 		.word	VectorB0
 325 00b4 00000000 		.word	VectorB4
 326 00b8 00000000 		.word	VectorB8
 327 00bc 00000000 		.word	VectorBC
 328 00c0 00000000 		.word	VectorC0
 329 00c4 00000000 		.word	VectorC4
 330 00c8 00000000 		.word	VectorC8
 331 00cc 00000000 		.word	VectorCC
 332 00d0 00000000 		.word	VectorD0
 333 00d4 00000000 		.word	VectorD4
 334 00d8 00000000 		.word	VectorD8
 335 00dc 00000000 		.word	VectorDC
 336 00e0 00000000 		.word	VectorE0
 337 00e4 00000000 		.word	VectorE4
 338 00e8 00000000 		.word	VectorE8
 339 00ec 00000000 		.word	VectorEC
 340 00f0 00000000 		.word	VectorF0
 341 00f4 00000000 		.word	VectorF4
 342 00f8 00000000 		.word	VectorF8
ARM GAS  /tmp/ccQHN9mX.s 			page 7


 343 00fc 00000000 		.word	VectorFC
 344 0100 00000000 		.word	Vector100
 345 0104 00000000 		.word	Vector104
 346 0108 00000000 		.word	Vector108
 347 010c 00000000 		.word	Vector10C
 348 0110 00000000 		.word	Vector110
 349 0114 00000000 		.word	Vector114
 350 0118 00000000 		.word	Vector118
 351 011c 00000000 		.word	Vector11C
 352 0120 00000000 		.word	Vector120
 353 0124 00000000 		.word	Vector124
 354 0128 00000000 		.word	Vector128
 355 012c 00000000 		.word	Vector12C
 356 0130 00000000 		.word	Vector130
 357 0134 00000000 		.word	Vector134
 358 0138 00000000 		.word	Vector138
 359 013c 00000000 		.word	Vector13C
 360 0140 00000000 		.word	Vector140
 361 0144 00000000 		.word	Vector144
 362 0148 00000000 		.word	Vector148
 363 014c 00000000 		.word	Vector14C
 364 0150 00000000 		.word	Vector150
 365 0154 00000000 		.word	Vector154
 366 0158 00000000 		.word	Vector158
 367 015c 00000000 		.word	Vector15C
 368 0160 00000000 		.word	Vector160
 369 0164 00000000 		.word	Vector164
 370 0168 00000000 		.word	Vector168
 371 016c 00000000 		.word	Vector16C
 372 0170 00000000 		.word	Vector170
 373 0174 00000000 		.word	Vector174
 374 0178 00000000 		.word	Vector178
 375 017c 00000000 		.word	Vector17C
 376 0180 00000000 		.word	Vector180
 377 0184 00000000 		.word	Vector184
 378 0188 00000000 		.word	Vector188
 379 018c 00000000 		.word	Vector18C
 380 0190 00000000 		.word	Vector190
 381 0194 00000000 		.word	Vector194
 382 0198 00000000 		.word	Vector198
 383 019c 00000000 		.word	Vector19C
 384 01a0 00000000 		.word	Vector1A0
 385 01a4 00000000 		.word	Vector1A4
 386 01a8 00000000 		.word	Vector1A8
 387 01ac 00000000 		.word	Vector1AC
 388 01b0 00000000 		.word	Vector1B0
 389 01b4 00000000 		.word	Vector1B4
 390 01b8 00000000 		.word	Vector1B8
 391 01bc 00000000 		.word	Vector1BC
 392 01c0 00000000 		.word	Vector1C0
 393 01c4 00000000 		.word	Vector1C4
 394 01c8 00000000 		.word	Vector1C8
 395 01cc 00000000 		.word	Vector1CC
 396 01d0 00000000 		.word	Vector1D0
 397 01d4 00000000 		.word	Vector1D4
 398 01d8 00000000 		.word	Vector1D8
 399 01dc 00000000 		.word	Vector1DC
ARM GAS  /tmp/ccQHN9mX.s 			page 8


 400              		.text
 401              	.Letext0:
 402              		.file 2 "/usr/include/newlib/machine/_default_types.h"
 403              		.file 3 "/usr/include/newlib/sys/_stdint.h"
 404              		.file 4 "../../../os/common/startup/ARMCMx/compilers/GCC/vectors.h"
 405              		.file 5 "../../../os/common/ext/CMSIS/include/core_cm4.h"
 406 0002 00BF     		.section	.debug_info,"",%progbits
 407              	.Ldebug_info0:
 408 0000 E3010000 		.4byte	0x1e3
 409 0004 0400     		.2byte	0x4
 410 0006 00000000 		.4byte	.Ldebug_abbrev0
 411 000a 04       		.byte	0x4
 412 000b 01       		.uleb128 0x1
 413 000c 9E000000 		.4byte	.LASF36
 414 0010 01       		.byte	0x1
 415 0011 77010000 		.4byte	.LASF37
 416 0015 5D000000 		.4byte	.LASF38
 417 0019 00000000 		.4byte	.Ltext0
 418 001d 02000000 		.4byte	.Letext0-.Ltext0
 419 0021 00000000 		.4byte	.Ldebug_line0
 420 0025 02       		.uleb128 0x2
 421 0026 01       		.byte	0x1
 422 0027 06       		.byte	0x6
 423 0028 BF020000 		.4byte	.LASF0
 424 002c 02       		.uleb128 0x2
 425 002d 01       		.byte	0x1
 426 002e 08       		.byte	0x8
 427 002f 36010000 		.4byte	.LASF1
 428 0033 02       		.uleb128 0x2
 429 0034 02       		.byte	0x2
 430 0035 05       		.byte	0x5
 431 0036 91020000 		.4byte	.LASF2
 432 003a 02       		.uleb128 0x2
 433 003b 02       		.byte	0x2
 434 003c 07       		.byte	0x7
 435 003d 3F000000 		.4byte	.LASF3
 436 0041 03       		.uleb128 0x3
 437 0042 25000000 		.4byte	.LASF5
 438 0046 02       		.byte	0x2
 439 0047 3F       		.byte	0x3f
 440 0048 4C000000 		.4byte	0x4c
 441 004c 02       		.uleb128 0x2
 442 004d 04       		.byte	0x4
 443 004e 05       		.byte	0x5
 444 004f A4020000 		.4byte	.LASF4
 445 0053 03       		.uleb128 0x3
 446 0054 C3010000 		.4byte	.LASF6
 447 0058 02       		.byte	0x2
 448 0059 41       		.byte	0x41
 449 005a 5E000000 		.4byte	0x5e
 450 005e 02       		.uleb128 0x2
 451 005f 04       		.byte	0x4
 452 0060 07       		.byte	0x7
 453 0061 4C010000 		.4byte	.LASF7
 454 0065 02       		.uleb128 0x2
 455 0066 08       		.byte	0x8
 456 0067 05       		.byte	0x5
ARM GAS  /tmp/ccQHN9mX.s 			page 9


 457 0068 55020000 		.4byte	.LASF8
 458 006c 02       		.uleb128 0x2
 459 006d 08       		.byte	0x8
 460 006e 07       		.byte	0x7
 461 006f F0010000 		.4byte	.LASF9
 462 0073 04       		.uleb128 0x4
 463 0074 04       		.byte	0x4
 464 0075 05       		.byte	0x5
 465 0076 696E7400 		.ascii	"int\000"
 466 007a 02       		.uleb128 0x2
 467 007b 04       		.byte	0x4
 468 007c 07       		.byte	0x7
 469 007d DA010000 		.4byte	.LASF10
 470 0081 03       		.uleb128 0x3
 471 0082 44010000 		.4byte	.LASF11
 472 0086 03       		.byte	0x3
 473 0087 1F       		.byte	0x1f
 474 0088 41000000 		.4byte	0x41
 475 008c 03       		.uleb128 0x3
 476 008d 9B020000 		.4byte	.LASF12
 477 0091 03       		.byte	0x3
 478 0092 20       		.byte	0x20
 479 0093 53000000 		.4byte	0x53
 480 0097 02       		.uleb128 0x2
 481 0098 04       		.byte	0x4
 482 0099 07       		.byte	0x7
 483 009a 4C020000 		.4byte	.LASF13
 484 009e 03       		.uleb128 0x3
 485 009f 00000000 		.4byte	.LASF14
 486 00a3 04       		.byte	0x4
 487 00a4 3C       		.byte	0x3c
 488 00a5 A9000000 		.4byte	0xa9
 489 00a9 05       		.uleb128 0x5
 490 00aa 04       		.byte	0x4
 491 00ab AF000000 		.4byte	0xaf
 492 00af 06       		.uleb128 0x6
 493 00b0 07       		.uleb128 0x7
 494 00b1 E001     		.2byte	0x1e0
 495 00b3 04       		.byte	0x4
 496 00b4 41       		.byte	0x41
 497 00b5 86010000 		.4byte	0x186
 498 00b9 08       		.uleb128 0x8
 499 00ba 52000000 		.4byte	.LASF15
 500 00be 04       		.byte	0x4
 501 00bf 42       		.byte	0x42
 502 00c0 86010000 		.4byte	0x186
 503 00c4 00       		.byte	0
 504 00c5 08       		.uleb128 0x8
 505 00c6 22020000 		.4byte	.LASF16
 506 00ca 04       		.byte	0x4
 507 00cb 43       		.byte	0x43
 508 00cc 9E000000 		.4byte	0x9e
 509 00d0 04       		.byte	0x4
 510 00d1 08       		.uleb128 0x8
 511 00d2 CE010000 		.4byte	.LASF17
 512 00d6 04       		.byte	0x4
 513 00d7 44       		.byte	0x44
ARM GAS  /tmp/ccQHN9mX.s 			page 10


 514 00d8 9E000000 		.4byte	0x9e
 515 00dc 08       		.byte	0x8
 516 00dd 08       		.uleb128 0x8
 517 00de B1010000 		.4byte	.LASF18
 518 00e2 04       		.byte	0x4
 519 00e3 45       		.byte	0x45
 520 00e4 9E000000 		.4byte	0x9e
 521 00e8 0C       		.byte	0xc
 522 00e9 08       		.uleb128 0x8
 523 00ea AD020000 		.4byte	.LASF19
 524 00ee 04       		.byte	0x4
 525 00ef 46       		.byte	0x46
 526 00f0 9E000000 		.4byte	0x9e
 527 00f4 10       		.byte	0x10
 528 00f5 08       		.uleb128 0x8
 529 00f6 63020000 		.4byte	.LASF20
 530 00fa 04       		.byte	0x4
 531 00fb 47       		.byte	0x47
 532 00fc 9E000000 		.4byte	0x9e
 533 0100 14       		.byte	0x14
 534 0101 08       		.uleb128 0x8
 535 0102 39020000 		.4byte	.LASF21
 536 0106 04       		.byte	0x4
 537 0107 48       		.byte	0x48
 538 0108 9E000000 		.4byte	0x9e
 539 010c 18       		.byte	0x18
 540 010d 08       		.uleb128 0x8
 541 010e 30020000 		.4byte	.LASF22
 542 0112 04       		.byte	0x4
 543 0113 49       		.byte	0x49
 544 0114 9E000000 		.4byte	0x9e
 545 0118 1C       		.byte	0x1c
 546 0119 08       		.uleb128 0x8
 547 011a E7010000 		.4byte	.LASF23
 548 011e 04       		.byte	0x4
 549 011f 4A       		.byte	0x4a
 550 0120 9E000000 		.4byte	0x9e
 551 0124 20       		.byte	0x20
 552 0125 08       		.uleb128 0x8
 553 0126 07020000 		.4byte	.LASF24
 554 012a 04       		.byte	0x4
 555 012b 4B       		.byte	0x4b
 556 012c 9E000000 		.4byte	0x9e
 557 0130 24       		.byte	0x24
 558 0131 08       		.uleb128 0x8
 559 0132 10020000 		.4byte	.LASF25
 560 0136 04       		.byte	0x4
 561 0137 4C       		.byte	0x4c
 562 0138 9E000000 		.4byte	0x9e
 563 013c 28       		.byte	0x28
 564 013d 08       		.uleb128 0x8
 565 013e 5E010000 		.4byte	.LASF26
 566 0142 04       		.byte	0x4
 567 0143 4D       		.byte	0x4d
 568 0144 9E000000 		.4byte	0x9e
 569 0148 2C       		.byte	0x2c
 570 0149 08       		.uleb128 0x8
ARM GAS  /tmp/ccQHN9mX.s 			page 11


 571 014a 21010000 		.4byte	.LASF27
 572 014e 04       		.byte	0x4
 573 014f 4E       		.byte	0x4e
 574 0150 9E000000 		.4byte	0x9e
 575 0154 30       		.byte	0x30
 576 0155 08       		.uleb128 0x8
 577 0156 0D000000 		.4byte	.LASF28
 578 015a 04       		.byte	0x4
 579 015b 4F       		.byte	0x4f
 580 015c 9E000000 		.4byte	0x9e
 581 0160 34       		.byte	0x34
 582 0161 08       		.uleb128 0x8
 583 0162 16000000 		.4byte	.LASF29
 584 0166 04       		.byte	0x4
 585 0167 50       		.byte	0x50
 586 0168 9E000000 		.4byte	0x9e
 587 016c 38       		.byte	0x38
 588 016d 08       		.uleb128 0x8
 589 016e 2F000000 		.4byte	.LASF30
 590 0172 04       		.byte	0x4
 591 0173 51       		.byte	0x51
 592 0174 9E000000 		.4byte	0x9e
 593 0178 3C       		.byte	0x3c
 594 0179 08       		.uleb128 0x8
 595 017a 89020000 		.4byte	.LASF31
 596 017e 04       		.byte	0x4
 597 017f 52       		.byte	0x52
 598 0180 8C010000 		.4byte	0x18c
 599 0184 40       		.byte	0x40
 600 0185 00       		.byte	0
 601 0186 05       		.uleb128 0x5
 602 0187 04       		.byte	0x4
 603 0188 8C000000 		.4byte	0x8c
 604 018c 09       		.uleb128 0x9
 605 018d 9E000000 		.4byte	0x9e
 606 0191 9C010000 		.4byte	0x19c
 607 0195 0A       		.uleb128 0xa
 608 0196 97000000 		.4byte	0x97
 609 019a 67       		.byte	0x67
 610 019b 00       		.byte	0
 611 019c 03       		.uleb128 0x3
 612 019d CB020000 		.4byte	.LASF32
 613 01a1 04       		.byte	0x4
 614 01a2 53       		.byte	0x53
 615 01a3 B0000000 		.4byte	0xb0
 616 01a7 0B       		.uleb128 0xb
 617 01a8 74020000 		.4byte	.LASF39
 618 01ac 01       		.byte	0x1
 619 01ad 2F       		.byte	0x2f
 620 01ae 00000000 		.4byte	.LFB123
 621 01b2 02000000 		.4byte	.LFE123-.LFB123
 622 01b6 01       		.uleb128 0x1
 623 01b7 9C       		.byte	0x9c
 624 01b8 0C       		.uleb128 0xc
 625 01b9 6A010000 		.4byte	.LASF33
 626 01bd 05       		.byte	0x5
 627 01be 4407     		.2byte	0x744
ARM GAS  /tmp/ccQHN9mX.s 			page 12


 628 01c0 C4010000 		.4byte	0x1c4
 629 01c4 0D       		.uleb128 0xd
 630 01c5 81000000 		.4byte	0x81
 631 01c9 0E       		.uleb128 0xe
 632 01ca 19020000 		.4byte	.LASF34
 633 01ce 01       		.byte	0x1
 634 01cf BA01     		.2byte	0x1ba
 635 01d1 9C010000 		.4byte	0x19c
 636 01d5 05       		.uleb128 0x5
 637 01d6 03       		.byte	0x3
 638 01d7 00000000 		.4byte	_vectors
 639 01db 0F       		.uleb128 0xf
 640 01dc D5020000 		.4byte	.LASF35
 641 01e0 01       		.byte	0x1
 642 01e1 37       		.byte	0x37
 643 01e2 8C000000 		.4byte	0x8c
 644 01e6 00       		.byte	0
 645              		.section	.debug_abbrev,"",%progbits
 646              	.Ldebug_abbrev0:
 647 0000 01       		.uleb128 0x1
 648 0001 11       		.uleb128 0x11
 649 0002 01       		.byte	0x1
 650 0003 25       		.uleb128 0x25
 651 0004 0E       		.uleb128 0xe
 652 0005 13       		.uleb128 0x13
 653 0006 0B       		.uleb128 0xb
 654 0007 03       		.uleb128 0x3
 655 0008 0E       		.uleb128 0xe
 656 0009 1B       		.uleb128 0x1b
 657 000a 0E       		.uleb128 0xe
 658 000b 11       		.uleb128 0x11
 659 000c 01       		.uleb128 0x1
 660 000d 12       		.uleb128 0x12
 661 000e 06       		.uleb128 0x6
 662 000f 10       		.uleb128 0x10
 663 0010 17       		.uleb128 0x17
 664 0011 00       		.byte	0
 665 0012 00       		.byte	0
 666 0013 02       		.uleb128 0x2
 667 0014 24       		.uleb128 0x24
 668 0015 00       		.byte	0
 669 0016 0B       		.uleb128 0xb
 670 0017 0B       		.uleb128 0xb
 671 0018 3E       		.uleb128 0x3e
 672 0019 0B       		.uleb128 0xb
 673 001a 03       		.uleb128 0x3
 674 001b 0E       		.uleb128 0xe
 675 001c 00       		.byte	0
 676 001d 00       		.byte	0
 677 001e 03       		.uleb128 0x3
 678 001f 16       		.uleb128 0x16
 679 0020 00       		.byte	0
 680 0021 03       		.uleb128 0x3
 681 0022 0E       		.uleb128 0xe
 682 0023 3A       		.uleb128 0x3a
 683 0024 0B       		.uleb128 0xb
 684 0025 3B       		.uleb128 0x3b
ARM GAS  /tmp/ccQHN9mX.s 			page 13


 685 0026 0B       		.uleb128 0xb
 686 0027 49       		.uleb128 0x49
 687 0028 13       		.uleb128 0x13
 688 0029 00       		.byte	0
 689 002a 00       		.byte	0
 690 002b 04       		.uleb128 0x4
 691 002c 24       		.uleb128 0x24
 692 002d 00       		.byte	0
 693 002e 0B       		.uleb128 0xb
 694 002f 0B       		.uleb128 0xb
 695 0030 3E       		.uleb128 0x3e
 696 0031 0B       		.uleb128 0xb
 697 0032 03       		.uleb128 0x3
 698 0033 08       		.uleb128 0x8
 699 0034 00       		.byte	0
 700 0035 00       		.byte	0
 701 0036 05       		.uleb128 0x5
 702 0037 0F       		.uleb128 0xf
 703 0038 00       		.byte	0
 704 0039 0B       		.uleb128 0xb
 705 003a 0B       		.uleb128 0xb
 706 003b 49       		.uleb128 0x49
 707 003c 13       		.uleb128 0x13
 708 003d 00       		.byte	0
 709 003e 00       		.byte	0
 710 003f 06       		.uleb128 0x6
 711 0040 15       		.uleb128 0x15
 712 0041 00       		.byte	0
 713 0042 27       		.uleb128 0x27
 714 0043 19       		.uleb128 0x19
 715 0044 00       		.byte	0
 716 0045 00       		.byte	0
 717 0046 07       		.uleb128 0x7
 718 0047 13       		.uleb128 0x13
 719 0048 01       		.byte	0x1
 720 0049 0B       		.uleb128 0xb
 721 004a 05       		.uleb128 0x5
 722 004b 3A       		.uleb128 0x3a
 723 004c 0B       		.uleb128 0xb
 724 004d 3B       		.uleb128 0x3b
 725 004e 0B       		.uleb128 0xb
 726 004f 01       		.uleb128 0x1
 727 0050 13       		.uleb128 0x13
 728 0051 00       		.byte	0
 729 0052 00       		.byte	0
 730 0053 08       		.uleb128 0x8
 731 0054 0D       		.uleb128 0xd
 732 0055 00       		.byte	0
 733 0056 03       		.uleb128 0x3
 734 0057 0E       		.uleb128 0xe
 735 0058 3A       		.uleb128 0x3a
 736 0059 0B       		.uleb128 0xb
 737 005a 3B       		.uleb128 0x3b
 738 005b 0B       		.uleb128 0xb
 739 005c 49       		.uleb128 0x49
 740 005d 13       		.uleb128 0x13
 741 005e 38       		.uleb128 0x38
ARM GAS  /tmp/ccQHN9mX.s 			page 14


 742 005f 0B       		.uleb128 0xb
 743 0060 00       		.byte	0
 744 0061 00       		.byte	0
 745 0062 09       		.uleb128 0x9
 746 0063 01       		.uleb128 0x1
 747 0064 01       		.byte	0x1
 748 0065 49       		.uleb128 0x49
 749 0066 13       		.uleb128 0x13
 750 0067 01       		.uleb128 0x1
 751 0068 13       		.uleb128 0x13
 752 0069 00       		.byte	0
 753 006a 00       		.byte	0
 754 006b 0A       		.uleb128 0xa
 755 006c 21       		.uleb128 0x21
 756 006d 00       		.byte	0
 757 006e 49       		.uleb128 0x49
 758 006f 13       		.uleb128 0x13
 759 0070 2F       		.uleb128 0x2f
 760 0071 0B       		.uleb128 0xb
 761 0072 00       		.byte	0
 762 0073 00       		.byte	0
 763 0074 0B       		.uleb128 0xb
 764 0075 2E       		.uleb128 0x2e
 765 0076 00       		.byte	0
 766 0077 3F       		.uleb128 0x3f
 767 0078 19       		.uleb128 0x19
 768 0079 03       		.uleb128 0x3
 769 007a 0E       		.uleb128 0xe
 770 007b 3A       		.uleb128 0x3a
 771 007c 0B       		.uleb128 0xb
 772 007d 3B       		.uleb128 0x3b
 773 007e 0B       		.uleb128 0xb
 774 007f 27       		.uleb128 0x27
 775 0080 19       		.uleb128 0x19
 776 0081 11       		.uleb128 0x11
 777 0082 01       		.uleb128 0x1
 778 0083 12       		.uleb128 0x12
 779 0084 06       		.uleb128 0x6
 780 0085 40       		.uleb128 0x40
 781 0086 18       		.uleb128 0x18
 782 0087 9742     		.uleb128 0x2117
 783 0089 19       		.uleb128 0x19
 784 008a 00       		.byte	0
 785 008b 00       		.byte	0
 786 008c 0C       		.uleb128 0xc
 787 008d 34       		.uleb128 0x34
 788 008e 00       		.byte	0
 789 008f 03       		.uleb128 0x3
 790 0090 0E       		.uleb128 0xe
 791 0091 3A       		.uleb128 0x3a
 792 0092 0B       		.uleb128 0xb
 793 0093 3B       		.uleb128 0x3b
 794 0094 05       		.uleb128 0x5
 795 0095 49       		.uleb128 0x49
 796 0096 13       		.uleb128 0x13
 797 0097 3F       		.uleb128 0x3f
 798 0098 19       		.uleb128 0x19
ARM GAS  /tmp/ccQHN9mX.s 			page 15


 799 0099 3C       		.uleb128 0x3c
 800 009a 19       		.uleb128 0x19
 801 009b 00       		.byte	0
 802 009c 00       		.byte	0
 803 009d 0D       		.uleb128 0xd
 804 009e 35       		.uleb128 0x35
 805 009f 00       		.byte	0
 806 00a0 49       		.uleb128 0x49
 807 00a1 13       		.uleb128 0x13
 808 00a2 00       		.byte	0
 809 00a3 00       		.byte	0
 810 00a4 0E       		.uleb128 0xe
 811 00a5 34       		.uleb128 0x34
 812 00a6 00       		.byte	0
 813 00a7 03       		.uleb128 0x3
 814 00a8 0E       		.uleb128 0xe
 815 00a9 3A       		.uleb128 0x3a
 816 00aa 0B       		.uleb128 0xb
 817 00ab 3B       		.uleb128 0x3b
 818 00ac 05       		.uleb128 0x5
 819 00ad 49       		.uleb128 0x49
 820 00ae 13       		.uleb128 0x13
 821 00af 3F       		.uleb128 0x3f
 822 00b0 19       		.uleb128 0x19
 823 00b1 02       		.uleb128 0x2
 824 00b2 18       		.uleb128 0x18
 825 00b3 00       		.byte	0
 826 00b4 00       		.byte	0
 827 00b5 0F       		.uleb128 0xf
 828 00b6 34       		.uleb128 0x34
 829 00b7 00       		.byte	0
 830 00b8 03       		.uleb128 0x3
 831 00b9 0E       		.uleb128 0xe
 832 00ba 3A       		.uleb128 0x3a
 833 00bb 0B       		.uleb128 0xb
 834 00bc 3B       		.uleb128 0x3b
 835 00bd 0B       		.uleb128 0xb
 836 00be 49       		.uleb128 0x49
 837 00bf 13       		.uleb128 0x13
 838 00c0 3F       		.uleb128 0x3f
 839 00c1 19       		.uleb128 0x19
 840 00c2 3C       		.uleb128 0x3c
 841 00c3 19       		.uleb128 0x19
 842 00c4 00       		.byte	0
 843 00c5 00       		.byte	0
 844 00c6 00       		.byte	0
 845              		.section	.debug_aranges,"",%progbits
 846 0000 1C000000 		.4byte	0x1c
 847 0004 0200     		.2byte	0x2
 848 0006 00000000 		.4byte	.Ldebug_info0
 849 000a 04       		.byte	0x4
 850 000b 00       		.byte	0
 851 000c 0000     		.2byte	0
 852 000e 0000     		.2byte	0
 853 0010 00000000 		.4byte	.Ltext0
 854 0014 02000000 		.4byte	.Letext0-.Ltext0
 855 0018 00000000 		.4byte	0
ARM GAS  /tmp/ccQHN9mX.s 			page 16


 856 001c 00000000 		.4byte	0
 857              		.section	.debug_line,"",%progbits
 858              	.Ldebug_line0:
 859 0000 FF000000 		.section	.debug_str,"MS",%progbits,1
 859      0200E500 
 859      00000201 
 859      FB0E0D00 
 859      01010101 
 860              	.LASF14:
 861 0000 6972715F 		.ascii	"irq_vector_t\000"
 861      76656374 
 861      6F725F74 
 861      00
 862              	.LASF28:
 863 000d 76656374 		.ascii	"vector34\000"
 863      6F723334 
 863      00
 864              	.LASF29:
 865 0016 70656E64 		.ascii	"pendsv_handler\000"
 865      73765F68 
 865      616E646C 
 865      657200
 866              	.LASF5:
 867 0025 5F5F696E 		.ascii	"__int32_t\000"
 867      7433325F 
 867      7400
 868              	.LASF30:
 869 002f 73797374 		.ascii	"systick_handler\000"
 869      69636B5F 
 869      68616E64 
 869      6C657200 
 870              	.LASF3:
 871 003f 73686F72 		.ascii	"short unsigned int\000"
 871      7420756E 
 871      7369676E 
 871      65642069 
 871      6E7400
 872              	.LASF15:
 873 0052 696E6974 		.ascii	"init_stack\000"
 873      5F737461 
 873      636B00
 874              	.LASF38:
 875 005d 2F686F6D 		.ascii	"/home/declan/ChibiOS2/ChibiOS/demos/STM32/RT-STM32F"
 875      652F6465 
 875      636C616E 
 875      2F436869 
 875      62694F53 
 876 0090 3430372D 		.ascii	"407-DISCOVERY\000"
 876      44495343 
 876      4F564552 
 876      5900
 877              	.LASF36:
 878 009e 474E5520 		.ascii	"GNU C 4.9.3 20150529 (prerelease) -mcpu=cortex-m4 -"
 878      4320342E 
 878      392E3320 
 878      32303135 
 878      30353239 
ARM GAS  /tmp/ccQHN9mX.s 			page 17


 879 00d1 6D6E6F2D 		.ascii	"mno-thumb-interwork -mthumb -ggdb -O0 -fomit-frame-"
 879      7468756D 
 879      622D696E 
 879      74657277 
 879      6F726B20 
 880 0104 706F696E 		.ascii	"pointer -falign-functions=16\000"
 880      74657220 
 880      2D66616C 
 880      69676E2D 
 880      66756E63 
 881              	.LASF27:
 882 0121 64656275 		.ascii	"debugmonitor_handler\000"
 882      676D6F6E 
 882      69746F72 
 882      5F68616E 
 882      646C6572 
 883              	.LASF1:
 884 0136 756E7369 		.ascii	"unsigned char\000"
 884      676E6564 
 884      20636861 
 884      7200
 885              	.LASF11:
 886 0144 696E7433 		.ascii	"int32_t\000"
 886      325F7400 
 887              	.LASF7:
 888 014c 6C6F6E67 		.ascii	"long unsigned int\000"
 888      20756E73 
 888      69676E65 
 888      6420696E 
 888      7400
 889              	.LASF26:
 890 015e 7376635F 		.ascii	"svc_handler\000"
 890      68616E64 
 890      6C657200 
 891              	.LASF33:
 892 016a 49544D5F 		.ascii	"ITM_RxBuffer\000"
 892      52784275 
 892      66666572 
 892      00
 893              	.LASF37:
 894 0177 2E2E2F2E 		.ascii	"../../../os/common/startup/ARMCMx/compilers/GCC/vec"
 894      2E2F2E2E 
 894      2F6F732F 
 894      636F6D6D 
 894      6F6E2F73 
 895 01aa 746F7273 		.ascii	"tors.c\000"
 895      2E6300
 896              	.LASF18:
 897 01b1 68617264 		.ascii	"hardfault_handler\000"
 897      6661756C 
 897      745F6861 
 897      6E646C65 
 897      7200
 898              	.LASF6:
 899 01c3 5F5F7569 		.ascii	"__uint32_t\000"
 899      6E743332 
 899      5F7400
ARM GAS  /tmp/ccQHN9mX.s 			page 18


 900              	.LASF17:
 901 01ce 6E6D695F 		.ascii	"nmi_handler\000"
 901      68616E64 
 901      6C657200 
 902              	.LASF10:
 903 01da 756E7369 		.ascii	"unsigned int\000"
 903      676E6564 
 903      20696E74 
 903      00
 904              	.LASF23:
 905 01e7 76656374 		.ascii	"vector20\000"
 905      6F723230 
 905      00
 906              	.LASF9:
 907 01f0 6C6F6E67 		.ascii	"long long unsigned int\000"
 907      206C6F6E 
 907      6720756E 
 907      7369676E 
 907      65642069 
 908              	.LASF24:
 909 0207 76656374 		.ascii	"vector24\000"
 909      6F723234 
 909      00
 910              	.LASF25:
 911 0210 76656374 		.ascii	"vector28\000"
 911      6F723238 
 911      00
 912              	.LASF34:
 913 0219 5F766563 		.ascii	"_vectors\000"
 913      746F7273 
 913      00
 914              	.LASF16:
 915 0222 72657365 		.ascii	"reset_handler\000"
 915      745F6861 
 915      6E646C65 
 915      7200
 916              	.LASF22:
 917 0230 76656374 		.ascii	"vector1c\000"
 917      6F723163 
 917      00
 918              	.LASF21:
 919 0239 75736167 		.ascii	"usagefault_handler\000"
 919      65666175 
 919      6C745F68 
 919      616E646C 
 919      657200
 920              	.LASF13:
 921 024c 73697A65 		.ascii	"sizetype\000"
 921      74797065 
 921      00
 922              	.LASF8:
 923 0255 6C6F6E67 		.ascii	"long long int\000"
 923      206C6F6E 
 923      6720696E 
 923      7400
 924              	.LASF20:
 925 0263 62757366 		.ascii	"busfault_handler\000"
ARM GAS  /tmp/ccQHN9mX.s 			page 19


 925      61756C74 
 925      5F68616E 
 925      646C6572 
 925      00
 926              	.LASF39:
 927 0274 5F756E68 		.ascii	"_unhandled_exception\000"
 927      616E646C 
 927      65645F65 
 927      78636570 
 927      74696F6E 
 928              	.LASF31:
 929 0289 76656374 		.ascii	"vectors\000"
 929      6F727300 
 930              	.LASF2:
 931 0291 73686F72 		.ascii	"short int\000"
 931      7420696E 
 931      7400
 932              	.LASF12:
 933 029b 75696E74 		.ascii	"uint32_t\000"
 933      33325F74 
 933      00
 934              	.LASF4:
 935 02a4 6C6F6E67 		.ascii	"long int\000"
 935      20696E74 
 935      00
 936              	.LASF19:
 937 02ad 6D656D6D 		.ascii	"memmanage_handler\000"
 937      616E6167 
 937      655F6861 
 937      6E646C65 
 937      7200
 938              	.LASF0:
 939 02bf 7369676E 		.ascii	"signed char\000"
 939      65642063 
 939      68617200 
 940              	.LASF32:
 941 02cb 76656374 		.ascii	"vectors_t\000"
 941      6F72735F 
 941      7400
 942              	.LASF35:
 943 02d5 5F5F6D61 		.ascii	"__main_stack_end__\000"
 943      696E5F73 
 943      7461636B 
 943      5F656E64 
 943      5F5F00
 944              		.ident	"GCC: (15:4.9.3+svn231177-1) 4.9.3 20150529 (prerelease)"
ARM GAS  /tmp/ccQHN9mX.s 			page 20


DEFINED SYMBOLS
                            *ABS*:0000000000000000 vectors.c
     /tmp/ccQHN9mX.s:18     .text:0000000000000000 $t
     /tmp/ccQHN9mX.s:24     .text:0000000000000000 _unhandled_exception
     /tmp/ccQHN9mX.s:24     .text:0000000000000000 NMI_Handler
     /tmp/ccQHN9mX.s:24     .text:0000000000000000 HardFault_Handler
     /tmp/ccQHN9mX.s:24     .text:0000000000000000 MemManage_Handler
     /tmp/ccQHN9mX.s:24     .text:0000000000000000 BusFault_Handler
     /tmp/ccQHN9mX.s:24     .text:0000000000000000 UsageFault_Handler
     /tmp/ccQHN9mX.s:24     .text:0000000000000000 Vector1C
     /tmp/ccQHN9mX.s:24     .text:0000000000000000 Vector20
     /tmp/ccQHN9mX.s:24     .text:0000000000000000 Vector24
     /tmp/ccQHN9mX.s:24     .text:0000000000000000 Vector28
     /tmp/ccQHN9mX.s:24     .text:0000000000000000 SVC_Handler
     /tmp/ccQHN9mX.s:24     .text:0000000000000000 DebugMon_Handler
     /tmp/ccQHN9mX.s:24     .text:0000000000000000 Vector34
     /tmp/ccQHN9mX.s:24     .text:0000000000000000 PendSV_Handler
     /tmp/ccQHN9mX.s:24     .text:0000000000000000 SysTick_Handler
     /tmp/ccQHN9mX.s:24     .text:0000000000000000 Vector40
     /tmp/ccQHN9mX.s:24     .text:0000000000000000 Vector44
     /tmp/ccQHN9mX.s:24     .text:0000000000000000 Vector48
     /tmp/ccQHN9mX.s:24     .text:0000000000000000 Vector4C
     /tmp/ccQHN9mX.s:24     .text:0000000000000000 Vector50
     /tmp/ccQHN9mX.s:24     .text:0000000000000000 Vector54
     /tmp/ccQHN9mX.s:24     .text:0000000000000000 Vector58
     /tmp/ccQHN9mX.s:24     .text:0000000000000000 Vector5C
     /tmp/ccQHN9mX.s:24     .text:0000000000000000 Vector60
     /tmp/ccQHN9mX.s:24     .text:0000000000000000 Vector64
     /tmp/ccQHN9mX.s:24     .text:0000000000000000 Vector68
     /tmp/ccQHN9mX.s:24     .text:0000000000000000 Vector6C
     /tmp/ccQHN9mX.s:24     .text:0000000000000000 Vector70
     /tmp/ccQHN9mX.s:24     .text:0000000000000000 Vector74
     /tmp/ccQHN9mX.s:24     .text:0000000000000000 Vector78
     /tmp/ccQHN9mX.s:24     .text:0000000000000000 Vector7C
     /tmp/ccQHN9mX.s:24     .text:0000000000000000 Vector80
     /tmp/ccQHN9mX.s:24     .text:0000000000000000 Vector84
     /tmp/ccQHN9mX.s:24     .text:0000000000000000 Vector88
     /tmp/ccQHN9mX.s:24     .text:0000000000000000 Vector8C
     /tmp/ccQHN9mX.s:24     .text:0000000000000000 Vector90
     /tmp/ccQHN9mX.s:24     .text:0000000000000000 Vector94
     /tmp/ccQHN9mX.s:24     .text:0000000000000000 Vector98
     /tmp/ccQHN9mX.s:24     .text:0000000000000000 Vector9C
     /tmp/ccQHN9mX.s:24     .text:0000000000000000 VectorA0
     /tmp/ccQHN9mX.s:24     .text:0000000000000000 VectorA4
     /tmp/ccQHN9mX.s:24     .text:0000000000000000 VectorA8
     /tmp/ccQHN9mX.s:24     .text:0000000000000000 VectorAC
     /tmp/ccQHN9mX.s:24     .text:0000000000000000 VectorB0
     /tmp/ccQHN9mX.s:24     .text:0000000000000000 VectorB4
     /tmp/ccQHN9mX.s:24     .text:0000000000000000 VectorB8
     /tmp/ccQHN9mX.s:24     .text:0000000000000000 VectorBC
     /tmp/ccQHN9mX.s:24     .text:0000000000000000 VectorC0
     /tmp/ccQHN9mX.s:24     .text:0000000000000000 VectorC4
     /tmp/ccQHN9mX.s:24     .text:0000000000000000 VectorC8
     /tmp/ccQHN9mX.s:24     .text:0000000000000000 VectorCC
     /tmp/ccQHN9mX.s:24     .text:0000000000000000 VectorD0
     /tmp/ccQHN9mX.s:24     .text:0000000000000000 VectorD4
     /tmp/ccQHN9mX.s:24     .text:0000000000000000 VectorD8
ARM GAS  /tmp/ccQHN9mX.s 			page 21


     /tmp/ccQHN9mX.s:24     .text:0000000000000000 VectorDC
     /tmp/ccQHN9mX.s:24     .text:0000000000000000 VectorE0
     /tmp/ccQHN9mX.s:24     .text:0000000000000000 VectorE4
     /tmp/ccQHN9mX.s:24     .text:0000000000000000 VectorE8
     /tmp/ccQHN9mX.s:24     .text:0000000000000000 VectorEC
     /tmp/ccQHN9mX.s:24     .text:0000000000000000 VectorF0
     /tmp/ccQHN9mX.s:24     .text:0000000000000000 VectorF4
     /tmp/ccQHN9mX.s:24     .text:0000000000000000 VectorF8
     /tmp/ccQHN9mX.s:24     .text:0000000000000000 VectorFC
     /tmp/ccQHN9mX.s:24     .text:0000000000000000 Vector100
     /tmp/ccQHN9mX.s:24     .text:0000000000000000 Vector104
     /tmp/ccQHN9mX.s:24     .text:0000000000000000 Vector108
     /tmp/ccQHN9mX.s:24     .text:0000000000000000 Vector10C
     /tmp/ccQHN9mX.s:24     .text:0000000000000000 Vector110
     /tmp/ccQHN9mX.s:24     .text:0000000000000000 Vector114
     /tmp/ccQHN9mX.s:24     .text:0000000000000000 Vector118
     /tmp/ccQHN9mX.s:24     .text:0000000000000000 Vector11C
     /tmp/ccQHN9mX.s:24     .text:0000000000000000 Vector120
     /tmp/ccQHN9mX.s:24     .text:0000000000000000 Vector124
     /tmp/ccQHN9mX.s:24     .text:0000000000000000 Vector128
     /tmp/ccQHN9mX.s:24     .text:0000000000000000 Vector12C
     /tmp/ccQHN9mX.s:24     .text:0000000000000000 Vector130
     /tmp/ccQHN9mX.s:24     .text:0000000000000000 Vector134
     /tmp/ccQHN9mX.s:24     .text:0000000000000000 Vector138
     /tmp/ccQHN9mX.s:24     .text:0000000000000000 Vector13C
     /tmp/ccQHN9mX.s:24     .text:0000000000000000 Vector140
     /tmp/ccQHN9mX.s:24     .text:0000000000000000 Vector144
     /tmp/ccQHN9mX.s:24     .text:0000000000000000 Vector148
     /tmp/ccQHN9mX.s:24     .text:0000000000000000 Vector14C
     /tmp/ccQHN9mX.s:24     .text:0000000000000000 Vector150
     /tmp/ccQHN9mX.s:24     .text:0000000000000000 Vector154
     /tmp/ccQHN9mX.s:24     .text:0000000000000000 Vector158
     /tmp/ccQHN9mX.s:24     .text:0000000000000000 Vector15C
     /tmp/ccQHN9mX.s:24     .text:0000000000000000 Vector160
     /tmp/ccQHN9mX.s:24     .text:0000000000000000 Vector164
     /tmp/ccQHN9mX.s:24     .text:0000000000000000 Vector168
     /tmp/ccQHN9mX.s:24     .text:0000000000000000 Vector16C
     /tmp/ccQHN9mX.s:24     .text:0000000000000000 Vector170
     /tmp/ccQHN9mX.s:24     .text:0000000000000000 Vector174
     /tmp/ccQHN9mX.s:24     .text:0000000000000000 Vector178
     /tmp/ccQHN9mX.s:24     .text:0000000000000000 Vector17C
     /tmp/ccQHN9mX.s:24     .text:0000000000000000 Vector180
     /tmp/ccQHN9mX.s:24     .text:0000000000000000 Vector184
     /tmp/ccQHN9mX.s:24     .text:0000000000000000 Vector188
     /tmp/ccQHN9mX.s:24     .text:0000000000000000 Vector18C
     /tmp/ccQHN9mX.s:24     .text:0000000000000000 Vector190
     /tmp/ccQHN9mX.s:24     .text:0000000000000000 Vector194
     /tmp/ccQHN9mX.s:24     .text:0000000000000000 Vector198
     /tmp/ccQHN9mX.s:24     .text:0000000000000000 Vector19C
     /tmp/ccQHN9mX.s:24     .text:0000000000000000 Vector1A0
     /tmp/ccQHN9mX.s:24     .text:0000000000000000 Vector1A4
     /tmp/ccQHN9mX.s:24     .text:0000000000000000 Vector1A8
     /tmp/ccQHN9mX.s:24     .text:0000000000000000 Vector1AC
     /tmp/ccQHN9mX.s:24     .text:0000000000000000 Vector1B0
     /tmp/ccQHN9mX.s:24     .text:0000000000000000 Vector1B4
     /tmp/ccQHN9mX.s:24     .text:0000000000000000 Vector1B8
     /tmp/ccQHN9mX.s:24     .text:0000000000000000 Vector1BC
ARM GAS  /tmp/ccQHN9mX.s 			page 22


     /tmp/ccQHN9mX.s:24     .text:0000000000000000 Vector1C0
     /tmp/ccQHN9mX.s:24     .text:0000000000000000 Vector1C4
     /tmp/ccQHN9mX.s:24     .text:0000000000000000 Vector1C8
     /tmp/ccQHN9mX.s:24     .text:0000000000000000 Vector1CC
     /tmp/ccQHN9mX.s:24     .text:0000000000000000 Vector1D0
     /tmp/ccQHN9mX.s:24     .text:0000000000000000 Vector1D4
     /tmp/ccQHN9mX.s:24     .text:0000000000000000 Vector1D8
     /tmp/ccQHN9mX.s:24     .text:0000000000000000 Vector1DC
     /tmp/ccQHN9mX.s:279    .vectors:0000000000000000 _vectors
     /tmp/ccQHN9mX.s:276    .vectors:0000000000000000 $d
                     .debug_frame:0000000000000010 $d

UNDEFINED SYMBOLS
__main_stack_end__
Reset_Handler
